LRE11_FULL_DEV_data/p01/amag/amag_20110112_085632_25_a.sdc 11030 
LRE11_FULL_DEV_data/p01/amag/amag_20110112_085632_25_b.sdc 13179 
LRE11_FULL_DEV_data/p01/amag/amag_20110112_093821_26_a.sdc 12600 
LRE11_FULL_DEV_data/p01/amag/amag_20110112_093821_26_b.sdc 12135 
LRE11_FULL_DEV_data/p01/amag/amag_20110112_100739_27_a.sdc 12675 
LRE11_FULL_DEV_data/p01/amag/amag_20110112_100739_27_b.sdc 10939 
LRE11_FULL_DEV_data/p01/amag/amag_20110112_102931_28_a.sdc 9295 
LRE11_FULL_DEV_data/p01/amag/amag_20110112_102931_28_b.sdc 3041 
LRE11_FULL_DEV_data/p01/amag/amag_20110112_110035_29_a.sdc 5327 
LRE11_FULL_DEV_data/p01/amag/amag_20110112_110035_29_b.sdc 6023 
LRE11_FULL_DEV_data/p01/amag/amag_20110112_120034_30_a.sdc 10833 
LRE11_FULL_DEV_data/p01/amag/amag_20110112_120034_30_b.sdc 12355 
LRE11_FULL_DEV_data/p01/amag/amag_20110112_121837_31_a.sdc 6895 
LRE11_FULL_DEV_data/p01/amag/amag_20110112_121837_31_b.sdc 10419 
LRE11_FULL_DEV_data/p01/amag/amag_20110112_125124_32_a.sdc 9402 
LRE11_FULL_DEV_data/p01/amag/amag_20110112_125124_32_b.sdc 5994 
LRE11_FULL_DEV_data/p01/amag/amag_20110112_131159_33_a.sdc 5699 
LRE11_FULL_DEV_data/p01/amag/amag_20110112_131159_33_b.sdc 5254 
LRE11_FULL_DEV_data/p01/amag/amag_20110112_135057_34_a.sdc 10593 
LRE11_FULL_DEV_data/p01/amag/amag_20110112_135057_34_b.sdc 4058 
LRE11_FULL_DEV_data/p01/amag/amag_20110112_143151_37_a.sdc 10462 
LRE11_FULL_DEV_data/p01/amag/amag_20110112_143151_37_b.sdc 10455 
LRE11_FULL_DEV_data/p01/amag/amag_20110112_144321_38_a.sdc 7282 
LRE11_FULL_DEV_data/p01/amag/amag_20110112_144321_38_b.sdc 9455 
LRE11_FULL_DEV_data/p01/amag/amag_20110112_164438_41_a.sdc 6658 
LRE11_FULL_DEV_data/p01/amag/amag_20110112_164438_41_b.sdc 8755 
LRE11_FULL_DEV_data/p01/amag/amag_20110112_170310_42_a.sdc 9594 
LRE11_FULL_DEV_data/p01/amag/amag_20110112_170310_42_b.sdc 8342 
LRE11_FULL_DEV_data/p01/amag/amag_20110112_174334_44_a.sdc 5728 
LRE11_FULL_DEV_data/p01/amag/amag_20110112_174334_44_b.sdc 6149 
LRE11_FULL_DEV_data/p01/amag/amag_20110112_175917_46_a.sdc 6429 
LRE11_FULL_DEV_data/p01/amag/amag_20110112_175917_46_b.sdc 8394 
LRE11_FULL_DEV_data/p01/amag/amag_20110112_184303_48_a.sdc 7083 
LRE11_FULL_DEV_data/p01/amag/amag_20110112_184303_48_b.sdc 14269 
LRE11_FULL_DEV_data/p01/amag/amag_20110112_185018_49_a.sdc 4678 
LRE11_FULL_DEV_data/p01/amag/amag_20110112_185018_49_b.sdc 4533 
LRE11_FULL_DEV_data/p01/amag/amag_20110112_190919_51_a.sdc 11268 
LRE11_FULL_DEV_data/p01/amag/amag_20110112_190919_51_b.sdc 8776 
LRE11_FULL_DEV_data/p01/amag/amag_20110112_210716_56_a.sdc 3525 
LRE11_FULL_DEV_data/p01/amag/amag_20110112_210716_56_b.sdc 9271 
LRE11_FULL_DEV_data/p01/amag/amag_20110113_154325_58_a.sdc 4511 
LRE11_FULL_DEV_data/p01/amag/amag_20110113_154325_58_b.sdc 6006 
LRE11_FULL_DEV_data/p01/amag/amag_20110113_160907_61_a.sdc 15507 
LRE11_FULL_DEV_data/p01/amag/amag_20110113_160907_61_b.sdc 12063 
LRE11_FULL_DEV_data/p01/amag/amag_20110114_010743_69_a.sdc 15348 
LRE11_FULL_DEV_data/p01/amag/amag_20110114_010743_69_b.sdc 6817 
LRE11_FULL_DEV_data/p01/amag/amag_20110115_090248_75_a.sdc 6884 
LRE11_FULL_DEV_data/p01/amag/amag_20110115_090248_75_b.sdc 14163 
LRE11_FULL_DEV_data/p01/amag/amag_20110115_100010_78_a.sdc 4599 
LRE11_FULL_DEV_data/p01/amag/amag_20110115_100010_78_b.sdc 14872 
