LDC_CTS_BN/amsa_BN_LDC2006S46/20000927_1300_1400_voa_arb_23142_36096_0.sdc 6691 
LDC_CTS_BN/amsa_BN_LDC2006S46/20000927_1300_1400_voa_arb_285773_290458_1.sdc 2393 
LDC_CTS_BN/amsa_BN_LDC2006S46/20000927_1300_1400_voa_arb_291123_293888_2.sdc 1405 
LDC_CTS_BN/amsa_BN_LDC2006S46/20000927_1300_1400_voa_arb_299315_301773_5.sdc 1222 
LDC_CTS_BN/amsa_BN_LDC2006S46/20000927_1300_1400_voa_arb_302618_304742_6.sdc 1061 
LDC_CTS_BN/amsa_BN_LDC2006S46/20000927_1300_1400_voa_arb_308992_331494_7.sdc 11298 
LDC_CTS_BN/amsa_BN_LDC2006S46/20000927_1300_1400_voa_arb_334259_339686_9.sdc 2700 
LDC_CTS_BN/amsa_BN_LDC2006S46/20000927_1300_1400_voa_arb_340480_344013_10.sdc 1794 
LDC_CTS_BN/amsa_BN_LDC2006S46/20000927_1300_1400_voa_arb_344653_351616_11.sdc 3507 
LDC_CTS_BN/amsa_BN_LDC2006S46/20000927_1300_1400_voa_arb_354125_358221_13.sdc 2069 
LDC_CTS_BN/amsa_BN_LDC2006S46/20001101_1200_1400_voa_arb_190643_195507_1.sdc 2486 
LDC_CTS_BN/amsa_BN_LDC2006S46/20001101_1200_1400_voa_arb_196634_204621_2.sdc 4059 
LDC_CTS_BN/amsa_BN_LDC2006S46/20001101_1200_1400_voa_arb_205286_211277_3.sdc 3052 
LDC_CTS_BN/amsa_BN_LDC2006S46/20001101_1200_1400_voa_arb_211994_216934_4.sdc 2549 
LDC_CTS_BN/amsa_BN_LDC2006S46/20001101_1200_1400_voa_arb_217754_225229_5.sdc 3863 
LDC_CTS_BN/amsa_BN_LDC2006S46/20001101_1200_1400_voa_arb_284621_298342_10.sdc 6905 
LDC_CTS_BN/amsa_BN_LDC2006S46/20001101_1200_1400_voa_arb_298880_303565_11.sdc 2358 
LDC_CTS_BN/amsa_BN_LDC2006S46/20001101_1200_1400_voa_arb_304128_308019_12.sdc 1966 
LDC_CTS_BN/amsa_BN_LDC2006S46/20001101_1200_1400_voa_arb_309709_313011_13.sdc 1696 
LDC_CTS_BN/amsa_BN_LDC2006S46/20001101_1200_1400_voa_arb_317107_331930_14.sdc 6889 
LDC_CTS_BN/amsa_BN_LDC2006S46/20001101_1200_1400_voa_arb_332314_352666_15.sdc 10269 
LDC_CTS_BN/amsa_BN_LDC2006S46/20001101_1200_1400_voa_arb_399360_411494_16.sdc 6257 
LDC_CTS_BN/amsa_BN_LDC2006S46/20001101_1200_1400_voa_arb_46080_56320_0.sdc 5204 
LDC_CTS_BN/amsa_BN_LDC2006S46/20001101_1200_1400_voa_arb_567245_569190_17.sdc 967 
LDC_CTS_BN/amsa_BN_LDC2006S46/20001101_1200_1400_voa_arb_570957_576845_18.sdc 3025 
LDC_CTS_BN/amsa_BN_LDC2006S46/20001101_1200_1400_voa_arb_579226_586957_19.sdc 3903 
LDC_CTS_BN/amsa_BN_LDC2006S46/20001101_1200_1400_voa_arb_587878_594227_20.sdc 3184 
LDC_CTS_BN/amsa_BN_LDC2006S46/20001101_1200_1400_voa_arb_595712_598758_21.sdc 1537 
LDC_CTS_BN/amsa_BN_LDC2006S46/20001101_1200_1400_voa_arb_639360_645606_23.sdc 2898 
LDC_CTS_BN/amsa_BN_LDC2006S46/20001101_1200_1400_voa_arb_650598_658330_25.sdc 3822 
LDC_CTS_BN/amsa_BN_LDC2006S46/20001101_1200_1400_voa_arb_659635_666189_26.sdc 3292 
LDC_CTS_BN/amsa_BN_LDC2006S46/20001101_1200_1400_voa_arb_666880_668928_27.sdc 1018 
LDC_CTS_BN/amsa_BN_LDC2006S46/20001101_1200_1400_voa_arb_672179_673920_29.sdc 870 
LDC_CTS_BN/amsa_BN_LDC2006S46/20001101_1200_1400_voa_arb_683981_687232_30.sdc 1646 
LDC_CTS_BN/amsa_BN_LDC2006S46/20001101_1200_1400_voa_arb_688282_691610_31.sdc 1695 
LDC_CTS_BN/amsa_BN_LDC2006S46/20001101_1200_1400_voa_arb_695578_698010_33.sdc 1233 
LDC_CTS_BN/amsa_BN_LDC2006S46/20001101_1200_1400_voa_arb_701696_704256_35.sdc 1304 
LDC_CTS_BN/amsa_BN_LDC2006S46/20001101_1200_1400_voa_arb_706227_709094_36.sdc 1456 
LDC_CTS_BN/amsa_BN_LDC2006S46/20001101_1200_1400_voa_arb_709530_713370_37.sdc 1935 
LDC_CTS_BN/amsa_BN_LDC2006S46/20001102_1200_1400_voa_arb_20326_28800_1.sdc 4324 
LDC_CTS_BN/amsa_BN_LDC2006S46/20001102_1200_1400_voa_arb_248986_252467_3.sdc 1753 
LDC_CTS_BN/amsa_BN_LDC2006S46/20001102_1200_1400_voa_arb_253414_255667_4.sdc 1129 
LDC_CTS_BN/amsa_BN_LDC2006S46/20001102_1200_1400_voa_arb_256973_260941_5.sdc 2033 
LDC_CTS_BN/amsa_BN_LDC2006S46/20001102_1200_1400_voa_arb_265728_267674_7.sdc 984 
LDC_CTS_BN/amsa_BN_LDC2006S46/20001102_1200_1400_voa_arb_269747_273587_8.sdc 1978 
LDC_CTS_BN/amsa_BN_LDC2006S46/20001102_1200_1400_voa_arb_279398_285696_9.sdc 3228 
LDC_CTS_BN/amsa_BN_LDC2006S46/20001102_1200_1400_voa_arb_287078_289741_10.sdc 1352 
LDC_CTS_BN/amsa_BN_LDC2006S46/20001102_1200_1400_voa_arb_291149_297344_11.sdc 3143 
LDC_CTS_BN/amsa_BN_LDC2006S46/20001102_1200_1400_voa_arb_299213_302720_12.sdc 1758 
LDC_CTS_BN/amsa_BN_LDC2006S46/20001102_1200_1400_voa_arb_303770_307840_13.sdc 2087 
LDC_CTS_BN/amsa_BN_LDC2006S46/20001102_1200_1400_voa_arb_321178_327629_14.sdc 3329 
LDC_CTS_BN/amsa_BN_LDC2006S46/20001102_1200_1400_voa_arb_330163_332518_15.sdc 1167 
LDC_CTS_BN/amsa_BN_LDC2006S46/20001102_1200_1400_voa_arb_338842_340941_20.sdc 1054 
LDC_CTS_BN/amsa_BN_LDC2006S46/20001102_1200_1400_voa_arb_345037_349747_22.sdc 2384 
LDC_CTS_BN/amsa_BN_LDC2006S46/20001102_1200_1400_voa_arb_608768_613837_25.sdc 2542 
LDC_CTS_BN/amsa_BN_LDC2006S46/20001102_1200_1400_voa_arb_614170_617574_26.sdc 1731 
LDC_CTS_BN/amsa_BN_LDC2006S46/20001102_1200_1400_voa_arb_625946_627558_30.sdc 821 
LDC_CTS_BN/amsa_BN_LDC2006S46/20001102_1200_1400_voa_arb_628173_630630_31.sdc 1225 
LDC_CTS_BN/amsa_BN_LDC2006S46/20001102_1200_1400_voa_arb_634675_638976_33.sdc 2222 
LDC_CTS_BN/amsa_BN_LDC2006S46/20001102_1200_1400_voa_arb_640794_653184_34.sdc 5377 
LDC_CTS_BN/amsa_BN_LDC2006S46/20001102_1200_1400_voa_arb_669926_672666_35.sdc 1302 
LDC_CTS_BN/amsa_BN_LDC2006S46/20001102_1200_1400_voa_arb_673254_677530_36.sdc 2022 
LDC_CTS_BN/amsa_BN_LDC2006S46/20001102_1200_1400_voa_arb_679885_686029_38.sdc 2754 
LDC_CTS_BN/amsa_BN_LDC2006S46/20001102_1200_1400_voa_arb_686464_688486_39.sdc 1002 
LDC_CTS_BN/amsa_BN_LDC2006S46/20001102_1200_1400_voa_arb_690048_692429_40.sdc 1145 
LDC_CTS_BN/amsa_BN_LDC2006S46/20001102_1200_1400_voa_arb_693453_695091_41.sdc 810 
LDC_CTS_BN/amsa_BN_LDC2006S46/20001102_1200_1400_voa_arb_695270_699264_42.sdc 1961 
LDC_CTS_BN/amsa_BN_LDC2006S46/20001102_1200_1400_voa_arb_700826_708096_43.sdc 3275 
LDC_CTS_BN/amsa_BN_LDC2006S46/20001113_0000_0100_voa_arb_313395_318157_16.sdc 2408 
LDC_CTS_BN/amsa_BN_LDC2006S46/20010316_0000_0100_voa_arb_200397_202803_5.sdc 1221 
LDC_CTS_BN/amsa_BN_LDC2006S46/20010316_0000_0100_voa_arb_204518_207642_7.sdc 1596 
LDC_CTS_BN/amsa_BN_LDC2006S46/20010316_0000_0100_voa_arb_209101_211200_8.sdc 1069 
LDC_CTS_BN/amsa_BN_LDC2006S46/20010316_0000_0100_voa_arb_215962_219264_10.sdc 1628 
LDC_CTS_BN/amsa_BN_LDC2006S46/20010316_0000_0100_voa_arb_234982_236979_16.sdc 1004 
LDC_CTS_BN/amsa_BN_LDC2006S46/20010316_0000_0100_voa_arb_238003_245914_17.sdc 4028 
LDC_CTS_BN/amsa_BN_LDC2006S46/20010316_0000_0100_voa_arb_248448_254157_18.sdc 2884 
LDC_CTS_BN/amsa_BN_LDC2006S46/20010316_0000_0100_voa_arb_254490_256819_19.sdc 1169 
LDC_CTS_BN/amsa_BN_LDC2006S46/20010316_0000_0100_voa_arb_262144_264090_22.sdc 978 
LDC_CTS_BN/amsa_BN_LDC2006S46/20010316_0000_0100_voa_arb_80768_84685_1.sdc 1991 
LDC_CTS_BN/amsa_BN_LDC2006S46/20010316_0000_0100_voa_arb_85197_86938_2.sdc 869 
LDC_CTS_BN/amsa_BN_LDC2007S10/20010217_0000_0100_VOA_ARB_284442_287898_3.sdc 1720 
LRE11_FULL_DEV_data/p01/amsa/amsa_20101026_213001_SAUDIPRGONE_ara_01.sdc 7653 
LRE11_FULL_DEV_data/p01/amsa/amsa_20101026_213001_SAUDIPRGONE_ara_03.sdc 23924 
LRE11_FULL_DEV_data/p01/amsa/amsa_20101026_213001_SAUDIPRGONE_ara_04.sdc 3072 
LRE11_FULL_DEV_data/p01/amsa/amsa_20101027_193001_QATARRADIO_ara_01.sdc 15462 
LRE11_FULL_DEV_data/p01/amsa/amsa_20101027_193001_QATARRADIO_ara_02.sdc 22227 
LRE11_FULL_DEV_data/p01/amsa/amsa_20101027_193001_QATARRADIO_ara_03.sdc 12716 
LRE11_FULL_DEV_data/p01/amsa/amsa_20101027_223001_SAUDIPRGONE_ara_01.sdc 5500 
LRE11_FULL_DEV_data/p01/amsa/amsa_20101027_223001_SAUDIPRGONE_ara_02.sdc 18863 
LRE11_FULL_DEV_data/p01/amsa/amsa_20101027_223001_SAUDIPRGONE_ara_03.sdc 12002 
LRE11_FULL_DEV_data/p01/amsa/amsa_20101027_223001_SAUDIPRGONE_ara_06.sdc 18423 
LRE11_FULL_DEV_data/p01/amsa/amsa_20101028_173001_SAUDIPRGONE_ara_01.sdc 3693 
LRE11_FULL_DEV_data/p01/amsa/amsa_20101028_173001_SAUDIPRGONE_ara_02.sdc 3246 
LRE11_FULL_DEV_data/p01/amsa/amsa_20101028_173001_SAUDIPRGONE_ara_03.sdc 10173 
LRE11_FULL_DEV_data/p01/amsa/amsa_20101028_173001_SAUDIPRGONE_ara_04.sdc 1836 
LRE11_FULL_DEV_data/p01/amsa/amsa_20101031_123001_SAUDIPRGONE_ara_01.sdc 11944 
LRE11_FULL_DEV_data/p01/amsa/amsa_20101031_123001_SAUDIPRGONE_ara_02.sdc 9393 
LRE11_FULL_DEV_data/p01/amsa/amsa_20101031_123001_SAUDIPRGONE_ara_03.sdc 2626 
LRE11_FULL_DEV_data/p01/amsa/amsa_20101031_123001_SAUDIPRGONE_ara_04.sdc 17033 
LRE11_FULL_DEV_data/p01/amsa/amsa_20101031_133001_SAUDIPRGONE_ara_01.sdc 17982 
LRE11_FULL_DEV_data/p01/amsa/amsa_20101031_133001_SAUDIPRGONE_ara_02.sdc 1640 
LRE11_FULL_DEV_data/p01/amsa/amsa_20101031_133001_SAUDIPRGONE_ara_03.sdc 9983 
LRE11_FULL_DEV_data/p01/amsa/amsa_20101106_190001_SAUDIPRGONE_ara_01.sdc 10766 
LRE11_FULL_DEV_data/p01/amsa/amsa_20101106_190001_SAUDIPRGONE_ara_02.sdc 9947 
LRE11_FULL_DEV_data/p01/amsa/amsa_20101106_190001_SAUDIPRGONE_ara_03.sdc 9776 
LRE11_FULL_DEV_data/p01/amsa/amsa_20101106_190001_SAUDIPRGONE_ara_04.sdc 10948 
LRE11_FULL_DEV_data/p01/amsa/amsa_20101106_190001_SAUDIPRGONE_ara_05.sdc 6698 
LRE11_FULL_DEV_data/p01/amsa/amsa_20101106_190001_SAUDIPRGONE_ara_06.sdc 1814 
LRE11_FULL_DEV_data/p01/amsa/amsa_20101106_190001_SAUDIPRGONE_ara_07.sdc 1546 
LRE11_FULL_DEV_data/p01/amsa/amsa_20101108_053001_QATARRADIO_ara_01.sdc 5015 
LRE11_FULL_DEV_data/p01/amsa/amsa_20101108_053001_QATARRADIO_ara_02.sdc 10415 
LRE11_FULL_DEV_data/p01/amsa/amsa_20101108_053001_QATARRADIO_ara_03.sdc 7415 
LRE11_FULL_DEV_data/p01/amsa/amsa_20101108_190001_QATARRADIO_ara_01.sdc 24508 
LRE11_FULL_DEV_data/p01/amsa/amsa_20101108_190001_QATARRADIO_ara_02.sdc 6013 
LRE11_FULL_DEV_data/p01/amsa/amsa_20101108_190001_QATARRADIO_ara_04.sdc 9753 
LRE11_FULL_DEV_data/p01/amsa/amsa_20101108_190001_QATARRADIO_ara_06.sdc 16039 
LRE11_FULL_DEV_data/p01/amsa/amsa_20101108_190001_QATARRADIO_ara_07.sdc 2921 
LRE11_FULL_DEV_data/p01/amsa/amsa_20101109_173001_SAUDIPRGONE_ara_01.sdc 19935 
LRE11_FULL_DEV_data/p01/amsa/amsa_20101109_173001_SAUDIPRGONE_ara_02.sdc 9194 
LRE11_FULL_DEV_data/p01/amsa/amsa_20101109_173001_SAUDIPRGONE_ara_08.sdc 4935 
LRE11_FULL_DEV_data/p01/amsa/amsa_20101109_233001_SAUDIPRGONE_ara_01.sdc 12679 
LRE11_FULL_DEV_data/p01/amsa/amsa_20101109_233001_SAUDIPRGONE_ara_02.sdc 2657 
LRE11_FULL_DEV_data/p01/amsa/amsa_20101109_233001_SAUDIPRGONE_ara_03.sdc 4238 
LRE11_FULL_DEV_data/p01/amsa/amsa_20101109_233001_SAUDIPRGONE_ara_04.sdc 1657 
LRE11_FULL_DEV_data/p01/amsa/amsa_20101110_190001_QATARRADIO_ara_01.sdc 4697 
LRE11_FULL_DEV_data/p01/amsa/amsa_20101110_190001_QATARRADIO_ara_011.sdc 7187 
LRE11_FULL_DEV_data/p01/amsa/amsa_20101110_190001_QATARRADIO_ara_02DJ.sdc 3933 
LRE11_FULL_DEV_data/p01/amsa/amsa_20101110_190001_QATARRADIO_ara_03.sdc 4469 
LRE11_FULL_DEV_data/p01/amsa/amsa_20101110_190001_QATARRADIO_ara_04.sdc 4181 
LRE11_FULL_DEV_data/p01/amsa/amsa_20101111_003001_SAUDIPRGONE_ara_01.sdc 4869 
LRE11_FULL_DEV_data/p01/amsa/amsa_20101111_003001_SAUDIPRGONE_ara_02.sdc 8078 
LRE11_FULL_DEV_data/p01/amsa/amsa_20101111_003001_SAUDIPRGONE_ara_03DJ1.sdc 4873 
LRE11_FULL_DEV_data/p01/amsa/amsa_20101113_190001_SAUDIPRGONE_ara_01DJ.sdc 4951 
LRE11_FULL_DEV_data/p01/amsa/amsa_20101113_190001_SAUDIPRGONE_ara_02DJ21.sdc 7571 
LRE11_FULL_DEV_data/p01/amsa/amsa_20101114_223001_SAUDIPRGONE_ara_01.sdc 3011 
LRE11_FULL_DEV_data/p01/amsa/amsa_20101114_223001_SAUDIPRGONE_ara_02.sdc 4639 
LRE11_FULL_DEV_data/p01/amsa/amsa_20101114_223001_SAUDIPRGONE_ara_03DJ.sdc 7053 
LRE11_FULL_DEV_data/p01/amsa/amsa_20101114_223001_SAUDIPRGONE_ara_04.sdc 7623 
LRE11_FULL_DEV_data/p01/amsa/amsa_20101114_223001_SAUDIPRGONE_ara_05.sdc 6681 
LRE11_FULL_DEV_data/p01/amsa/amsa_20101114_223001_SAUDIPRGONE_ara_06.sdc 4083 
LRE11_FULL_DEV_data/p01/amsa/amsa_20101115_023001_SAUDIPRGONE_ara_01.sdc 12731 
LRE11_FULL_DEV_data/p01/amsa/amsa_20101115_023001_SAUDIPRGONE_ara_02.sdc 6736 
LRE11_FULL_DEV_data/p01/amsa/amsa_20101115_023001_SAUDIPRGONE_ara_03.sdc 3811 
LRE11_FULL_DEV_data/p01/amsa/amsa_20101115_023001_SAUDIPRGONE_ara_04.sdc 5238 
LRE11_FULL_DEV_data/p01/amsa/amsa_20101115_023001_SAUDIPRGONE_ara_05.sdc 2437 
LRE11_FULL_DEV_data/p01/amsa/amsa_20101115_123001_SAUDIPRGONE_ara_01.sdc 4050 
LRE11_FULL_DEV_data/p01/amsa/amsa_20101115_123001_SAUDIPRGONE_ara_02.sdc 8960 
LRE11_FULL_DEV_data/p01/amsa/amsa_20101115_123001_SAUDIPRGONE_ara_03.sdc 3122 
LRE11_FULL_DEV_data/p01/amsa/amsa_20101115_123001_SAUDIPRGONE_ara_04.sdc 11276 
LRE11_FULL_DEV_data/p01/amsa/amsa_20101115_123001_SAUDIPRGONE_ara_05.sdc 14207 
LRE11_FULL_DEV_data/p01/amsa/amsa_20101116_003001_SAUDIPRGONE_ara_01.sdc 4333 
LRE11_FULL_DEV_data/p01/amsa/amsa_20101116_003001_SAUDIPRGONE_ara_02.sdc 5188 
LRE11_FULL_DEV_data/p01/amsa/amsa_20101116_003001_SAUDIPRGONE_ara_03.sdc 8183 
LRE11_FULL_DEV_data/p01/amsa/amsa_20101116_003001_SAUDIPRGONE_ara_04.sdc 4494 
LRE11_FULL_DEV_data/p01/amsa/amsa_20101116_003001_SAUDIPRGONE_ara_05DJ.sdc 8458 
LRE11_FULL_DEV_data/p01/amsa/amsa_20101116_003001_SAUDIPRGONE_ara_06DJ.sdc 4633 
LRE11_FULL_DEV_data/p01/amsa/amsa_20101120_190002_SAUDIPRGONE_ara_02.sdc 3846 
LRE11_FULL_DEV_data/p01/amsa/amsa_20101120_190002_SAUDIPRGONE_ara_03.sdc 15106 
LRE11_FULL_DEV_data/p01/amsa/amsa_20101120_190002_SAUDIPRGONE_ara_04.sdc 8061 
LRE11_FULL_DEV_data/p01/amsa/amsa_20101124_190001_QATARRADIO_ara_01.sdc 2432 
LRE11_FULL_DEV_data/p01/amsa/amsa_20101124_190001_QATARRADIO_ara_010.sdc 1863 
LRE11_FULL_DEV_data/p01/amsa/amsa_20101124_190001_QATARRADIO_ara_012.sdc 6351 
LRE11_FULL_DEV_data/p01/amsa/amsa_20101124_190001_QATARRADIO_ara_013.sdc 7400 
LRE11_FULL_DEV_data/p01/amsa/amsa_20101124_190001_QATARRADIO_ara_014.sdc 10072 
LRE11_FULL_DEV_data/p01/amsa/amsa_20101124_190001_QATARRADIO_ara_015.sdc 3599 
LRE11_FULL_DEV_data/p01/amsa/amsa_20101124_190001_QATARRADIO_ara_016.sdc 2733 
LRE11_FULL_DEV_data/p01/amsa/amsa_20101124_190001_QATARRADIO_ara_02.sdc 6373 
LRE11_FULL_DEV_data/p01/amsa/amsa_20101124_190001_QATARRADIO_ara_03.sdc 2095 
LRE11_FULL_DEV_data/p01/amsa/amsa_20101124_190001_QATARRADIO_ara_04.sdc 2895 
LRE11_FULL_DEV_data/p01/amsa/amsa_20101124_190001_QATARRADIO_ara_05.sdc 3327 
LRE11_FULL_DEV_data/p01/amsa/amsa_20101124_190001_QATARRADIO_ara_06.sdc 4923 
LRE11_FULL_DEV_data/p01/amsa/amsa_20101124_190001_QATARRADIO_ara_07.sdc 2608 
LRE11_FULL_DEV_data/p01/amsa/amsa_20101124_190001_QATARRADIO_ara_08.sdc 5952 
LRE11_FULL_DEV_data/p01/amsa/amsa_20101124_190001_QATARRADIO_ara_09.sdc 3517 
LRE11_FULL_DEV_data/p01/amsa/amsa_20101125_033001_SAUDIPRGONE_ara_01.sdc 4960 
LRE11_FULL_DEV_data/p01/amsa/amsa_20101125_033001_SAUDIPRGONE_ara_02.sdc 1220 
LRE11_FULL_DEV_data/p01/amsa/amsa_20101125_033001_SAUDIPRGONE_ara_04.sdc 2317 
LRE11_FULL_DEV_data/p01/amsa/amsa_20101125_033001_SAUDIPRGONE_ara_05.sdc 4938 
LRE11_FULL_DEV_data/p01/amsa/amsa_20101125_033001_SAUDIPRGONE_ara_06.sdc 2842 
LRE11_FULL_DEV_data/p01/amsa/amsa_20101127_053001_SAUDIPRGONE_ara_01.sdc 11333 
LRE11_FULL_DEV_data/p01/amsa/amsa_20101127_053001_SAUDIPRGONE_ara_03.sdc 18171 
LRE11_FULL_DEV_data/p01/amsa/amsa_20101127_053001_SAUDIPRGONE_ara_06.sdc 2776 
LRE11_FULL_DEV_data/p01/amsa/amsa_20101127_053001_SAUDIPRGONE_ara_08.sdc 4157 
LRE11_FULL_DEV_data/p01/amsa/amsa_20101127_053001_SAUDIPRGONE_ara_09.sdc 9329 
LRE11_FULL_DEV_data/p01/amsa/amsa_20101127_190001_QATARRADIO_ara_01.sdc 6732 
LRE11_FULL_DEV_data/p01/amsa/amsa_20101127_190001_QATARRADIO_ara_03.sdc 9815 
LRE11_FULL_DEV_data/p01/amsa/amsa_20101127_190001_QATARRADIO_ara_04.sdc 22068 
LRE11_FULL_DEV_data/p01/amsa/amsa_20101127_190001_QATARRADIO_ara_06.sdc 10462 
LRE11_FULL_DEV_data/p01/amsa/amsa_20101127_223001_QATARRADIO_ara_01.sdc 2369 
LRE11_FULL_DEV_data/p01/amsa/amsa_20101127_223001_QATARRADIO_ara_02.sdc 2187 
LRE11_FULL_DEV_data/p01/amsa/amsa_20101128_023001_QATARRADIO_ara_01.sdc 29052 
LRE11_FULL_DEV_data/p01/amsa/amsa_20101128_023001_QATARRADIO_ara_02.sdc 1114 
LRE11_FULL_DEV_data/p01/amsa/amsa_20101128_023001_SAUDIPRGONE_ara_01.sdc 3147 
LRE11_FULL_DEV_data/p01/amsa/amsa_20101128_023001_SAUDIPRGONE_ara_010.sdc 6549 
LRE11_FULL_DEV_data/p01/amsa/amsa_20101128_023001_SAUDIPRGONE_ara_02.sdc 5136 
LRE11_FULL_DEV_data/p01/amsa/amsa_20101128_023001_SAUDIPRGONE_ara_03.sdc 5570 
LRE11_FULL_DEV_data/p01/amsa/amsa_20101128_023001_SAUDIPRGONE_ara_04.sdc 5160 
LRE11_FULL_DEV_data/p01/amsa/amsa_20101128_023001_SAUDIPRGONE_ara_05.sdc 4088 
LRE11_FULL_DEV_data/p01/amsa/amsa_20101128_023001_SAUDIPRGONE_ara_06.sdc 5513 
LRE11_FULL_DEV_data/p01/amsa/amsa_20101128_023001_SAUDIPRGONE_ara_07.sdc 1564 
LRE11_FULL_DEV_data/p01/amsa/amsa_20101128_023001_SAUDIPRGONE_ara_08.sdc 2449 
LRE11_FULL_DEV_data/p01/amsa/amsa_20101128_023001_SAUDIPRGONE_ara_09.sdc 5829 
LDC_CTS_BN/amsa_cts_LDC2007S10/ar_4489_A.sdc 41935 
LDC_CTS_BN/amsa_cts_LDC2007S10/ar_4489_B.sdc 61131 
LDC_CTS_BN/amsa_cts_LDC2007S10/ar_4758_A.sdc 26496 
LDC_CTS_BN/amsa_cts_LDC2007S10/ar_4758_B.sdc 77838 
LDC_CTS_BN/amsa_cts_LDC2007S10/ar_4776_A.sdc 55850 
LDC_CTS_BN/amsa_cts_LDC2007S10/ar_4776_B.sdc 66641 
LDC_CTS_BN/amsa_cts_LDC2007S10/ar_4860_A.sdc 53467 
LDC_CTS_BN/amsa_cts_LDC2007S10/ar_4860_B.sdc 44349 
LDC_CTS_BN/amsa_cts_LDC2007S10/ar_4862_A.sdc 43134 
LDC_CTS_BN/amsa_cts_LDC2007S10/ar_4862_B.sdc 65924 
LDC_CTS_BN/amsa_cts_LDC2007S10/ar_5299_A.sdc 47865 
LDC_CTS_BN/amsa_cts_LDC2007S10/ar_5299_B.sdc 69312 
LDC_CTS_BN/amsa_cts_LDC2007S10/ar_5765_A.sdc 37457 
LDC_CTS_BN/amsa_cts_LDC2007S10/ar_5765_B.sdc 45330 
LDC_CTS_BN/amsa_cts_LDC2007S10/ar_5808_A.sdc 38569 
LDC_CTS_BN/amsa_cts_LDC2007S10/ar_5808_B.sdc 50558 
LDC_CTS_BN/amsa_cts_LDC2007S10/ar_5828_A.sdc 52782 
LDC_CTS_BN/amsa_cts_LDC2007S10/ar_5828_B.sdc 60647 
LDC_CTS_BN/amsa_cts_LDC2007S10/ar_7051_A.sdc 26352 
LDC_CTS_BN/amsa_cts_LDC2007S10/ar_7051_B.sdc 37973 
LDC_CTS_BN/amsa_cts_LDC2007S10/ar_7060_A.sdc 31447 
LDC_CTS_BN/amsa_cts_LDC2007S10/ar_7060_B.sdc 34829 
LDC_CTS_BN/amsa_cts_LDC2007S10/ar_7068_A.sdc 37633 
LDC_CTS_BN/amsa_cts_LDC2007S10/ar_7068_B.sdc 30812 
