VOA/VOA4/bosn/2008_bosn1600a0708_43674_59059_0.sdc 7867 
VOA/VOA4/bosn/2008_bosn1600a0709_79130_84454_1.sdc 2734 
VOA/VOA4/bosn/2008_bosn1600a0710_39219_45645_0.sdc 3175 
VOA/VOA4/bosn/2008_bosn1600a0710_46464_53811_1.sdc 3755 
VOA/VOA4/bosn/2008_bosn1600a0711_28467_42854_0.sdc 7451 
VOA/VOA4/bosn/2008_bosn1600a0715_34765_46797_0.sdc 6102 
VOA/VOA4/bosn/2008_bosn1600a0715_47514_49510_1.sdc 1017 
VOA/VOA4/bosn/2008_bosn1600a0716_33434_43213_0.sdc 5053 
VOA/VOA4/bosn/2008_bosn1600a0718_40038_47718_0.sdc 3962 
VOA/VOA4/bosn/2008_bosn1600a0721_42496_47514_0.sdc 2511 
VOA/VOA4/bosn/2008_bosn1600a0723_73062_81690_3.sdc 4395 
VOA/VOA4/bosn/2008_bosn1600a0725_58291_64435_0.sdc 3036 
VOA/VOA4/bosn/2008_bosn1600a0812_29517_38630_0.sdc 4689 
VOA/VOA4/bosn/2008_bosn1600a0814_39501_46976_0.sdc 3813 
VOA/VOA4/bosn/2008_bosn1600a0814_48026_51200_1.sdc 1577 
VOA/VOA4/bosn/2008_bosn1600a0814_52275_56678_2.sdc 2207 
VOA/VOA4/bosn/2008_bosn1600a0815_73805_79667_0.sdc 2918 
VOA/VOA4/bosn/2008_bosn1600a0819_29312_41190_0.sdc 6102 
VOA/VOA4/bosn/2008_bosn1600a0819_43802_53427_1.sdc 4821 
VOA/VOA4/bosn/2008_bosn1600a0826_41472_48077_0.sdc 3426 
VOA/VOA4/bosn/2008_bosn1600a0826_50048_59520_1.sdc 4793 
VOA/VOA4/bosn/2008_bosn1600a0901_69862_82995_0.sdc 6627 
VOA/VOA4/bosn/2008_bosn1600a0903_47565_50202_2.sdc 1321 
VOA/VOA4/bosn/2008_bosn1600a0904_38042_56986_0.sdc 9782 
VOA/VOA4/bosn/2008_bosn1600a0905_48538_59571_0.sdc 5729 
VOA/VOA4/bosn/2008_bosn1600a0908_75341_83686_0.sdc 4251 
VOA/VOA4/bosn/2008_bosn1600a0912_39808_50893_0.sdc 5732 
VOA/VOA4/bosn/2008_bosn1600a0915_34432_44083_0.sdc 4978 
VOA/VOA4/bosn/2008_bosn1600a0916_41190_47053_0.sdc 2944 
VOA/VOA4/bosn/2008_bosn1600a0916_47667_52992_1.sdc 2725 
VOA/VOA4/bosn/2008_bosn1600a0916_53888_58112_2.sdc 2165 
VOA/VOA4/bosn/2008_bosn1600a0917_41933_53990_0.sdc 6144 
VOA/VOA4/bosn/2008_bosn1600a0917_57779_65587_1.sdc 3988 
VOA/VOA4/bosn/2008_bosn1600a0923_37376_50867_0.sdc 6861 
VOA/VOA4/bosn/bosn1600a0208_41446_51072_0.sdc 4682 
VOA/VOA4/bosn/bosn1600aTHU_35379_37427_0.sdc 1045 
VOA/VOA4/bosn/bosn1600aTHU_41165_43392_2.sdc 1109 
VOA/VOA4/bosn/bosn1600aTHU_43750_45517_3.sdc 887 
VOA/VOA4/bosn/bosn1600aWED_38016_50355_0.sdc 6192 
VOA/VOA4/bosn/bosn1600aWED_51379_54400_1.sdc 1531 
VOA/VOA3/bosn/2006_bosn1600a0210_33405_44797.sdc 5822 
VOA/VOA3/bosn/2006_bosn1600a0213_40288_41952.sdc 835 
VOA/VOA3/bosn/2006_bosn1600a0213_46387_53901.sdc 3788 
VOA/VOA3/bosn/2006_bosn1600a0214_31533_38900.sdc 3699 
VOA/VOA3/bosn/2006_bosn1600a0214_39001_43258.sdc 2169 
VOA/VOA3/bosn/2006_bosn1600a0222_51098_61344.sdc 5220 
VOA/VOA3/bosn/2006_bosn1600a0223_27456_36163.sdc 4401 
VOA/VOA3/bosn/2006_bosn1600a0223_36806_41322.sdc 2304 
VOA/VOA3/bosn/2006_bosn1600a0223_45530_53555.sdc 4064 
VOA/VOA3/bosn/2006_bosn1600a0223_58266_65840.sdc 3879 
VOA/VOA3/bosn/2006_bosn1600a0224_37581_45318.sdc 3952 
VOA/VOA3/bosn/2006_bosn1600a0228_46870_54646.sdc 3985 
VOA/VOA3/bosn/2006_bosn1600a0301_36698_42986.sdc 3233 
VOA/VOA3/bosn/2006_bosn1600a0301_44093_51152.sdc 3623 
VOA/VOA3/bosn/2006_bosn1600a0302_55370_63216.sdc 3994 
VOA/VOA3/bosn/2006_bosn1600a0303_41747_48938.sdc 3169 
VOA/VOA3/bosn/2006_bosn1600a0306_46400_55885.sdc 4787 
VOA/VOA3/bosn/2006_bosn1600a0308_52083_57075.sdc 2550 
VOA/VOA3/bosn/2006_bosn1600a0308_59773_68333.sdc 4400 
VOA/VOA3/bosn/2006_bosn1600a0308_70128_74618.sdc 2290 
VOA/VOA3/bosn/2006_bosn1600a0309_47670_49357.sdc 852 
VOA/VOA3/bosn/2006_bosn1600a0309_67037_78339.sdc 5771 
VOA/VOA3/bosn/2006_bosn1600a0310_27139_33251.sdc 3099 
VOA/VOA3/bosn/2006_bosn1600a0310_54080_63920.sdc 5109 
VOA/VOA3/bosn/2006_bosn1600a0313_52867_62854.sdc 5122 
VOA/VOA3/bosn/2006_bosn1600a0313_66650_73216.sdc 3323 
VOA/VOA3/bosn/2006_bosn1600a0315_32170_47376.sdc 7792 
VOA/VOA3/bosn/2006_bosn1600a0315_50125_53027.sdc 1460 
VOA/VOA3/bosn/2006_bosn1600a0315_54202_56624.sdc 1239 
VOA/VOA3/bosn/2006_bosn1600a0315_59360_66038.sdc 3431 
VOA/VOA3/bosn/2006_bosn1600a0315_69344_75610.sdc 3182 
VOA/VOA3/bosn/2006_bosn1600a0316_48570_57600.sdc 4572 
VOA/VOA3/bosn/2006_bosn1600a0317_33229_42730.sdc 4867 
VOA/VOA3/bosn/2006_bosn1600a0323_40675_50035.sdc 4835 
VOA/VOA3/bosn/2006_bosn1600a0324_46630_53130.sdc 3289 
VOA/VOA3/bosn/2006_bosn1600a0324_56442_65952.sdc 4875 
VOA/VOA3/bosn/2006_bosn1600a0327_44365_48822.sdc 2313 
VOA/VOA3/bosn/2006_bosn1600a0327_49462_54262.sdc 2489 
VOA/VOA3/bosn/2006_bosn1600a0328_47760_56954.sdc 4663 
VOA/VOA3/bosn/2006_bosn1600a0331_44544_46768.sdc 1138 
VOA/VOA3/bosn/2006_bosn1600a0331_49699_53366.sdc 1866 
VOA/VOA3/bosn/2006_bosn1600a0331_56230_59523.sdc 1681 
VOA/VOA3/bosn/2006_bosn1600a0331_63360_65075.sdc 866 
VOA/VOA3/bosn/2006_bosn1600a0405_37584_42499.sdc 2495 
VOA/VOA3/bosn/2006_bosn1600a0405_42573_44285.sdc 863 
VOA/VOA3/bosn/2006_bosn1600a0405_44614_47760.sdc 1600 
VOA/VOA3/bosn/2006_bosn1600a0406_43034_53603.sdc 5403 
VOA/VOA3/bosn/2006_bosn1600a0406_57546_65958.sdc 4303 
VOA/VOA3/bosn/2006_bosn1600a0407_62854_77104.sdc 7337 
VOA/VOA3/bosn/2006_bosn1600a0410_39043_45254.sdc 3175 
VOA/VOA3/bosn/2006_bosn1600a0410_45958_51114.sdc 2646 
VOA/VOA3/bosn/2006_bosn1600a0410_52323_57654.sdc 2762 
VOA/VOA3/bosn/2006_bosn1600a0410_58221_62064.sdc 1934 
VOA/VOA3/bosn/2006_bosn1600a0410_63629_65971.sdc 1172 
VOA/VOA3/bosn/2006_bosn1600a0412_41414_49738.sdc 4302 
VOA/VOA3/bosn/2006_bosn1600a0412_49805_51923.sdc 1080 
VOA/VOA3/bosn/2006_bosn1600a0413_44371_58019.sdc 6966 
VOA/VOA3/bosn/2006_bosn1600a0419_38790_42365.sdc 1783 
VOA/VOA3/bosn/2006_bosn1600a0419_43341_48064.sdc 2433 
VOA/VOA3/bosn/2006_bosn1600a0419_48982_54374.sdc 2741 
VOA/VOA3/bosn/2006_bosn1600a0420_40845_46608.sdc 2923 
VOA/VOA3/bosn/2006_bosn1600a0424_40339_45395.sdc 2548 
VOA/VOA3/bosn/2006_bosn1600a0424_47910_49904.sdc 995 
VOA/VOA3/bosn/2006_bosn1600a0425_47741_56656.sdc 4310 
VOA/VOA3/bosn/2006_bosn1600a0425_57958_63462.sdc 2855 
VOA/VOA3/bosn/2006_bosn1600a0425_69530_80752.sdc 5751 
VOA/VOA3/bosn/2006_bosn1600a0427_36224_42477.sdc 3223 
VOA/VOA3/bosn/2006_bosn1600a0427_43747_46608.sdc 1449 
VOA/VOA3/bosn/2006_bosn1600a0427_48400_51693.sdc 1673 
VOA/VOA3/bosn/2006_bosn1600a0427_65475_74160.sdc 4414 
VOA/VOA3/bosn/2006_bosn1600a0428_42189_46100.sdc 1998 
VOA/VOA3/bosn/2006_bosn1600a0428_50042_53072.sdc 1554 
VOA/VOA3/bosn/2006_bosn1600a0428_74499_77000.sdc 1267 
VOA/VOA3/bosn/2006_bosn1600a0503_33949_41674.sdc 3991 
VOA/VOA3/bosn/2006_bosn1600a0503_43898_52554.sdc 4477 
VOA/VOA3/bosn/2006_bosn1600a0503_56822_59174.sdc 1188 
VOA/VOA3/bosn/2006_bosn1600a0503_59245_62387.sdc 1624 
VOA/VOA3/bosn/2006_bosn1600a0503_64230_66432.sdc 1112 
VOA/VOA3/bosn/2006_bosn1600a0509_44493_52816.sdc 4222 
VOA/VOA3/bosn/2006_bosn1600a0509_53990_59571.sdc 2858 
VOA/VOA3/bosn/2006_bosn1600a0509_62154_69642.sdc 3854 
VOA/VOA3/bosn/2006_bosn1600a0510_44474_54093.sdc 4927 
VOA/VOA3/bosn/2006_bosn1600a0510_56954_65389.sdc 4284 
VOA/VOA3/bosn/2006_bosn1600a0511_39581_46541.sdc 3595 
VOA/VOA3/bosn/2006_bosn1600a0511_47571_50390.sdc 1426 
VOA/VOA3/bosn/2006_bosn1600a0512_26861_32618.sdc 2910 
VOA/VOA3/bosn/2006_bosn1600a0512_33286_35459.sdc 1100 
VOA/VOA3/bosn/2006_bosn1600a0515_33165_36451.sdc 1684 
VOA/VOA3/bosn/2006_bosn1600a0516_38998_44752.sdc 2973 
VOA/VOA3/bosn/2006_bosn1600a0516_44845_47056.sdc 1129 
VOA/VOA3/bosn/2006_bosn1600a0522_39088_44854.sdc 2921 
VOA/VOA3/bosn/2006_bosn1600a0522_44938_50154.sdc 2661 
VOA/VOA3/bosn/2006_bosn1600a0523_60941_70019.sdc 4606 
VOA/VOA3/bosn/2006_bosn1600a0524_58909_69946.sdc 5717 
VOA/VOA3/bosn/2006_bosn1600a0525_44486_49795.sdc 2746 
VOA/VOA3/bosn/2006_bosn1600a0525_51981_60733.sdc 4396 
VOA/VOA3/bosn/2006_bosn1600a0526_47734_56467.sdc 4370 
VOA/VOA3/bosn/2006_bosn1600a0526_56560_58400.sdc 941 
VOA/VOA3/bosn/2006_bosn1600a0529_40701_43629.sdc 1499 
VOA/VOA3/bosn/2006_bosn1600a0529_44413_49907.sdc 2750 
VOA/VOA3/bosn/2006_bosn1600a0529_69254_70966.sdc 856 
VOA/VOA3/bosn/2006_bosn1600a0529_72995_75168.sdc 1072 
VOA/VOA3/bosn/2006_bosn1600a0531_36656_46109.sdc 4721 
VOA/VOA3/bosn/2006_bosn1600a0531_49430_55926.sdc 3267 
VOA/VOA3/bosn/2006_bosn1600a0601_35914_46739.sdc 5521 
VOA/VOA3/bosn/2006_bosn1600a0602_42858_48339.sdc 2769 
VOA/VOA3/bosn/2006_bosn1600a0602_49219_52806.sdc 1839 
VOA/VOA3/bosn/2006_bosn1600a0602_56288_58115.sdc 929 
VOA/VOA3/bosn/2006_bosn1600a0602_58205_64900.sdc 3449 
VOA/VOA3/bosn/2006_bosn1600a0602_65001_67277.sdc 1153 
VOA/VOA3/bosn/2006_bosn1600a0606_50838_57213.sdc 3245 
VOA/VOA3/bosn/2006_bosn1600a0606_57296_59674.sdc 1183 
VOA/VOA3/bosn/2006_bosn1600a0606_60246_62902.sdc 1355 
VOA/VOA3/bosn/2006_bosn1600a0607_40054_45184.sdc 2576 
VOA/VOA3/bosn/2006_bosn1600a0607_45251_48550.sdc 1690 
VOA/VOA3/bosn/2006_bosn1600a0607_50067_51946.sdc 941 
VOA/VOA3/bosn/2006_bosn1600a0612_69904_71974.sdc 1025 
VOA/VOA3/bosn/2006_bosn1600a0612_72058_73987.sdc 965 
VOA/VOA3/bosn/2006_bosn1600a0612_75158_79808.sdc 2400 
VOA/VOA3/bosn/2006_bosn1600a0613_49024_51357.sdc 1166 
VOA/VOA3/bosn/2006_bosn1600a0613_52624_56400.sdc 1924 
VOA/VOA3/bosn/2006_bosn1600a0613_56501_58653.sdc 1103 
VOA/VOA3/bosn/2006_bosn1600a0614_63056_70611.sdc 3768 
VOA/VOA3/bosn/2006_bosn1600a0614_72710_77622.sdc 2485 
VOA/VOA3/bosn/2006_bosn1600a0615_36954_41139.sdc 2146 
VOA/VOA3/bosn/2006_bosn1600a0615_43488_46634.sdc 1616 
VOA/VOA3/bosn/2006_bosn1600a0616_35001_41277.sdc 3237 
VOA/VOA3/bosn/2006_bosn1600a0616_42602_48298.sdc 2936 
VOA/VOA3/bosn/2006_bosn1600a0616_52333_60701.sdc 4238 
VOA/VOA3/bosn/2006_bosn1600a0620_56842_62032.sdc 2673 
VOA/VOA3/bosn/2006_bosn1600a0620_63629_67962.sdc 2178 
VOA/VOA3/bosn/2006_bosn1600a0620_68442_73203.sdc 2368 
VOA/VOA3/bosn/2006_bosn1600a0620_74000_77632.sdc 1820 
VOA/VOA3/bosn/2006_bosn1600a0621_43152_53741.sdc 5445 
VOA/VOA3/bosn/2006_bosn1600a0622_69750_78970.sdc 4691 
VOA/VOA3/bosn/2006_bosn1600a0623_51699_58832.sdc 3694 
VOA/VOA3/bosn/2006_bosn1600a0630_56358_65578.sdc 4670 
VOA/VOA3/bosn/2006_bosn1600a0703_45747_52150.sdc 3232 
VOA/VOA3/bosn/2006_bosn1600a0703_54378_63677.sdc 4732 
VOA/VOA3/bosn/2006_bosn1600a0704_42547_52700.sdc 5180 
VOA/VOA3/bosn/2006_bosn1600a0704_56717_63722.sdc 3584 
VOA/VOA3/bosn/2006_bosn1600a0705_52627_54867.sdc 1131 
VOA/VOA3/bosn/2006_bosn1600a0705_54938_59600.sdc 2331 
VOA/VOA3/bosn/2006_bosn1600a0705_59701_62950.sdc 1663 
VOA/VOA3/bosn/2006_bosn1600a0706_43338_50435.sdc 3641 
VOA/VOA3/bosn/2006_bosn1600a0706_55005_65222.sdc 5036 
VOA/VOA3/bosn/2006_bosn1600a0710_25597_32701.sdc 3640 
VOA/VOA3/bosn/2006_bosn1600a0710_36509_41597.sdc 2376 
VOA/VOA3/bosn/2006_bosn1600a0710_43616_49139.sdc 2381 
VOA/VOA3/bosn/2006_bosn1600a0712_42982_52600.sdc 4656 
VOA/VOA3/bosn/2006_bosn1600a0714_75990_78192.sdc 1121 
VOA/VOA3/bosn/2006_bosn1600a0718_44512_54794.sdc 5225 
VOA/VOA3/bosn/2006_bosn1600a0724_44835_48570.sdc 1880 
VOA/VOA3/bosn/2006_bosn1600a0724_48960_55155.sdc 3190 
VOA/VOA3/bosn/2006_bosn1600a0726_46070_54566.sdc 4327 
VOA/VOA3/bosn/2006_bosn1600a0728_52554_58342.sdc 2928 
VOA/VOA3/bosn/2006_bosn1600a0728_59104_63622.sdc 2320 
VOA/VOA3/bosn/2006_bosn1600a0802_51475_54730.sdc 1602 
VOA/VOA3/bosn/2006_bosn1600a0802_54810_57549.sdc 1369 
VOA/VOA3/bosn/2006_bosn1600a0803_54573_61011.sdc 3229 
VOA/VOA3/bosn/2006_bosn1600a0804_35149_36966.sdc 924 
VOA/VOA3/bosn/2006_bosn1600a0804_38922_40531.sdc 811 
VOA/VOA3/bosn/2006_bosn1600a0804_52893_55245.sdc 1187 
VOA/VOA3/bosn/2006_bosn1600a0804_59002_69709.sdc 5428 
VOA/VOA3/bosn/2006_bosn1600a0809_38016_51347.sdc 6737 
VOA/VOA3/bosn/2006_bosn1600a0810_58250_71562.sdc 6808 
VOA/VOA3/bosn/2006_bosn1600a0810_72387_81949.sdc 4793 
VOA/VOA3/bosn/2006_bosn1600a0811_51395_63078.sdc 5927 
VOA/VOA3/bosn/2006_bosn1600a0814_42086_54300.sdc 6309 
VOA/VOA3/bosn/2006_bosn1600a0816_45379_57795.sdc 6372 
VOA/VOA3/bosn/2006_bosn1600a0817_37270_47933.sdc 5403 
VOA/VOA3/bosn/2006_bosn1600a0824_47414_58925.sdc 5873 
VOA/VOA3/bosn/2006_bosn1600a0825_38534_46256.sdc 3905 
VOA/VOA3/bosn/2006_bosn1600a0828_39974_47242.sdc 3658 
VOA/VOA3/bosn/2006_bosn1600a0829_44301_52653.sdc 4265 
VOA/VOA3/bosn/2006_bosn1600a0831_37616_40512.sdc 1466 
VOA/VOA3/bosn/2006_bosn1600a0831_42285_47392.sdc 2554 
VOA/VOA3/bosn/2006_bosn1600a0901_43398_52998.sdc 4864 
VOA/VOA3/bosn/2006_bosn1600a0905_41939_52998.sdc 5632 
VOA/VOA3/bosn/2006_bosn1600a0906_38893_50300.sdc 5889 
VOA/VOA3/bosn/2006_bosn1600a0906_54384_61261.sdc 3507 
VOA/VOA3/bosn/2006_bosn1600a0906_61328_63200.sdc 959 
VOA/VOA3/bosn/2006_bosn1600a0906_72106_73843.sdc 882 
VOA/VOA3/bosn/2006_bosn1600a0908_46899_51693.sdc 2464 
VOA/VOA3/bosn/2006_bosn1600a0908_54893_66291.sdc 5925 
VOA/VOA3/bosn/2006_bosn1600a0912_45955_47936.sdc 1008 
VOA/VOA3/bosn/2006_bosn1600a0912_48003_55622.sdc 3853 
VOA/VOA3/bosn/2006_bosn1600a0913_43766_50605.sdc 3493 
VOA/VOA3/bosn/2006_bosn1600a0913_66486_74100.sdc 3947 
VOA/VOA3/bosn/2006_bosn1600a0913_74201_76835.sdc 1353 
VOA/VOA3/bosn/2006_bosn1600a0915_62675_71400.sdc 4083 
VOA/VOA3/bosn/2006_bosn1600a0915_74275_84691.sdc 5336 
VOA/VOA3/bosn/2006_bosn1600a0919_41594_45568.sdc 2013 
VOA/VOA3/bosn/2006_bosn1600a0919_45635_51603.sdc 3005 
VOA/VOA3/bosn/2006_bosn1600a0920_12358_16947.sdc 2341 
VOA/VOA3/bosn/2006_bosn1600a0920_18483_22221.sdc 1904 
VOA/VOA3/bosn/2006_bosn1600a0920_23530_30218.sdc 3423 
VOA/VOA3/bosn/2006_bosn1600a0920_64368_69194.sdc 2490 
VOA/VOA3/bosn/2006_bosn1600a0920_70816_76496.sdc 2877 
VOA/VOA3/bosn/2006_bosn1600a0921_46227_51043.sdc 2390 
VOA/VOA3/bosn/2006_bosn1600a0921_54240_59104.sdc 2448 
VOA/VOA3/bosn/2006_bosn1600a0922_41082_47078.sdc 3033 
VOA/VOA3/bosn/2006_bosn1600a0922_50650_63581.sdc 6457 
VOA/VOA3/bosn/2006_bosn1600a0926_40653_55034.sdc 7305 
VOA/VOA3/bosn/2006_bosn1600a0928_42269_47341.sdc 2607 
VOA/VOA3/bosn/2006_bosn1600a0928_49722_59549.sdc 4912 
VOA/VOA3/bosn/2006_bosn1600a0929_58960_66077.sdc 3609 
VOA/VOA3/bosn/2006_bosn1600a1002_42234_45062.sdc 1442 
VOA/VOA3/bosn/2006_bosn1600a1002_45139_52922.sdc 3995 
VOA/VOA3/bosn/2006_bosn1600a1002_53341_59206.sdc 2969 
VOA/VOA3/bosn/2006_bosn1600a1002_62774_74419.sdc 5739 
VOA/VOA3/bosn/2006_bosn1600a1005_30141_41000.sdc 4731 
VOA/VOA3/bosn/2006_bosn1600a1005_50310_53568.sdc 1614 
VOA/VOA3/bosn/2006_bosn1600a1005_53779_58573.sdc 2403 
VOA/VOA3/bosn/2006_bosn1600a1006_64541_68854.sdc 2236 
VOA/VOA3/bosn/2006_bosn1600a1006_69613_73949.sdc 2193 
VOA/VOA3/bosn/2006_bosn1600a1006_77363_79325.sdc 998 
VOA/VOA3/bosn/2006_bosn1600a1006_80451_85424.sdc 2535 
VOA/VOA3/bosn/2006_bosn1600a1010_38256_50102.sdc 6099 
VOA/VOA3/bosn/2006_bosn1600a1010_53482_60147.sdc 3379 
VOA/VOA3/bosn/2006_bosn1600a1011_46688_56200.sdc 4703 
VOA/VOA3/bosn/2006_bosn1600a1012_49501_52400.sdc 1478 
VOA/VOA3/bosn/2006_bosn1600a1019_32672_43731.sdc 5533 
VOA/VOA3/bosn/2006_bosn1600a1020_34784_39651.sdc 2491 
VOA/VOA3/bosn/2006_bosn1600a1020_49802_51718.sdc 953 
VOA/VOA3/bosn/2006_bosn1600a1023_39590_48054.sdc 4371 
VOA/VOA3/bosn/2006_bosn1600a1027_39146_50768.sdc 5962 
VOA/VOA3/bosn/2006_bosn1600a1030_38989_49709.sdc 5492 
VOA/VOA3/bosn/2006_bosn1600a1030_54358_58397.sdc 2064 
VOA/VOA3/bosn/2006_bosn1600a1030_60432_65226.sdc 2383 
VOA/VOA3/bosn/2006_bosn1600a1103_36746_43050.sdc 3153 
VOA/VOA3/bosn/2006_bosn1600a1106_37581_44227.sdc 3320 
VOA/VOA3/bosn/2006_bosn1600a1106_44314_47734.sdc 1743 
VOA/VOA3/bosn/2006_bosn1600a1106_51267_61859.sdc 5392 
VOA/VOA3/bosn/2006_bosn1600a1107_49238_52336.sdc 1582 
VOA/VOA3/bosn/2006_bosn1600a1108_61542_70182.sdc 4459 
VOA/VOA3/bosn/2006_bosn1600a1108_70589_73158.sdc 1286 
VOA/VOA3/bosn/2006_bosn1600a1108_73232_75533.sdc 1184 
VOA/VOA3/bosn/2006_bosn1600a1108_78134_80474.sdc 1144 
VOA/VOA3/bosn/2006_bosn1600a1108_80544_83280.sdc 1365 
VOA/VOA3/bosn/2006_bosn1600a1109_47904_50483.sdc 1306 
VOA/VOA3/bosn/2006_bosn1600a1109_51536_65900.sdc 7290 
VOA/VOA3/bosn/2006_bosn1600a1113_47286_58493.sdc 5683 
VOA/VOA3/bosn/2006_bosn1600a1113_76474_84400.sdc 4081 
VOA/VOA3/bosn/2006_bosn1600a1114_37046_49800.sdc 6555 
VOA/VOA3/bosn/2006_bosn1600a1114_52992_59741.sdc 3443 
VOA/VOA3/bosn/2006_bosn1600a1117_36528_42602.sdc 3032 
VOA/VOA3/bosn/2006_bosn1600a1117_42704_44806.sdc 1072 
VOA/VOA3/bosn/2006_bosn1600a1120_42797_47421.sdc 2322 
VOA/VOA3/bosn/2006_bosn1600a1120_47754_49341.sdc 802 
VOA/VOA3/bosn/2006_bosn1600a1121_40221_52333.sdc 6137 
VOA/VOA3/bosn/2006_bosn1600a1122_39968_50099.sdc 5183 
VOA/VOA3/bosn/2006_bosn1600a1123_45811_53811.sdc 3595 
VOA/VOA3/bosn/2006_bosn1600a1128_40630_49261.sdc 4169 
VOA/VOA3/bosn/2006_bosn1600a1204_45258_55322.sdc 4968 
VOA/VOA3/bosn/2006_bosn1600a1204_57683_59635.sdc 983 
VOA/VOA3/bosn/2006_bosn1600a1204_59702_65133.sdc 2788 
VOA/VOA3/bosn/2006_bosn1600a1205_29891_39100.sdc 4616 
VOA/VOA3/bosn/2006_bosn1600a1205_42899_49674.sdc 3389 
VOA/VOA3/bosn/2006_bosn1600a1205_53974_61245.sdc 3699 
VOA/VOA3/bosn/2006_bosn1600a1205_61315_64794.sdc 1784 
VOA/VOA3/bosn/2006_bosn1600a1206_39898_43965.sdc 2063 
VOA/VOA3/bosn/2006_bosn1600a1206_44064_50064.sdc 3098 
VOA/VOA3/bosn/2006_bosn1600a1206_52275_59939.sdc 3901 
VOA/VOA3/bosn/2006_bosn1600a1206_63341_68650.sdc 2711 
VOA/VOA3/bosn/2006_bosn1600a1207_43632_61053.sdc 8862 
VOA/VOA3/bosn/2006_bosn1600a1207_64912_70285.sdc 2764 
VOA/VOA3/bosn/2006_bosn1600a1207_70435_77661.sdc 3710 
VOA/VOA3/bosn/2006_bosn1600a1208_40701_43613.sdc 1439 
VOA/VOA3/bosn/2006_bosn1600a1211_46688_55197.sdc 4413 
VOA/VOA3/bosn/2006_bosn1600a1212_37942_43379.sdc 2763 
VOA/VOA3/bosn/2006_bosn1600a1213_40896_52500.sdc 5874 
VOA/VOA3/bosn/2006_bosn1600a1213_57149_58922.sdc 903 
VOA/VOA3/bosn/2006_bosn1600a1213_60010_61875.sdc 923 
VOA/VOA3/bosn/2006_bosn1600a1213_62317_64768.sdc 1258 
VOA/VOA3/bosn/2006_bosn1600a1214_7974_27590.sdc 9920 
VOA/VOA3/bosn/2006_bosn1600a1215_57331_63350.sdc 3033 
VOA/VOA3/bosn/2006_bosn1600a1218_49149_57866.sdc 4426 
VOA/VOA3/bosn/2006_bosn1600a1220_56970_66557.sdc 4915 
VOA/VOA3/bosn/2006_bosn1600a1225_36915_38886.sdc 1001 
VOA/VOA3/bosn/2006_bosn1600a1225_47123_53267.sdc 2915 
VOA/VOA3/bosn/2006_bosn1600a1227_53354_56643.sdc 1636 
VOA/VOA3/bosn/2006_bosn1600a1227_56714_60803.sdc 2074 
VOA/VOA3/bosn/2006_bosn1600a1227_63334_65722.sdc 1193 
VOA/VOA3/bosn/2006_bosn1600a1228_44458_49347.sdc 2493 
VOA/VOA3/bosn/2006_bosn1600a1228_54723_66250.sdc 5828 
VOA/VOA3/bosn/2007_bosn1600a0104_67344_80915.sdc 6855 
VOA/VOA3/bosn/2007_bosn1600a0108_45850_56154.sdc 5231 
VOA/VOA3/bosn/2007_bosn1600a0109_41898_50432.sdc 4185 
VOA/VOA3/bosn/2007_bosn1600a0110_43632_47805.sdc 2078 
VOA/VOA3/bosn/2007_bosn1600a0110_49763_51949.sdc 1023 
VOA/VOA3/bosn/2007_bosn1600a0110_57456_62925.sdc 2802 
VOA/VOA3/bosn/2007_bosn1600a0111_65601_67686.sdc 1039 
VOA/VOA3/bosn/2007_bosn1600a0111_67773_75539.sdc 4003 
VOA/VOA3/bosn/2007_bosn1600a0112_52278_55469.sdc 1622 
VOA/VOA3/bosn/2007_bosn1600a0112_57747_63165.sdc 2756 
VOA/VOA3/bosn/2007_bosn1600a0115_41702_46893.sdc 2634 
VOA/VOA3/bosn/2007_bosn1600a0115_47011_49539.sdc 1259 
VOA/VOA3/bosn/2007_bosn1600a0115_49840_52602.sdc 1389 
VOA/VOA3/bosn/2007_bosn1600a0117_35728_48035.sdc 6305 
VOA/VOA3/bosn/2007_bosn1600a0122_40755_51789.sdc 5647 
VOA/VOA3/bosn/2007_bosn1600a0122_53421_61440.sdc 4080 
VOA/VOA3/bosn/2007_bosn1600a0122_64368_74500.sdc 5209 
VOA/VOA3/bosn/2007_bosn1600a0124_67715_79635.sdc 6047 
VOA/VOA3/bosn/2007_bosn1600a0125_39114_52368.sdc 6716 
VOA/VOA3/bosn/2007_bosn1600a0201_48979_55085.sdc 3153 
VOA/VOA3/bosn/2007_bosn1600a0201_56749_58480.sdc 875 
VOA/VOA3/bosn/2007_bosn1600a0201_58560_60445.sdc 958 
VOA/VOA3/bosn/2007_bosn1600a0206_48624_60880.sdc 6344 
VOA/VOA3/bosn/2007_bosn1600a0207_52813_55142.sdc 1176 
VOA/VOA3/bosn/2007_bosn1600a0208_34422_45904.sdc 5943 
VOA/VOA3/bosn/2007_bosn1600a0209_43152_55597.sdc 6341 
VOA/VOA3/bosn/2007_bosn1600a0212_40336_44138.sdc 1913 
VOA/VOA3/bosn/2007_bosn1600a0212_47920_85434.sdc 19289 
VOA/VOA3/bosn/2007_bosn1600a0216_37808_44182.sdc 3263 
VOA/VOA3/bosn/2007_bosn1600a0216_45165_50477.sdc 2661 
VOA/VOA3/bosn/2007_bosn1600a0216_54214_66947.sdc 6582 
VOA/VOA3/bosn/2007_bosn1600a0219_36326_42579.sdc 3200 
VOA/VOA3/bosn/2007_bosn1600a0219_43805_46832.sdc 1550 
VOA/VOA3/bosn/2007_bosn1600a0219_50896_55900.sdc 2559 
VOA/VOA3/bosn/2007_bosn1600a0219_56601_62160.sdc 2877 
VOA/VOA3/bosn/2007_bosn1600a0221_34147_42803.sdc 3660 
VOA/VOA3/bosn/2007_bosn1600a0222_37139_48378.sdc 5798 
VOA/VOA3/bosn/2007_bosn1600a0227_41901_43888.sdc 993 
VOA/VOA3/bosn/2007_bosn1600a0227_43962_46317.sdc 1176 
VOA/VOA3/bosn/2007_bosn1600a0227_46403_50480.sdc 2097 
VOA/VOA3/bosn/2007_bosn1600a0227_51133_54109.sdc 1525 
VOA/VOA3/bosn/2007_bosn1600a0227_54186_56266.sdc 1038 
VOA/VOA3/bosn/2007_bosn1600a0227_60957_64650.sdc 1827 
VOA/VOA3/bosn/2007_bosn1600a0227_64720_68653.sdc 2010 
VOA/VOA3/bosn/2007_bosn1600a0301_38006_46320.sdc 4229 
VOA/VOA3/bosn/2007_bosn1600a0301_50877_64566.sdc 7040 
VOA/VOA3/bosn/2007_bosn1600a0302_40899_57075.sdc 8395 
VOA/VOA3/bosn/2007_bosn1600a0305_45821_48886.sdc 1549 
VOA/VOA3/bosn/2007_bosn1600a0305_50134_52560.sdc 1246 
VOA/VOA3/bosn/2007_bosn1600a0306_38032_40026.sdc 994 
VOA/VOA3/bosn/2007_bosn1600a0306_41398_46182.sdc 2434 
VOA/VOA3/bosn/2007_bosn1600a0307_29581_40205.sdc 5397 
VOA/VOA3/bosn/2007_bosn1600a0308_30118_39488.sdc 4838 
VOA/VOA3/bosn/2007_bosn1600a0308_41363_44694.sdc 1699 
VOA/VOA3/bosn/2007_bosn1600a0312_38986_48966.sdc 5066 
VOA/VOA3/bosn/2007_bosn1600a0312_54560_62144.sdc 3865 
VOA/VOA3/bosn/2007_bosn1600a0312_62227_63939.sdc 850 
VOA/VOA3/bosn/2007_bosn1600a0312_64010_66672.sdc 1365 
VOA/VOA3/bosn/2007_bosn1600a0316_30218_33866.sdc 1841 
VOA/VOA3/bosn/2007_bosn1600a0316_35875_39315.sdc 1763 
VOA/VOA3/bosn/2007_bosn1600a0321_37309_47322.sdc 5126 
VOA/VOA3/bosn/2007_bosn1600a0321_47712_54198.sdc 3364 
VOA/VOA3/bosn/2007_bosn1600a0322_32947_35318.sdc 1206 
VOA/VOA3/bosn/2007_bosn1600a0322_36298_38691.sdc 1213 
VOA/VOA3/bosn/2007_bosn1600a0322_40010_46502.sdc 3226 
VOA/VOA3/bosn/2007_bosn1600a0323_39939_46982.sdc 3648 
VOA/VOA3/bosn/2007_bosn1600a0328_46973_57800.sdc 5620 
VOA/VOA3/bosn/2007_bosn1600a0329_38938_47008.sdc 4112 
VOA/VOA3/bosn/2007_bosn1600a0329_51536_63200.sdc 5745 
VOA/VOA3/bosn/2007_bosn1600a0329_66195_74387.sdc 4117 
VOA/VOA3/bosn/2007_bosn1600a0330_41334_47373.sdc 3085 
VOA/VOA3/bosn/2007_bosn1600a0403_34784_40112.sdc 2755 
VOA/VOA3/bosn/2007_bosn1600a0403_40189_42250.sdc 1022 
VOA/VOA3/bosn/2007_bosn1600a0404_30314_37155.sdc 3508 
VOA/VOA3/bosn/2007_bosn1600a0404_37229_43363.sdc 3154 
VOA/VOA3/bosn/2007_bosn1600a0404_45786_52986.sdc 3717 
VOA/VOA3/bosn/2007_bosn1600a0404_53165_59798.sdc 3359 
VOA/VOA3/bosn/2007_bosn1600a0411_34310_47400.sdc 6651 
VOA/VOA3/bosn/2007_bosn1600a0412_40083_47664.sdc 3917 
VOA/VOA3/bosn/2007_bosn1600a0412_50947_61834.sdc 5516 
VOA/VOA3/bosn/2007_bosn1600a0413_28896_38813.sdc 5058 
VOA/VOA3/bosn/2007_bosn1600a0413_68400_71859.sdc 1764 
VOA/VOA3/bosn/2007_bosn1600a0416_44333_53114.sdc 4417 
VOA/VOA3/bosn/2007_bosn1600a0417_44160_55818.sdc 5847 
VOA/VOA3/bosn/2007_bosn1600a0419_40067_46755.sdc 3409 
VOA/VOA3/bosn/2007_bosn1600a0419_51091_61123.sdc 5104 
VOA/VOA3/bosn/2007_bosn1600a0420_41222_53094.sdc 5871 
VOA/VOA3/bosn/2007_bosn1600a0423_36570_38461.sdc 954 
VOA/VOA3/bosn/2007_bosn1600a0423_41622_44253.sdc 1346 
VOA/VOA3/bosn/2007_bosn1600a0423_49405_52179.sdc 1425 
VOA/VOA3/bosn/2007_bosn1600a0423_52253_57754.sdc 2792 
VOA/VOA3/bosn/2007_bosn1600a0425_44262_53712.sdc 4769 
VOA/VOA3/bosn/2007_bosn1600a0425_55930_60995.sdc 2579 
VOA/VOA3/bosn/2007_bosn1600a0425_61936_66614.sdc 2419 
VOA/VOA3/bosn/2007_bosn1600a0426_48736_56614.sdc 4039 
VOA/VOA3/bosn/2007_bosn1600a0426_58461_66477.sdc 4122 
VOA/VOA3/bosn/2007_bosn1600a0427_38035_44061.sdc 3033 
VOA/VOA3/bosn/2007_bosn1600a0427_45341_54307.sdc 4588 
VOA/VOA3/bosn/2007_bosn1600a0430_52362_54880.sdc 1251 
VOA/VOA3/bosn/2007_bosn1600a0430_54947_60326.sdc 2753 
VOA/VOA3/bosn/2007_bosn1600a0430_64547_70538.sdc 3080 
VOA/VOA3/bosn/2007_bosn1600a0430_70630_81270.sdc 5428 
VOA/VOA3/bosn/2007_bosn1600a0501_58501_67296.sdc 4502 
VOA/VOA3/bosn/2007_bosn1600a0501_67744_74954.sdc 3704 
VOA/VOA3/bosn/2007_bosn1600a0502_47190_59254.sdc 6249 
VOA/VOA3/bosn/2007_bosn1600a0503_34435_41674.sdc 3708 
VOA/VOA3/bosn/2007_bosn1600a0503_44650_54653.sdc 5021 
VOA/VOA3/bosn/2007_bosn1600a0507_60563_66096.sdc 2846 
VOA/VOA3/bosn/2007_bosn1600a0507_67005_72157.sdc 2650 
VOA/VOA3/bosn/2007_bosn1600a0509_44461_55315.sdc 5569 
VOA/VOA3/bosn/2007_bosn1600a0510_35901_40557.sdc 2381 
VOA/VOA3/bosn/2007_bosn1600a0510_41069_46026.sdc 2525 
VOA/VOA3/bosn/2007_bosn1600a0516_43939_51840.sdc 3941 
VOA/VOA3/bosn/2007_bosn1600a0521_26570_32931.sdc 3290 
VOA/VOA3/bosn/2007_bosn1600a0521_43645_50000.sdc 3214 
VOA/VOA3/bosn/2007_bosn1600a0521_51301_56192.sdc 2506 
VOA/VOA3/bosn/2007_bosn1600a0521_60614_63283.sdc 1364 
VOA/VOA3/bosn/2007_bosn1600a0521_67962_70064.sdc 1067 
VOA/VOA3/bosn/2007_bosn1600a0523_48253_56621.sdc 4322 
VOA/VOA3/bosn/2007_bosn1600a0524_40806_54630.sdc 7113 
VOA/VOA3/bosn/2007_bosn1600a0528_28406_36272.sdc 4046 
VOA/VOA3/bosn/2007_bosn1600a0529_39450_44093.sdc 2376 
VOA/VOA3/bosn/2007_bosn1600a0529_46355_49638.sdc 1686 
VOA/VOA3/bosn/2007_bosn1600a0607_43952_51706.sdc 3922 
VOA/VOA3/bosn/2007_bosn1600a0607_54650_57165.sdc 1265 
VOA/VOA3/bosn/2007_bosn1600a0607_57245_59347.sdc 1057 
VOA/VOA3/bosn/2007_bosn1600a0607_59418_61110.sdc 852 
VOA/VOA3/bosn/2007_bosn1600a0607_61210_64086.sdc 1466 
VOA/VOA3/bosn/2007_bosn1600a0608_52029_64416.sdc 6250 
VOA/VOA3/bosn/2007_bosn1600a0611_43421_55034.sdc 5855 
VOA/VOA3/bosn/2007_bosn1600a0612_62378_69100.sdc 3425 
VOA/VOA3/bosn/2007_bosn1600a0612_69201_71500.sdc 1179 
VOA/VOA3/bosn/2007_bosn1600a0612_73494_75101.sdc 817 
VOA/VOA3/bosn/2007_bosn1600a0613_42429_54000.sdc 5885 
VOA/VOA3/bosn/2007_bosn1600a0613_54701_60700.sdc 2991 
VOA/VOA3/bosn/2007_bosn1600a0613_63974_68410.sdc 2288 
VOA/VOA3/bosn/2007_bosn1600a0613_68896_74867.sdc 3059 
VOA/VOA3/bosn/2007_bosn1600a0613_78336_84496.sdc 3148 
VOA/VOA3/bosn/2007_bosn1600a0615_54198_61405.sdc 3689 
VOA/VOA3/bosn/2007_bosn1600a0620_54304_68221.sdc 7181 
VOA/VOA3/bosn/2007_bosn1600a0625_52893_54986.sdc 1065 
VOA/VOA3/bosn/2007_bosn1600a0625_55923_59069.sdc 1618 
VOA/VOA3/bosn/2007_bosn1600a0627_39155_57037.sdc 8949 
VOA/VOA3/bosn/2007_bosn1600a0704_32979_37024.sdc 1988 
VOA/VOA3/bosn/2007_bosn1600a0704_37677_41539.sdc 1974 
VOA/VOA3/bosn/2007_bosn1600a0704_43862_57155.sdc 6829 
VOA/VOA3/bosn/2007_bosn1600a0710_47232_50416.sdc 1549 
VOA/VOA3/bosn/2007_bosn1600a0710_55360_58771.sdc 1713 
VOA/VOA3/bosn/2007_bosn1600a0710_63824_65510.sdc 838 
VOA/VOA3/bosn/2007_bosn1600a0710_67312_72109.sdc 2468 
VOA/VOA3/bosn/2007_bosn1600a0716_50051_57130.sdc 3639 
VOA/VOA3/bosn/2007_bosn1600a0716_61862_75866.sdc 7251 
VOA/VOA3/bosn/2007_bosn1600a0717_27760_31427.sdc 1833 
VOA/VOA3/bosn/2007_bosn1600a0717_32307_37475.sdc 2592 
VOA/VOA3/bosn/2007_bosn1600a0718_29456_44538.sdc 7552 
VOA/VOA3/bosn/2007_bosn1600a0718_50298_52397.sdc 1062 
VOA/VOA3/bosn/2007_bosn1600a0719_29341_36051.sdc 3398 
VOA/VOA3/bosn/2007_bosn1600a0719_37418_39376.sdc 952 
VOA/VOA3/bosn/2007_bosn1600a0723_47277_55878.sdc 4373 
VOA/VOA3/bosn/2007_bosn1600a0724_33101_34886.sdc 901 
VOA/VOA3/bosn/2007_bosn1600a0724_35261_36947.sdc 848 
VOA/VOA3/bosn/2007_bosn1600a0724_39341_41104.sdc 863 
VOA/VOA3/bosn/2007_bosn1600a0725_59821_68445.sdc 4398 
VOA/VOA3/bosn/2007_bosn1600a0725_69251_71354.sdc 1057 
VOA/VOA3/bosn/2007_bosn1600a0726_36432_41600.sdc 2627 
VOA/VOA3/bosn/2007_bosn1600a0726_42101_49300.sdc 3706 
VOA/VOA3/bosn/2007_bosn1600a0801_35690_45133.sdc 4704 
VOA/VOA3/bosn/2007_bosn1600a0802_48966_63389.sdc 7386 
VOA/VOA3/bosn/2007_bosn1600a0807_42170_51421.sdc 4380 
VOA/VOA3/bosn/2007_bosn1600a0813_31555_41056.sdc 4898 
VOA/VOA3/bosn/2007_bosn1600a0814_54618_65354.sdc 5418 
VOA/VOA3/bosn/2007_bosn1600a0815_34016_36100.sdc 1056 
VOA/VOA3/bosn/2007_bosn1600a0816_38899_47213.sdc 4275 
VOA/VOA3/bosn/2007_bosn1600a0817_44643_56221.sdc 5901 
VOA/VOA3/bosn/2007_bosn1600a0820_52566_63533.sdc 5696 
VOA/VOA3/bosn/2007_bosn1600a0821_60269_71776.sdc 5850 
VOA/VOA3/bosn/2007_bosn1600a0822_43946_54458.sdc 5319 
VOA/VOA3/bosn/2007_bosn1600a0823_43370_47309.sdc 2020 
VOA/VOA3/bosn/2007_bosn1600a0823_47379_51379.sdc 2016 
VOA/VOA3/bosn/2007_bosn1600a0823_52262_56608.sdc 2209 
VOA/VOA3/bosn/2007_bosn1600a0827_48301_54700.sdc 3294 
VOA/VOA3/bosn/2007_bosn1600a0828_43856_51872.sdc 3976 
VOA/VOA3/bosn/2007_bosn1600a0828_55728_68547.sdc 6640 
VOA/VOA3/bosn/2007_bosn1600a0829_53104_70800.sdc 9148 
VOA/VOA3/bosn/2007_bosn1600a0829_75907_85270.sdc 4743 
VOA/VOA3/bosn/2007_bosn1600a0830_23542_26090.sdc 1318 
VOA/VOA3/bosn/2007_bosn1600a0830_26157_29843.sdc 1892 
VOA/VOA3/bosn/2007_bosn1600a0830_33587_38330.sdc 2432 
VOA/VOA3/bosn/2007_bosn1600a0906_34262_36256.sdc 1023 
VOA/VOA3/bosn/2007_bosn1600a0906_36336_50384.sdc 7244 
VOA/VOA3/bosn/2007_bosn1600a0906_53731_65421.sdc 5679 
VOA/VOA3/bosn/2007_bosn1600a0913_35459_50080.sdc 7579 
VOA/VOA3/bosn/2007_bosn1600a0917_63520_74198.sdc 5330 
VOA/VOA3/bosn/2007_bosn1600a0918_33226_49667.sdc 8242 
VOA/VOA3/bosn/2007_bosn1600a0918_54781_61274.sdc 3316 
VOA/VOA3/bosn/2007_bosn1600a0918_61859_65168.sdc 1682 
VOA/VOA3/bosn/2007_bosn1600a0919_36778_54227.sdc 8970 
VOA/VOA3/bosn/2007_bosn1600a0919_57008_60698.sdc 1854 
VOA/VOA3/bosn/2007_bosn1600a0919_62550_64794.sdc 1148 
VOA/VOA3/bosn/2007_bosn1600a0920_48250_50906.sdc 1335 
VOA/VOA3/bosn/2007_bosn1600a0920_55376_60262.sdc 2485 
VOA/VOA3/bosn/2007_bosn1600a0924_45301_53203.sdc 4082 
VOA/VOA3/bosn/2007_bosn1600a0925_33878_48387.sdc 7393 
VOA/VOA3/bosn/2007_bosn1600a0927_57834_70131.sdc 6212 
VOA/VOA3/bosn/2007_bosn1600a0928_37584_46806.sdc 4600 
VOA/VOA3/bosn/2007_bosn1600a1002_43491_51981.sdc 4411 
VOA/VOA3/bosn/2007_bosn1600a1002_64778_69946.sdc 2645 
VOA/VOA3/bosn/2007_bosn1600a1003_49613_51238.sdc 817 
VOA/VOA3/bosn/2007_bosn1600a1003_52685_55645.sdc 1508 
VOA/VOA3/bosn/2007_bosn1600a1004_77786_79587.sdc 908 
VOA/VOA3/bosn/2007_bosn1600a1005_36653_42934.sdc 3238 
VOA/VOA3/bosn/2007_bosn1600a1008_32538_43300.sdc 5539 
VOA/VOA3/bosn/2007_bosn1600a1009_50730_59392.sdc 4442 
VOA/VOA3/bosn/2007_bosn1600a1010_37203_44592.sdc 3751 
VOA/VOA3/bosn/2007_bosn1600a1010_48816_56200.sdc 3820 
VOA/VOA3/bosn/2007_bosn1600a1010_56301_62800.sdc 3325 
VOA/VOA3/bosn/2007_bosn1600a1012_51312_62458.sdc 5720 
VOA/VOA3/bosn/2007_bosn1600a1015_42310_44442.sdc 1101 
VOA/VOA3/bosn/2007_bosn1600a1015_44650_46579.sdc 963 
VOA/VOA3/bosn/2007_bosn1600a1015_53382_59898.sdc 3300 
VOA/VOA3/bosn/2007_bosn1600a1016_49104_51430.sdc 1157 
VOA/VOA3/bosn/2007_bosn1600a1016_51498_53306.sdc 916 
VOA/VOA3/bosn/2007_bosn1600a1019_41994_53315.sdc 5770 
VOA/VOA3/bosn/2007_bosn1600a1023_58458_66682.sdc 4206 
VOA/VOA3/bosn/2007_bosn1600a1024_44653_49334.sdc 2357 
VOA/VOA3/bosn/2007_bosn1600a1024_49421_51152.sdc 863 
VOA/VOA3/bosn/2007_bosn1600a1026_41101_46500.sdc 2774 
VOA/VOA3/bosn/2007_bosn1600a1026_46601_50141.sdc 1792 
VOA/VOA3/bosn/2007_bosn1600a1029_58752_65536.sdc 3451 
VOA/VOA3/bosn/2007_bosn1600a1029_65926_70870.sdc 2536 
VOA/VOA3/bosn/2007_bosn1600a1031_57910_60272.sdc 1188 
VOA/VOA3/bosn/2007_bosn1600a1031_60339_66166.sdc 3009 
VOA/VOA3/bosn/2007_bosn1600a1031_66464_70035.sdc 1799 
VOA/VOA3/bosn/2007_bosn1600a1102_44192_59981.sdc 7899 
VOA/VOA3/bosn/2007_bosn1600a1106_46125_56880.sdc 5548 
VOA/VOA3/bosn/2007_bosn1600a1107_24170_26422.sdc 1152 
VOA/VOA3/bosn/2007_bosn1600a1107_61971_70506.sdc 4318 
VOA/VOA3/bosn/2007_bosn1600a1112_47005_55149.sdc 4171 
VOA/VOA3/bosn/2007_bosn1600a1113_30304_41898.sdc 5952 
VOA/VOA3/bosn/2007_bosn1600a1114_50170_53238.sdc 1552 
VOA/VOA3/bosn/2007_bosn1600a1119_39914_45898.sdc 2944 
VOA/VOA3/bosn/2007_bosn1600a1121_43606_45373.sdc 906 
VOA/VOA3/bosn/2007_bosn1600a1121_45440_51300.sdc 2998 
VOA/VOA3/bosn/2007_bosn1600a1122_37002_50701.sdc 6937 
VOA/VOA3/bosn/2007_bosn1600a1127_47891_55718.sdc 3989 
VOA/VOA3/bosn/2007_bosn1600a1127_57338_65677.sdc 4169 
VOA/VOA3/bosn/2007_bosn1600a1130_36403_44900.sdc 4254 
VOA/VOA3/bosn/2007_bosn1600a1203_50890_54275.sdc 1693 
VOA/VOA3/bosn/2007_bosn1600a1207_29856_40755.sdc 5577 
VOA/VOA3/bosn/2007_bosn1600a1207_58973_61984.sdc 1496 
VOA/VOA3/bosn/2007_bosn1600a1207_62058_67536.sdc 2763 
VOA/VOA3/bosn/2007_bosn1600a1210_30154_38317.sdc 4214 
VOA/VOA3/bosn/2007_bosn1600a1210_38384_41046.sdc 1331 
VOA/VOA3/bosn/2007_bosn1600a1210_43341_53354.sdc 5133 
VOA/VOA3/bosn/2007_bosn1600a1210_55277_58506.sdc 1654 
VOA/VOA3/bosn/2007_bosn1600a1210_58611_61245.sdc 1343 
VOA/VOA3/bosn/2007_bosn1600a1210_64896_66707.sdc 911 
VOA/VOA3/bosn/2007_bosn1600a1210_66778_68413.sdc 818 
VOA/VOA3/bosn/2007_bosn1600a1210_74205_75811.sdc 808 
VOA/VOA3/bosn/2007_bosn1600a1214_62499_72230.sdc 5055 
VOA/VOA3/bosn/2007_bosn1600a1217_41968_52900.sdc 5452 
VOA/VOA3/bosn/2007_bosn1600a1217_54101_56717.sdc 1342 
VOA/VOA3/bosn/2007_bosn1600a1218_62042_64870.sdc 1446 
VOA/VOA3/bosn/2007_bosn1600a1219_33677_42643.sdc 4637 
VOA/VOA3/bosn/2007_bosn1600a1220_40323_50282.sdc 5034 
VOA/VOA3/bosn/2007_bosn1600a1224_37965_44954.sdc 3551 
VOA/VOA3/bosn/2007_bosn1600a1224_48621_53300.sdc 2415 
VOA/VOA3/bosn/2007_bosn1600a1225_40902_49050.sdc 4068 
VOA/VOA3/bosn/2007_bosn1600a1225_50976_60800.sdc 5077 
VOA/VOA3/bosn/2007_bosn1600a1226_61301_63400.sdc 1044 
VOA/VOA3/bosn/2007_bosn1600a1227_62826_64509.sdc 814 
VOA/VOA3/bosn/2007_bosn1600a1231_44755_46842.sdc 1042 
VOA/VOA3/bosn/2007_bosn1600a1231_46909_53482.sdc 3393 
VOA/VOA3/bosn/2007_bosn1600a1231_53741_56662.sdc 1485 
VOA/VOA3/bosn/2007_bosn1600a1231_72957_79814.sdc 3500 
VOA/VOA3/bosn/2008_bosn1600a0107_80445_86320.sdc 2930 
VOA/VOA3/bosn/2008_bosn1600a0115_29760_37894.sdc 4144 
VOA/VOA3/bosn/2008_bosn1600a0116_31139_32874.sdc 865 
VOA/VOA3/bosn/2008_bosn1600a0124_34429_39424.sdc 2520 
VOA/VOA3/bosn/2008_bosn1600a0124_39504_44576.sdc 2560 
VOA/VOA3/bosn/2008_bosn1600a0124_50131_55472.sdc 2721 
VOA/VOA3/bosn/2008_bosn1600a0124_55552_58256.sdc 1376 
VOA/VOA3/bosn/2008_bosn1600a0124_58426_61542.sdc 1554 
VOA/VOA3/bosn/2008_bosn1600a0128_46275_48464.sdc 1121 
VOA/VOA3/bosn/2008_bosn1600a0130_34717_43104.sdc 4340 
VOA/VOA3/bosn/2008_bosn1600a0131_29325_34326.sdc 2540 
VOA/VOA3/bosn/2008_bosn1600a0205_39152_49600.sdc 5388 
VOA/VOA3/bosn/2008_bosn1600a0207_43283_55725.sdc 6236 
VOA/VOA3/bosn/2008_bosn1600a0211_58659_67254.sdc 4325 
VOA/VOA3/bosn/2008_bosn1600a0213_32544_36861.sdc 2152 
VOA/VOA3/bosn/2008_bosn1600a0213_36931_39210.sdc 1134 
VOA/VOA3/bosn/2008_bosn1600a0214_38435_45466.sdc 3503 
VOA/VOA3/bosn/2008_bosn1600a0214_47075_56867.sdc 4929 
VOA/VOA3/bosn/2008_bosn1600a0215_40582_43472.sdc 1485 
VOA/VOA3/bosn/2008_bosn1600a0215_45130_46934.sdc 915 
VOA/VOA3/bosn/2008_bosn1600a0218_51830_56438.sdc 2377 
VOA/VOA3/bosn/2008_bosn1600a0218_56554_60189.sdc 1854 
VOA/VOA3/bosn/2008_bosn1600a0218_60262_63776.sdc 1750 
VOA/VOA3/bosn/2008_bosn1600a0218_67002_68877.sdc 934 
VOA/VOA3/bosn/2008_bosn1600a0218_69507_72678.sdc 1593 
VOA/VOA3/bosn/2008_bosn1600a0218_78979_82102.sdc 1557 
VOA/VOA3/bosn/2008_bosn1600a0219_38656_45400.sdc 3360 
VOA/VOA3/bosn/2008_bosn1600a0219_45501_47600.sdc 1058 
VOA/VOA3/bosn/2008_bosn1600a0219_47701_49600.sdc 952 
VOA/VOA3/bosn/2008_bosn1600a0219_49701_53520.sdc 1937 
VOA/VOA3/bosn/2008_bosn1600a0225_44013_46518.sdc 1271 
VOA/VOA3/bosn/2008_bosn1600a0225_46950_49510.sdc 1272 
VOA/VOA3/bosn/2008_bosn1600a0225_50445_56912.sdc 3307 
VOA/VOA3/bosn/2008_bosn1600a0225_57542_59754.sdc 1092 
VOA/VOA3/bosn/2008_bosn1600a0225_61946_65082.sdc 1590 
VOA/VOA3/bosn/2008_bosn1600a0227_40902_44022.sdc 1598 
VOA/VOA3/bosn/2008_bosn1600a0227_50678_52589.sdc 951 
VOA/VOA3/bosn/2008_bosn1600a0227_52816_54778.sdc 982 
VOA/VOA3/bosn/2008_bosn1600a0228_38672_42176.sdc 1764 
VOA/VOA3/bosn/2008_bosn1600a0228_42243_50397.sdc 4117 
VOA/VOA3/bosn/2008_bosn1600a0304_40819_51699.sdc 5526 
VOA/VOA3/bosn/2008_bosn1600a0304_52061_57005.sdc 2538 
VOA/VOA3/bosn/2008_bosn1600a0306_33741_35744.sdc 998 
VOA/VOA3/bosn/2008_bosn1600a0306_36570_39462.sdc 1451 
VOA/VOA3/bosn/2008_bosn1600a0306_39542_42294.sdc 1376 
VOA/VOA3/bosn/2008_bosn1600a0306_46637_55800.sdc 4678 
VOA/VOA3/bosn/2008_bosn1600a0306_59270_62845.sdc 1808 
VOA/VOA3/bosn/2008_bosn1600a0306_65581_68838.sdc 1674 
VOA/VOA3/bosn/2008_bosn1600a0306_68906_71178.sdc 1151 
VOA/VOA3/bosn/2008_bosn1600a0307_31578_37542.sdc 3060 
VOA/VOA3/bosn/2008_bosn1600a0307_37699_40042.sdc 1179 
VOA/VOA3/bosn/2008_bosn1600a0312_41818_50336.sdc 4311 
VOA/VOA3/bosn/2008_bosn1600a0320_50042_58736.sdc 4431 
VOA/VOA3/bosn/2008_bosn1600a0325_41155_43757.sdc 1310 
VOA/VOA3/bosn/2008_bosn1600a0325_43827_50995.sdc 3649 
VOA/VOA3/bosn/2008_bosn1600a0325_51062_53264.sdc 1108 
VOA/VOA3/bosn/2008_bosn1600a0325_54285_56086.sdc 915 
VOA/VOA3/bosn/2008_bosn1600a0325_56976_59299.sdc 1183 
VOA/VOA3/bosn/2008_bosn1600a0326_33155_35130.sdc 1010 
VOA/VOA3/bosn/2008_bosn1600a0326_35200_40134.sdc 2514 
VOA/VOA3/bosn/2008_bosn1600a0327_33299_39229.sdc 3045 
VOA/VOA3/bosn/2008_bosn1600a0404_20349_30198.sdc 5102 
VOA/VOA3/bosn/2008_bosn1600a0418_32355_41117.sdc 4364 
VOA/VOA3/bosn/2008_bosn1600a0423_29683_33750.sdc 2028 
VOA/VOA3/bosn/2008_bosn1600a0423_33834_36947.sdc 1559 
VOA/VOA3/bosn/2008_bosn1600a0423_38003_40682.sdc 1369 
VOA/VOA3/bosn/2008_bosn1600a0423_41533_44650.sdc 1583 
VOA/VOA3/bosn/2008_bosn1600a0424_36816_47613.sdc 5430 
VOA/VOA3/bosn/2008_bosn1600a0425_47414_53299.sdc 3019 
VOA/VOA3/bosn/2008_bosn1600a0429_36333_40886.sdc 2313 
VOA/VOA3/bosn/2008_bosn1600a0429_41926_49776.sdc 4030 
VOA/VOA3/bosn/2008_bosn1600a0429_50067_52432.sdc 1204 
VOA/VOA3/bosn/2008_bosn1600a0429_54797_63478.sdc 4467 
VOA/VOA3/bosn/2008_bosn1600a0505_36784_44886.sdc 4197 
VOA/VOA3/bosn/2008_bosn1600a0507_34179_43802.sdc 4870 
VOA/VOA3/bosn/2008_bosn1600a0508_31798_42173.sdc 5158 
VOA/VOA3/bosn/2008_bosn1600a0514_35027_40016.sdc 2517 
VOA/VOA3/bosn/2008_bosn1600a0514_40640_43917.sdc 1652 
VOA/VOA3/bosn/2008_bosn1600a0516_40262_48336.sdc 4132 
VOA/VOA3/bosn/2008_bosn1600a0516_49827_55997.sdc 3177 
VOA/VOA3/bosn/2008_bosn1600a0519_47098_54074.sdc 3469 
VOA/VOA3/bosn/2008_bosn1600a0520_32675_38653.sdc 3020 
VOA/VOA3/bosn/2008_bosn1600a0521_65840_72394.sdc 3306 
VOA/VOA3/bosn/2008_bosn1600a0523_38829_46362.sdc 3859 
VOA/VOA3/bosn/2008_bosn1600a0523_69590_80832.sdc 5754 
VOA/VOA3/bosn/2008_bosn1600a0523_81466_83830.sdc 1205 
VOA/VOA3/bosn/2008_bosn1600a0526_35923_44326.sdc 4263 
VOA/VOA3/bosn/2008_bosn1600a0526_47210_49184.sdc 998 
VOA/VOA3/bosn/2008_bosn1600a0526_49766_55290.sdc 2846 
VOA/VOA3/bosn/2008_bosn1600a0526_55363_58579.sdc 1641 
VOA/VOA3/bosn/2008_bosn1600a0527_37443_46518.sdc 4681 
VOA/VOA3/bosn/2008_bosn1600a0528_33846_40477.sdc 3290 
VOA/VOA3/bosn/2008_bosn1600a0529_51776_58019.sdc 3150 
VOA/VOA3/bosn/2008_bosn1600a0530_50438_58861.sdc 4326 
VOA/VOA3/bosn/2008_bosn1600a0602_38547_46600.sdc 4008 
VOA/VOA3/bosn/2008_bosn1600a0604_59469_64666.sdc 2698 
VOA/VOA3/bosn/2008_bosn1600a0604_65843_73309.sdc 3856 
VOA/VOA3/bosn/2008_bosn1600a0604_76157_82589.sdc 3249 
VOA/VOA3/bosn/2008_bosn1600a0610_43766_53818.sdc 5120 
VOA/VOA3/bosn/2008_bosn1600a0619_35139_39142.sdc 2021 
VOA/VOA3/bosn/2008_bosn1600a0619_39574_41469.sdc 947 
VOA/VOA3/bosn/2008_bosn1600a0624_37248_45347.sdc 4133 
VOA/VOA3/bosn/2008_bosn1600a0624_49395_53645.sdc 2164 
VOA/VOA3/bosn/2008_bosn1600a0627_42048_48096.sdc 3115 
VOA/VOA3/bosn/2008_bosn1600a0701_45360_52794.sdc 3705 
