VOA/VOA4/cant/cant1300a0101_08_125594_126464_0.sdc 417 
VOA/VOA4/cant/cant1300a0101_08_302310_303462_7.sdc 567 
VOA/VOA4/cant/cant1300a0104_08_67149_68966_0.sdc 910 
VOA/VOA4/cant/cant1300a0106_661427_662707_7.sdc 648 
VOA/VOA4/cant/cant1300a0106_675200_676147_8.sdc 476 
VOA/VOA4/cant/cant1300a0108_08_316723_317670_2.sdc 457 
VOA/VOA4/cant/cant1300a0111_08_144563_145382_1.sdc 411 
VOA/VOA4/cant/cant1300a0111_08_207642_229350_2.sdc 9906 
VOA/VOA4/cant/cant1300a0114_317005_317824_2.sdc 408 
VOA/VOA4/cant/cant1300a0115_08_129306_130176_1.sdc 425 
VOA/VOA4/cant/cant1300a0116_08_81434_82304_1.sdc 430 
VOA/VOA4/cant/cant1300a0116_105933_106829_0.sdc 442 
VOA/VOA4/cant/cant1300a0116_310118_311501_3.sdc 711 
VOA/VOA4/cant/cant1300a0116_315981_317414_4.sdc 723 
VOA/VOA4/cant/cant1300a0119_08_260429_262426_8.sdc 1003 
VOA/VOA4/cant/cant1300a0119_155520_156518_2.sdc 452 
VOA/VOA4/cant/cant1300a0119_312986_313856_7.sdc 424 
VOA/VOA4/cant/cant1300a0119_319642_320486_8.sdc 416 
VOA/VOA4/cant/cant1300a0119_333952_334822_9.sdc 421 
VOA/VOA4/cant/cant1300a0119_337715_338970_10.sdc 566 
VOA/VOA4/cant/cant1300a0119_515354_516352_14.sdc 448 
VOA/VOA4/cant/cant1300a0119_639872_640870_16.sdc 457 
VOA/VOA4/cant/cant1300a0120_229709_231117_1.sdc 722 
VOA/VOA4/cant/cant1300a0121_08_138982_139904_4.sdc 455 
VOA/VOA4/cant/cant1300a0121_656794_657613_8.sdc 408 
VOA/VOA4/cant/cant1300a0121_671488_672307_9.sdc 407 
VOA/VOA4/cant/cant1300a0122_08_43443_44672_0.sdc 619 
VOA/VOA4/cant/cant1300a0122_08_56243_57651_1.sdc 707 
VOA/VOA4/cant/cant1300a0123_08_208384_229094_0.sdc 9652 
VOA/VOA4/cant/cant1300a0123_08_316083_316954_3.sdc 435 
VOA/VOA4/cant/cant1300a0126_08_257510_259507_1.sdc 1001 
VOA/VOA4/cant/cant1300a0126_319334_320435_2.sdc 542 
VOA/VOA4/cant/cant1300a0126_338944_340096_3.sdc 566 
VOA/VOA4/cant/cant1300a0126_652672_653747_8.sdc 543 
VOA/VOA4/cant/cant1300a0126_667930_669235_9.sdc 635 
VOA/VOA4/cant/cant1300a0127_08_227738_230528_5.sdc 1429 
VOA/VOA4/cant/cant1300a0128_636262_637107_9.sdc 420 
VOA/VOA4/cant/cant1300a0128_675686_676531_10.sdc 418 
VOA/VOA4/cant/cant1300a0130_08_136448_140186_1.sdc 1898 
VOA/VOA4/cant/cant1300a0130_105702_106522_0.sdc 401 
VOA/VOA4/cant/cant1300a0201_08_310118_311014_4.sdc 438 
VOA/VOA4/cant/cant1300a0202_339917_340890_7.sdc 478 
VOA/VOA4/cant/cant1300a0202_349210_350080_8.sdc 440 
VOA/VOA4/cant/cant1300a0202_640538_641408_12.sdc 431 
VOA/VOA4/cant/cant1300a0204_08_310554_311578_3.sdc 483 
VOA/VOA4/cant/cant1300a0204_297984_298829_2.sdc 412 
VOA/VOA4/cant/cant1300a0204_682112_682957_7.sdc 413 
VOA/VOA4/cant/cant1300a0206_151603_152499_1.sdc 437 
VOA/VOA4/cant/cant1300a0206_240896_241869_2.sdc 468 
VOA/VOA4/cant/cant1300a0207_08_320870_322048_9.sdc 575 
VOA/VOA4/cant/cant1300a0208_08_234266_249318_5.sdc 7307 
VOA/VOA4/cant/cant1300a0209_348186_349261_10.sdc 509 
VOA/VOA4/cant/cant1300a0209_646374_647680_14.sdc 650 
VOA/VOA4/cant/cant1300a0209_663885_664934_16.sdc 531 
VOA/VOA4/cant/cant1300a0209_668979_669978_17.sdc 492 
VOA/VOA4/cant/cant1300a0209_673280_674458_18.sdc 589 
VOA/VOA4/cant/cant1300a0209_678630_679680_19.sdc 531 
VOA/VOA4/cant/cant1300a0210_08_123494_124339_2.sdc 418 
VOA/VOA4/cant/cant1300a0210_323738_324864_4.sdc 561 
VOA/VOA4/cant/cant1300a0210_329907_330880_5.sdc 486 
VOA/VOA4/cant/cant1300a0210_335667_336717_6.sdc 531 
VOA/VOA4/cant/cant1300a0210_346035_346906_7.sdc 411 
VOA/VOA4/cant/cant1300a0211_08_255002_255923_9.sdc 453 
VOA/VOA4/cant/cant1300a0211_08_70195_71066_3.sdc 409 
VOA/VOA4/cant/cant1300a0216_312397_313446_8.sdc 461 
VOA/VOA4/cant/cant1300a0216_669005_669901_19.sdc 436 
VOA/VOA4/cant/cant1300a0217_582349_583194_9.sdc 416 
VOA/VOA4/cant/cant1300a0218_297523_298419_3.sdc 414 
VOA/VOA4/cant/cant1300a0219_08_235264_236134_7.sdc 431 
VOA/VOA4/cant/cant1300a0222_08_209459_240205_1.sdc 14551 
VOA/VOA4/cant/cant1300a0222_08_334336_335565_2.sdc 617 
VOA/VOA4/cant/cant1300a0223_08_123469_152499_5.sdc 14560 
VOA/VOA4/cant/cant1300a0223_08_52557_53402_2.sdc 432 
VOA/VOA4/cant/cant1300a0223_265318_266163_1.sdc 409 
VOA/VOA4/cant/cant1300a0223_308198_309069_4.sdc 426 
VOA/VOA4/cant/cant1300a0223_347904_348723_7.sdc 406 
VOA/VOA4/cant/cant1300a0223_644941_645862_10.sdc 469 
VOA/VOA4/cant/cant1300a0223_649958_650854_11.sdc 418 
VOA/VOA4/cant/cant1300a0223_655488_656486_12.sdc 486 
VOA/VOA4/cant/cant1300a0224_270029_270848_0.sdc 414 
VOA/VOA4/cant/cant1300a0224_278656_279578_1.sdc 463 
VOA/VOA4/cant/cant1300a0224_287130_287974_2.sdc 412 
VOA/VOA4/cant/cant1300a0226_490778_491674_20.sdc 447 
VOA/VOA4/cant/cant1300a0226_91776_93568_1.sdc 903 
VOA/VOA4/cant/cant1300a0302_337357_338458_6.sdc 540 
VOA/VOA4/cant/cant1300a0302_349798_350874_8.sdc 550 
VOA/VOA4/cant/cant1300a0302_648499_649498_11.sdc 496 
VOA/VOA4/cant/cant1300a0302_654874_655898_12.sdc 506 
VOA/VOA4/cant/cant1300a0302_687181_688307_17.sdc 565 
VOA/VOA4/cant/cant1300a0304_08_231629_245453_5.sdc 6241 
VOA/VOA4/cant/cant1300a0304_08_308762_309581_6.sdc 411 
VOA/VOA4/cant/cant1300a0304_08_319846_320666_7.sdc 403 
VOA/VOA4/cant/cant1300a0304_667776_669696_15.sdc 903 
VOA/VOA4/cant/cant1300a0304_677427_678298_16.sdc 443 
VOA/VOA4/cant/cant1300a0305_08_345395_346240_5.sdc 403 
VOA/VOA4/cant/cant1300a0306_08_124826_125875_0.sdc 511 
VOA/VOA4/cant/cant1300a0307_08_211840_212736_5.sdc 420 
VOA/VOA4/cant/cant1300a0308_08_71194_72038_3.sdc 407 
VOA/VOA4/cant/cant1300a0309_307738_308685_6.sdc 420 
VOA/VOA4/cant/cant1300a0309_634931_636160_14.sdc 605 
VOA/VOA4/cant/cant1300a0309_662221_663424_15.sdc 592 
VOA/VOA4/cant/cant1300a0309_668211_669210_16.sdc 487 
VOA/VOA4/cant/cant1300a0309_674022_675174_17.sdc 561 
VOA/VOA4/cant/cant1300a0310_08_141978_142925_4.sdc 463 
VOA/VOA4/cant/cant1300a0310_08_306099_307021_6.sdc 419 
VOA/VOA4/cant/cant1300a0310_08_310349_311296_7.sdc 438 
VOA/VOA4/cant/cant1300a0311_332595_333670_3.sdc 527 
VOA/VOA4/cant/cant1300a0311_342656_343552_4.sdc 453 
VOA/VOA4/cant/cant1300a0313_645069_645888_11.sdc 407 
VOA/VOA4/cant/cant1300a0313_668800_669722_12.sdc 449 
VOA/VOA4/cant/cant1300a0313_672896_673971_13.sdc 550 
VOA/VOA4/cant/cant1300a0314_08_257997_258970_7.sdc 491 
VOA/VOA4/cant/cant1300a0314_08_80461_81382_1.sdc 459 
VOA/VOA4/cant/cant1300a0316_310963_312218_6.sdc 609 
VOA/VOA4/cant/cant1300a0316_339763_340838_8.sdc 537 
VOA/VOA4/cant/cant1300a0316_346906_348083_9.sdc 577 
VOA/VOA4/cant/cant1300a0316_651059_652314_13.sdc 623 
VOA/VOA4/cant/cant1300a0316_666010_666829_14.sdc 404 
VOA/VOA4/cant/cant1300a0318_154419_155264_3.sdc 412 
VOA/VOA4/cant/cant1300a0318_512179_512998_10.sdc 403 
VOA/VOA4/cant/cant1300a0318_516224_517043_11.sdc 412 
VOA/VOA4/cant/cant1300a0318_621952_622797_12.sdc 415 
VOA/VOA4/cant/cant1300a0318_633190_634086_14.sdc 434 
VOA/VOA4/cant/cant1300a0321_08_48358_49306_1.sdc 417 
VOA/VOA4/cant/cant1300a0322_08_131584_132966_4.sdc 684 
VOA/VOA4/cant/cant1300a0322_08_135373_136525_5.sdc 575 
VOA/VOA4/cant/cant1300a0322_08_150400_153139_9.sdc 1339 
VOA/VOA4/cant/cant1300a0329_08_140416_141645_6.sdc 617 
VOA/VOA4/cant/cant1300a0329_08_145075_146202_7.sdc 567 
VOA/VOA4/cant/cant1300a0406_08_63667_64717_3.sdc 516 
VOA/VOA4/cant/cant1300a0406_08_71706_72602_4.sdc 449 
VOA/VOA4/cant/cant1300a0406_08_77696_78618_5.sdc 461 
VOA/VOA4/cant/cant1300a0408_08_119936_120858_2.sdc 458 
VOA/VOA4/cant/cant1300a0408_08_125850_126746_3.sdc 448 
VOA/VOA4/cant/cant1300a0412_08_45005_45952_0.sdc 468 
VOA/VOA4/cant/cant1300a0413_08_59443_60390_1.sdc 455 
VOA/VOA4/cant/cant1300a0414_08_317926_318822_3.sdc 435 
VOA/VOA4/cant/cant1300a0415_08_124493_125389_1.sdc 440 
VOA/VOA4/cant/cant1300a0415_08_310758_311629_8.sdc 411 
VOA/VOA4/cant/cant1300a0415_08_347162_348109_12.sdc 473 
VOA/VOA4/cant/cant1300a0418_08_278502_279424_1.sdc 444 
VOA/VOA4/cant/cant1300a0419_08_284493_285363_10.sdc 418 
VOA/VOA4/cant/cant1300a0419_08_50970_52224_1.sdc 633 
VOA/VOA4/cant/cant1300a0419_08_61517_62797_2.sdc 651 
VOA/VOA4/cant/cant1300a0420_08_123238_124083_2.sdc 418 
VOA/VOA4/cant/cant1300a0420_08_126822_127770_3.sdc 476 
VOA/VOA4/cant/cant1300a0420_08_174029_174976_10.sdc 448 
VOA/VOA4/cant/cant1300a0422_08_115098_115968_0.sdc 420 
VOA/VOA4/cant/cant1300a0422_08_118810_120013_1.sdc 586 
VOA/VOA4/cant/cant1300a0426_08_284467_285338_4.sdc 421 
VOA/VOA4/cant/cant1300a0428_08_73421_74291_0.sdc 431 
VOA/VOA4/cant/cant1300a0428_08_97382_98560_2.sdc 578 
VOA/VOA4/cant/cant1300a0503_08_282547_283494_8.sdc 461 
VOA/VOA4/cant/cant1300a0504_08_240896_241715_11.sdc 408 
VOA/VOA4/cant/cant1300a0504_08_260275_261094_14.sdc 405 
VOA/VOA4/cant/cant1300a0506_08_266701_267597_8.sdc 423 
VOA/VOA4/cant/cant1300a0509_08_220109_220928_6.sdc 406 
VOA/VOA4/cant/cant1300a0511_08_264269_265139_7.sdc 429 
VOA/VOA4/cant/cant1300a0512_08_245043_245939_3.sdc 433 
VOA/VOA4/cant/cant1300a0516_08_303846_304691_9.sdc 411 
VOA/VOA4/cant/cant1300a0516_08_309555_310400_10.sdc 412 
VOA/VOA4/cant/cant1300a0517_08_266470_267341_6.sdc 420 
VOA/VOA4/cant/cant1300a0517_08_272947_273843_7.sdc 430 
VOA/VOA4/cant/cant1300a0518_08_57779_58778_0.sdc 488 
VOA/VOA4/cant/cant1300a0520_08_276864_279219_5.sdc 1164 
VOA/VOA4/cant/cant1300a0520_08_280934_282266_6.sdc 647 
VOA/VOA4/cant/cant1300a0520_08_286387_287232_8.sdc 413 
VOA/VOA4/cant/cant1300a0520_08_287334_290816_9.sdc 1789 
VOA/VOA4/cant/cant1300a0523_08_315136_315930_4.sdc 409 
VOA/VOA4/cant/cant1300a0525_08_53709_54758_1.sdc 515 
VOA/VOA4/cant/cant1300a0527_08_234214_235059_9.sdc 406 
VOA/VOA4/cant/cant1300a0528_08_312422_313677_6.sdc 622 
VOA/VOA4/cant/cant1300a0530_08_130304_131174_1.sdc 420 
VOA/VOA4/cant/cant1300a0531_08_156826_158003_1.sdc 581 
VOA/VOA4/cant/cant1300a0531_08_161613_162816_2.sdc 593 
VOA/VOA4/cant/cant1300a0531_08_271130_272000_8.sdc 428 
VOA/VOA4/cant/cant1300a0601_08_135014_136090_4.sdc 517 
VOA/VOA4/cant/cant1300a0602_08_137574_138650_2.sdc 530 
VOA/VOA4/cant/cant1300a0602_08_229581_230477_5.sdc 438 
VOA/VOA4/cant/cant1300a0603_08_645043_645862_9.sdc 416 
VOA/VOA4/cant/cant1300a0604_08_668723_669594_23.sdc 425 
VOA/VOA4/cant/cant1300a0604_08_82278_83507_3.sdc 568 
VOA/VOA4/cant/cant1300a0607_08_112026_112896_1.sdc 414 
VOA/VOA4/cant/cant1300a0607_08_287411_288333_4.sdc 447 
VOA/VOA4/cant/cant1300a0608_08_232781_233754_8.sdc 467 
VOA/VOA4/cant/cant1300a0609_08_162944_163994_4.sdc 509 
VOA/VOA4/cant/cant1300a0609_08_268416_269363_8.sdc 468 
VOA/VOA4/cant/cant1300a0609_08_603904_604979_18.sdc 538 
VOA/VOA4/cant/cant1300a0610_08_132403_133274_3.sdc 426 
VOA/VOA4/cant/cant1300a0611_08_259123_259968_4.sdc 416 
VOA/VOA4/cant/cant1300a0611_08_304819_305818_6.sdc 472 
VOA/VOA4/cant/cant1300a0611_08_316928_317824_7.sdc 401 
VOA/VOA4/cant/cant1300a0611_08_329395_330445_8.sdc 509 
VOA/VOA4/cant/cant1300a0611_08_334259_335386_9.sdc 548 
VOA/VOA4/cant/cant1300a0611_08_340787_341760_10.sdc 463 
VOA/VOA4/cant/cant1300a0611_08_348493_349466_11.sdc 481 
VOA/VOA4/cant/cant1300a0611_08_619776_620621_14.sdc 424 
VOA/VOA4/cant/cant1300a0611_08_676454_677274_15.sdc 401 
VOA/VOA4/cant/cant1300a0613_08_320179_321024_11.sdc 412 
VOA/VOA4/cant/cant1300a0613_08_345856_346701_13.sdc 428 
VOA/VOA4/cant/cant1300a0613_08_641843_642739_23.sdc 435 
VOA/VOA4/cant/cant1300a0613_08_652262_653363_24.sdc 562 
VOA/VOA4/cant/cant1300a0613_08_678118_679168_25.sdc 511 
VOA/VOA4/cant/cant1300a0616_08_137549_138522_0.sdc 471 
VOA/VOA4/cant/cant1300a0617_08_651315_652211_6.sdc 437 
VOA/VOA4/cant/cant1300a0618_08_124698_125645_1.sdc 466 
VOA/VOA4/cant/cant1300a0618_08_307123_308224_6.sdc 493 
VOA/VOA4/cant/cant1300a0621_08_618650_622080_18.sdc 1763 
VOA/VOA4/cant/cant1300a0621_08_630682_641843_20.sdc 5417 
VOA/VOA4/cant/cant1300a0621_08_644096_653286_21.sdc 4734 
VOA/VOA4/cant/cant1300a0621_08_655334_659814_22.sdc 2261 
VOA/VOA4/cant/cant1300a0621_08_661530_667674_23.sdc 2914 
VOA/VOA4/cant/cant1300a0621_08_669312_676198_25.sdc 3200 
VOA/VOA4/cant/cant1300a0621_08_698163_708326_26.sdc 5248 
VOA/VOA4/cant/cant1300a0624_08_310989_311859_4.sdc 436 
VOA/VOA4/cant/cant1300a0625_08_307686_308864_10.sdc 557 
VOA/VOA4/cant/cant1300a0625_08_319923_321254_11.sdc 672 
VOA/VOA4/cant/cant1300a0625_08_680909_681933_20.sdc 511 
VOA/VOA4/cant/cant1300a0625_08_685440_686490_21.sdc 536 
VOA/VOA4/cant/cant1300a0626_08_615142_616218_12.sdc 524 
VOA/VOA4/cant/cant1300a0627_08_312781_313651_5.sdc 410 
VOA/VOA4/cant/cant1300a0701_08_666035_666957_3.sdc 420 
VOA/VOA4/cant/cant1300a0702_08_219981_221005_0.sdc 511 
VOA/VOA4/cant/cant1300a0703_08_160384_161434_2.sdc 533 
VOA/VOA4/cant/cant1300a0703_08_522368_523290_12.sdc 463 
VOA/VOA4/cant/cant1300a0704_08_140595_141389_12.sdc 407 
VOA/VOA4/cant/cant1300a0704_08_428109_429030_22.sdc 449 
VOA/VOA4/cant/cant1300a0708_08_311859_312678_5.sdc 418 
VOA/VOA4/cant/cant1300a0708_08_317517_318362_6.sdc 409 
VOA/VOA4/cant/cant1300a0708_08_673971_674867_14.sdc 445 
VOA/VOA4/cant/cant1300a0710_08_130483_131405_1.sdc 460 
VOA/VOA4/cant/cant1300a0710_08_135245_136448_2.sdc 590 
VOA/VOA4/cant/cant1300a0710_08_172109_173030_5.sdc 453 
VOA/VOA4/cant/cant1300a0710_08_490138_491059_9.sdc 458 
VOA/VOA4/cant/cant1300a0710_08_495053_496102_10.sdc 508 
VOA/VOA4/cant/cant1300a0710_08_626253_627123_15.sdc 441 
VOA/VOA4/cant/cant1300a0711_08_136627_137907_2.sdc 605 
VOA/VOA4/cant/cant1300a0711_08_144845_145818_3.sdc 491 
VOA/VOA4/cant/cant1300a0711_08_497459_498790_8.sdc 638 
VOA/VOA4/cant/cant1300a0711_08_505779_506675_9.sdc 443 
VOA/VOA4/cant/cant1300a0712_08_239488_240384_4.sdc 434 
VOA/VOA4/cant/cant1300a0712_08_595942_599347_15.sdc 1512 
VOA/VOA4/cant/cant1300a0712_08_604288_606669_17.sdc 890 
VOA/VOA4/cant/cant1300a0712_08_703667_707994_19.sdc 2227 
VOA/VOA4/cant/cant1300a0712_08_708838_710758_20.sdc 969 
VOA/VOA4/cant/cant1300a0714_08_230502_231475_7.sdc 478 
VOA/VOA4/cant/cant1300a0714_08_253901_254925_8.sdc 503 
VOA/VOA4/cant/cant1300a0714_08_611917_613069_17.sdc 570 
VOA/VOA4/cant/cant1300a0715_08_653414_655846_6.sdc 1229 
VOA/VOA4/cant/cant1300a0716_08_157542_158694_0.sdc 586 
VOA/VOA4/cant/cant1300a0716_08_246477_247347_2.sdc 431 
VOA/VOA4/cant/cant1300a0716_08_313882_314829_9.sdc 481 
VOA/VOA4/cant/cant1300a0716_08_518016_519168_10.sdc 578 
VOA/VOA4/cant/cant1300a0718_08_120090_120909_1.sdc 401 
VOA/VOA4/cant/cant1300a0718_08_129050_129869_3.sdc 401 
VOA/VOA4/cant/cant1300a0718_08_436992_437811_13.sdc 404 
VOA/VOA4/cant/cant1300a0718_08_477005_477824_14.sdc 405 
VOA/VOA4/cant/cant1300a0718_08_481203_482125_15.sdc 450 
VOA/VOA4/cant/cant1300a0718_08_656870_657792_22.sdc 431 
VOA/VOA4/cant/cant1300a0718_08_79590_80435_0.sdc 421 
VOA/VOA4/cant/cant1300a0719_08_124928_125875_1.sdc 456 
VOA/VOA4/cant/cant1300a0719_08_484147_485120_2.sdc 472 
VOA/VOA4/cant/cant1300a0719_08_593075_598144_3.sdc 2265 
VOA/VOA4/cant/cant1300a0719_08_599654_614502_4.sdc 7396 
VOA/VOA4/cant/cant1300a0719_08_614963_624666_5.sdc 5003 
VOA/VOA4/cant/cant1300a0719_08_675635_680013_9.sdc 1657 
VOA/VOA4/cant/cant1300a0719_08_696090_698138_10.sdc 934 
VOA/VOA4/cant/cant1300a0719_08_700467_702310_11.sdc 861 
VOA/VOA4/cant/cant1300a0719_08_706560_707686_12.sdc 543 
VOA/VOA4/cant/cant1300a0722_08_321997_322867_4.sdc 412 
VOA/VOA4/cant/cant1300a0723_08_329190_330240_1.sdc 464 
VOA/VOA4/cant/cant1300a0724_08_162662_163558_5.sdc 446 
VOA/VOA4/cant/cant1300a0725_08_139085_139981_2.sdc 443 
VOA/VOA4/cant/cant1300a0725_08_499917_500813_11.sdc 444 
VOA/VOA4/cant/cant1300a0728_08_468378_469274_16.sdc 441 
VOA/VOA4/cant/cant1300a0728_08_519219_520166_17.sdc 484 
VOA/VOA4/cant/cant1300a0728_08_597990_598835_20.sdc 412 
VOA/VOA4/cant/cant1300a0729_08_635392_636288_13.sdc 430 
VOA/VOA4/cant/cant1300a0729_08_644838_645811_14.sdc 484 
VOA/VOA4/cant/cant1300a0730_08_106189_107136_6.sdc 456 
VOA/VOA4/cant/cant1300a0730_08_150400_151450_10.sdc 423 
VOA/VOA4/cant/cant1300a0730_08_454938_455962_16.sdc 508 
VOA/VOA4/cant/cant1300a0730_08_511744_512845_23.sdc 432 
VOA/VOA4/cant/cant1300a0730_08_57370_58240_1.sdc 425 
VOA/VOA4/cant/cant1300a0730_08_647757_648934_27.sdc 588 
VOA/VOA4/cant/cant1300a0730_08_93645_94515_3.sdc 429 
VOA/VOA4/cant/cant1300a0801_08_163302_167373_6.sdc 1999 
VOA/VOA4/cant/cant1300a0801_08_530278_532480_21.sdc 1108 
VOA/VOA4/cant/cant1300a0801_08_676122_676966_26.sdc 409 
VOA/VOA4/cant/cant1300a0801_08_680704_681549_27.sdc 412 
VOA/VOA4/cant/cant1300a0801_08_685901_686822_28.sdc 457 
VOA/VOA4/cant/cant1300a0806_08_244557_245376_4.sdc 407 
VOA/VOA4/cant/cant1300a0806_08_605005_605850_12.sdc 421 
VOA/VOA4/cant/cant1300a0806_08_655590_656435_17.sdc 413 
VOA/VOA4/cant/cant1300a0806_08_683674_684800_21.sdc 557 
VOA/VOA4/cant/cant1300a0807_08_115712_116736_0.sdc 496 
VOA/VOA4/cant/cant1300a0811_08_115021_115866_1.sdc 416 
VOA/VOA4/cant/cant1300a0813_08_114970_115994_2.sdc 508 
VOA/VOA4/cant/cant1300a0813_08_664781_666163_13.sdc 669 
VOA/VOA4/cant/cant1300a0813_08_675610_676864_14.sdc 628 
VOA/VOA4/cant/cant1300a0815_08_159411_160256_3.sdc 405 
VOA/VOA4/cant/cant1300a0815_08_165786_166656_4.sdc 417 
VOA/VOA4/cant/cant1300a0815_08_519040_519885_8.sdc 411 
VOA/VOA4/cant/cant1300a0815_08_525363_526285_9.sdc 453 
VOA/VOA4/cant/cant1300a0819_08_649165_650214_7.sdc 478 
VOA/VOA4/cant/cant1300a0819_08_663194_664269_8.sdc 502 
VOA/VOA4/cant/cant1300a0820_08_684109_685210_13.sdc 538 
VOA/VOA4/cant/cant1300a0821_08_178355_179968_3.sdc 794 
VOA/VOA4/cant/cant1300a0821_08_533632_535219_7.sdc 806 
VOA/VOA4/cant/cant1300a0822_08_139904_140851_0.sdc 462 
VOA/VOA4/cant/cant1300a0822_08_144256_145126_1.sdc 423 
VOA/VOA4/cant/cant1300a0822_08_149453_151450_2.sdc 991 
VOA/VOA4/cant/cant1300a0822_08_155904_158541_3.sdc 1293 
VOA/VOA4/cant/cant1300a0822_08_499098_500147_11.sdc 505 
VOA/VOA4/cant/cant1300a0822_08_503501_504499_12.sdc 441 
VOA/VOA4/cant/cant1300a0822_08_508570_510643_13.sdc 1036 
VOA/VOA4/cant/cant1300a0822_08_515021_517734_14.sdc 1385 
VOA/VOA4/cant/cant1300a0826_08_154573_157747_1.sdc 1583 
VOA/VOA4/cant/cant1300a0826_08_158874_161869_2.sdc 1496 
VOA/VOA4/cant/cant1300a0826_08_449971_450790_11.sdc 403 
VOA/VOA4/cant/cant1300a0827_08_332390_333338_6.sdc 458 
VOA/VOA4/cant/cant1300a0827_08_341018_341888_7.sdc 429 
VOA/VOA4/cant/cant1300a0827_08_655514_656563_12.sdc 517 
VOA/VOA4/cant/cant1300a0829_08_673459_674278_6.sdc 403 
VOA/VOA4/cant/cant1300a0829_08_681139_681984_7.sdc 428 
VOA/VOA4/cant/cant1300a0903_08_164787_165888_0.sdc 501 
VOA/VOA4/cant/cant1300a0903_08_242022_242867_3.sdc 401 
VOA/VOA4/cant/cant1300a0903_08_257613_258509_4.sdc 451 
VOA/VOA4/cant/cant1300a0903_08_531917_532864_10.sdc 461 
VOA/VOA4/cant/cant1300a0903_08_617984_618880_12.sdc 421 
VOA/VOA4/cant/cant1300a0904_08_272538_274509_1.sdc 982 
VOA/VOA4/cant/cant1300a0904_08_275430_277555_2.sdc 1079 
VOA/VOA4/cant/cant1300a0904_08_285491_288051_4.sdc 1306 
VOA/VOA4/cant/cant1300a0904_08_619648_621645_7.sdc 999 
VOA/VOA4/cant/cant1300a0904_08_622490_624154_8.sdc 808 
VOA/VOA4/cant/cant1300a0907_08_603290_606566_5.sdc 1678 
VOA/VOA4/cant/cant1300a0907_08_607334_616243_6.sdc 4521 
VOA/VOA4/cant/cant1300a0907_08_617523_633446_7.sdc 8106 
VOA/VOA4/cant/cant1300a0907_08_647322_658406_9.sdc 5578 
VOA/VOA4/cant/cant1300a0907_08_660070_664141_10.sdc 2034 
VOA/VOA4/cant/cant1300a0907_08_665293_670848_11.sdc 2850 
VOA/VOA4/cant/cant1300a0907_08_679629_682675_13.sdc 1551 
VOA/VOA4/cant/cant1300a0907_08_683341_688998_14.sdc 2914 
VOA/VOA4/cant/cant1300a0907_08_689408_694733_15.sdc 2739 
VOA/VOA4/cant/cant1300a0907_08_699085_701926_17.sdc 1444 
VOA/VOA4/cant/cant1300a0907_08_704102_705126_18.sdc 506 
VOA/VOA4/cant/cant1300a0909_08_155546_156595_3.sdc 519 
VOA/VOA4/cant/cant1300a0909_08_162099_163098_4.sdc 487 
VOA/VOA4/cant/cant1300a0909_08_165069_166067_5.sdc 463 
VOA/VOA4/cant/cant1300a0909_08_515277_516326_9.sdc 523 
VOA/VOA4/cant/cant1300a0909_08_521830_522829_10.sdc 497 
VOA/VOA4/cant/cant1300a0909_08_524800_525798_11.sdc 473 
VOA/VOA4/cant/cant1300a0910_08_259994_262272_4.sdc 1134 
VOA/VOA4/cant/cant1300a0910_08_620416_622694_12.sdc 1135 
VOA/VOA4/cant/cant1300a0910_08_631450_633139_14.sdc 846 
VOA/VOA4/cant/cant1300a0910_08_674586_675430_17.sdc 428 
VOA/VOA4/cant/cant1300a0917_08_306022_307021_0.sdc 490 
VOA/VOA4/cant/cant1300a0918_08_155315_156544_2.sdc 609 
VOA/VOA4/cant/cant1300a0918_08_167066_168218_4.sdc 571 
VOA/VOA4/cant/cant1300a0918_08_251238_252288_6.sdc 521 
VOA/VOA4/cant/cant1300a0918_08_258458_259507_7.sdc 509 
VOA/VOA4/cant/cant1300a0918_08_263654_264909_8.sdc 627 
VOA/VOA4/cant/cant1300a0918_08_515226_516429_11.sdc 594 
VOA/VOA4/cant/cant1300a0918_08_526976_528102_13.sdc 566 
VOA/VOA4/cant/cant1300a0918_08_611046_612122_16.sdc 527 
VOA/VOA4/cant/cant1300a0918_08_618266_619366_17.sdc 554 
VOA/VOA4/cant/cant1300a0918_08_623514_624563_18.sdc 524 
VOA/VOA4/cant/cant1300a0919_08_155878_156902_3.sdc 511 
VOA/VOA4/cant/cant1300a0919_08_161510_162509_4.sdc 504 
VOA/VOA4/cant/cant1300a0919_08_170112_170982_5.sdc 436 
VOA/VOA4/cant/cant1300a0919_08_515686_516634_9.sdc 467 
VOA/VOA4/cant/cant1300a0919_08_521139_522317_10.sdc 582 
VOA/VOA4/cant/cant1300a0919_08_529894_530739_11.sdc 411 
VOA/VOA4/cant/cant1300a0922_08_173491_174336_5.sdc 406 
VOA/VOA4/cant/cant1300a0922_08_417459_418304_8.sdc 414 
VOA/VOA4/cant/cant1300a0923_08_332416_333261_2.sdc 401 
VOA/VOA4/cant/cant1300a0923_08_661811_662733_8.sdc 454 
VOA/VOA4/cant/cant1300a0923_08_675456_676301_10.sdc 425 
VOA/VOA4/cant/cant1300a0926_08_681370_682214_2.sdc 426 
VOA/VOA4/cant/cant1300a0929_08_165632_166477_0.sdc 420 
VOA/VOA4/cant/cant1300a0930_08_310118_310938_3.sdc 410 
VOA/VOA4/cant/cant1300a0930_08_666803_667648_5.sdc 418 
VOA/VOA4/cant/cant1300a1013_08_163174_164019_0.sdc 417 
VOA/VOA4/cant/cant1300a1013_08_167501_168448_1.sdc 465 
VOA/VOA4/cant/cant1300a1013_08_521549_522394_7.sdc 415 
VOA/VOA4/cant/cant1300a1019_08_589491_595968_12.sdc 3301 
VOA/VOA4/cant/cant1300a1019_08_596659_599270_13.sdc 1319 
VOA/VOA4/cant/cant1300a1019_08_621005_623846_16.sdc 1408 
VOA/VOA4/cant/cant1300a1019_08_644250_647347_19.sdc 1560 
VOA/VOA4/cant/cant1300a1019_08_661965_665344_21.sdc 1735 
VOA/VOA4/cant/cant1300a1019_08_672128_676710_23.sdc 2353 
VOA/VOA4/cant/cant1300a1024_08_255539_256410_7.sdc 410 
VOA/VOA4/cant/cant1300a1024_08_280986_281958_9.sdc 465 
VOA/VOA4/cant/cant1300a1024_08_284979_285798_10.sdc 405 
VOA/VOA4/cant/cant1300a1024_08_615706_616576_19.sdc 418 
VOA/VOA4/cant/cant1300a1025_08_611942_615014_12.sdc 1570 
VOA/VOA4/cant/cant1300a1025_08_617549_629248_13.sdc 5942 
VOA/VOA4/cant/cant1300a1025_08_630502_635034_14.sdc 2324 
VOA/VOA4/cant/cant1300a1025_08_636928_639795_15.sdc 1412 
VOA/VOA4/cant/cant1300a1025_08_692326_699008_18.sdc 3322 
VOA/VOA4/cant/cant1300a1025_08_700518_708992_19.sdc 4289 
VOA/VOA4/cant/cant1300a1025_08_709299_710835_20.sdc 767 
VOA/VOA4/cant/cant1300a1029_08_640102_640973_8.sdc 419 
VOA/VOA4/cant/cant1300a1103_08_287078_288179_5.sdc 547 
VOA/VOA4/cant/cant1300a1104_08_255667_256922_0.sdc 580 
VOA/VOA4/cant/cant1300a1105_08_608845_609664_15.sdc 401 
VOA/VOA4/cant/cant1300a1110_08_108288_109210_1.sdc 426 
VOA/VOA4/cant/cant1300a1110_08_220851_221798_8.sdc 482 
VOA/VOA4/cant/cant1300a1110_08_225178_226381_9.sdc 581 
VOA/VOA4/cant/cant1300a1111_08_320179_320998_8.sdc 402 
VOA/VOA4/cant/cant1300a1112_08_678861_679859_10.sdc 499 
VOA/VOA4/cant/cant1300a1113_08_109926_110797_3.sdc 417 
VOA/VOA4/cant/cant1300a1113_08_138317_139162_8.sdc 408 
VOA/VOA4/cant/cant1300a1113_08_146611_149504_9.sdc 1238 
VOA/VOA4/cant/cant1300a1113_08_476339_477261_18.sdc 440 
VOA/VOA4/cant/cant1300a1114_08_582630_583526_8.sdc 445 
VOA/VOA4/cant/cant1300a1115_08_137139_137984_1.sdc 426 
VOA/VOA4/cant/cant1300a1115_08_497562_498432_5.sdc 412 
VOA/VOA4/cant/cant1300a1115_08_604774_605645_7.sdc 424 
VOA/VOA4/cant/cant1300a1115_08_607514_609869_8.sdc 1205 
VOA/VOA4/cant/cant1300a1115_08_645427_656256_12.sdc 5572 
VOA/VOA4/cant/cant1300a1115_08_687744_691968_14.sdc 1710 
VOA/VOA4/cant/cant1300a1115_08_695552_696627_16.sdc 517 
VOA/VOA4/cant/cant1300a1115_08_699187_700877_17.sdc 875 
VOA/VOA4/cant/cant1300a1115_08_703974_706509_18.sdc 1269 
VOA/VOA4/cant/cant1300a1119_08_339533_340378_9.sdc 407 
VOA/VOA4/cant/cant1300a1121_08_617677_618957_6.sdc 578 
VOA/VOA4/cant/cant1300a1126_08_683290_684160_15.sdc 416 
VOA/VOA4/cant/cant1300a1202_08_281421_282317_7.sdc 441 
VOA/VOA4/cant/cant1300a1202_08_320486_321280_11.sdc 402 
VOA/VOA4/cant/cant1300a1204_08_103552_104448_1.sdc 435 
VOA/VOA4/cant/cant1300a1205_08_135194_136166_0.sdc 425 
VOA/VOA4/cant/cant1300a1205_08_494003_494976_9.sdc 424 
VOA/VOA4/cant/cant1300a1205_08_532941_533760_11.sdc 416 
VOA/VOA4/cant/cant1300a1210_08_303437_304282_2.sdc 410 
VOA/VOA4/cant/cant1300a1217_08_322125_323123_5.sdc 506 
VOA/VOA4/cant/cant1300a1217_08_337050_337920_7.sdc 430 
VOA/VOA4/cant/cant1300a1217_08_348800_349696_8.sdc 436 
VOA/VOA4/cant/cant1300a1218_08_241510_242381_5.sdc 426 
VOA/VOA4/cant/cant1300a1219_08_338867_340250_5.sdc 696 
VOA/VOA4/cant/cant1300a1219_08_348211_349363_6.sdc 577 
VOA/VOA4/cant/cant1300a1219_08_683059_683853_12.sdc 401 
VOA/VOA4/cant/cant1300a1222_08_342938_343936_5.sdc 475 
VOA/VOA4/cant/cant1300a1222_08_673459_674483_13.sdc 462 
VOA/VOA4/cant/cant1300a1224_08_332672_333619_1.sdc 468 
VOA/VOA4/cant/cant1300a1224_08_337408_338765_2.sdc 677 
VOA/VOA4/cant/cant1300a1224_08_350771_351693_4.sdc 466 
VOA/VOA4/cant/cant1300a1230_08_341581_342528_10.sdc 456 
VOA/VOA4/cant/cant1300a1231_08_245248_246221_6.sdc 485 
VOA/VOA4/cant/cant1300a1231_08_517965_519014_16.sdc 436 
VOA/VOA4/cant/cant1300a1231_08_673459_674586_20.sdc 568 
VOA/VOA4/cant/cant1400a0101_08_118707_140698_3.sdc 11248 
VOA/VOA4/cant/cant1400a0101_08_71270_72218_1.sdc 475 
VOA/VOA4/cant/cant1400a0102_08_109568_116608_0.sdc 3612 
VOA/VOA4/cant/cant1400a0102_08_116736_119091_1.sdc 1197 
VOA/VOA4/cant/cant1400a0102_08_121651_123597_4.sdc 992 
VOA/VOA4/cant/cant1400a0102_08_123802_131994_5.sdc 4098 
VOA/VOA4/cant/cant1400a0102_08_134323_141312_7.sdc 3527 
VOA/VOA4/cant/cant1400a0104_08_114970_118246_0.sdc 1658 
VOA/VOA4/cant/cant1400a0104_08_119040_122701_1.sdc 1855 
VOA/VOA4/cant/cant1400a0104_08_123264_127949_2.sdc 2401 
VOA/VOA4/cant/cant1400a0104_08_129382_133811_3.sdc 2286 
VOA/VOA4/cant/cant1400a0104_08_134810_136166_4.sdc 676 
VOA/VOA4/cant/cant1400a0104_08_136474_137882_5.sdc 709 
VOA/VOA4/cant/cant1400a0104_08_138522_140723_6.sdc 1089 
VOA/VOA4/cant/cant1400a0108_08_117990_147430_1.sdc 15071 
VOA/VOA4/cant/cant1400a0111_08_319437_320256_4.sdc 405 
VOA/VOA4/cant/cant1400a0114_08_212480_242022_2.sdc 15141 
VOA/VOA4/cant/cant1400a0122_08_53274_54682_1.sdc 692 
VOA/VOA4/cant/cant1400a0124_08_235546_236442_3.sdc 432 
VOA/VOA4/cant/cant1400a0205_08_162790_163635_3.sdc 406 
VOA/VOA4/cant/cant1400a0208_08_325555_326451_7.sdc 440 
VOA/VOA4/cant/cant1400a0210_08_191411_208256_5.sdc 8695 
VOA/VOA4/cant/cant1400a0210_08_209382_220698_6.sdc 5665 
VOA/VOA4/cant/cant1400a0210_08_223130_234880_7.sdc 6083 
VOA/VOA4/cant/cant1400a0210_08_238362_255462_8.sdc 8732 
VOA/VOA4/cant/cant1400a0210_08_258970_266266_9.sdc 3708 
VOA/VOA4/cant/cant1400a0210_08_266726_269645_10.sdc 1490 
VOA/VOA4/cant/cant1400a0210_08_271616_281549_11.sdc 5034 
VOA/VOA4/cant/cant1400a0210_08_284954_296320_12.sdc 5730 
VOA/VOA4/cant/cant1400a0210_08_297549_307942_13.sdc 5224 
VOA/VOA4/cant/cant1400a0210_08_309888_321818_14.sdc 6101 
VOA/VOA4/cant/cant1400a0210_08_325658_344397_15.sdc 9714 
VOA/VOA4/cant/cant1400a0210_08_346470_348518_16.sdc 1045 
VOA/VOA4/cant/cant1400a0211_08_208947_231552_5.sdc 11597 
VOA/VOA4/cant/cant1400a0225_08_73293_74240_1.sdc 452 
VOA/VOA4/cant/cant1400a0226_08_138496_139494_2.sdc 503 
VOA/VOA4/cant/cant1400a0228_08_121037_123187_3.sdc 1070 
VOA/VOA4/cant/cant1400a0228_08_127437_130176_6.sdc 1402 
VOA/VOA4/cant/cant1400a0228_08_131533_137114_7.sdc 2855 
VOA/VOA4/cant/cant1400a0228_08_138342_142003_8.sdc 1823 
VOA/VOA4/cant/cant1400a0228_08_143360_146381_9.sdc 1542 
VOA/VOA4/cant/cant1400a0228_08_146918_148710_10.sdc 890 
VOA/VOA4/cant/cant1400a0228_08_92621_94029_2.sdc 526 
VOA/VOA4/cant/cant1400a0304_08_126157_129715_2.sdc 1817 
VOA/VOA4/cant/cant1400a0304_08_130381_131277_3.sdc 439 
VOA/VOA4/cant/cant1400a0304_08_144230_145101_8.sdc 413 
VOA/VOA4/cant/cant1400a0306_08_242458_243302_3.sdc 417 
VOA/VOA4/cant/cant1400a0307_08_117376_121702_1.sdc 2181 
VOA/VOA4/cant/cant1400a0307_08_124672_126157_2.sdc 726 
VOA/VOA4/cant/cant1400a0308_08_245965_249933_5.sdc 2003 
VOA/VOA4/cant/cant1400a0308_08_256154_267802_7.sdc 6025 
VOA/VOA4/cant/cant1400a0308_08_269875_271309_8.sdc 716 
VOA/VOA4/cant/cant1400a0308_08_272102_281754_9.sdc 4941 
VOA/VOA4/cant/cant1400a0308_08_283315_285261_10.sdc 994 
VOA/VOA4/cant/cant1400a0308_08_298496_303155_11.sdc 2374 
VOA/VOA4/cant/cant1400a0308_08_305741_308915_12.sdc 1601 
VOA/VOA4/cant/cant1400a0308_08_312243_315904_13.sdc 1889 
VOA/VOA4/cant/cant1400a0308_08_320614_323328_15.sdc 1398 
VOA/VOA4/cant/cant1400a0308_08_325504_327706_16.sdc 1124 
VOA/VOA4/cant/cant1400a0308_08_328576_330470_17.sdc 951 
VOA/VOA4/cant/cant1400a0309_08_207718_210662_2.sdc 1500 
VOA/VOA4/cant/cant1400a0309_08_211456_212352_3.sdc 441 
VOA/VOA4/cant/cant1400a0309_08_212813_216090_4.sdc 1677 
VOA/VOA4/cant/cant1400a0309_08_217830_220058_5.sdc 1138 
VOA/VOA4/cant/cant1400a0309_08_220979_223309_6.sdc 1189 
VOA/VOA4/cant/cant1400a0309_08_225254_228813_7.sdc 1827 
VOA/VOA4/cant/cant1400a0309_08_231270_235469_8.sdc 2166 
VOA/VOA4/cant/cant1400a0309_08_236595_238566_9.sdc 975 
VOA/VOA4/cant/cant1400a0309_08_239642_241203_10.sdc 800 
VOA/VOA4/cant/cant1400a0309_08_244506_245939_11.sdc 734 
VOA/VOA4/cant/cant1400a0309_08_246682_248038_12.sdc 676 
VOA/VOA4/cant/cant1400a0309_08_248653_251776_13.sdc 1573 
VOA/VOA4/cant/cant1400a0309_08_255590_257690_15.sdc 1055 
VOA/VOA4/cant/cant1400a0309_08_259302_263424_16.sdc 2087 
VOA/VOA4/cant/cant1400a0309_08_264499_265958_17.sdc 720 
VOA/VOA4/cant/cant1400a0309_08_266701_270490_18.sdc 1898 
VOA/VOA4/cant/cant1400a0309_08_273843_275149_20.sdc 489 
VOA/VOA4/cant/cant1400a0309_08_275558_276685_21.sdc 447 
VOA/VOA4/cant/cant1400a0309_08_277837_279450_22.sdc 808 
VOA/VOA4/cant/cant1400a0309_08_281267_283366_23.sdc 1040 
VOA/VOA4/cant/cant1400a0309_08_285466_288077_24.sdc 1294 
VOA/VOA4/cant/cant1400a0309_08_289638_290458_25.sdc 404 
VOA/VOA4/cant/cant1400a0309_08_293350_294630_27.sdc 632 
VOA/VOA4/cant/cant1400a0309_08_297472_304128_29.sdc 3422 
VOA/VOA4/cant/cant1400a0309_08_305050_307379_30.sdc 1168 
VOA/VOA4/cant/cant1400a0309_08_310195_314547_31.sdc 2223 
VOA/VOA4/cant/cant1400a0309_08_315213_316390_32.sdc 590 
VOA/VOA4/cant/cant1400a0309_08_317414_318515_33.sdc 548 
VOA/VOA4/cant/cant1400a0309_08_323635_330547_36.sdc 3553 
VOA/VOA4/cant/cant1400a0309_08_330906_334362_37.sdc 1749 
VOA/VOA4/cant/cant1400a0309_08_334925_338253_38.sdc 1704 
VOA/VOA4/cant/cant1400a0309_08_339763_344397_39.sdc 2368 
VOA/VOA4/cant/cant1400a0329_08_227277_231552_0.sdc 2021 
VOA/VOA4/cant/cant1400a0329_08_235853_250752_2.sdc 7673 
VOA/VOA4/cant/cant1400a0329_08_251930_259814_3.sdc 4061 
VOA/VOA4/cant/cant1400a0329_08_261837_269286_4.sdc 3744 
VOA/VOA4/cant/cant1400a0329_08_270976_278400_5.sdc 3740 
VOA/VOA4/cant/cant1400a0329_08_283008_286387_6.sdc 1719 
VOA/VOA4/cant/cant1400a0329_08_289459_300186_7.sdc 5543 
VOA/VOA4/cant/cant1400a0329_08_301235_305178_8.sdc 2002 
VOA/VOA4/cant/cant1400a0329_08_312832_324122_9.sdc 5855 
VOA/VOA4/cant/cant1400a0329_08_325581_327194_10.sdc 792 
VOA/VOA4/cant/cant1400a0329_08_327910_329446_11.sdc 758 
VOA/VOA4/cant/cant1400a0329_08_329907_333133_12.sdc 1648 
VOA/VOA4/cant/cant1400a0329_08_333978_335130_13.sdc 589 
VOA/VOA4/cant/cant1400a0329_08_339354_343501_14.sdc 2117 
VOA/VOA4/cant/cant1400a0415_08_142413_143360_1.sdc 426 
VOA/VOA4/cant/cant1400a0415_08_156390_157261_2.sdc 422 
VOA/VOA4/cant/cant1400a0420_08_258714_289562_11.sdc 16003 
VOA/VOA4/cant/cant1400a0420_08_290995_292224_12.sdc 619 
VOA/VOA4/cant/cant1400a0420_08_292659_298650_13.sdc 3002 
VOA/VOA4/cant/cant1400a0420_08_299290_308762_14.sdc 4734 
VOA/VOA4/cant/cant1400a0420_08_309837_314061_15.sdc 2157 
VOA/VOA4/cant/cant1400a0420_08_314189_331546_16.sdc 8886 
VOA/VOA4/cant/cant1400a0420_08_333133_339533_17.sdc 2863 
VOA/VOA4/cant/cant1400a0420_08_340070_342810_18.sdc 1395 
VOA/VOA4/cant/cant1400a0420_08_343782_345446_19.sdc 781 
VOA/VOA4/cant/cant1400a0420_08_82534_83763_2.sdc 594 
VOA/VOA4/cant/cant1400a0420_08_93082_94387_3.sdc 646 
VOA/VOA4/cant/cant1400a0422_08_117402_118272_0.sdc 416 
VOA/VOA4/cant/cant1400a0422_08_121267_122163_1.sdc 447 
VOA/VOA4/cant/cant1400a0428_08_98099_99200_1.sdc 546 
VOA/VOA4/cant/cant1400a0430_08_286746_287846_1.sdc 548 
VOA/VOA4/cant/cant1400a0430_08_305357_306227_2.sdc 426 
VOA/VOA4/cant/cant1400a0502_08_302566_303411_0.sdc 424 
VOA/VOA4/cant/cant1400a0506_08_317491_318285_11.sdc 405 
VOA/VOA4/cant/cant1400a0509_08_219597_220416_6.sdc 412 
VOA/VOA4/cant/cant1400a0512_08_245350_246246_3.sdc 426 
VOA/VOA4/cant/cant1400a0514_08_315443_316672_3.sdc 603 
VOA/VOA4/cant/cant1400a0516_08_316493_317645_5.sdc 569 
VOA/VOA4/cant/cant1400a0516_08_322202_323226_6.sdc 511 
VOA/VOA4/cant/cant1400a0516_08_326400_327373_7.sdc 487 
VOA/VOA4/cant/cant1400a0518_08_228045_243686_2.sdc 8011 
VOA/VOA4/cant/cant1400a0518_08_244838_249216_3.sdc 2182 
VOA/VOA4/cant/cant1400a0518_08_250931_254080_5.sdc 1579 
VOA/VOA4/cant/cant1400a0518_08_271155_273894_8.sdc 1366 
VOA/VOA4/cant/cant1400a0518_08_278426_282778_9.sdc 2216 
VOA/VOA4/cant/cant1400a0518_08_291994_294502_12.sdc 1285 
VOA/VOA4/cant/cant1400a0518_08_294758_299315_13.sdc 2341 
VOA/VOA4/cant/cant1400a0518_08_300698_307174_14.sdc 3334 
VOA/VOA4/cant/cant1400a0518_08_331085_332032_18.sdc 475 
VOA/VOA4/cant/cant1400a0518_08_336435_341350_20.sdc 2540 
VOA/VOA4/cant/cant1400a0518_08_341888_343501_21.sdc 804 
VOA/VOA4/cant/cant1400a0519_08_50099_51072_0.sdc 461 
VOA/VOA4/cant/cant1400a0520_08_256410_257280_4.sdc 416 
VOA/VOA4/cant/cant1400a0520_08_259405_260275_5.sdc 437 
VOA/VOA4/cant/cant1400a0525_08_234880_249165_4.sdc 7243 
VOA/VOA4/cant/cant1400a0525_08_279731_283469_7.sdc 1898 
VOA/VOA4/cant/cant1400a0525_08_312627_318618_10.sdc 3039 
VOA/VOA4/cant/cant1400a0525_08_328346_332979_12.sdc 2360 
VOA/VOA4/cant/cant1400a0525_08_336077_337254_14.sdc 581 
VOA/VOA4/cant/cant1400a0525_08_54810_55859_1.sdc 509 
VOA/VOA4/cant/cant1400a0530_08_128435_129306_2.sdc 421 
VOA/VOA4/cant/cant1400a0602_08_137037_138010_2.sdc 473 
VOA/VOA4/cant/cant1400a0602_08_18893_19738_0.sdc 401 
VOA/VOA4/cant/cant1400a0606_08_163507_164403_1.sdc 443 
VOA/VOA4/cant/cant1400a0606_08_300646_301594_7.sdc 459 
CTS/LRE07_dev/yuh/lre07_tr_yuh_001_a.mfcc.sdc 24824 
CTS/LRE07_dev/yuh/lre07_tr_yuh_001_b.mfcc.sdc 20680 
CTS/LRE07_dev/yuh/lre07_tr_yuh_002_a.mfcc.sdc 15296 
CTS/LRE07_dev/yuh/lre07_tr_yuh_003_a.mfcc.sdc 22932 
CTS/LRE07_dev/yuh/lre07_tr_yuh_003_b.mfcc.sdc 6386 
CTS/LRE07_dev/yuh/lre07_tr_yuh_004_a.mfcc.sdc 22744 
CTS/LRE07_dev/yuh/lre07_tr_yuh_004_b.mfcc.sdc 14301 
CTS/LRE07_dev/yuh/lre07_tr_yuh_005_a.mfcc.sdc 13850 
CTS/LRE07_dev/yuh/lre07_tr_yuh_005_b.mfcc.sdc 14634 
CTS/LRE07_dev/yuh/lre07_tr_yuh_006_a.mfcc.sdc 13428 
CTS/LRE07_dev/yuh/lre07_tr_yuh_006_b.mfcc.sdc 15298 
CTS/LRE07_dev/yuh/lre07_tr_yuh_007_a.mfcc.sdc 12545 
CTS/LRE07_dev/yuh/lre07_tr_yuh_007_b.mfcc.sdc 15290 
CTS/LRE07_dev/yuh/lre07_tr_yuh_008_b.mfcc.sdc 12934 
CTS/LRE07_dev/yuh/lre07_tr_yuh_009_b.mfcc.sdc 11884 
CTS/LRE07_dev/yuh/lre07_tr_yuh_010_a.mfcc.sdc 9437 
CTS/LRE07_dev/yuh/lre07_tr_yuh_010_b.mfcc.sdc 23160 
CTS/LRE07_dev/yuh/lre07_tr_yuh_011_a.mfcc.sdc 10445 
CTS/LRE07_dev/yuh/lre07_tr_yuh_011_b.mfcc.sdc 11038 
CTS/LRE07_dev/yuh/lre07_tr_yuh_012_a.mfcc.sdc 10798 
CTS/LRE07_dev/yuh/lre07_tr_yuh_013_a.mfcc.sdc 12429 
CTS/LRE07_dev/yuh/lre07_tr_yuh_014_b.mfcc.sdc 16511 
CTS/LRE07_dev/yuh/lre07_tr_yuh_015_a.mfcc.sdc 17638 
CTS/LRE07_dev/yuh/lre07_tr_yuh_016_b.mfcc.sdc 10752 
CTS/LRE07_dev/yuh/lre07_tr_yuh_017_b.mfcc.sdc 10177 
CTS/LRE07_dev/yuh/lre07_tr_yuh_018_a.mfcc.sdc 17407 
CTS/LRE07_dev/yuh/lre07_tr_yuh_018_b.mfcc.sdc 9933 
CTS/LRE07_dev/yuh/lre07_tr_yuh_019_b.mfcc.sdc 13865 
CTS/LRE07_dev/yuh/lre07_tr_yuh_020_a.mfcc.sdc 14796 
CTS/LRE07_dev/yuh/lre07_tr_yuh_021_b.mfcc.sdc 15475 
CTS/LRE07_dev/yuh/lre07_tr_yuh_022_a.mfcc.sdc 17783 
CTS/LRE07_dev/yuh/lre07_tr_yuh_023_a.mfcc.sdc 11896 
CTS/LRE07_dev/yuh/lre07_tr_yuh_024_a.mfcc.sdc 12546 
CTS/LRE07_dev/yuh/lre07_tr_yuh_025_b.mfcc.sdc 14474 
CTS/LRE07_dev/yuh/lre07_tr_yuh_026_b.mfcc.sdc 17244 
CTS/LRE07_dev/yuh/lre07_tr_yuh_027_a.mfcc.sdc 12399 
CTS/LRE07_dev/yuh/lre07_tr_yuh_028_a.mfcc.sdc 20928 
CTS/LRE07_dev/yuh/lre07_tr_yuh_029_a.mfcc.sdc 12171 
CTS/LRE07_dev/yuh/lre07_tr_yuh_029_b.mfcc.sdc 14309 
CTS/LRE07_dev/yuh/lre07_tr_yuh_030_a.mfcc.sdc 18078 
CTS/OGI22/cantonese/CA-100.address.mfcc.sdc 1385 
CTS/OGI22/cantonese/CA-100.climate.mfcc.sdc 410 
CTS/OGI22/cantonese/CA-100.hometown.mfcc.sdc 406 
CTS/OGI22/cantonese/CA-100.inenglish.mfcc.sdc 998 
CTS/OGI22/cantonese/CA-100.room.mfcc.sdc 468 
CTS/OGI22/cantonese/CA-100.route.mfcc.sdc 444 
CTS/OGI22/cantonese/CA-100.story.mfcc.sdc 2209 
CTS/OGI22/cantonese/CA-104.address.mfcc.sdc 1296 
CTS/OGI22/cantonese/CA-104.inenglish.mfcc.sdc 980 
CTS/OGI22/cantonese/CA-104.meal.mfcc.sdc 448 
CTS/OGI22/cantonese/CA-104.route.mfcc.sdc 451 
CTS/OGI22/cantonese/CA-104.story.mfcc.sdc 2603 
CTS/OGI22/cantonese/CA-105.address.mfcc.sdc 609 
CTS/OGI22/cantonese/CA-105.climate.mfcc.sdc 452 
CTS/OGI22/cantonese/CA-105.hometown.mfcc.sdc 428 
CTS/OGI22/cantonese/CA-105.inenglish.mfcc.sdc 760 
CTS/OGI22/cantonese/CA-105.meal.mfcc.sdc 448 
CTS/OGI22/cantonese/CA-105.room.mfcc.sdc 476 
CTS/OGI22/cantonese/CA-105.route.mfcc.sdc 424 
CTS/OGI22/cantonese/CA-105.story.mfcc.sdc 2265 
CTS/OGI22/cantonese/CA-111.address.mfcc.sdc 1532 
CTS/OGI22/cantonese/CA-111.climate.mfcc.sdc 460 
CTS/OGI22/cantonese/CA-111.room.mfcc.sdc 471 
CTS/OGI22/cantonese/CA-111.route.mfcc.sdc 510 
CTS/OGI22/cantonese/CA-111.story.mfcc.sdc 2176 
CTS/OGI22/cantonese/CA-120.address.mfcc.sdc 605 
CTS/OGI22/cantonese/CA-120.story.mfcc.sdc 1456 
CTS/OGI22/cantonese/CA-122.inenglish.mfcc.sdc 685 
CTS/OGI22/cantonese/CA-122.story.mfcc.sdc 1809 
CTS/OGI22/cantonese/CA-123.climate.mfcc.sdc 506 
CTS/OGI22/cantonese/CA-123.hometown.mfcc.sdc 509 
CTS/OGI22/cantonese/CA-123.inenglish.mfcc.sdc 937 
CTS/OGI22/cantonese/CA-123.meal.mfcc.sdc 514 
CTS/OGI22/cantonese/CA-123.room.mfcc.sdc 527 
CTS/OGI22/cantonese/CA-123.route.mfcc.sdc 518 
CTS/OGI22/cantonese/CA-123.story.mfcc.sdc 2632 
CTS/OGI22/cantonese/CA-125.address.mfcc.sdc 827 
CTS/OGI22/cantonese/CA-125.inenglish.mfcc.sdc 780 
CTS/OGI22/cantonese/CA-125.room.mfcc.sdc 435 
CTS/OGI22/cantonese/CA-125.route.mfcc.sdc 428 
CTS/OGI22/cantonese/CA-125.story.mfcc.sdc 2021 
CTS/OGI22/cantonese/CA-126.address.mfcc.sdc 1029 
CTS/OGI22/cantonese/CA-126.climate.mfcc.sdc 517 
CTS/OGI22/cantonese/CA-126.inenglish.mfcc.sdc 920 
CTS/OGI22/cantonese/CA-126.room.mfcc.sdc 428 
CTS/OGI22/cantonese/CA-126.route.mfcc.sdc 514 
CTS/OGI22/cantonese/CA-126.story.mfcc.sdc 2348 
CTS/OGI22/cantonese/CA-129.address.mfcc.sdc 927 
CTS/OGI22/cantonese/CA-129.hometown.mfcc.sdc 438 
CTS/OGI22/cantonese/CA-129.inenglish.mfcc.sdc 950 
CTS/OGI22/cantonese/CA-129.room.mfcc.sdc 494 
CTS/OGI22/cantonese/CA-129.story.mfcc.sdc 2591 
CTS/OGI22/cantonese/CA-13.address.mfcc.sdc 1067 
CTS/OGI22/cantonese/CA-13.climate.mfcc.sdc 508 
CTS/OGI22/cantonese/CA-13.inenglish.mfcc.sdc 764 
CTS/OGI22/cantonese/CA-13.meal.mfcc.sdc 459 
CTS/OGI22/cantonese/CA-13.room.mfcc.sdc 489 
CTS/OGI22/cantonese/CA-13.route.mfcc.sdc 468 
CTS/OGI22/cantonese/CA-13.story.mfcc.sdc 2252 
CTS/OGI22/cantonese/CA-130.address.mfcc.sdc 1287 
CTS/OGI22/cantonese/CA-130.climate.mfcc.sdc 402 
CTS/OGI22/cantonese/CA-130.hometown.mfcc.sdc 443 
CTS/OGI22/cantonese/CA-130.meal.mfcc.sdc 446 
CTS/OGI22/cantonese/CA-130.room.mfcc.sdc 414 
CTS/OGI22/cantonese/CA-130.route.mfcc.sdc 481 
CTS/OGI22/cantonese/CA-130.story.mfcc.sdc 2577 
CTS/OGI22/cantonese/CA-132.address.mfcc.sdc 567 
CTS/OGI22/cantonese/CA-132.inenglish.mfcc.sdc 1044 
CTS/OGI22/cantonese/CA-132.room.mfcc.sdc 493 
CTS/OGI22/cantonese/CA-132.route.mfcc.sdc 446 
CTS/OGI22/cantonese/CA-132.story.mfcc.sdc 2627 
CTS/OGI22/cantonese/CA-133.address.mfcc.sdc 1471 
CTS/OGI22/cantonese/CA-133.climate.mfcc.sdc 503 
CTS/OGI22/cantonese/CA-133.inenglish.mfcc.sdc 957 
CTS/OGI22/cantonese/CA-133.meal.mfcc.sdc 505 
CTS/OGI22/cantonese/CA-133.room.mfcc.sdc 509 
CTS/OGI22/cantonese/CA-133.route.mfcc.sdc 501 
CTS/OGI22/cantonese/CA-133.story.mfcc.sdc 2580 
CTS/OGI22/cantonese/CA-134.address.mfcc.sdc 454 
CTS/OGI22/cantonese/CA-134.inenglish.mfcc.sdc 538 
CTS/OGI22/cantonese/CA-134.route.mfcc.sdc 449 
CTS/OGI22/cantonese/CA-134.story.mfcc.sdc 1435 
CTS/OGI22/cantonese/CA-136.address.mfcc.sdc 571 
CTS/OGI22/cantonese/CA-136.climate.mfcc.sdc 441 
CTS/OGI22/cantonese/CA-136.inenglish.mfcc.sdc 976 
CTS/OGI22/cantonese/CA-136.meal.mfcc.sdc 456 
CTS/OGI22/cantonese/CA-136.room.mfcc.sdc 434 
CTS/OGI22/cantonese/CA-136.route.mfcc.sdc 490 
CTS/OGI22/cantonese/CA-136.story.mfcc.sdc 2342 
CTS/OGI22/cantonese/CA-137.address.mfcc.sdc 885 
CTS/OGI22/cantonese/CA-137.inenglish.mfcc.sdc 892 
CTS/OGI22/cantonese/CA-137.route.mfcc.sdc 503 
CTS/OGI22/cantonese/CA-137.story.mfcc.sdc 2640 
CTS/OGI22/cantonese/CA-138.inenglish.mfcc.sdc 725 
CTS/OGI22/cantonese/CA-138.room.mfcc.sdc 441 
CTS/OGI22/cantonese/CA-138.story.mfcc.sdc 1703 
CTS/OGI22/cantonese/CA-139.address.mfcc.sdc 1022 
CTS/OGI22/cantonese/CA-139.inenglish.mfcc.sdc 868 
CTS/OGI22/cantonese/CA-139.story.mfcc.sdc 1769 
CTS/OGI22/cantonese/CA-15.address.mfcc.sdc 1289 
CTS/OGI22/cantonese/CA-15.climate.mfcc.sdc 509 
CTS/OGI22/cantonese/CA-15.inenglish.mfcc.sdc 986 
CTS/OGI22/cantonese/CA-15.meal.mfcc.sdc 438 
CTS/OGI22/cantonese/CA-15.room.mfcc.sdc 505 
CTS/OGI22/cantonese/CA-15.route.mfcc.sdc 484 
CTS/OGI22/cantonese/CA-15.story.mfcc.sdc 2619 
CTS/OGI22/cantonese/CA-158.address.mfcc.sdc 1032 
CTS/OGI22/cantonese/CA-158.inenglish.mfcc.sdc 767 
CTS/OGI22/cantonese/CA-158.story.mfcc.sdc 1792 
CTS/OGI22/cantonese/CA-17.address.mfcc.sdc 676 
CTS/OGI22/cantonese/CA-17.story.mfcc.sdc 1123 
CTS/OGI22/cantonese/CA-171.address.mfcc.sdc 787 
CTS/OGI22/cantonese/CA-171.inenglish.mfcc.sdc 839 
CTS/OGI22/cantonese/CA-171.story.mfcc.sdc 1903 
CTS/OGI22/cantonese/CA-172.address.mfcc.sdc 533 
CTS/OGI22/cantonese/CA-172.inenglish.mfcc.sdc 409 
CTS/OGI22/cantonese/CA-172.story.mfcc.sdc 624 
CTS/OGI22/cantonese/CA-177.address.mfcc.sdc 555 
CTS/OGI22/cantonese/CA-177.inenglish.mfcc.sdc 450 
CTS/OGI22/cantonese/CA-177.story.mfcc.sdc 1198 
CTS/OGI22/cantonese/CA-228.address.mfcc.sdc 511 
CTS/OGI22/cantonese/CA-228.inenglish.mfcc.sdc 592 
CTS/OGI22/cantonese/CA-228.story.mfcc.sdc 1405 
CTS/OGI22/cantonese/CA-229.climate.mfcc.sdc 501 
CTS/OGI22/cantonese/CA-229.meal.mfcc.sdc 516 
CTS/OGI22/cantonese/CA-229.room.mfcc.sdc 499 
CTS/OGI22/cantonese/CA-229.route.mfcc.sdc 503 
CTS/OGI22/cantonese/CA-229.story.mfcc.sdc 2607 
CTS/OGI22/cantonese/CA-230.address.mfcc.sdc 1463 
CTS/OGI22/cantonese/CA-230.climate.mfcc.sdc 454 
CTS/OGI22/cantonese/CA-230.hometown.mfcc.sdc 478 
CTS/OGI22/cantonese/CA-230.inenglish.mfcc.sdc 864 
CTS/OGI22/cantonese/CA-230.room.mfcc.sdc 490 
CTS/OGI22/cantonese/CA-230.route.mfcc.sdc 423 
CTS/OGI22/cantonese/CA-230.story.mfcc.sdc 2247 
CTS/OGI22/cantonese/CA-231.address.mfcc.sdc 1104 
CTS/OGI22/cantonese/CA-231.climate.mfcc.sdc 510 
CTS/OGI22/cantonese/CA-231.inenglish.mfcc.sdc 791 
CTS/OGI22/cantonese/CA-231.room.mfcc.sdc 507 
CTS/OGI22/cantonese/CA-231.route.mfcc.sdc 473 
CTS/OGI22/cantonese/CA-231.story.mfcc.sdc 2314 
CTS/OGI22/cantonese/CA-233.address.mfcc.sdc 1075 
CTS/OGI22/cantonese/CA-233.climate.mfcc.sdc 475 
CTS/OGI22/cantonese/CA-233.inenglish.mfcc.sdc 960 
CTS/OGI22/cantonese/CA-233.route.mfcc.sdc 531 
CTS/OGI22/cantonese/CA-233.story.mfcc.sdc 2592 
CTS/OGI22/cantonese/CA-238.address.mfcc.sdc 817 
CTS/OGI22/cantonese/CA-238.inenglish.mfcc.sdc 657 
CTS/OGI22/cantonese/CA-238.story.mfcc.sdc 1920 
CTS/OGI22/cantonese/CA-239.address.mfcc.sdc 766 
CTS/OGI22/cantonese/CA-239.inenglish.mfcc.sdc 541 
CTS/OGI22/cantonese/CA-239.story.mfcc.sdc 1328 
CTS/OGI22/cantonese/CA-241.address.mfcc.sdc 529 
CTS/OGI22/cantonese/CA-241.inenglish.mfcc.sdc 1035 
CTS/OGI22/cantonese/CA-241.route.mfcc.sdc 420 
CTS/OGI22/cantonese/CA-241.story.mfcc.sdc 2386 
CTS/OGI22/cantonese/CA-243.address.mfcc.sdc 516 
CTS/OGI22/cantonese/CA-243.inenglish.mfcc.sdc 757 
CTS/OGI22/cantonese/CA-243.route.mfcc.sdc 460 
CTS/OGI22/cantonese/CA-243.story.mfcc.sdc 2128 
CTS/OGI22/cantonese/CA-244.address.mfcc.sdc 915 
CTS/OGI22/cantonese/CA-244.inenglish.mfcc.sdc 608 
CTS/OGI22/cantonese/CA-244.room.mfcc.sdc 426 
CTS/OGI22/cantonese/CA-244.story.mfcc.sdc 1892 
CTS/OGI22/cantonese/CA-247.address.mfcc.sdc 539 
CTS/OGI22/cantonese/CA-247.story.mfcc.sdc 1904 
CTS/OGI22/cantonese/CA-252.address.mfcc.sdc 800 
CTS/OGI22/cantonese/CA-252.inenglish.mfcc.sdc 665 
CTS/OGI22/cantonese/CA-252.room.mfcc.sdc 469 
CTS/OGI22/cantonese/CA-252.story.mfcc.sdc 2275 
CTS/OGI22/cantonese/CA-303.address.mfcc.sdc 902 
CTS/OGI22/cantonese/CA-303.inenglish.mfcc.sdc 824 
CTS/OGI22/cantonese/CA-303.story.mfcc.sdc 1993 
CTS/OGI22/cantonese/CA-305.address.mfcc.sdc 868 
CTS/OGI22/cantonese/CA-305.story.mfcc.sdc 856 
CTS/OGI22/cantonese/CA-312.climate.mfcc.sdc 512 
CTS/OGI22/cantonese/CA-312.inenglish.mfcc.sdc 829 
CTS/OGI22/cantonese/CA-312.room.mfcc.sdc 473 
CTS/OGI22/cantonese/CA-312.story.mfcc.sdc 924 
CTS/OGI22/cantonese/CA-317.address.mfcc.sdc 972 
CTS/OGI22/cantonese/CA-317.inenglish.mfcc.sdc 423 
CTS/OGI22/cantonese/CA-317.story.mfcc.sdc 501 
CTS/OGI22/cantonese/CA-318.address.mfcc.sdc 1038 
CTS/OGI22/cantonese/CA-318.inenglish.mfcc.sdc 414 
CTS/OGI22/cantonese/CA-318.story.mfcc.sdc 1251 
CTS/OGI22/cantonese/CA-44.address.mfcc.sdc 888 
CTS/OGI22/cantonese/CA-44.story.mfcc.sdc 1107 
CTS/OGI22/cantonese/CA-522.address.mfcc.sdc 1276 
CTS/OGI22/cantonese/CA-522.inenglish.mfcc.sdc 938 
CTS/OGI22/cantonese/CA-522.story.mfcc.sdc 2438 
CTS/OGI22/cantonese/CA-523.address.mfcc.sdc 1352 
CTS/OGI22/cantonese/CA-523.inenglish.mfcc.sdc 843 
CTS/OGI22/cantonese/CA-523.story.mfcc.sdc 1768 
CTS/OGI22/cantonese/CA-533.address.mfcc.sdc 471 
CTS/OGI22/cantonese/CA-535.address.mfcc.sdc 735 
CTS/OGI22/cantonese/CA-535.hometown.mfcc.sdc 436 
CTS/OGI22/cantonese/CA-535.inenglish.mfcc.sdc 619 
CTS/OGI22/cantonese/CA-535.room.mfcc.sdc 456 
CTS/OGI22/cantonese/CA-535.route.mfcc.sdc 405 
CTS/OGI22/cantonese/CA-535.story.mfcc.sdc 1764 
CTS/OGI22/cantonese/CA-536.address.mfcc.sdc 931 
CTS/OGI22/cantonese/CA-536.inenglish.mfcc.sdc 1009 
CTS/OGI22/cantonese/CA-536.story.mfcc.sdc 2469 
CTS/OGI22/cantonese/CA-548.room.mfcc.sdc 465 
CTS/OGI22/cantonese/CA-548.story.mfcc.sdc 1108 
CTS/OGI22/cantonese/CA-549.address.mfcc.sdc 795 
CTS/OGI22/cantonese/CA-549.room.mfcc.sdc 472 
CTS/OGI22/cantonese/CA-549.story.mfcc.sdc 1198 
CTS/OGI22/cantonese/CA-550.address.mfcc.sdc 866 
CTS/OGI22/cantonese/CA-550.inenglish.mfcc.sdc 868 
CTS/OGI22/cantonese/CA-550.meal.mfcc.sdc 431 
CTS/OGI22/cantonese/CA-550.room.mfcc.sdc 492 
CTS/OGI22/cantonese/CA-550.route.mfcc.sdc 506 
CTS/OGI22/cantonese/CA-550.story.mfcc.sdc 2596 
CTS/OGI22/cantonese/CA-550.where.mfcc.sdc 408 
CTS/OGI22/cantonese/CA-552.address.mfcc.sdc 1916 
CTS/OGI22/cantonese/CA-552.climate.mfcc.sdc 489 
CTS/OGI22/cantonese/CA-552.hometown.mfcc.sdc 444 
CTS/OGI22/cantonese/CA-552.inenglish.mfcc.sdc 917 
CTS/OGI22/cantonese/CA-552.meal.mfcc.sdc 487 
CTS/OGI22/cantonese/CA-552.room.mfcc.sdc 471 
CTS/OGI22/cantonese/CA-552.route.mfcc.sdc 426 
CTS/OGI22/cantonese/CA-552.story.mfcc.sdc 2427 
CTS/OGI22/cantonese/CA-552.where.mfcc.sdc 472 
CTS/OGI22/cantonese/CA-553.address.mfcc.sdc 1313 
CTS/OGI22/cantonese/CA-553.climate.mfcc.sdc 461 
CTS/OGI22/cantonese/CA-553.inenglish.mfcc.sdc 867 
CTS/OGI22/cantonese/CA-553.meal.mfcc.sdc 476 
CTS/OGI22/cantonese/CA-553.room.mfcc.sdc 458 
CTS/OGI22/cantonese/CA-553.story.mfcc.sdc 2128 
CTS/OGI22/cantonese/CA-554.address.mfcc.sdc 914 
CTS/OGI22/cantonese/CA-554.inenglish.mfcc.sdc 535 
CTS/OGI22/cantonese/CA-554.story.mfcc.sdc 1463 
CTS/OGI22/cantonese/CA-555.address.mfcc.sdc 1334 
CTS/OGI22/cantonese/CA-555.climate.mfcc.sdc 477 
CTS/OGI22/cantonese/CA-555.inenglish.mfcc.sdc 1028 
CTS/OGI22/cantonese/CA-555.room.mfcc.sdc 470 
CTS/OGI22/cantonese/CA-555.story.mfcc.sdc 2573 
CTS/OGI22/cantonese/CA-556.address.mfcc.sdc 415 
CTS/OGI22/cantonese/CA-561.climate.mfcc.sdc 505 
CTS/OGI22/cantonese/CA-561.inenglish.mfcc.sdc 791 
CTS/OGI22/cantonese/CA-561.room.mfcc.sdc 421 
CTS/OGI22/cantonese/CA-561.route.mfcc.sdc 465 
CTS/OGI22/cantonese/CA-561.story.mfcc.sdc 2070 
CTS/OGI22/cantonese/CA-586.address.mfcc.sdc 975 
CTS/OGI22/cantonese/CA-586.story.mfcc.sdc 701 
CTS/OGI22/cantonese/CA-588.address.mfcc.sdc 894 
CTS/OGI22/cantonese/CA-588.inenglish.mfcc.sdc 714 
CTS/OGI22/cantonese/CA-588.story.mfcc.sdc 449 
CTS/OGI22/cantonese/CA-592.climate.mfcc.sdc 406 
CTS/OGI22/cantonese/CA-592.hometown.mfcc.sdc 405 
CTS/OGI22/cantonese/CA-592.inenglish.mfcc.sdc 765 
CTS/OGI22/cantonese/CA-592.story.mfcc.sdc 2071 
CTS/OGI22/cantonese/CA-597.address.mfcc.sdc 1051 
CTS/OGI22/cantonese/CA-597.climate.mfcc.sdc 465 
CTS/OGI22/cantonese/CA-597.hometown.mfcc.sdc 460 
CTS/OGI22/cantonese/CA-597.inenglish.mfcc.sdc 903 
CTS/OGI22/cantonese/CA-597.meal.mfcc.sdc 520 
CTS/OGI22/cantonese/CA-597.room.mfcc.sdc 508 
CTS/OGI22/cantonese/CA-597.route.mfcc.sdc 445 
CTS/OGI22/cantonese/CA-597.story.mfcc.sdc 2480 
CTS/OGI22/cantonese/CA-597.where.mfcc.sdc 442 
CTS/OGI22/cantonese/CA-598.address.mfcc.sdc 733 
CTS/OGI22/cantonese/CA-598.inenglish.mfcc.sdc 787 
CTS/OGI22/cantonese/CA-598.room.mfcc.sdc 482 
CTS/OGI22/cantonese/CA-598.route.mfcc.sdc 424 
CTS/OGI22/cantonese/CA-598.story.mfcc.sdc 1195 
CTS/OGI22/cantonese/CA-600.address.mfcc.sdc 605 
CTS/OGI22/cantonese/CA-603.address.mfcc.sdc 568 
CTS/OGI22/cantonese/CA-603.climate.mfcc.sdc 506 
CTS/OGI22/cantonese/CA-603.inenglish.mfcc.sdc 783 
CTS/OGI22/cantonese/CA-603.meal.mfcc.sdc 433 
CTS/OGI22/cantonese/CA-603.route.mfcc.sdc 512 
CTS/OGI22/cantonese/CA-603.story.mfcc.sdc 2374 
CTS/OGI22/cantonese/CA-603.where.mfcc.sdc 442 
CTS/OGI22/cantonese/CA-604.address.mfcc.sdc 823 
CTS/OGI22/cantonese/CA-604.story.mfcc.sdc 752 
CTS/OGI22/cantonese/CA-605.climate.mfcc.sdc 515 
CTS/OGI22/cantonese/CA-605.hometown.mfcc.sdc 491 
CTS/OGI22/cantonese/CA-605.meal.mfcc.sdc 508 
CTS/OGI22/cantonese/CA-605.room.mfcc.sdc 485 
CTS/OGI22/cantonese/CA-605.story.mfcc.sdc 2565 
CTS/OGI22/cantonese/CA-608.address.mfcc.sdc 1494 
CTS/OGI22/cantonese/CA-608.inenglish.mfcc.sdc 917 
CTS/OGI22/cantonese/CA-608.room.mfcc.sdc 406 
CTS/OGI22/cantonese/CA-608.story.mfcc.sdc 2181 
CTS/OGI22/cantonese/CA-610.address.mfcc.sdc 1281 
CTS/OGI22/cantonese/CA-610.inenglish.mfcc.sdc 1034 
CTS/OGI22/cantonese/CA-610.room.mfcc.sdc 403 
CTS/OGI22/cantonese/CA-610.story.mfcc.sdc 2538 
CTS/OGI22/cantonese/CA-610.where.mfcc.sdc 455 
CTS/OGI22/cantonese/CA-612.address.mfcc.sdc 490 
CTS/OGI22/cantonese/CA-612.inenglish.mfcc.sdc 747 
CTS/OGI22/cantonese/CA-612.room.mfcc.sdc 413 
CTS/OGI22/cantonese/CA-612.story.mfcc.sdc 1983 
CTS/OGI22/cantonese/CA-615.inenglish.mfcc.sdc 561 
CTS/OGI22/cantonese/CA-615.story.mfcc.sdc 1612 
CTS/OGI22/cantonese/CA-626.address.mfcc.sdc 1440 
CTS/OGI22/cantonese/CA-626.climate.mfcc.sdc 455 
CTS/OGI22/cantonese/CA-626.inenglish.mfcc.sdc 597 
CTS/OGI22/cantonese/CA-626.story.mfcc.sdc 1012 
CTS/OGI22/cantonese/CA-627.address.mfcc.sdc 467 
CTS/OGI22/cantonese/CA-627.story.mfcc.sdc 678 
CTS/OGI22/cantonese/CA-628.meal.mfcc.sdc 402 
CTS/OGI22/cantonese/CA-628.story.mfcc.sdc 1525 
CTS/OGI22/cantonese/CA-633.address.mfcc.sdc 704 
CTS/OGI22/cantonese/CA-633.climate.mfcc.sdc 505 
CTS/OGI22/cantonese/CA-633.hometown.mfcc.sdc 505 
CTS/OGI22/cantonese/CA-633.inenglish.mfcc.sdc 1041 
CTS/OGI22/cantonese/CA-633.meal.mfcc.sdc 494 
CTS/OGI22/cantonese/CA-633.room.mfcc.sdc 446 
CTS/OGI22/cantonese/CA-633.route.mfcc.sdc 503 
CTS/OGI22/cantonese/CA-633.story.mfcc.sdc 2602 
CTS/OGI22/cantonese/CA-634.address.mfcc.sdc 996 
CTS/OGI22/cantonese/CA-636.climate.mfcc.sdc 405 
CTS/OGI22/cantonese/CA-636.inenglish.mfcc.sdc 719 
CTS/OGI22/cantonese/CA-636.room.mfcc.sdc 502 
CTS/OGI22/cantonese/CA-636.route.mfcc.sdc 501 
CTS/OGI22/cantonese/CA-636.story.mfcc.sdc 2242 
CTS/OGI22/cantonese/CA-637.address.mfcc.sdc 987 
CTS/OGI22/cantonese/CA-637.climate.mfcc.sdc 508 
CTS/OGI22/cantonese/CA-637.hometown.mfcc.sdc 506 
CTS/OGI22/cantonese/CA-637.inenglish.mfcc.sdc 998 
CTS/OGI22/cantonese/CA-637.meal.mfcc.sdc 488 
CTS/OGI22/cantonese/CA-637.room.mfcc.sdc 496 
CTS/OGI22/cantonese/CA-637.route.mfcc.sdc 502 
CTS/OGI22/cantonese/CA-637.story.mfcc.sdc 2599 
CTS/OGI22/cantonese/CA-637.where.mfcc.sdc 407 
CTS/OGI22/cantonese/CA-638.address.mfcc.sdc 1219 
CTS/OGI22/cantonese/CA-638.inenglish.mfcc.sdc 756 
CTS/OGI22/cantonese/CA-638.route.mfcc.sdc 421 
CTS/OGI22/cantonese/CA-638.story.mfcc.sdc 1995 
CTS/OGI22/cantonese/CA-639.address.mfcc.sdc 940 
CTS/OGI22/cantonese/CA-639.inenglish.mfcc.sdc 856 
CTS/OGI22/cantonese/CA-639.route.mfcc.sdc 467 
CTS/OGI22/cantonese/CA-639.story.mfcc.sdc 2085 
CTS/OGI22/cantonese/CA-642.address.mfcc.sdc 1446 
CTS/OGI22/cantonese/CA-642.inenglish.mfcc.sdc 819 
CTS/OGI22/cantonese/CA-642.story.mfcc.sdc 1811 
CTS/OGI22/cantonese/CA-644.address.mfcc.sdc 1437 
CTS/OGI22/cantonese/CA-644.climate.mfcc.sdc 442 
CTS/OGI22/cantonese/CA-644.inenglish.mfcc.sdc 1006 
CTS/OGI22/cantonese/CA-644.room.mfcc.sdc 443 
CTS/OGI22/cantonese/CA-644.story.mfcc.sdc 2269 
CTS/OGI22/cantonese/CA-645.address.mfcc.sdc 925 
CTS/OGI22/cantonese/CA-645.climate.mfcc.sdc 427 
CTS/OGI22/cantonese/CA-645.inenglish.mfcc.sdc 1034 
CTS/OGI22/cantonese/CA-645.room.mfcc.sdc 527 
CTS/OGI22/cantonese/CA-645.story.mfcc.sdc 2617 
CTS/OGI22/cantonese/CA-645.where.mfcc.sdc 499 
CTS/OGI22/cantonese/CA-646.address.mfcc.sdc 915 
CTS/OGI22/cantonese/CA-646.story.mfcc.sdc 1092 
CTS/OGI22/cantonese/CA-647.address.mfcc.sdc 801 
CTS/OGI22/cantonese/CA-647.inenglish.mfcc.sdc 1032 
CTS/OGI22/cantonese/CA-647.story.mfcc.sdc 2374 
CTS/OGI22/cantonese/CA-65.address.mfcc.sdc 962 
CTS/OGI22/cantonese/CA-65.inenglish.mfcc.sdc 989 
CTS/OGI22/cantonese/CA-65.room.mfcc.sdc 478 
CTS/OGI22/cantonese/CA-65.story.mfcc.sdc 2445 
CTS/OGI22/cantonese/CA-655.address.mfcc.sdc 863 
CTS/OGI22/cantonese/CA-655.inenglish.mfcc.sdc 656 
CTS/OGI22/cantonese/CA-655.story.mfcc.sdc 1312 
CTS/OGI22/cantonese/CA-66.address.mfcc.sdc 1154 
CTS/OGI22/cantonese/CA-66.inenglish.mfcc.sdc 418 
CTS/OGI22/cantonese/CA-66.story.mfcc.sdc 1213 
CTS/OGI22/cantonese/CA-662.address.mfcc.sdc 991 
CTS/OGI22/cantonese/CA-662.climate.mfcc.sdc 408 
CTS/OGI22/cantonese/CA-662.inenglish.mfcc.sdc 785 
CTS/OGI22/cantonese/CA-662.room.mfcc.sdc 479 
CTS/OGI22/cantonese/CA-662.story.mfcc.sdc 2293 
CTS/OGI22/cantonese/CA-75.address.mfcc.sdc 698 
CTS/OGI22/cantonese/CA-75.inenglish.mfcc.sdc 517 
CTS/OGI22/cantonese/CA-75.meal.mfcc.sdc 412 
CTS/OGI22/cantonese/CA-75.story.mfcc.sdc 421 
CTS/OGI22/cantonese/CA-76.story.mfcc.sdc 472 
CTS/OGI22/cantonese/CA-88.inenglish.mfcc.sdc 593 
CTS/OGI22/cantonese/CA-88.story.mfcc.sdc 1934 
CTS/OGI22/cantonese/CA-89.address.mfcc.sdc 1131 
CTS/OGI22/cantonese/CA-89.inenglish.mfcc.sdc 858 
CTS/OGI22/cantonese/CA-89.story.mfcc.sdc 2240 
CTS/OGI22/cantonese/CA-90.address.mfcc.sdc 1269 
CTS/OGI22/cantonese/CA-90.story.mfcc.sdc 1590 
CTS/OGI22/cantonese/CA-92.address.mfcc.sdc 900 
CTS/OGI22/cantonese/CA-92.climate.mfcc.sdc 442 
CTS/OGI22/cantonese/CA-92.hometown.mfcc.sdc 517 
CTS/OGI22/cantonese/CA-92.inenglish.mfcc.sdc 996 
CTS/OGI22/cantonese/CA-92.meal.mfcc.sdc 512 
CTS/OGI22/cantonese/CA-92.room.mfcc.sdc 506 
CTS/OGI22/cantonese/CA-92.route.mfcc.sdc 481 
CTS/OGI22/cantonese/CA-92.story.mfcc.sdc 2170 
CTS/OGI22/cantonese/CA-94.address.mfcc.sdc 1388 
CTS/OGI22/cantonese/CA-94.inenglish.mfcc.sdc 587 
CTS/OGI22/cantonese/CA-94.room.mfcc.sdc 501 
CTS/OGI22/cantonese/CA-94.story.mfcc.sdc 2301 
CTS/OGI22/cantonese/CA-95.inenglish.mfcc.sdc 652 
CTS/OGI22/cantonese/CA-95.story.mfcc.sdc 1629 
CTS/OGI22/cantonese/CA-96.address.mfcc.sdc 1146 
CTS/OGI22/cantonese/CA-96.inenglish.mfcc.sdc 812 
CTS/OGI22/cantonese/CA-96.route.mfcc.sdc 452 
CTS/OGI22/cantonese/CA-96.story.mfcc.sdc 2145 
CTS/OGI22/cantonese/CA-98.address.mfcc.sdc 1416 
CTS/OGI22/cantonese/CA-98.inenglish.mfcc.sdc 735 
CTS/OGI22/cantonese/CA-98.story.mfcc.sdc 1982 
