VOA/VOA3/creo/2006_creo1130a0420_105190_110422.sdc 2691 
VOA/VOA3/creo/2006_creo1130a0420_114502_119552.sdc 2527 
VOA/VOA3/creo/2006_creo1130a0420_48339_57939.sdc 4887 
VOA/VOA3/creo/2006_creo1130a0420_59101_65008.sdc 3042 
VOA/VOA3/creo/2006_creo1130a0420_66086_73587.sdc 3840 
VOA/VOA3/creo/2006_creo1130a0420_74822_83926.sdc 4684 
VOA/VOA3/creo/2006_creo1230a0206_112675_117770.sdc 2630 
VOA/VOA3/creo/2006_creo1230a0206_64816_74320.sdc 4914 
VOA/VOA3/creo/2006_creo1230a0206_75280_82512.sdc 3268 
VOA/VOA3/creo/2006_creo1230a0206_83232_91926.sdc 4483 
VOA/VOA3/creo/2006_creo1230a0207_104656_107850.sdc 1614 
VOA/VOA3/creo/2006_creo1230a0207_133110_139222.sdc 3170 
VOA/VOA3/creo/2006_creo1230a0207_140310_146700.sdc 3258 
VOA/VOA3/creo/2006_creo1230a0207_151578_155942.sdc 2199 
VOA/VOA3/creo/2006_creo1230a0207_156601_160154.sdc 1820 
VOA/VOA3/creo/2006_creo1230a0207_28934_38794.sdc 5013 
VOA/VOA3/creo/2006_creo1230a0207_39158_42874.sdc 1909 
VOA/VOA3/creo/2006_creo1230a0207_44400_49808.sdc 2753 
VOA/VOA3/creo/2006_creo1230a0207_50221_54032.sdc 1889 
VOA/VOA3/creo/2006_creo1230a0207_54768_59136.sdc 2071 
VOA/VOA3/creo/2006_creo1230a0207_63405_67139.sdc 1720 
VOA/VOA3/creo/2006_creo1230a0207_70019_74982.sdc 2565 
VOA/VOA3/creo/2006_creo1230a0207_75485_80093.sdc 2323 
VOA/VOA3/creo/2006_creo1230a0207_81584_88694.sdc 3606 
VOA/VOA3/creo/2006_creo1230a0207_89965_93200.sdc 1677 
VOA/VOA3/creo/2006_creo1230a0207_95056_104022.sdc 4492 
VOA/VOA3/creo/2006_creo1230a0210_116003_119424.sdc 1657 
VOA/VOA3/creo/2006_creo1230a0210_121312_125610.sdc 2003 
VOA/VOA3/creo/2006_creo1230a0210_32925_40323.sdc 3745 
VOA/VOA3/creo/2006_creo1230a0210_42307_45654.sdc 1701 
VOA/VOA3/creo/2006_creo1230a0213_106765_112602.sdc 2953 
VOA/VOA3/creo/2006_creo1230a0213_117286_128845.sdc 5915 
VOA/VOA3/creo/2006_creo1230a0213_12134_21894.sdc 4965 
VOA/VOA3/creo/2006_creo1230a0213_23117_29085.sdc 3074 
VOA/VOA3/creo/2006_creo1230a0213_30067_34595.sdc 2239 
VOA/VOA3/creo/2006_creo1230a0213_37014_41174.sdc 2110 
VOA/VOA3/creo/2006_creo1230a0213_41856_50762.sdc 4604 
VOA/VOA3/creo/2006_creo1230a0213_59366_63712.sdc 2210 
VOA/VOA3/creo/2006_creo1230a0213_66195_71690.sdc 2794 
VOA/VOA3/creo/2006_creo1230a0213_74467_82019.sdc 3830 
VOA/VOA3/creo/2006_creo1230a0214_104272_108378.sdc 1671 
VOA/VOA3/creo/2006_creo1230a0214_108458_112739.sdc 1893 
VOA/VOA3/creo/2006_creo1230a0214_117312_121766.sdc 1948 
VOA/VOA3/creo/2006_creo1230a0214_131270_136637.sdc 2498 
VOA/VOA3/creo/2006_creo1230a0214_137776_143600.sdc 2934 
VOA/VOA3/creo/2006_creo1230a0214_44963_49680.sdc 2394 
VOA/VOA3/creo/2006_creo1230a0214_51555_59747.sdc 4183 
VOA/VOA3/creo/2006_creo1230a0214_60003_67424.sdc 3591 
VOA/VOA3/creo/2006_creo1230a0215_108083_114086.sdc 2963 
VOA/VOA3/creo/2006_creo1230a0215_20134_29568.sdc 4814 
VOA/VOA3/creo/2006_creo1230a0215_37501_40925.sdc 1714 
VOA/VOA3/creo/2006_creo1230a0215_41437_45376.sdc 1984 
VOA/VOA3/creo/2006_creo1230a0215_51078_58349.sdc 3392 
VOA/VOA3/creo/2006_creo1230a0215_59261_66179.sdc 2931 
VOA/VOA3/creo/2006_creo1230a0215_66966_71238.sdc 1921 
VOA/VOA3/creo/2006_creo1230a0215_73027_78445.sdc 2243 
VOA/VOA3/creo/2006_creo1230a0215_80214_85690.sdc 2176 
VOA/VOA3/creo/2006_creo1230a0215_86570_90333.sdc 1820 
VOA/VOA3/creo/2006_creo1230a0215_91290_106995.sdc 6596 
VOA/VOA3/creo/2006_creo1230a0217_106310_110288.sdc 1881 
VOA/VOA3/creo/2006_creo1230a0217_114861_122090.sdc 3465 
VOA/VOA3/creo/2006_creo1230a0217_132080_141597.sdc 4643 
VOA/VOA3/creo/2006_creo1230a0217_38128_45037.sdc 3472 
VOA/VOA3/creo/2006_creo1230a0217_46461_55213.sdc 4158 
VOA/VOA3/creo/2006_creo1230a0217_56390_61283.sdc 2294 
VOA/VOA3/creo/2006_creo1230a0217_76755_85274.sdc 3944 
VOA/VOA3/creo/2006_creo1230a0222_41510_48010.sdc 3262 
VOA/VOA3/creo/2006_creo1230a0222_59014_62394.sdc 1672 
VOA/VOA3/creo/2006_creo1230a0222_64720_70419.sdc 2904 
VOA/VOA3/creo/2006_creo1230a0222_71859_76813.sdc 2500 
VOA/VOA3/creo/2006_creo1230a0223_125494_131251.sdc 2924 
VOA/VOA3/creo/2006_creo1230a0223_32810_41382.sdc 4326 
VOA/VOA3/creo/2006_creo1230a0223_42003_46813.sdc 2192 
VOA/VOA3/creo/2006_creo1230a0223_47034_51533.sdc 2278 
VOA/VOA3/creo/2006_creo1230a0223_52278_55744.sdc 1682 
VOA/VOA3/creo/2006_creo1230a0223_56765_64042.sdc 3684 
VOA/VOA3/creo/2006_creo1230a0223_65466_70595.sdc 2289 
VOA/VOA3/creo/2006_creo1230a0223_71533_78970.sdc 2983 
VOA/VOA3/creo/2006_creo1230a0223_85392_90336.sdc 1859 
VOA/VOA3/creo/2006_creo1230a0223_90416_94192.sdc 1607 
VOA/VOA3/creo/2006_creo1230a0223_96928_109696.sdc 4679 
VOA/VOA3/creo/2006_creo1230a0224_50410_59290.sdc 4491 
VOA/VOA3/creo/2006_creo1230a0224_60794_70973.sdc 5136 
VOA/VOA3/creo/2006_creo1230a0227_132541_136774.sdc 1911 
VOA/VOA3/creo/2006_creo1230a0227_44016_50192.sdc 3115 
VOA/VOA3/creo/2006_creo1230a0227_62480_66099.sdc 1752 
VOA/VOA3/creo/2006_creo1230a0228_101325_107274.sdc 3030 
VOA/VOA3/creo/2006_creo1230a0228_108163_115683.sdc 3734 
VOA/VOA3/creo/2006_creo1230a0228_49584_59456.sdc 5114 
VOA/VOA3/creo/2006_creo1230a0228_61405_67987.sdc 3396 
VOA/VOA3/creo/2006_creo1230a0228_75914_82010.sdc 3134 
VOA/VOA3/creo/2006_creo1230a0306_34765_41856.sdc 3513 
VOA/VOA3/creo/2006_creo1230a0306_43309_51203.sdc 3555 
VOA/VOA3/creo/2006_creo1230a0306_52237_60918.sdc 4446 
VOA/VOA3/creo/2006_creo1230a0306_62032_66096.sdc 2000 
VOA/VOA3/creo/2006_creo1230a0306_67133_73178.sdc 3053 
VOA/VOA3/creo/2006_creo1230a0306_74086_80544.sdc 2940 
VOA/VOA3/creo/2006_creo1230a0309_44339_53088.sdc 4530 
VOA/VOA3/creo/2006_creo1230a0309_54515_60262.sdc 2716 
VOA/VOA3/creo/2006_creo1230a0309_61821_67126.sdc 2677 
VOA/VOA3/creo/2006_creo1230a0316_107523_117382.sdc 5025 
VOA/VOA3/creo/2006_creo1230a0316_53018_57405.sdc 2206 
VOA/VOA3/creo/2006_creo1230a0316_58317_61968.sdc 1863 
VOA/VOA3/creo/2006_creo1230a0316_64259_72726.sdc 4083 
VOA/VOA3/creo/2006_creo1230a0316_73478_79520.sdc 3094 
VOA/VOA3/creo/2006_creo1230a0316_99952_105491.sdc 2867 
VOA/VOA3/creo/2008_creo1230a0101_23590_29859.sdc 3199 
VOA/VOA3/creo/2008_creo1230a0101_41482_48016.sdc 3316 
VOA/VOA3/creo/2008_creo1230a0101_87382_95974.sdc 3908 
VOA/VOA3/creo/2008_creo1230a0101_97139_101574.sdc 2275 
VOA/VOA3/creo/2008_creo1230a0102_43341_54048.sdc 4373 
VOA/VOA3/creo/2008_creo1230a0104_106358_110579.sdc 2152 
VOA/VOA3/creo/2008_creo1230a0104_127798_131562.sdc 1916 
VOA/VOA3/creo/2008_creo1230a0104_132867_137613.sdc 2297 
VOA/VOA3/creo/2008_creo1230a0104_49712_58589.sdc 4433 
VOA/VOA3/creo/2008_creo1230a0107_59581_65501.sdc 2591 
VOA/VOA3/creo/2008_creo1230a0107_80006_89034.sdc 4090 
VOA/VOA3/creo/2008_creo1230a0107_98918_105370.sdc 3254 
VOA/VOA3/creo/2008_creo1230a0109_59690_63024.sdc 1631 
VOA/VOA3/creo/2008_creo1230a0109_71504_80067.sdc 4101 
VOA/VOA3/creo/2008_creo1230a0109_81069_86701.sdc 2894 
VOA/VOA3/creo/2008_creo1230a0110_43222_48500.sdc 2554 
VOA/VOA3/creo/2008_creo1230a0110_55763_59466.sdc 1847 
VOA/VOA3/creo/2008_creo1230a0110_93206_97760.sdc 2303 
VOA/VOA3/creo/2008_creo1230a0114_40653_44906.sdc 2105 
VOA/VOA3/creo/2008_creo1230a0114_46410_52666.sdc 3107 
VOA/VOA3/creo/2008_creo1230a0114_54349_61997.sdc 3915 
VOA/VOA3/creo/2008_creo1230a0114_70035_77686.sdc 3705 
VOA/VOA3/creo/2008_creo1230a0116_51757_58038.sdc 3232 
VOA/VOA3/creo/2008_creo1230a0116_58813_64179.sdc 2588 
VOA/VOA3/creo/2008_creo1230a0118_107715_111443.sdc 1881 
VOA/VOA3/creo/2008_creo1230a0118_113741_119971.sdc 3204 
VOA/VOA3/creo/2008_creo1230a0118_121059_124451.sdc 1738 
VOA/VOA3/creo/2008_creo1230a0118_126515_133050.sdc 3336 
VOA/VOA3/creo/2008_creo1230a0118_134323_139530.sdc 2651 
VOA/VOA3/creo/2008_creo1230a0118_48915_57638.sdc 4466 
VOA/VOA3/creo/2008_creo1230a0121_103338_107069.sdc 1888 
VOA/VOA3/creo/2008_creo1230a0121_108576_115194.sdc 3254 
VOA/VOA3/creo/2008_creo1230a0121_49661_56470.sdc 3517 
VOA/VOA3/creo/2008_creo1230a0121_61981_66176.sdc 2111 
VOA/VOA3/creo/2008_creo1230a0121_67664_73818.sdc 2907 
VOA/VOA3/creo/2008_creo1230a0121_98022_102208.sdc 2081 
VOA/VOA3/creo/2008_creo1230a0123_58333_63245.sdc 2205 
VOA/VOA3/creo/2008_creo1230a0123_66125_71190.sdc 2325 
VOA/VOA3/creo/2008_creo1230a0124_104333_109363.sdc 2504 
VOA/VOA3/creo/2008_creo1230a0124_110038_115395.sdc 2736 
VOA/VOA3/creo/2008_creo1230a0124_116234_120659.sdc 2237 
VOA/VOA3/creo/2008_creo1230a0124_55869_64275.sdc 4349 
VOA/VOA3/creo/2008_creo1230a0124_68218_74704.sdc 3336 
VOA/VOA3/creo/2008_creo1230a0124_97462_103629.sdc 3113 
VOA/VOA3/creo/2008_creo1230a0128_57728_62707.sdc 2087 
VOA/VOA3/creo/2008_creo1230a0128_64019_72381.sdc 4003 
VOA/VOA3/creo/2008_creo1230a0128_73750_80669.sdc 3467 
VOA/VOA3/creo/2008_creo1230a0130_44758_53222.sdc 4065 
VOA/VOA3/creo/2008_creo1230a0130_65418_70307.sdc 2117 
VOA/VOA3/creo/2008_creo1230a0130_71738_76627.sdc 2299 
VOA/VOA3/creo/2008_creo1230a0201_122742_126336.sdc 1835 
VOA/VOA3/creo/2008_creo1230a0201_56541_60064.sdc 1787 
VOA/VOA3/creo/2008_creo1230a0204_41962_46176.sdc 1958 
VOA/VOA3/creo/2008_creo1230a0206_48614_52077.sdc 1735 
VOA/VOA3/creo/2008_creo1230a0206_61341_70544.sdc 3810 
VOA/VOA3/creo/2008_creo1230a0207_107920_111946.sdc 1921 
VOA/VOA3/creo/2008_creo1230a0207_46864_52906.sdc 2883 
VOA/VOA3/creo/2008_creo1230a0208_109930_113270.sdc 1698 
VOA/VOA3/creo/2008_creo1230a0208_128355_131722.sdc 1728 
VOA/VOA3/creo/2008_creo1230a0208_140499_145181.sdc 2403 
VOA/VOA3/creo/2008_creo1230a0211_52432_58419.sdc 2928 
VOA/VOA3/creo/2008_creo1230a0211_59424_66928.sdc 3834 
VOA/VOA3/creo/2008_creo1230a0212_105136_113309.sdc 3739 
VOA/VOA3/creo/2008_creo1230a0212_130883_142285.sdc 5786 
VOA/VOA3/creo/2008_creo1230a0212_58486_65475.sdc 3527 
VOA/VOA3/creo/2008_creo1230a0212_99638_104589.sdc 2528 
VOA/VOA3/creo/2008_creo1230a0213_38378_44074.sdc 2837 
VOA/VOA3/creo/2008_creo1230a0213_45958_51962.sdc 2970 
VOA/VOA3/creo/2008_creo1230a0213_52902_58358.sdc 2659 
VOA/VOA3/creo/2008_creo1230a0218_36458_40291.sdc 1974 
VOA/VOA3/creo/2008_creo1230a0218_41581_46954.sdc 2546 
VOA/VOA3/creo/2008_creo1230a0218_58582_67306.sdc 4347 
VOA/VOA3/creo/2008_creo1230a0218_67923_77766.sdc 5039 
VOA/VOA3/creo/2008_creo1230a0219_107709_118410.sdc 5448 
VOA/VOA3/creo/2008_creo1230a0219_120266_125904.sdc 2608 
VOA/VOA3/creo/2008_creo1230a0219_134611_143302.sdc 4051 
VOA/VOA3/creo/2008_creo1230a0219_144678_149357.sdc 2324 
VOA/VOA3/creo/2008_creo1230a0219_71350_76621.sdc 2706 
VOA/VOA3/creo/2008_creo1230a0221_41238_45494.sdc 2152 
VOA/VOA3/creo/2008_creo1230a0221_46720_53552.sdc 3455 
VOA/VOA3/creo/2008_creo1230a0221_54509_59120.sdc 2127 
VOA/VOA3/creo/2008_creo1230a0221_60576_66154.sdc 2754 
VOA/VOA3/creo/2008_creo1230a0225_32330_42346.sdc 5002 
VOA/VOA3/creo/2008_creo1230a0225_43510_48900.sdc 2652 
VOA/VOA3/creo/2008_creo1230a0225_50189_58205.sdc 3900 
VOA/VOA3/creo/2008_creo1230a0226_114755_120442.sdc 2853 
VOA/VOA3/creo/2008_creo1230a0226_45126_49437.sdc 2203 
VOA/VOA3/creo/2008_creo1230a0226_57830_61878.sdc 2028 
VOA/VOA3/creo/2008_creo1230a0227_43427_47843.sdc 2211 
VOA/VOA3/creo/2008_creo1230a0227_58547_63802.sdc 2404 
VOA/VOA3/creo/2008_creo1230a0227_65027_71722.sdc 3396 
VOA/VOA3/creo/2008_creo1230a0228_100906_104909.sdc 2061 
VOA/VOA3/creo/2008_creo1230a0228_106406_116038.sdc 4885 
VOA/VOA3/creo/2008_creo1230a0228_122643_128563.sdc 2099 
VOA/VOA3/creo/2008_creo1230a0228_40758_47939.sdc 3662 
VOA/VOA3/creo/2008_creo1230a0228_49350_54874.sdc 2522 
VOA/VOA3/creo/2008_creo1230a0228_55997_64032.sdc 3903 
VOA/VOA3/creo/2008_creo1230a0228_96099_100314.sdc 2106 
VOA/VOA3/creo/2008_creo1230a0304_100202_106771.sdc 3035 
VOA/VOA3/creo/2008_creo1230a0304_107283_115485.sdc 3984 
VOA/VOA3/creo/2008_creo1230a0304_120701_126333.sdc 2823 
VOA/VOA3/creo/2008_creo1230a0304_127245_140048.sdc 5685 
VOA/VOA3/creo/2008_creo1230a0304_50096_54733.sdc 2373 
VOA/VOA3/creo/2008_creo1230a0304_68090_71939.sdc 1793 
VOA/VOA3/creo/2008_creo1230a0305_102957_110582.sdc 3913 
VOA/VOA3/creo/2008_creo1230a0305_129843_133440.sdc 1657 
VOA/VOA3/creo/2008_creo1230a0305_133520_137216.sdc 1799 
VOA/VOA3/creo/2008_creo1230a0305_40016_47107.sdc 3651 
VOA/VOA3/creo/2008_creo1230a0305_48336_53331.sdc 1841 
VOA/VOA3/creo/2008_creo1230a0305_54630_60246.sdc 2257 
VOA/VOA3/creo/2008_creo1230a0305_61024_66026.sdc 2332 
VOA/VOA3/creo/2008_creo1230a0306_101001_105283.sdc 2138 
VOA/VOA3/creo/2008_creo1230a0306_72646_79370.sdc 3410 
VOA/VOA3/creo/2008_creo1230a0307_117469_123408.sdc 3062 
VOA/VOA3/creo/2008_creo1230a0307_60019_65542.sdc 2060 
VOA/VOA3/creo/2008_creo1230a0310_37427_42374.sdc 2501 
VOA/VOA3/creo/2008_creo1230a0310_43306_50058.sdc 3224 
VOA/VOA3/creo/2008_creo1230a0311_104214_116179.sdc 5357 
VOA/VOA3/creo/2008_creo1230a0311_116896_121139.sdc 2078 
VOA/VOA3/creo/2008_creo1230a0311_134675_147539.sdc 6146 
VOA/VOA3/creo/2008_creo1230a0311_54618_58800.sdc 2115 
VOA/VOA3/creo/2008_creo1230a0311_64090_68816.sdc 2408 
VOA/VOA3/creo/2008_creo1230a0311_69821_73536.sdc 1911 
VOA/VOA3/creo/2008_creo1230a0312_37539_44381.sdc 3512 
VOA/VOA3/creo/2008_creo1230a0313_106416_113213.sdc 3302 
VOA/VOA3/creo/2008_creo1230a0313_113645_118019.sdc 2256 
VOA/VOA3/creo/2008_creo1230a0313_98970_103158.sdc 2113 
VOA/VOA3/creo/2008_creo1230a0321_122160_133005.sdc 5439 
VOA/VOA3/creo/2008_creo1230a0321_134022_142800.sdc 4422 
VOA/VOA3/creo/2008_creo1230a0321_145482_149498.sdc 2046 
VOA/VOA3/creo/2008_creo1230a0321_68618_71878.sdc 1668 
VOA/VOA3/creo/2008_creo1230a0321_74669_80739.sdc 3143 
VOA/VOA3/creo/2008_creo1230a0324_113601_120912.sdc 2656 
VOA/VOA3/creo/2008_creo1230a0324_128582_133779.sdc 2174 
VOA/VOA3/creo/2008_creo1230a0325_103203_108675.sdc 2759 
VOA/VOA3/creo/2008_creo1230a0325_128672_138160.sdc 4285 
VOA/VOA3/creo/2008_creo1230a0325_44090_53331.sdc 4706 
VOA/VOA3/creo/2008_creo1230a0327_132518_137158.sdc 2175 
VOA/VOA3/creo/2008_creo1230a0327_63238_67942.sdc 2116 
VOA/VOA3/creo/2008_creo1230a0401_103801_107578.sdc 1898 
VOA/VOA3/creo/2008_creo1230a0401_111949_117498.sdc 2714 
VOA/VOA3/creo/2008_creo1230a0401_124621_131427.sdc 3409 
VOA/VOA3/creo/2008_creo1230a0401_36854_45712.sdc 4218 
VOA/VOA3/creo/2008_creo1230a0402_128707_132688.sdc 2021 
VOA/VOA3/creo/2008_creo1230a0402_138675_144500.sdc 2958 
VOA/VOA3/creo/2008_creo1230a0402_50534_66554.sdc 7963 
VOA/VOA3/creo/2008_creo1230a0404_105526_109130.sdc 1817 
VOA/VOA3/creo/2008_creo1230a0404_109798_114061.sdc 2160 
VOA/VOA3/creo/2008_creo1230a0404_116448_123043.sdc 3147 
VOA/VOA3/creo/2008_creo1230a0404_126208_133245.sdc 3629 
VOA/VOA3/creo/2008_creo1230a0404_57859_65757.sdc 3942 
VOA/VOA3/creo/2008_creo1230a0407_46166_51907.sdc 2905 
VOA/VOA3/creo/2008_creo1230a0407_53331_57078.sdc 1883 
VOA/VOA3/creo/2008_creo1230a0407_58182_65997.sdc 3821 
VOA/VOA3/creo/2008_creo1230a0410_40496_48253.sdc 3962 
VOA/VOA3/creo/2008_creo1230a0410_51747_55530.sdc 1938 
VOA/VOA3/creo/2008_creo1230a0410_58586_66451.sdc 3775 
VOA/VOA3/creo/2008_creo1230a0411_108352_113056.sdc 1932 
VOA/VOA3/creo/2008_creo1230a0411_116150_120061.sdc 1897 
VOA/VOA3/creo/2008_creo1230a0411_120128_124928.sdc 2321 
VOA/VOA3/creo/2008_creo1230a0411_127501_132170.sdc 2270 
VOA/VOA3/creo/2008_creo1230a0411_132336_136813.sdc 2138 
VOA/VOA3/creo/2008_creo1230a0411_49814_58890.sdc 4685 
VOA/VOA3/creo/2008_creo1230a0415_47264_57002.sdc 5044 
VOA/VOA3/creo/2008_creo1230a0415_69485_73962.sdc 2242 
VOA/VOA3/creo/2008_creo1230a0415_79501_82900.sdc 1703 
VOA/VOA3/creo/2008_creo1230a0416_112413_118870.sdc 3334 
VOA/VOA3/creo/2008_creo1230a0416_56058_61974.sdc 2898 
VOA/VOA3/creo/2008_creo1230a0416_64618_72016.sdc 3815 
VOA/VOA3/creo/2008_creo1230a0417_102058_107322.sdc 2646 
VOA/VOA3/creo/2008_creo1230a0417_108282_112810.sdc 2292 
VOA/VOA3/creo/2008_creo1230a0417_92538_101670.sdc 4649 
VOA/VOA3/creo/2008_creo1230a0421_64608_69613.sdc 2576 
VOA/VOA3/creo/2008_creo1230a0423_104518_109846.sdc 2732 
VOA/VOA3/creo/2008_creo1230a0423_113363_120694.sdc 3693 
VOA/VOA3/creo/2008_creo1230a0423_50288_62624.sdc 6040 
VOA/VOA3/creo/2008_creo1230a0423_63302_72630.sdc 4430 
VOA/VOA3/creo/2008_creo1230a0425_51798_57210.sdc 2528 
VOA/VOA3/creo/2008_creo1230a0425_59555_64387.sdc 2482 
VOA/VOA3/creo/2008_creo1230a0428_36269_45360.sdc 4688 
VOA/VOA3/creo/2008_creo1230a0428_46451_55430.sdc 4460 
VOA/VOA3/creo/2008_creo1230a0428_58589_67875.sdc 3522 
VOA/VOA3/creo/2008_creo1230a0429_126234_138048.sdc 5591 
VOA/VOA3/creo/2008_creo1230a0429_139840_143091.sdc 1669 
VOA/VOA3/creo/2008_creo1230a0429_43766_51197.sdc 3856 
VOA/VOA3/creo/2008_creo1230a0505_130512_136771.sdc 2838 
VOA/VOA3/creo/2008_creo1230a0505_40874_46771.sdc 2956 
VOA/VOA3/creo/2008_creo1230a0506_44685_49885.sdc 2613 
VOA/VOA3/creo/2008_creo1230a0506_63581_68467.sdc 2508 
VOA/VOA3/creo/2008_creo1230a0506_93686_105658.sdc 6161 
VOA/VOA3/creo/2008_creo1230a0507_50019_62102.sdc 5592 
VOA/VOA3/creo/2008_creo1230a0507_64016_67398.sdc 1684 
VOA/VOA3/creo/2008_creo1230a0507_67754_71818.sdc 2056 
VOA/VOA3/creo/2008_creo1230a0507_74851_81357.sdc 3347 
VOA/VOA3/creo/2008_creo1230a0509_106601_115373.sdc 4451 
VOA/VOA3/creo/2008_creo1230a0509_118854_129331.sdc 5349 
VOA/VOA3/creo/2008_creo1230a0509_134090_141100.sdc 3562 
VOA/VOA3/creo/2008_creo1230a0509_68682_75107.sdc 2845 
VOA/VOA3/creo/2008_creo1230a0509_80688_84208.sdc 1691 
VOA/VOA3/creo/2008_creo1230a0512_50554_54166.sdc 1672 
VOA/VOA3/creo/2008_creo1230a0512_62006_69488.sdc 3342 
VOA/VOA3/creo/2008_creo1230a0513_133482_137421.sdc 1985 
VOA/VOA3/creo/2008_creo1230a0513_30883_39293.sdc 4339 
VOA/VOA3/creo/2008_creo1230a0513_6854_15008.sdc 4091 
VOA/VOA3/creo/2008_creo1230a0513_99251_105414.sdc 3104 
VOA/VOA3/creo/2008_creo1230a0514_63430_72499.sdc 4660 
VOA/VOA3/creo/2008_creo1230a0519_100819_104790.sdc 2027 
VOA/VOA3/creo/2008_creo1230a0519_109219_115098.sdc 3027 
VOA/VOA3/creo/2008_creo1230a0519_95728_100128.sdc 2080 
VOA/VOA3/creo/2008_creo1230a0520_107062_122374.sdc 7101 
VOA/VOA3/creo/2008_creo1230a0520_138131_146218.sdc 3825 
VOA/VOA3/creo/2008_creo1230a0520_146688_150310.sdc 1755 
VOA/VOA3/creo/2008_creo1230a0520_57386_66900.sdc 4793 
VOA/VOA3/creo/2008_creo1230a0520_69216_80627.sdc 5808 
VOA/VOA3/creo/2008_creo1230a0521_129574_134256.sdc 2381 
VOA/VOA3/creo/2008_creo1230a0521_136403_143700.sdc 3742 
VOA/VOA3/creo/2008_creo1230a0521_47280_55754.sdc 4301 
VOA/VOA3/creo/2008_creo1230a0521_57574_61472.sdc 2000 
VOA/VOA3/creo/2008_creo1230a0522_48854_53869.sdc 2520 
VOA/VOA3/creo/2008_creo1230a0522_54854_58368.sdc 1784 
VOA/VOA3/creo/2008_creo1230a0523_100246_103869.sdc 1833 
VOA/VOA3/creo/2008_creo1230a0523_105514_112390.sdc 3522 
VOA/VOA3/creo/2008_creo1230a0523_130384_134048.sdc 1882 
VOA/VOA3/creo/2008_creo1230a0523_47955_54966.sdc 3623 
VOA/VOA3/creo/2008_creo1230a0523_56029_63619.sdc 3927 
VOA/VOA3/creo/2008_creo1230a0523_65270_71066.sdc 2984 
VOA/VOA3/creo/2008_creo1230a0523_72445_78381.sdc 3009 
VOA/VOA3/creo/2008_creo1230a0526_103062_107178.sdc 2118 
VOA/VOA3/creo/2008_creo1230a0526_71274_75834.sdc 2314 
VOA/VOA3/creo/2008_creo1230a0527_121802_127978.sdc 3125 
VOA/VOA3/creo/2008_creo1230a0527_129827_133818.sdc 2014 
VOA/VOA3/creo/2008_creo1230a0527_52101_55955.sdc 1972 
VOA/VOA3/creo/2008_creo1230a0527_56931_64502.sdc 3742 
VOA/VOA3/creo/2008_creo1230a0527_99680_104333.sdc 2325 
VOA/VOA3/creo/2008_creo1230a0528_107226_117709.sdc 5067 
VOA/VOA3/creo/2008_creo1230a0528_45107_48253.sdc 1608 
VOA/VOA3/creo/2008_creo1230a0528_54035_61168.sdc 3633 
VOA/VOA3/creo/2008_creo1230a0528_62403_66528.sdc 2058 
VOA/VOA3/creo/2008_creo1230a0528_66717_71082.sdc 2198 
VOA/VOA3/creo/2008_creo1230a0529_44438_49315.sdc 2449 
VOA/VOA3/creo/2008_creo1230a0529_50733_58102.sdc 3748 
VOA/VOA3/creo/2008_creo1230a0529_59680_63530.sdc 1981 
VOA/VOA3/creo/2008_creo1230a0529_98112_103504.sdc 2757 
VOA/VOA3/creo/2008_creo1230a0602_39370_48714.sdc 4844 
VOA/VOA3/creo/2008_creo1230a0602_50147_56100.sdc 2960 
VOA/VOA3/creo/2008_creo1230a0603_100528_117418.sdc 8289 
VOA/VOA3/creo/2008_creo1230a0603_135763_140954.sdc 2532 
VOA/VOA3/creo/2008_creo1230a0603_38006_49306.sdc 5772 
VOA/VOA3/creo/2008_creo1230a0605_101338_106218.sdc 2453 
VOA/VOA3/creo/2008_creo1230a0605_106464_110186.sdc 1876 
VOA/VOA3/creo/2008_creo1230a0605_113898_122419.sdc 4311 
VOA/VOA3/creo/2008_creo1230a0605_51613_57731.sdc 3105 
VOA/VOA3/creo/2008_creo1230a0605_59846_67635.sdc 3970 
VOA/VOA3/creo/2008_creo1230a0606_105645_115194.sdc 4591 
VOA/VOA3/creo/2008_creo1230a0606_117018_122109.sdc 2473 
VOA/VOA3/creo/2008_creo1230a0606_124384_127610.sdc 1626 
VOA/VOA3/creo/2008_creo1230a0606_134762_139277.sdc 2289 
VOA/VOA3/creo/2008_creo1230a0606_49978_58800.sdc 4504 
VOA/VOA3/creo/2008_creo1230a0606_60131_66147.sdc 2704 
VOA/VOA3/creo/2008_creo1230a0606_67603_73738.sdc 3176 
VOA/VOA3/creo/2008_creo1230a0609_54474_65626.sdc 5421 
VOA/VOA3/creo/2008_creo1230a0611_117693_121450.sdc 1739 
VOA/VOA3/creo/2008_creo1230a0611_46106_59101.sdc 6743 
VOA/VOA3/creo/2008_creo1230a0611_59888_66109.sdc 3150 
VOA/VOA3/creo/2008_creo1230a0612_47405_58250.sdc 5533 
VOA/VOA3/creo/2008_creo1230a0612_60739_73658.sdc 6410 
VOA/VOA3/creo/2008_creo1230a0613_101318_108906.sdc 3891 
VOA/VOA3/creo/2008_creo1230a0613_122410_137000.sdc 7262 
VOA/VOA3/creo/2008_creo1230a0613_54314_61491.sdc 3611 
VOA/VOA3/creo/2008_creo1230a0613_65222_70467.sdc 2536 
VOA/VOA3/creo/2008_creo1230a0613_71594_81453.sdc 5061 
VOA/VOA3/creo/2008_creo1230a0616_131229_134714.sdc 1642 
VOA/VOA3/creo/2008_creo1230a0616_41238_49872.sdc 4367 
VOA/VOA3/creo/2008_creo1230a0616_50672_66013.sdc 7744 
VOA/VOA3/creo/2008_creo1230a0616_67171_75811.sdc 4279 
VOA/VOA3/creo/2008_creo1230a0617_97136_102198.sdc 2547 
VOA/VOA3/creo/2008_creo1230a0618_44179_53325.sdc 4610 
VOA/VOA3/creo/2008_creo1230a0618_53542_56694.sdc 1612 
VOA/VOA3/creo/2008_creo1230a0618_57910_64419.sdc 3325 
VOA/VOA3/creo/2008_creo1230a0619_108448_113891.sdc 1914 
VOA/VOA3/creo/2008_creo1230a0619_114710_118960.sdc 1657 
VOA/VOA3/creo/2008_creo1230a0619_52730_65075.sdc 6283 
VOA/VOA3/creo/2008_creo1230a0619_65725_71328.sdc 2801 
VOA/VOA3/creo/2008_creo1230a0623_46240_54544.sdc 4262 
VOA/VOA3/creo/2008_creo1230a0623_67949_75859.sdc 4003 
VOA/VOA3/creo/2008_creo1230a0624_106502_111869.sdc 2724 
VOA/VOA3/creo/2008_creo1230a0624_111955_122246.sdc 5241 
VOA/VOA3/creo/2008_creo1230a0624_65533_69718.sdc 2111 
VOA/VOA3/creo/2008_creo1230a0626_115453_119197.sdc 1637 
VOA/VOA3/creo/2008_creo1230a0626_63795_71053.sdc 3679 
VOA/VOA3/creo/2008_creo1230a0630_47574_55651.sdc 4033 
VOA/VOA3/creo/2008_creo1230a0630_59056_64624.sdc 2805 
VOA/VOA3/creo/2008_creo1230a0701_113971_117747.sdc 1632 
VOA/VOA3/creo/2008_creo1230a0701_129411_136774.sdc 3816 
VOA/VOA3/creo/2008_creo1230a0701_137613_141901.sdc 1982 
VOA/VOA3/creo/2008_creo1230a0701_44576_52480.sdc 4032 
VOA/VOA3/creo/2008_creo1230a0701_53430_64525.sdc 5710 
VOA/VOA3/creo/2008_creo1230a0702_48349_56848.sdc 4279 
VOA/VOA3/creo/2008_creo1730a0101_19802_32160.sdc 6106 
VOA/VOA3/creo/2008_creo1730a0101_32941_38282.sdc 2702 
VOA/VOA3/creo/2008_creo1730a0102_60397_64330.sdc 1893 
VOA/VOA3/creo/2008_creo1730a0102_71968_78861.sdc 3459 
VOA/VOA3/creo/2008_creo1730a0104_102915_106285.sdc 1678 
VOA/VOA3/creo/2008_creo1730a0104_107539_110947.sdc 1739 
VOA/VOA3/creo/2008_creo1730a0104_147392_151400.sdc 2008 
VOA/VOA3/creo/2008_creo1730a0104_47027_56144.sdc 4711 
VOA/VOA3/creo/2008_creo1730a0104_56403_60304.sdc 1929 
VOA/VOA3/creo/2008_creo1730a0104_64454_68442.sdc 1995 
VOA/VOA3/creo/2008_creo1730a0106_109098_117098.sdc 3845 
VOA/VOA3/creo/2008_creo1730a0106_117654_123898.sdc 3191 
VOA/VOA3/creo/2008_creo1730a0106_125005_135190.sdc 5266 
VOA/VOA3/creo/2008_creo1730a0106_135363_142010.sdc 3401 
VOA/VOA3/creo/2008_creo1730a0106_143632_152566.sdc 4251 
VOA/VOA3/creo/2008_creo1730a0106_48401_52224.sdc 1913 
VOA/VOA3/creo/2008_creo1730a0106_54026_57232.sdc 1624 
VOA/VOA3/creo/2008_creo1730a0106_61510_69277.sdc 3968 
VOA/VOA3/creo/2008_creo1730a0107_121878_132531.sdc 5207 
VOA/VOA3/creo/2008_creo1730a0107_133760_139286.sdc 2836 
VOA/VOA3/creo/2008_creo1730a0107_45475_53984.sdc 4250 
VOA/VOA3/creo/2008_creo1730a0107_77888_81978.sdc 1950 
VOA/VOA3/creo/2008_creo1730a0108_24154_29174.sdc 2578 
VOA/VOA3/creo/2008_creo1730a0108_55130_63165.sdc 4086 
VOA/VOA3/creo/2008_creo1730a0108_64189_69370.sdc 2571 
VOA/VOA3/creo/2008_creo1730a0110_116800_120224.sdc 1732 
VOA/VOA3/creo/2008_creo1730a0110_138019_145414.sdc 3701 
VOA/VOA3/creo/2008_creo1730a0110_155069_163200.sdc 4140 
VOA/VOA3/creo/2008_creo1730a0110_52016_55300.sdc 1606 
VOA/VOA3/creo/2008_creo1730a0110_64502_68186.sdc 1856 
VOA/VOA3/creo/2008_creo1730a0112_124688_130819.sdc 2554 
VOA/VOA3/creo/2008_creo1730a0112_137446_141965.sdc 2214 
VOA/VOA3/creo/2008_creo1730a0112_142032_149171.sdc 3518 
VOA/VOA3/creo/2008_creo1730a0112_25213_34147.sdc 4569 
VOA/VOA3/creo/2008_creo1730a0114_123213_137494.sdc 7220 
VOA/VOA3/creo/2008_creo1730a0114_53098_58675.sdc 2870 
VOA/VOA3/creo/2008_creo1730a0116_119680_125059.sdc 2708 
VOA/VOA3/creo/2008_creo1730a0116_126310_137104.sdc 5375 
VOA/VOA3/creo/2008_creo1730a0116_55715_59997.sdc 2196 
VOA/VOA3/creo/2008_creo1730a0116_64211_70950.sdc 2970 
VOA/VOA3/creo/2008_creo1730a0116_74688_80867.sdc 2909 
VOA/VOA3/creo/2008_creo1730a0117_144413_148861.sdc 2177 
VOA/VOA3/creo/2008_creo1730a0117_150291_158419.sdc 4010 
VOA/VOA3/creo/2008_creo1730a0119_102499_109539.sdc 3649 
VOA/VOA3/creo/2008_creo1730a0119_119501_123197.sdc 1891 
VOA/VOA3/creo/2008_creo1730a0119_132832_142435.sdc 4552 
VOA/VOA3/creo/2008_creo1730a0119_143485_148134.sdc 2332 
VOA/VOA3/creo/2008_creo1730a0119_148550_156835.sdc 4246 
VOA/VOA3/creo/2008_creo1730a0119_39158_46934.sdc 3975 
VOA/VOA3/creo/2008_creo1730a0119_82915_88099.sdc 2361 
VOA/VOA3/creo/2008_creo1730a0119_88189_93520.sdc 2726 
VOA/VOA3/creo/2008_creo1730a0119_95139_98813.sdc 1816 
VOA/VOA3/creo/2008_creo1730a0120_110778_128672.sdc 9150 
VOA/VOA3/creo/2008_creo1730a0120_137075_145837.sdc 4437 
VOA/VOA3/creo/2008_creo1730a0120_147754_159184.sdc 5573 
VOA/VOA3/creo/2008_creo1730a0120_159587_166038.sdc 3099 
VOA/VOA3/creo/2008_creo1730a0120_48042_54947.sdc 3529 
VOA/VOA3/creo/2008_creo1730a0120_57117_61616.sdc 2252 
VOA/VOA3/creo/2008_creo1730a0120_81862_85286.sdc 1768 
VOA/VOA3/creo/2008_creo1730a0120_86205_97856.sdc 5836 
VOA/VOA3/creo/2008_creo1730a0120_98243_107709.sdc 4796 
VOA/VOA3/creo/2008_creo1730a0121_51258_57043.sdc 2931 
VOA/VOA3/creo/2008_creo1730a0127_63379_72589.sdc 3795 
VOA/VOA3/creo/2008_creo1730a0127_97427_103741.sdc 3012 
VOA/VOA3/creo/2008_creo1730a0128_41981_49152.sdc 3612 
VOA/VOA3/creo/2008_creo1730a0129_125744_131462.sdc 2862 
VOA/VOA3/creo/2008_creo1730a0129_51014_55350.sdc 2191 
VOA/VOA3/creo/2008_creo1730a0129_60262_64224.sdc 1830 
VOA/VOA3/creo/2008_creo1730a0129_65830_69427.sdc 1834 
VOA/VOA3/creo/2008_creo1730a0129_71203_79021.sdc 3991 
VOA/VOA3/creo/2008_creo1730a0130_49178_52832.sdc 1852 
VOA/VOA3/creo/2008_creo1730a0130_55395_64307.sdc 4562 
VOA/VOA3/creo/2008_creo1730a0201_55363_62576.sdc 3555 
VOA/VOA3/creo/2008_creo1730a0202_101226_109635.sdc 4299 
VOA/VOA3/creo/2008_creo1730a0202_110493_120803.sdc 5257 
VOA/VOA3/creo/2008_creo1730a0202_121843_141350.sdc 10112 
VOA/VOA3/creo/2008_creo1730a0202_144602_155395.sdc 5593 
VOA/VOA3/creo/2008_creo1730a0202_155872_159789.sdc 2006 
VOA/VOA3/creo/2008_creo1730a0202_44954_54790.sdc 4998 
VOA/VOA3/creo/2008_creo1730a0202_64989_74179.sdc 4477 
VOA/VOA3/creo/2008_creo1730a0202_74666_85309.sdc 5347 
VOA/VOA3/creo/2008_creo1730a0202_86131_89568.sdc 1741 
VOA/VOA3/creo/2008_creo1730a0203_104544_110035.sdc 2776 
VOA/VOA3/creo/2008_creo1730a0203_115779_125306.sdc 4534 
VOA/VOA3/creo/2008_creo1730a0203_128826_132864.sdc 1854 
VOA/VOA3/creo/2008_creo1730a0203_32474_37101.sdc 2366 
VOA/VOA3/creo/2008_creo1730a0203_66960_76970.sdc 5137 
VOA/VOA3/creo/2008_creo1730a0203_78707_99290.sdc 10699 
VOA/VOA3/creo/2008_creo1730a0204_117315_128157.sdc 5581 
VOA/VOA3/creo/2008_creo1730a0204_130538_136518.sdc 3050 
VOA/VOA3/creo/2008_creo1730a0204_49206_53414.sdc 1941 
VOA/VOA3/creo/2008_creo1730a0207_133088_137210.sdc 2078 
VOA/VOA3/creo/2008_creo1730a0207_138230_144397.sdc 3110 
VOA/VOA3/creo/2008_creo1730a0207_153187_156605.sdc 1757 
VOA/VOA3/creo/2008_creo1730a0207_164515_168666.sdc 2130 
VOA/VOA3/creo/2008_creo1730a0207_65670_69680.sdc 1984 
VOA/VOA3/creo/2008_creo1730a0207_71114_75482.sdc 2251 
VOA/VOA3/creo/2008_creo1730a0209_103254_114819.sdc 5840 
VOA/VOA3/creo/2008_creo1730a0209_121987_137174.sdc 7611 
VOA/VOA3/creo/2008_creo1730a0209_148042_155072.sdc 3604 
VOA/VOA3/creo/2008_creo1730a0209_158317_170198.sdc 6127 
VOA/VOA3/creo/2008_creo1730a0209_24630_32355.sdc 3842 
VOA/VOA3/creo/2008_creo1730a0209_44323_60291.sdc 7825 
VOA/VOA3/creo/2008_creo1730a0209_67280_78518.sdc 5676 
VOA/VOA3/creo/2008_creo1730a0209_88909_101360.sdc 6272 
VOA/VOA3/creo/2008_creo1730a0210_120224_130774.sdc 5450 
VOA/VOA3/creo/2008_creo1730a0210_133293_148579.sdc 7743 
VOA/VOA3/creo/2008_creo1730a0210_153926_162493.sdc 4311 
VOA/VOA3/creo/2008_creo1730a0210_162918_172355.sdc 4774 
VOA/VOA3/creo/2008_creo1730a0210_69530_75955.sdc 3276 
VOA/VOA3/creo/2008_creo1730a0210_83475_94154.sdc 5393 
VOA/VOA3/creo/2008_creo1730a0210_99898_115568.sdc 7950 
VOA/VOA3/creo/2008_creo1730a0211_66794_74650.sdc 4001 
VOA/VOA3/creo/2008_creo1730a0212_124582_128762.sdc 2048 
VOA/VOA3/creo/2008_creo1730a0212_49920_57693.sdc 3894 
VOA/VOA3/creo/2008_creo1730a0212_59232_63680.sdc 2281 
VOA/VOA3/creo/2008_creo1730a0212_72112_75270.sdc 1610 
VOA/VOA3/creo/2008_creo1730a0213_51082_56829.sdc 2741 
VOA/VOA3/creo/2008_creo1730a0213_68656_79235.sdc 5383 
VOA/VOA3/creo/2008_creo1730a0214_46064_54413.sdc 4282 
VOA/VOA3/creo/2008_creo1730a0215_105674_111238.sdc 2854 
VOA/VOA3/creo/2008_creo1730a0215_124253_127571.sdc 1642 
VOA/VOA3/creo/2008_creo1730a0215_49069_55491.sdc 3304 
VOA/VOA3/creo/2008_creo1730a0215_56630_61482.sdc 2402 
VOA/VOA3/creo/2008_creo1730a0215_62893_71597.sdc 4387 
VOA/VOA3/creo/2008_creo1730a0216_40682_44218.sdc 1813 
VOA/VOA3/creo/2008_creo1730a0216_54896_61245.sdc 3225 
VOA/VOA3/creo/2008_creo1730a0216_61610_68675.sdc 3619 
VOA/VOA3/creo/2008_creo1730a0216_69194_72576.sdc 1726 
VOA/VOA3/creo/2008_creo1730a0218_48410_54915.sdc 3191 
VOA/VOA3/creo/2008_creo1730a0218_62966_71542.sdc 3953 
VOA/VOA3/creo/2008_creo1730a0218_72829_81789.sdc 4546 
VOA/VOA3/creo/2008_creo1730a0220_157363_164090.sdc 3361 
VOA/VOA3/creo/2008_creo1730a0220_69917_74211.sdc 2149 
VOA/VOA3/creo/2008_creo1730a0220_75408_83222.sdc 3892 
VOA/VOA3/creo/2008_creo1730a0221_53968_58134.sdc 2143 
VOA/VOA3/creo/2008_creo1730a0221_62122_65648.sdc 1792 
VOA/VOA3/creo/2008_creo1730a0222_50944_57306.sdc 3261 
VOA/VOA3/creo/2008_creo1730a0222_58768_64541.sdc 2967 
VOA/VOA3/creo/2008_creo1730a0223_28201_32019.sdc 1906 
VOA/VOA3/creo/2008_creo1730a0223_70035_75786.sdc 2790 
VOA/VOA3/creo/2008_creo1730a0223_76608_82048.sdc 2739 
VOA/VOA3/creo/2008_creo1730a0224_130966_141421.sdc 4776 
VOA/VOA3/creo/2008_creo1730a0224_146400_150592.sdc 1947 
VOA/VOA3/creo/2008_creo1730a0225_58592_64154.sdc 2540 
VOA/VOA3/creo/2008_creo1730a0225_69162_73968.sdc 2270 
VOA/VOA3/creo/2008_creo1730a0226_123715_127075.sdc 1703 
VOA/VOA3/creo/2008_creo1730a0226_128227_135274.sdc 3583 
VOA/VOA3/creo/2008_creo1730a0226_53606_63792.sdc 4482 
VOA/VOA3/creo/2008_creo1730a0226_64435_71306.sdc 3325 
VOA/VOA3/creo/2008_creo1730a0227_67738_75091.sdc 3715 
VOA/VOA3/creo/2008_creo1730a0228_61533_68595.sdc 3329 
VOA/VOA3/creo/2008_creo1730a0228_70579_77354.sdc 3474 
VOA/VOA3/creo/2008_creo1730a0229_108275_112554.sdc 2182 
VOA/VOA3/creo/2008_creo1730a0229_112842_118333.sdc 2766 
VOA/VOA3/creo/2008_creo1730a0229_119251_126848.sdc 3901 
VOA/VOA3/creo/2008_creo1730a0229_41446_45949.sdc 2305 
VOA/VOA3/creo/2008_creo1730a0229_47488_51818.sdc 2216 
VOA/VOA3/creo/2008_creo1730a0229_61114_65226.sdc 2102 
VOA/VOA3/creo/2008_creo1730a0302_105181_116096.sdc 5505 
VOA/VOA3/creo/2008_creo1730a0302_117443_122410.sdc 2548 
VOA/VOA3/creo/2008_creo1730a0302_129786_136758.sdc 3589 
VOA/VOA3/creo/2008_creo1730a0302_137299_144880.sdc 3803 
VOA/VOA3/creo/2008_creo1730a0302_145005_152922.sdc 4000 
VOA/VOA3/creo/2008_creo1730a0302_153734_161104.sdc 3740 
VOA/VOA3/creo/2008_creo1730a0302_164067_168691.sdc 2324 
VOA/VOA3/creo/2008_creo1730a0302_36752_59334.sdc 11435 
VOA/VOA3/creo/2008_creo1730a0302_71821_76509.sdc 2382 
VOA/VOA3/creo/2008_creo1730a0302_77606_84429.sdc 3462 
VOA/VOA3/creo/2008_creo1730a0302_84522_93603.sdc 4668 
VOA/VOA3/creo/2008_creo1730a0302_96896_104378.sdc 3742 
VOA/VOA3/creo/2008_creo1730a0303_129411_133565.sdc 1862 
VOA/VOA3/creo/2008_creo1730a0303_65542_73910.sdc 4155 
VOA/VOA3/creo/2008_creo1730a0304_63843_73162.sdc 4682 
VOA/VOA3/creo/2008_creo1730a0305_35766_41235.sdc 2793 
VOA/VOA3/creo/2008_creo1730a0305_46803_51094.sdc 2022 
VOA/VOA3/creo/2008_creo1730a0305_60781_65776.sdc 1926 
VOA/VOA3/creo/2008_creo1730a0307_53750_58448.sdc 2198 
VOA/VOA3/creo/2008_creo1730a0308_111414_115859.sdc 2157 
VOA/VOA3/creo/2008_creo1730a0308_119091_124675.sdc 2426 
VOA/VOA3/creo/2008_creo1730a0308_41514_52950.sdc 5478 
VOA/VOA3/creo/2008_creo1730a0309_120736_124518.sdc 1944 
VOA/VOA3/creo/2008_creo1730a0309_145168_150026.sdc 2453 
VOA/VOA3/creo/2008_creo1730a0309_24605_39178.sdc 7412 
VOA/VOA3/creo/2008_creo1730a0309_91315_95498.sdc 2166 
VOA/VOA3/creo/2008_creo1730a0309_96317_107002.sdc 5473 
VOA/VOA3/creo/2008_creo1730a0310_52122_56086.sdc 2031 
VOA/VOA3/creo/2008_creo1730a0311_38621_44624.sdc 3027 
VOA/VOA3/creo/2008_creo1730a0311_46666_50416.sdc 1924 
VOA/VOA3/creo/2008_creo1730a0312_64845_71299.sdc 3322 
VOA/VOA3/creo/2008_creo1730a0313_125299_133181.sdc 3691 
VOA/VOA3/creo/2008_creo1730a0313_146515_152080.sdc 2763 
VOA/VOA3/creo/2008_creo1730a0313_156880_160448.sdc 1787 
VOA/VOA3/creo/2008_creo1730a0313_161408_166163.sdc 2448 
VOA/VOA3/creo/2008_creo1730a0313_46051_52200.sdc 2589 
VOA/VOA3/creo/2008_creo1730a0313_53264_56957.sdc 1882 
VOA/VOA3/creo/2008_creo1730a0313_68189_73021.sdc 2450 
VOA/VOA3/creo/2008_creo1730a0313_76234_86013.sdc 4054 
VOA/VOA3/creo/2008_creo1730a0314_110170_113773.sdc 1754 
VOA/VOA3/creo/2008_creo1730a0314_54109_58445.sdc 2174 
VOA/VOA3/creo/2008_creo1730a0314_61606_70643.sdc 4522 
VOA/VOA3/creo/2008_creo1730a0315_102646_108115.sdc 2618 
VOA/VOA3/creo/2008_creo1730a0315_134214_138365.sdc 2142 
VOA/VOA3/creo/2008_creo1730a0315_62515_67100.sdc 2226 
VOA/VOA3/creo/2008_creo1730a0315_94707_99021.sdc 2054 
VOA/VOA3/creo/2008_creo1730a0316_106845_115203.sdc 4218 
VOA/VOA3/creo/2008_creo1730a0316_115296_118835.sdc 1654 
VOA/VOA3/creo/2008_creo1730a0316_136000_140202.sdc 2121 
VOA/VOA3/creo/2008_creo1730a0316_141181_148074.sdc 3116 
VOA/VOA3/creo/2008_creo1730a0316_159053_162605.sdc 1768 
VOA/VOA3/creo/2008_creo1730a0316_162672_166205.sdc 1769 
VOA/VOA3/creo/2008_creo1730a0316_83046_88678.sdc 2816 
VOA/VOA3/creo/2008_creo1730a0316_88749_95507.sdc 3470 
VOA/VOA3/creo/2008_creo1730a0316_95725_105488.sdc 4891 
VOA/VOA3/creo/2008_creo1730a0317_49392_57181.sdc 3981 
VOA/VOA3/creo/2008_creo1730a0317_62109_67800.sdc 2781 
VOA/VOA3/creo/2008_creo1730a0319_48086_57168.sdc 4610 
VOA/VOA3/creo/2008_creo1730a0319_61002_65888.sdc 2488 
VOA/VOA3/creo/2008_creo1730a0320_117552_122371.sdc 1987 
VOA/VOA3/creo/2008_creo1730a0320_125030_129322.sdc 1979 
VOA/VOA3/creo/2008_creo1730a0320_131539_137216.sdc 2229 
VOA/VOA3/creo/2008_creo1730a0320_150198_156144.sdc 2936 
VOA/VOA3/creo/2008_creo1730a0320_158896_164752.sdc 2852 
VOA/VOA3/creo/2008_creo1730a0320_38803_47955.sdc 4533 
VOA/VOA3/creo/2008_creo1730a0324_148736_153274.sdc 1878 
VOA/VOA3/creo/2008_creo1730a0324_163840_168954.sdc 2219 
VOA/VOA3/creo/2008_creo1730a0324_41965_48349.sdc 3146 
VOA/VOA3/creo/2008_creo1730a0324_52906_60048.sdc 3669 
VOA/VOA3/creo/2008_creo1730a0325_116701_122909.sdc 3114 
VOA/VOA3/creo/2008_creo1730a0325_124493_129322.sdc 2442 
VOA/VOA3/creo/2008_creo1730a0325_131408_138464.sdc 3571 
VOA/VOA3/creo/2008_creo1730a0325_38739_42099.sdc 1717 
VOA/VOA3/creo/2008_creo1730a0325_53533_57152.sdc 1870 
VOA/VOA3/creo/2008_creo1730a0325_58189_62547.sdc 2193 
VOA/VOA3/creo/2008_creo1730a0326_112458_121747.sdc 4503 
VOA/VOA3/creo/2008_creo1730a0326_123517_128026.sdc 2171 
VOA/VOA3/creo/2008_creo1730a0326_141581_162054.sdc 10417 
VOA/VOA3/creo/2008_creo1730a0326_39395_47990.sdc 4437 
VOA/VOA3/creo/2008_creo1730a0331_62099_68906.sdc 3450 
VOA/VOA3/creo/2008_creo1730a0401_43293_47805.sdc 2328 
VOA/VOA3/creo/2008_creo1730a0402_54528_60784.sdc 2917 
VOA/VOA3/creo/2008_creo1730a0403_144566_150442.sdc 2925 
VOA/VOA3/creo/2008_creo1730a0403_156874_163606.sdc 3368 
VOA/VOA3/creo/2008_creo1730a0403_48038_55712.sdc 3904 
VOA/VOA3/creo/2008_creo1730a0403_63459_69213.sdc 2852 
VOA/VOA3/creo/2008_creo1730a0403_73261_77706.sdc 2256 
VOA/VOA3/creo/2008_creo1730a0406_104525_112416.sdc 3850 
VOA/VOA3/creo/2008_creo1730a0406_113536_118595.sdc 2577 
VOA/VOA3/creo/2008_creo1730a0406_120918_129117.sdc 4233 
VOA/VOA3/creo/2008_creo1730a0406_129274_137360.sdc 4107 
VOA/VOA3/creo/2008_creo1730a0406_144874_151862.sdc 3558 
VOA/VOA3/creo/2008_creo1730a0406_15174_28099.sdc 6402 
VOA/VOA3/creo/2008_creo1730a0406_155056_160515.sdc 2649 
VOA/VOA3/creo/2008_creo1730a0406_41475_44829.sdc 1684 
VOA/VOA3/creo/2008_creo1730a0406_45110_50589.sdc 2795 
VOA/VOA3/creo/2008_creo1730a0406_54201_58493.sdc 2179 
VOA/VOA3/creo/2008_creo1730a0406_83597_90816.sdc 3545 
VOA/VOA3/creo/2008_creo1730a0406_90957_98403.sdc 3752 
VOA/VOA3/creo/2008_creo1730a0406_98870_103462.sdc 2142 
VOA/VOA3/creo/2008_creo1730a0407_36054_42656.sdc 3293 
VOA/VOA3/creo/2008_creo1730a0407_70278_74394.sdc 1975 
VOA/VOA3/creo/2008_creo1730a0409_123824_129459.sdc 2871 
VOA/VOA3/creo/2008_creo1730a0409_40419_45059.sdc 2372 
VOA/VOA3/creo/2008_creo1730a0409_45126_49376.sdc 2133 
VOA/VOA3/creo/2008_creo1730a0409_51968_58600.sdc 3288 
VOA/VOA3/creo/2008_creo1730a0409_61059_67850.sdc 3278 
VOA/VOA3/creo/2008_creo1730a0410_135904_141418.sdc 2736 
VOA/VOA3/creo/2008_creo1730a0410_142358_149277.sdc 3468 
VOA/VOA3/creo/2008_creo1730a0410_47990_51872.sdc 2003 
VOA/VOA3/creo/2008_creo1730a0411_46650_52429.sdc 2972 
VOA/VOA3/creo/2008_creo1730a0412_108026_115683.sdc 3794 
VOA/VOA3/creo/2008_creo1730a0412_35853_41376.sdc 2841 
VOA/VOA3/creo/2008_creo1730a0412_45411_51382.sdc 3068 
VOA/VOA3/creo/2008_creo1730a0412_65238_70013.sdc 2452 
VOA/VOA3/creo/2008_creo1730a0412_70800_75946.sdc 2610 
VOA/VOA3/creo/2008_creo1730a0412_76838_81126.sdc 2169 
VOA/VOA3/creo/2008_creo1730a0412_82838_88678.sdc 2937 
VOA/VOA3/creo/2008_creo1730a0412_90067_102211.sdc 6169 
VOA/VOA3/creo/2008_creo1730a0414_135200_139699.sdc 2249 
VOA/VOA3/creo/2008_creo1730a0414_39706_45936.sdc 3212 
VOA/VOA3/creo/2008_creo1730a0414_50906_56035.sdc 2515 
VOA/VOA3/creo/2008_creo1730a0414_61914_67034.sdc 2607 
VOA/VOA3/creo/2008_creo1730a0414_69059_73158.sdc 2101 
VOA/VOA3/creo/2008_creo1730a0414_76013_84227.sdc 3615 
VOA/VOA3/creo/2008_creo1730a0416_49360_56758.sdc 3733 
VOA/VOA3/creo/2008_creo1730a0417_147126_153738.sdc 3339 
VOA/VOA3/creo/2008_creo1730a0417_155168_163824.sdc 4412 
VOA/VOA3/creo/2008_creo1730a0417_38272_46963.sdc 4290 
VOA/VOA3/creo/2008_creo1730a0417_48992_52810.sdc 1904 
VOA/VOA3/creo/2008_creo1730a0417_62899_71286.sdc 4337 
VOA/VOA3/creo/2008_creo1730a0418_43398_49277.sdc 2956 
VOA/VOA3/creo/2008_creo1730a0421_105574_111558.sdc 2526 
VOA/VOA3/creo/2008_creo1730a0421_115763_121456.sdc 2380 
VOA/VOA3/creo/2008_creo1730a0421_122259_127296.sdc 2224 
VOA/VOA3/creo/2008_creo1730a0421_48944_58989.sdc 5112 
VOA/VOA3/creo/2008_creo1730a0423_142701_164800.sdc 10889 
VOA/VOA3/creo/2008_creo1730a0423_64739_68589.sdc 1939 
VOA/VOA3/creo/2008_creo1730a0423_68675_72198.sdc 1762 
VOA/VOA3/creo/2008_creo1730a0425_104931_111248.sdc 3177 
VOA/VOA3/creo/2008_creo1730a0425_113827_121930.sdc 4130 
VOA/VOA3/creo/2008_creo1730a0425_151533_154714.sdc 1624 
VOA/VOA3/creo/2008_creo1730a0425_97507_103338.sdc 2929 
VOA/VOA3/creo/2008_creo1730a0426_114531_123446.sdc 3743 
VOA/VOA3/creo/2008_creo1730a0426_130010_135424.sdc 2494 
VOA/VOA3/creo/2008_creo1730a0426_136566_140403.sdc 1838 
VOA/VOA3/creo/2008_creo1730a0426_142490_146102.sdc 1672 
VOA/VOA3/creo/2008_creo1730a0426_154243_162822.sdc 4127 
VOA/VOA3/creo/2008_creo1730a0426_16944_21261.sdc 2209 
VOA/VOA3/creo/2008_creo1730a0426_7488_14346.sdc 3491 
VOA/VOA3/creo/2008_creo1730a0427_158819_162755.sdc 1949 
VOA/VOA3/creo/2008_creo1730a0427_80874_84160.sdc 1694 
VOA/VOA3/creo/2008_creo1730a0428_116410_125706.sdc 3560 
VOA/VOA3/creo/2008_creo1730a0428_131213_137264.sdc 2818 
VOA/VOA3/creo/2008_creo1730a0429_127030_131050.sdc 2029 
VOA/VOA3/creo/2008_creo1730a0429_52346_59072.sdc 3440 
VOA/VOA3/creo/2008_creo1730a0430_143152_164490.sdc 7879 
VOA/VOA3/creo/2008_creo1730a0501_55338_62064.sdc 3475 
VOA/VOA3/creo/2008_creo1730a0502_105568_109939.sdc 2027 
VOA/VOA3/creo/2008_creo1730a0502_119728_123162.sdc 1734 
VOA/VOA3/creo/2008_creo1730a0502_38470_43693.sdc 2650 
VOA/VOA3/creo/2008_creo1730a0502_45517_53219.sdc 3950 
VOA/VOA3/creo/2008_creo1730a0502_54496_62250.sdc 3916 
VOA/VOA3/creo/2008_creo1730a0503_119987_129498.sdc 4714 
VOA/VOA3/creo/2008_creo1730a0503_151123_162147.sdc 5221 
VOA/VOA3/creo/2008_creo1730a0503_59866_70867.sdc 5648 
VOA/VOA3/creo/2008_creo1730a0503_71133_75750.sdc 2354 
VOA/VOA3/creo/2008_creo1730a0503_77802_85018.sdc 3606 
VOA/VOA3/creo/2008_creo1730a0503_85741_89222.sdc 1741 
VOA/VOA3/creo/2008_creo1730a0504_115741_119866.sdc 1922 
VOA/VOA3/creo/2008_creo1730a0504_25696_35235.sdc 4922 
VOA/VOA3/creo/2008_creo1730a0504_81597_86355.sdc 2372 
VOA/VOA3/creo/2008_creo1730a0504_87219_91546.sdc 2151 
VOA/VOA3/creo/2008_creo1730a0504_97190_105072.sdc 3855 
VOA/VOA3/creo/2008_creo1730a0505_112493_116010.sdc 1707 
VOA/VOA3/creo/2008_creo1730a0505_55696_64970.sdc 4694 
VOA/VOA3/creo/2008_creo1730a0506_115978_123050.sdc 3609 
VOA/VOA3/creo/2008_creo1730a0506_126640_129827.sdc 1629 
VOA/VOA3/creo/2008_creo1730a0506_49443_58710.sdc 4691 
VOA/VOA3/creo/2008_creo1730a0506_59901_66243.sdc 3236 
VOA/VOA3/creo/2008_creo1730a0507_122262_126621.sdc 2231 
VOA/VOA3/creo/2008_creo1730a0507_144288_148230.sdc 1999 
VOA/VOA3/creo/2008_creo1730a0507_60582_64035.sdc 1723 
VOA/VOA3/creo/2008_creo1730a0507_72141_75952.sdc 1913 
VOA/VOA3/creo/2008_creo1730a0512_122486_126819.sdc 2222 
VOA/VOA3/creo/2008_creo1730a0512_127075_130512.sdc 1752 
VOA/VOA3/creo/2008_creo1730a0512_36464_41046.sdc 2137 
VOA/VOA3/creo/2008_creo1730a0512_43312_47632.sdc 2084 
VOA/VOA3/creo/2008_creo1730a0512_49683_53683.sdc 2036 
VOA/VOA3/creo/2008_creo1730a0512_56688_60634.sdc 1750 
VOA/VOA3/creo/2008_creo1730a0512_63984_69030.sdc 2548 
VOA/VOA3/creo/2008_creo1730a0513_59645_63597.sdc 1848 
VOA/VOA3/creo/2008_creo1730a0513_64877_69731.sdc 2271 
VOA/VOA3/creo/2008_creo1730a0514_143229_159078.sdc 8130 
VOA/VOA3/creo/2008_creo1730a0514_41581_51789.sdc 5133 
VOA/VOA3/creo/2008_creo1730a0514_54250_57962.sdc 1850 
VOA/VOA3/creo/2008_creo1730a0514_61939_67242.sdc 2429 
VOA/VOA3/creo/2008_creo1730a0514_69693_74112.sdc 2224 
VOA/VOA3/creo/2008_creo1730a0516_72496_75942.sdc 1751 
VOA/VOA3/creo/2008_creo1730a0519_54531_65210.sdc 5408 
VOA/VOA3/creo/2008_creo1730a0520_109702_116416.sdc 3451 
VOA/VOA3/creo/2008_creo1730a0522_114106_121603.sdc 3890 
VOA/VOA3/creo/2008_creo1730a0522_125814_132054.sdc 3129 
VOA/VOA3/creo/2008_creo1730a0522_132173_135453.sdc 1690 
VOA/VOA3/creo/2008_creo1730a0522_150326_155322.sdc 2447 
VOA/VOA3/creo/2008_creo1730a0522_155555_160886.sdc 2687 
VOA/VOA3/creo/2008_creo1730a0522_162550_167792.sdc 2676 
VOA/VOA3/creo/2008_creo1730a0522_63552_72838.sdc 4790 
VOA/VOA3/creo/2008_creo1730a0524_101357_115958.sdc 7502 
VOA/VOA3/creo/2008_creo1730a0524_117293_135299.sdc 9200 
VOA/VOA3/creo/2008_creo1730a0524_140298_143533.sdc 1663 
VOA/VOA3/creo/2008_creo1730a0524_149619_153072.sdc 1769 
VOA/VOA3/creo/2008_creo1730a0524_156237_162509.sdc 3155 
VOA/VOA3/creo/2008_creo1730a0524_54042_63446.sdc 4790 
VOA/VOA3/creo/2008_creo1730a0524_64931_70333.sdc 2793 
VOA/VOA3/creo/2008_creo1730a0524_75165_79574.sdc 2245 
VOA/VOA3/creo/2008_creo1730a0524_80758_85504.sdc 2442 
VOA/VOA3/creo/2008_creo1730a0524_88138_94275.sdc 3070 
VOA/VOA3/creo/2008_creo1730a0524_94480_101283.sdc 3433 
VOA/VOA3/creo/2008_creo1730a0525_112077_120643.sdc 4408 
VOA/VOA3/creo/2008_creo1730a0525_146986_152099.sdc 2377 
VOA/VOA3/creo/2008_creo1730a0525_156394_164163.sdc 3961 
VOA/VOA3/creo/2008_creo1730a0525_24141_32637.sdc 4400 
VOA/VOA3/creo/2008_creo1730a0525_33066_40989.sdc 4093 
VOA/VOA3/creo/2008_creo1730a0529_126912_133165.sdc 3179 
VOA/VOA3/creo/2008_creo1730a0529_13309_17366.sdc 1792 
VOA/VOA3/creo/2008_creo1730a0529_133530_138858.sdc 2647 
VOA/VOA3/creo/2008_creo1730a0530_110374_114835.sdc 2269 
VOA/VOA3/creo/2008_creo1730a0530_49430_53171.sdc 1911 
VOA/VOA3/creo/2008_creo1730a0530_55402_64320.sdc 4394 
VOA/VOA3/creo/2008_creo1730a0603_49146_54115.sdc 2541 
VOA/VOA3/creo/2008_creo1730a0603_55686_60067.sdc 2245 
VOA/VOA3/creo/2008_creo1730a0604_41840_51382.sdc 4928 
VOA/VOA3/creo/2008_creo1730a0604_55706_60698.sdc 2156 
VOA/VOA3/creo/2008_creo1730a0605_124253_128259.sdc 1728 
VOA/VOA3/creo/2008_creo1730a0605_130282_133818.sdc 1701 
VOA/VOA3/creo/2008_creo1730a0605_148627_152234.sdc 1853 
VOA/VOA3/creo/2008_creo1730a0605_152784_157098.sdc 2193 
VOA/VOA3/creo/2008_creo1730a0605_160109_164595.sdc 2253 
VOA/VOA3/creo/2008_creo1730a0605_39059_45459.sdc 3296 
VOA/VOA3/creo/2008_creo1730a0605_47162_54669.sdc 3793 
VOA/VOA3/creo/2008_creo1730a0605_56362_62070.sdc 2905 
VOA/VOA3/creo/2008_creo1730a0607_101418_105014.sdc 1735 
VOA/VOA3/creo/2008_creo1730a0607_106064_116598.sdc 5107 
VOA/VOA3/creo/2008_creo1730a0607_116883_120419.sdc 1619 
VOA/VOA3/creo/2008_creo1730a0607_122717_126045.sdc 1695 
VOA/VOA3/creo/2008_creo1730a0607_131293_136109.sdc 2492 
VOA/VOA3/creo/2008_creo1730a0607_137840_141648.sdc 1950 
VOA/VOA3/creo/2008_creo1730a0607_142074_145670.sdc 1825 
VOA/VOA3/creo/2008_creo1730a0607_71136_76435.sdc 2434 
VOA/VOA3/creo/2008_creo1730a0607_79971_84493.sdc 2317 
VOA/VOA3/creo/2008_creo1730a0607_85517_89907.sdc 2075 
VOA/VOA3/creo/2008_creo1730a0607_94390_98790.sdc 2204 
VOA/VOA3/creo/2008_creo1730a0609_106330_110336.sdc 2047 
VOA/VOA3/creo/2008_creo1730a0609_111914_115632.sdc 1875 
VOA/VOA3/creo/2008_creo1730a0609_116192_120422.sdc 2145 
VOA/VOA3/creo/2008_creo1730a0609_46736_56774.sdc 5047 
VOA/VOA3/creo/2008_creo1730a0610_125082_130422.sdc 2737 
VOA/VOA3/creo/2008_creo1730a0610_49011_56074.sdc 3593 
VOA/VOA3/creo/2008_creo1730a0610_60893_64621.sdc 1914 
VOA/VOA3/creo/2008_creo1730a0612_107581_114688.sdc 3661 
VOA/VOA3/creo/2008_creo1730a0612_115706_118966.sdc 1629 
VOA/VOA3/creo/2008_creo1730a0612_143773_152317.sdc 4025 
VOA/VOA3/creo/2008_creo1730a0612_153187_158576.sdc 2688 
VOA/VOA3/creo/2008_creo1730a0619_140778_147965.sdc 3693 
VOA/VOA3/creo/2008_creo1730a0619_151638_158134.sdc 3326 
VOA/VOA3/creo/2008_creo1730a0622_124624_133366.sdc 4278 
VOA/VOA3/creo/2008_creo1730a0622_133443_137722.sdc 2024 
VOA/VOA3/creo/2008_creo1730a0622_154214_158752.sdc 2210 
VOA/VOA3/creo/2008_creo1730a0622_18541_32352.sdc 7093 
VOA/VOA3/creo/2008_creo1730a0622_81110_84387.sdc 1667 
VOA/VOA3/creo/2008_creo1730a0623_117680_127603.sdc 5027 
VOA/VOA3/creo/2008_creo1730a0623_39341_43581.sdc 2163 
VOA/VOA3/creo/2008_creo1730a0623_43654_46896.sdc 1612 
VOA/VOA3/creo/2008_creo1730a0623_48362_55338.sdc 3570 
VOA/VOA3/creo/2008_creo1730a0623_56730_62051.sdc 2730 
VOA/VOA3/creo/2008_creo1730a0623_63325_67661.sdc 1821 
VOA/VOA3/creo/2008_creo1730a0624_120467_123808.sdc 1681 
VOA/VOA3/creo/2008_creo1730a0624_124659_128877.sdc 2157 
VOA/VOA3/creo/2008_creo1730a0624_43098_52451.sdc 4774 
VOA/VOA3/creo/2008_creo1730a0624_56182_61862.sdc 2873 
VOA/VOA3/creo/2008_creo1730a0624_64128_68432.sdc 2166 
VOA/VOA3/creo/2008_creo1730a0624_74278_77984.sdc 1896 
VOA/VOA3/creo/2008_creo1730a0624_81715_90528.sdc 4521 
VOA/VOA3/creo/2008_creo1730a0626_153834_157088.sdc 1638 
VOA/VOA3/creo/2008_creo1730a0628_104390_112906.sdc 4202 
VOA/VOA3/creo/2008_creo1730a0628_118579_124608.sdc 3132 
VOA/VOA3/creo/2008_creo1730a0628_125786_128883.sdc 1607 
VOA/VOA3/creo/2008_creo1730a0628_130141_137878.sdc 3960 
VOA/VOA3/creo/2008_creo1730a0628_139987_147818.sdc 3994 
VOA/VOA3/creo/2008_creo1730a0628_60589_66451.sdc 2981 
VOA/VOA3/creo/2008_creo1730a0628_85805_90397.sdc 2193 
VOA/VOA3/creo/2008_creo1730a0628_92589_96189.sdc 1823 
VOA/VOA3/creo/2008_creo1730a0630_62627_69075.sdc 2853 
VOA/VOA3/creo/2008_creo1730a0701_120240_124134.sdc 1759 
VOA/VOA3/creo/2008_creo2200a0102_47514_51651.sdc 1947 
VOA/VOA3/creo/2008_creo2200a0102_60224_66918.sdc 3365 
VOA/VOA3/creo/2008_creo2200a0107_105315_112013.sdc 3345 
VOA/VOA3/creo/2008_creo2200a0107_112650_117251.sdc 2318 
VOA/VOA3/creo/2008_creo2200a0107_118592_127107.sdc 4351 
VOA/VOA3/creo/2008_creo2200a0107_47821_51133.sdc 1696 
VOA/VOA3/creo/2008_creo2200a0107_55648_61552.sdc 3033 
VOA/VOA3/creo/2008_creo2200a0108_107872_114621.sdc 3483 
VOA/VOA3/creo/2008_creo2200a0108_114896_120672.sdc 2966 
VOA/VOA3/creo/2008_creo2200a0108_120749_125700.sdc 2469 
VOA/VOA3/creo/2008_creo2200a0108_49565_54499.sdc 2522 
VOA/VOA3/creo/2008_creo2200a0109_105504_112957.sdc 3760 
VOA/VOA3/creo/2008_creo2200a0111_55091_64598.sdc 4560 
VOA/VOA3/creo/2008_creo2200a0114_102346_107792.sdc 2589 
VOA/VOA3/creo/2008_creo2200a0114_108262_112867.sdc 2354 
VOA/VOA3/creo/2008_creo2200a0114_112960_116874.sdc 2012 
VOA/VOA3/creo/2008_creo2200a0114_117421_125056.sdc 3857 
VOA/VOA3/creo/2008_creo2200a0114_67418_73805.sdc 3200 
VOA/VOA3/creo/2008_creo2200a0115_65408_68886.sdc 1747 
VOA/VOA3/creo/2008_creo2200a0116_106922_114883.sdc 4097 
VOA/VOA3/creo/2008_creo2200a0116_117347_121254.sdc 2000 
VOA/VOA3/creo/2008_creo2200a0116_121530_127242.sdc 2772 
VOA/VOA3/creo/2008_creo2200a0116_52179_61584.sdc 4642 
VOA/VOA3/creo/2008_creo2200a0117_45526_51123.sdc 2847 
VOA/VOA3/creo/2008_creo2200a0117_55194_60442.sdc 2484 
VOA/VOA3/creo/2008_creo2200a0123_44038_48883.sdc 2442 
VOA/VOA3/creo/2008_creo2200a0123_51699_56586.sdc 2455 
VOA/VOA3/creo/2008_creo2200a0123_57718_64749.sdc 3312 
VOA/VOA3/creo/2008_creo2200a0124_103002_112464.sdc 4497 
VOA/VOA3/creo/2008_creo2200a0124_61670_69360.sdc 3868 
VOA/VOA3/creo/2008_creo2200a0125_102022_109174.sdc 3605 
VOA/VOA3/creo/2008_creo2200a0125_45427_50499.sdc 2549 
VOA/VOA3/creo/2008_creo2200a0125_96601_100600.sdc 2035 
VOA/VOA3/creo/2008_creo2200a0128_104477_110176.sdc 2900 
VOA/VOA3/creo/2008_creo2200a0128_110515_116931.sdc 3165 
VOA/VOA3/creo/2008_creo2200a0128_48650_52922.sdc 2180 
VOA/VOA3/creo/2008_creo2200a0128_55293_63459.sdc 4193 
VOA/VOA3/creo/2008_creo2200a0128_98496_102509.sdc 2036 
VOA/VOA3/creo/2008_creo2200a0131_109251_116931.sdc 3801 
VOA/VOA3/creo/2008_creo2200a0131_118867_123638.sdc 2447 
VOA/VOA3/creo/2008_creo2200a0131_124445_131386.sdc 3529 
VOA/VOA3/creo/2008_creo2200a0131_46138_54589.sdc 4285 
VOA/VOA3/creo/2008_creo2200a0131_58685_62979.sdc 2187 
VOA/VOA3/creo/2008_creo2200a0131_73869_82614.sdc 4485 
VOA/VOA3/creo/2008_creo2200a0204_55494_59478.sdc 2045 
VOA/VOA3/creo/2008_creo2200a0204_61706_64966.sdc 1623 
VOA/VOA3/creo/2008_creo2200a0204_67872_72624.sdc 2406 
VOA/VOA3/creo/2008_creo2200a0204_74509_79830.sdc 2544 
VOA/VOA3/creo/2008_creo2200a0205_115037_123194.sdc 4077 
VOA/VOA3/creo/2008_creo2200a0205_124102_129917.sdc 2969 
VOA/VOA3/creo/2008_creo2200a0205_130490_135200.sdc 2396 
VOA/VOA3/creo/2008_creo2200a0205_56102_63798.sdc 3897 
VOA/VOA3/creo/2008_creo2200a0205_78554_87789.sdc 4768 
VOA/VOA3/creo/2008_creo2200a0207_76150_80214.sdc 1994 
VOA/VOA3/creo/2008_creo2200a0208_160685_165037.sdc 1985 
VOA/VOA3/creo/2008_creo2200a0208_165155_170694.sdc 2640 
VOA/VOA3/creo/2008_creo2200a0208_84128_89859.sdc 2879 
VOA/VOA3/creo/2008_creo2200a0208_90586_94547.sdc 1926 
VOA/VOA3/creo/2008_creo2200a0208_98022_101360.sdc 1707 
VOA/VOA3/creo/2008_creo2200a0213_108848_113491.sdc 2159 
VOA/VOA3/creo/2008_creo2200a0213_60829_65987.sdc 2418 
VOA/VOA3/creo/2008_creo2200a0214_41581_51888.sdc 4041 
VOA/VOA3/creo/2008_creo2200a0214_59648_68998.sdc 4791 
VOA/VOA3/creo/2008_creo2200a0218_104947_116314.sdc 5857 
VOA/VOA3/creo/2008_creo2200a0218_40794_46650.sdc 2748 
VOA/VOA3/creo/2008_creo2200a0218_51680_60544.sdc 4193 
VOA/VOA3/creo/2008_creo2200a0218_61450_67331.sdc 2995 
VOA/VOA3/creo/2008_creo2200a0219_131315_137500.sdc 3182 
VOA/VOA3/creo/2008_creo2200a0219_56608_67216.sdc 4534 
VOA/VOA3/creo/2008_creo2200a0219_76986_85728.sdc 4301 
VOA/VOA3/creo/2008_creo2200a0220_34611_40538.sdc 3020 
VOA/VOA3/creo/2008_creo2200a0220_41667_44995.sdc 1688 
VOA/VOA3/creo/2008_creo2200a0220_46928_53411.sdc 1983 
VOA/VOA3/creo/2008_creo2200a0220_80835_84016.sdc 1602 
VOA/VOA3/creo/2008_creo2200a0221_100650_107766.sdc 3472 
VOA/VOA3/creo/2008_creo2200a0221_108195_114042.sdc 2949 
VOA/VOA3/creo/2008_creo2200a0221_125949_132611.sdc 3417 
VOA/VOA3/creo/2008_creo2200a0221_51075_55590.sdc 2158 
VOA/VOA3/creo/2008_creo2200a0221_56038_60835.sdc 2444 
VOA/VOA3/creo/2008_creo2200a0221_62787_67174.sdc 1998 
VOA/VOA3/creo/2008_creo2200a0221_95443_100192.sdc 2365 
VOA/VOA3/creo/2008_creo2200a0227_106150_110637.sdc 2281 
VOA/VOA3/creo/2008_creo2200a0227_117066_122646.sdc 2702 
VOA/VOA3/creo/2008_creo2200a0227_50477_55373.sdc 2039 
VOA/VOA3/creo/2008_creo2200a0227_58138_67213.sdc 4469 
VOA/VOA3/creo/2008_creo2200a0227_76314_82086.sdc 2947 
VOA/VOA3/creo/2008_creo2200a0229_57443_61770.sdc 2230 
VOA/VOA3/creo/2008_creo2200a0303_108026_112835.sdc 2456 
VOA/VOA3/creo/2008_creo2200a0303_114096_118861.sdc 2387 
VOA/VOA3/creo/2008_creo2200a0303_119597_127370.sdc 3909 
VOA/VOA3/creo/2008_creo2200a0303_55658_59795.sdc 1910 
VOA/VOA3/creo/2008_creo2200a0303_72486_78960.sdc 3218 
VOA/VOA3/creo/2008_creo2200a0306_101299_108006.sdc 2794 
VOA/VOA3/creo/2008_creo2200a0306_108470_122790.sdc 6436 
VOA/VOA3/creo/2008_creo2200a0306_56755_64288.sdc 3849 
VOA/VOA3/creo/2008_creo2200a0306_66214_73197.sdc 3564 
VOA/VOA3/creo/2008_creo2200a0309_108592_112288.sdc 1846 
VOA/VOA3/creo/2008_creo2200a0309_112362_121738.sdc 4363 
VOA/VOA3/creo/2008_creo2200a0309_125005_128874.sdc 1959 
VOA/VOA3/creo/2008_creo2200a0309_78973_83411.sdc 2265 
VOA/VOA3/creo/2008_creo2200a0311_105021_109290.sdc 2025 
VOA/VOA3/creo/2008_creo2200a0311_109971_117034.sdc 3364 
VOA/VOA3/creo/2008_creo2200a0311_118467_125100.sdc 3378 
VOA/VOA3/creo/2008_creo2200a0311_61360_67590.sdc 3144 
VOA/VOA3/creo/2008_creo2200a0311_71101_74970.sdc 1948 
VOA/VOA3/creo/2008_creo2200a0312_114877_121459.sdc 3385 
VOA/VOA3/creo/2008_creo2200a0312_122512_130173.sdc 3868 
VOA/VOA3/creo/2008_creo2200a0312_130422_133930.sdc 1759 
VOA/VOA3/creo/2008_creo2200a0312_55034_60525.sdc 2817 
VOA/VOA3/creo/2008_creo2200a0312_60944_65700.sdc 2421 
VOA/VOA3/creo/2008_creo2200a0312_69955_77469.sdc 3768 
VOA/VOA3/creo/2008_creo2200a0314_140518_145427.sdc 2526 
VOA/VOA3/creo/2008_creo2200a0314_146272_152256.sdc 3041 
VOA/VOA3/creo/2008_creo2200a0314_152915_157027.sdc 2075 
VOA/VOA3/creo/2008_creo2200a0319_105485_110442.sdc 2456 
VOA/VOA3/creo/2008_creo2200a0319_111510_118100.sdc 3022 
VOA/VOA3/creo/2008_creo2200a0319_41818_46544.sdc 2372 
VOA/VOA3/creo/2008_creo2200a0319_95949_104211.sdc 4239 
VOA/VOA3/creo/2008_creo2200a0322_43277_47965.sdc 2222 
VOA/VOA3/creo/2008_creo2200a0325_49270_53603.sdc 2172 
VOA/VOA3/creo/2008_creo2200a0326_45018_52179.sdc 3579 
VOA/VOA3/creo/2008_creo2200a0328_110659_117165.sdc 2758 
VOA/VOA3/creo/2008_creo2200a0328_65229_68829.sdc 1642 
VOA/VOA3/creo/2008_creo2200a0329_38810_42579.sdc 1858 
VOA/VOA3/creo/2008_creo2200a0329_44125_48090.sdc 1974 
VOA/VOA3/creo/2008_creo2200a0330_108501_113846.sdc 2716 
VOA/VOA3/creo/2008_creo2200a0330_115216_120227.sdc 2566 
VOA/VOA3/creo/2008_creo2200a0330_122470_133232.sdc 5559 
VOA/VOA3/creo/2008_creo2200a0330_133299_140176.sdc 3530 
VOA/VOA3/creo/2008_creo2200a0330_144749_150675.sdc 3012 
VOA/VOA3/creo/2008_creo2200a0330_57683_63517.sdc 2964 
VOA/VOA3/creo/2008_creo2200a0330_65872_72192.sdc 3153 
VOA/VOA3/creo/2008_creo2200a0330_73638_78300.sdc 2362 
VOA/VOA3/creo/2008_creo2200a0330_82211_86694.sdc 2176 
VOA/VOA3/creo/2008_creo2200a0330_87379_94339.sdc 3520 
VOA/VOA3/creo/2008_creo2200a0330_95360_100563.sdc 2641 
VOA/VOA3/creo/2008_creo2200a0331_108019_111718.sdc 1745 
VOA/VOA3/creo/2008_creo2200a0331_114707_122778.sdc 4082 
VOA/VOA3/creo/2008_creo2200a0331_122896_128173.sdc 2626 
VOA/VOA3/creo/2008_creo2200a0331_54122_57747.sdc 1834 
VOA/VOA3/creo/2008_creo2200a0331_69907_76922.sdc 3598 
VOA/VOA3/creo/2008_creo2200a0401_102717_108557.sdc 2963 
VOA/VOA3/creo/2008_creo2200a0401_109094_113920.sdc 2394 
VOA/VOA3/creo/2008_creo2200a0401_114467_121978.sdc 3837 
VOA/VOA3/creo/2008_creo2200a0402_52080_56429.sdc 2232 
VOA/VOA3/creo/2008_creo2200a0402_56653_60230.sdc 1823 
VOA/VOA3/creo/2008_creo2200a0403_103664_109869.sdc 3203 
VOA/VOA3/creo/2008_creo2200a0403_46448_53104.sdc 3431 
VOA/VOA3/creo/2008_creo2200a0403_55344_60941.sdc 2701 
VOA/VOA3/creo/2008_creo2200a0403_87715_97475.sdc 4951 
VOA/VOA3/creo/2008_creo2200a0403_98352_103053.sdc 2403 
VOA/VOA3/creo/2008_creo2200a0404_117837_123322.sdc 2141 
VOA/VOA3/creo/2008_creo2200a0404_46832_51005.sdc 2133 
VOA/VOA3/creo/2008_creo2200a0404_56282_62179.sdc 3025 
VOA/VOA3/creo/2008_creo2200a0404_62627_66490.sdc 1969 
VOA/VOA3/creo/2008_creo2200a0404_70570_77400.sdc 3426 
VOA/VOA3/creo/2008_creo2200a0405_41139_53763.sdc 6327 
VOA/VOA3/creo/2008_creo2200a0405_54694_59648.sdc 2543 
VOA/VOA3/creo/2008_creo2200a0407_110486_113914.sdc 1752 
VOA/VOA3/creo/2008_creo2200a0407_115402_119238.sdc 1950 
VOA/VOA3/creo/2008_creo2200a0407_58819_65562.sdc 3408 
VOA/VOA3/creo/2008_creo2200a0407_66230_69626.sdc 1629 
VOA/VOA3/creo/2008_creo2200a0408_115482_118979.sdc 1774 
VOA/VOA3/creo/2008_creo2200a0408_126595_131581.sdc 2537 
VOA/VOA3/creo/2008_creo2200a0408_57798_61706.sdc 1907 
VOA/VOA3/creo/2008_creo2200a0408_62112_66765.sdc 2370 
VOA/VOA3/creo/2008_creo2200a0408_71933_79210.sdc 3585 
VOA/VOA3/creo/2008_creo2200a0408_80362_89600.sdc 4738 
VOA/VOA3/creo/2008_creo2200a0411_105331_109763.sdc 2257 
VOA/VOA3/creo/2008_creo2200a0411_109878_113747.sdc 1896 
VOA/VOA3/creo/2008_creo2200a0411_49299_54554.sdc 2697 
VOA/VOA3/creo/2008_creo2200a0412_7219_23094.sdc 8132 
VOA/VOA3/creo/2008_creo2200a0413_29606_43709.sdc 7164 
VOA/VOA3/creo/2008_creo2200a0414_118794_132554.sdc 6981 
VOA/VOA3/creo/2008_creo2200a0414_133286_139024.sdc 2956 
VOA/VOA3/creo/2008_creo2200a0414_58054_61539.sdc 1780 
VOA/VOA3/creo/2008_creo2200a0415_110835_123709.sdc 6376 
VOA/VOA3/creo/2008_creo2200a0415_125658_130800.sdc 2612 
VOA/VOA3/creo/2008_creo2200a0415_50218_55507.sdc 2679 
VOA/VOA3/creo/2008_creo2200a0420_126893_133059.sdc 3133 
VOA/VOA3/creo/2008_creo2200a0420_135491_140208.sdc 2407 
VOA/VOA3/creo/2008_creo2200a0420_143968_150461.sdc 3346 
VOA/VOA3/creo/2008_creo2200a0421_52301_57987.sdc 2476 
VOA/VOA3/creo/2008_creo2200a0422_110534_117334.sdc 3399 
VOA/VOA3/creo/2008_creo2200a0422_123466_132419.sdc 4289 
VOA/VOA3/creo/2008_creo2200a0422_63498_67974.sdc 2094 
VOA/VOA3/creo/2008_creo2200a0423_107123_110944.sdc 1858 
VOA/VOA3/creo/2008_creo2200a0423_111734_116902.sdc 2517 
VOA/VOA3/creo/2008_creo2200a0423_43686_47616.sdc 2018 
VOA/VOA3/creo/2008_creo2200a0423_51290_54874.sdc 1824 
VOA/VOA3/creo/2008_creo2200a0424_61203_64810.sdc 1795 
VOA/VOA3/creo/2008_creo2200a0426_14240_23146.sdc 4596 
VOA/VOA3/creo/2008_creo2200a0426_6877_12819.sdc 2989 
VOA/VOA3/creo/2008_creo2200a0428_36672_43152.sdc 3068 
VOA/VOA3/creo/2008_creo2200a0428_53709_64211.sdc 5317 
VOA/VOA3/creo/2008_creo2200a0429_155558_159360.sdc 1934 
VOA/VOA3/creo/2008_creo2200a0429_46483_51382.sdc 1805 
VOA/VOA3/creo/2008_creo2200a0430_102221_109722.sdc 3169 
VOA/VOA3/creo/2008_creo2200a0430_110483_114550.sdc 2012 
VOA/VOA3/creo/2008_creo2200a0430_48685_56051.sdc 3500 
VOA/VOA3/creo/2008_creo2200a0501_101920_109286.sdc 3728 
VOA/VOA3/creo/2008_creo2200a0501_109462_116077.sdc 3338 
VOA/VOA3/creo/2008_creo2200a0501_60010_64403.sdc 2171 
VOA/VOA3/creo/2008_creo2200a0503_35322_47229.sdc 5962 
VOA/VOA3/creo/2008_creo2200a0505_56163_61462.sdc 2741 
VOA/VOA3/creo/2008_creo2200a0506_114547_118701.sdc 1985 
VOA/VOA3/creo/2008_creo2200a0506_51334_60202.sdc 4361 
VOA/VOA3/creo/2008_creo2200a0506_63302_67930.sdc 2382 
VOA/VOA3/creo/2008_creo2200a0506_68442_72589.sdc 2123 
VOA/VOA3/creo/2008_creo2200a0507_116109_120173.sdc 1727 
VOA/VOA3/creo/2008_creo2200a0508_132045_138992.sdc 3525 
VOA/VOA3/creo/2008_creo2200a0508_47952_55472.sdc 3843 
VOA/VOA3/creo/2008_creo2200a0508_71482_75235.sdc 1906 
VOA/VOA3/creo/2008_creo2200a0508_81741_85654.sdc 1860 
VOA/VOA3/creo/2008_creo2200a0509_51584_54880.sdc 1651 
VOA/VOA3/creo/2008_creo2200a0513_112480_119274.sdc 3406 
VOA/VOA3/creo/2008_creo2200a0513_119530_124448.sdc 2486 
VOA/VOA3/creo/2008_creo2200a0513_125962_132362.sdc 3227 
VOA/VOA3/creo/2008_creo2200a0513_56438_60992.sdc 2355 
VOA/VOA3/creo/2008_creo2200a0514_49232_52864.sdc 1835 
VOA/VOA3/creo/2008_creo2200a0514_63046_69373.sdc 2689 
VOA/VOA3/creo/2008_creo2200a0516_140784_147914.sdc 3597 
VOA/VOA3/creo/2008_creo2200a0516_38838_43178.sdc 2230 
VOA/VOA3/creo/2008_creo2200a0516_43648_47328.sdc 1882 
VOA/VOA3/creo/2008_creo2200a0518_17037_24336.sdc 3769 
VOA/VOA3/creo/2008_creo2200a0518_32294_37472.sdc 2614 
VOA/VOA3/creo/2008_creo2200a0518_53510_58525.sdc 2585 
VOA/VOA3/creo/2008_creo2200a0518_86189_89400.sdc 1644 
VOA/VOA3/creo/2008_creo2200a0519_113936_117712.sdc 1940 
VOA/VOA3/creo/2008_creo2200a0519_117818_121114.sdc 1681 
VOA/VOA3/creo/2008_creo2200a0520_107837_114752.sdc 3543 
VOA/VOA3/creo/2008_creo2200a0520_116160_124224.sdc 4129 
VOA/VOA3/creo/2008_creo2200a0520_124925_129862.sdc 2501 
VOA/VOA3/creo/2008_creo2200a0520_49715_53219.sdc 1761 
VOA/VOA3/creo/2008_creo2200a0521_123939_127965.sdc 1730 
VOA/VOA3/creo/2008_creo2200a0521_56266_59898.sdc 1859 
VOA/VOA3/creo/2008_creo2200a0521_80531_87216.sdc 3398 
VOA/VOA3/creo/2008_creo2200a0522_115443_124304.sdc 4019 
VOA/VOA3/creo/2008_creo2200a0523_112483_117597.sdc 2383 
VOA/VOA3/creo/2008_creo2200a0523_119760_124704.sdc 2287 
VOA/VOA3/creo/2008_creo2200a0527_121187_125866.sdc 2380 
VOA/VOA3/creo/2008_creo2200a0527_54101_57706.sdc 1852 
VOA/VOA3/creo/2008_creo2200a0527_59334_69322.sdc 5133 
VOA/VOA3/creo/2008_creo2200a0527_71616_76250.sdc 2364 
VOA/VOA3/creo/2008_creo2200a0527_76333_79990.sdc 1868 
VOA/VOA3/creo/2008_creo2200a0601_64557_68070.sdc 1758 
VOA/VOA3/creo/2008_creo2200a0602_39424_43360.sdc 1973 
VOA/VOA3/creo/2008_creo2200a0602_56528_60998.sdc 2304 
VOA/VOA3/creo/2008_creo2200a0602_62195_69450.sdc 3306 
VOA/VOA3/creo/2008_creo2200a0603_111981_125331.sdc 6768 
VOA/VOA3/creo/2008_creo2200a0603_125606_132700.sdc 3607 
VOA/VOA3/creo/2008_creo2200a0603_29872_35437.sdc 2836 
VOA/VOA3/creo/2008_creo2200a0603_58166_62352.sdc 2149 
VOA/VOA3/creo/2008_creo2200a0603_62528_66067.sdc 1801 
VOA/VOA3/creo/2008_creo2200a0603_73990_79078.sdc 2581 
VOA/VOA3/creo/2008_creo2200a0604_51053_61562.sdc 5278 
VOA/VOA3/creo/2008_creo2200a0604_68022_72029.sdc 2021 
VOA/VOA3/creo/2008_creo2200a0604_73709_78851.sdc 2637 
VOA/VOA3/creo/2008_creo2200a0605_115056_122634.sdc 3759 
VOA/VOA3/creo/2008_creo2200a0605_123040_134685.sdc 5954 
VOA/VOA3/creo/2008_creo2200a0605_51830_56563.sdc 2432 
VOA/VOA3/creo/2008_creo2200a0605_59536_63901.sdc 1648 
VOA/VOA3/creo/2008_creo2200a0605_64602_67853.sdc 1667 
VOA/VOA3/creo/2008_creo2200a0605_75894_80630.sdc 2213 
VOA/VOA3/creo/2008_creo2200a0605_80698_84982.sdc 2006 
VOA/VOA3/creo/2008_creo2200a0606_106947_112314.sdc 2694 
VOA/VOA3/creo/2008_creo2200a0606_117258_120874.sdc 1826 
VOA/VOA3/creo/2008_creo2200a0606_122592_128102.sdc 2826 
VOA/VOA3/creo/2008_creo2200a0606_146947_152509.sdc 2460 
VOA/VOA3/creo/2008_creo2200a0606_44710_48150.sdc 1702 
VOA/VOA3/creo/2008_creo2200a0606_52074_56816.sdc 2181 
VOA/VOA3/creo/2008_creo2200a0608_114995_120982.sdc 2847 
VOA/VOA3/creo/2008_creo2200a0608_134768_138794.sdc 1726 
VOA/VOA3/creo/2008_creo2200a0608_28358_39626.sdc 5800 
VOA/VOA3/creo/2008_creo2200a0608_40237_44678.sdc 2239 
VOA/VOA3/creo/2008_creo2200a0608_85098_90438.sdc 2374 
VOA/VOA3/creo/2008_creo2200a0608_92403_97491.sdc 2039 
VOA/VOA3/creo/2008_creo2200a0609_106054_110486.sdc 2267 
VOA/VOA3/creo/2008_creo2200a0609_40106_43910.sdc 1917 
VOA/VOA3/creo/2008_creo2200a0609_96406_102262.sdc 2956 
VOA/VOA3/creo/2008_creo2200a0610_60122_68285.sdc 4150 
VOA/VOA3/creo/2008_creo2200a0611_48454_55382.sdc 3500 
VOA/VOA3/creo/2008_creo2200a0612_45491_53376.sdc 4049 
VOA/VOA3/creo/2008_creo2200a0612_88950_95894.sdc 3363 
VOA/VOA3/creo/2008_creo2200a0612_96774_111110.sdc 7376 
VOA/VOA3/creo/2008_creo2200a0613_51184_57216.sdc 3063 
VOA/VOA3/creo/2008_creo2200a0614_31325_35408.sdc 2073 
VOA/VOA3/creo/2008_creo2200a0614_36131_41200.sdc 2579 
VOA/VOA3/creo/2008_creo2200a0617_46314_53898.sdc 3839 
VOA/VOA3/creo/2008_creo2200a0617_67085_70899.sdc 1885 
VOA/VOA3/creo/2008_creo2200a0617_72304_77187.sdc 2433 
VOA/VOA3/creo/2008_creo2200a0618_103075_106390.sdc 1704 
VOA/VOA3/creo/2008_creo2200a0618_44986_49472.sdc 2052 
VOA/VOA3/creo/2008_creo2200a0618_49603_54900.sdc 2529 
VOA/VOA3/creo/2008_creo2200a0618_58544_63523.sdc 2511 
VOA/VOA3/creo/2008_creo2200a0619_34323_38986.sdc 2393 
VOA/VOA3/creo/2008_creo2200a0619_51434_61523.sdc 5197 
VOA/VOA3/creo/2008_creo2200a0621_27712_30957.sdc 1610 
VOA/VOA3/creo/2008_creo2200a0622_153296_158253.sdc 2226 
VOA/VOA3/creo/2008_creo2200a0622_72813_78032.sdc 2666 
VOA/VOA3/creo/2008_creo2200a0622_97203_105568.sdc 4168 
VOA/VOA3/creo/2008_creo2200a0624_113104_124922.sdc 5914 
VOA/VOA3/creo/2008_creo2200a0624_125539_131594.sdc 3042 
VOA/VOA3/creo/2008_creo2200a0624_58483_67738.sdc 4672 
VOA/VOA3/creo/2008_creo2200a0626_55622_59389.sdc 1922 
VOA/VOA3/creo/2008_creo2200a0626_61923_73117.sdc 5759 
VOA/VOA3/creo/2008_creo2200a0626_74650_81014.sdc 3264 
VOA/VOA3/creo/2008_creo2200a0627_44858_51165.sdc 2948 
VOA/VOA3/creo/2008_creo2200a0628_29389_36333.sdc 3576 
VOA/VOA3/creo/2008_creo2200a0629_123910_129098.sdc 2651 
VOA/VOA3/creo/2008_creo2200a0629_129261_135574.sdc 3241 
VOA/VOA3/creo/2008_creo2200a0629_136179_147501.sdc 5846 
VOA/VOA3/creo/2008_creo2200a0629_148490_155062.sdc 3322 
VOA/VOA3/creo/2008_creo2200a0629_87696_90918.sdc 1626 
VOA/VOA3/creo/2008_creo2200a0701_107722_112570.sdc 2383 
