CTS/OGI22/czech/CZ-103.address.mfcc.sdc 1126 
CTS/OGI22/czech/CZ-103.story.mfcc.sdc 1797 
CTS/OGI22/czech/CZ-104.story.mfcc.sdc 1966 
CTS/OGI22/czech/CZ-111.address.mfcc.sdc 1130 
CTS/OGI22/czech/CZ-111.story.mfcc.sdc 1530 
CTS/OGI22/czech/CZ-112.story.mfcc.sdc 1106 
CTS/OGI22/czech/CZ-113.story.mfcc.sdc 1703 
CTS/OGI22/czech/CZ-114.story.mfcc.sdc 1514 
CTS/OGI22/czech/CZ-116.address.mfcc.sdc 1286 
CTS/OGI22/czech/CZ-116.inenglish.mfcc.sdc 902 
CTS/OGI22/czech/CZ-116.story.mfcc.sdc 2148 
CTS/OGI22/czech/CZ-117.address.mfcc.sdc 1151 
CTS/OGI22/czech/CZ-117.inenglish.mfcc.sdc 973 
CTS/OGI22/czech/CZ-117.story.mfcc.sdc 2352 
CTS/OGI22/czech/CZ-124.story.mfcc.sdc 1314 
CTS/OGI22/czech/CZ-128.address.mfcc.sdc 818 
CTS/OGI22/czech/CZ-128.inenglish.mfcc.sdc 1013 
CTS/OGI22/czech/CZ-128.story.mfcc.sdc 2443 
CTS/OGI22/czech/CZ-129.address.mfcc.sdc 877 
CTS/OGI22/czech/CZ-129.inenglish.mfcc.sdc 999 
CTS/OGI22/czech/CZ-129.story.mfcc.sdc 2345 
CTS/OGI22/czech/CZ-144.story.mfcc.sdc 1624 
CTS/OGI22/czech/CZ-146.story.mfcc.sdc 1601 
CTS/OGI22/czech/CZ-148.story.mfcc.sdc 1263 
CTS/OGI22/czech/CZ-155.inenglish.mfcc.sdc 992 
CTS/OGI22/czech/CZ-155.story.mfcc.sdc 2162 
CTS/OGI22/czech/CZ-167.inenglish.mfcc.sdc 1027 
CTS/OGI22/czech/CZ-167.story.mfcc.sdc 2550 
CTS/OGI22/czech/CZ-206.story.mfcc.sdc 941 
CTS/OGI22/czech/CZ-208.inenglish.mfcc.sdc 887 
CTS/OGI22/czech/CZ-208.story.mfcc.sdc 2302 
CTS/OGI22/czech/CZ-219.story.mfcc.sdc 1227 
CTS/OGI22/czech/CZ-25.story.mfcc.sdc 1816 
CTS/OGI22/czech/CZ-250.address.mfcc.sdc 1156 
CTS/OGI22/czech/CZ-26.story.mfcc.sdc 1771 
CTS/OGI22/czech/CZ-27.story.mfcc.sdc 1612 
CTS/OGI22/czech/CZ-31.address.mfcc.sdc 815 
CTS/OGI22/czech/CZ-32.story.mfcc.sdc 2162 
CTS/OGI22/czech/CZ-357.address.mfcc.sdc 1389 
CTS/OGI22/czech/CZ-357.inenglish.mfcc.sdc 1032 
CTS/OGI22/czech/CZ-357.story.mfcc.sdc 2435 
CTS/OGI22/czech/CZ-39.story.mfcc.sdc 1516 
CTS/OGI22/czech/CZ-405.inenglish.mfcc.sdc 849 
CTS/OGI22/czech/CZ-405.story.mfcc.sdc 1732 
CTS/OGI22/czech/CZ-416.story.mfcc.sdc 1562 
CTS/OGI22/czech/CZ-442.address.mfcc.sdc 1722 
CTS/OGI22/czech/CZ-442.inenglish.mfcc.sdc 1039 
CTS/OGI22/czech/CZ-442.story.mfcc.sdc 2611 
CTS/OGI22/czech/CZ-443.address.mfcc.sdc 1069 
CTS/OGI22/czech/CZ-443.inenglish.mfcc.sdc 923 
CTS/OGI22/czech/CZ-443.story.mfcc.sdc 1959 
CTS/OGI22/czech/CZ-444.address.mfcc.sdc 1266 
CTS/OGI22/czech/CZ-444.inenglish.mfcc.sdc 1021 
CTS/OGI22/czech/CZ-444.story.mfcc.sdc 2476 
CTS/OGI22/czech/CZ-446.inenglish.mfcc.sdc 1006 
CTS/OGI22/czech/CZ-446.story.mfcc.sdc 1772 
CTS/OGI22/czech/CZ-452.address.mfcc.sdc 943 
CTS/OGI22/czech/CZ-452.story.mfcc.sdc 2227 
CTS/OGI22/czech/CZ-453.inenglish.mfcc.sdc 839 
CTS/OGI22/czech/CZ-453.story.mfcc.sdc 2019 
CTS/OGI22/czech/CZ-454.inenglish.mfcc.sdc 855 
CTS/OGI22/czech/CZ-454.story.mfcc.sdc 2074 
CTS/OGI22/czech/CZ-455.address.mfcc.sdc 868 
CTS/OGI22/czech/CZ-455.story.mfcc.sdc 1688 
CTS/OGI22/czech/CZ-457.story.mfcc.sdc 1124 
CTS/OGI22/czech/CZ-459.address.mfcc.sdc 1823 
CTS/OGI22/czech/CZ-459.inenglish.mfcc.sdc 819 
CTS/OGI22/czech/CZ-459.story.mfcc.sdc 2219 
CTS/OGI22/czech/CZ-461.story.mfcc.sdc 1696 
CTS/OGI22/czech/CZ-474.story.mfcc.sdc 1183 
CTS/OGI22/czech/CZ-477.inenglish.mfcc.sdc 985 
CTS/OGI22/czech/CZ-477.story.mfcc.sdc 2283 
CTS/OGI22/czech/CZ-5.story.mfcc.sdc 1046 
CTS/OGI22/czech/CZ-555.inenglish.mfcc.sdc 849 
CTS/OGI22/czech/CZ-555.story.mfcc.sdc 2208 
CTS/OGI22/czech/CZ-564.story.mfcc.sdc 1365 
CTS/OGI22/czech/CZ-574.address.mfcc.sdc 1687 
CTS/OGI22/czech/CZ-574.inenglish.mfcc.sdc 952 
CTS/OGI22/czech/CZ-574.story.mfcc.sdc 2364 
CTS/OGI22/czech/CZ-576.inenglish.mfcc.sdc 1061 
CTS/OGI22/czech/CZ-577.inenglish.mfcc.sdc 960 
CTS/OGI22/czech/CZ-577.story.mfcc.sdc 2611 
CTS/OGI22/czech/CZ-58.inenglish.mfcc.sdc 981 
CTS/OGI22/czech/CZ-58.story.mfcc.sdc 1589 
CTS/OGI22/czech/CZ-580.address.mfcc.sdc 1453 
CTS/OGI22/czech/CZ-59.address.mfcc.sdc 947 
CTS/OGI22/czech/CZ-59.inenglish.mfcc.sdc 1035 
CTS/OGI22/czech/CZ-59.story.mfcc.sdc 2617 
CTS/OGI22/czech/CZ-596.story.mfcc.sdc 1782 
CTS/OGI22/czech/CZ-60.story.mfcc.sdc 1866 
CTS/OGI22/czech/CZ-612.inenglish.mfcc.sdc 831 
CTS/OGI22/czech/CZ-612.story.mfcc.sdc 1940 
CTS/OGI22/czech/CZ-63.story.mfcc.sdc 2367 
CTS/OGI22/czech/CZ-65.story.mfcc.sdc 836 
CTS/OGI22/czech/CZ-67.inenglish.mfcc.sdc 918 
CTS/OGI22/czech/CZ-67.story.mfcc.sdc 2228 
CTS/OGI22/czech/CZ-68.inenglish.mfcc.sdc 858 
CTS/OGI22/czech/CZ-68.story.mfcc.sdc 2152 
CTS/OGI22/czech/CZ-71.inenglish.mfcc.sdc 972 
CTS/OGI22/czech/CZ-71.story.mfcc.sdc 2451 
CTS/OGI22/czech/CZ-74.address.mfcc.sdc 1276 
CTS/OGI22/czech/CZ-74.story.mfcc.sdc 2315 
CTS/OGI22/czech/CZ-75.story.mfcc.sdc 2367 
CTS/OGI22/czech/CZ-802.inenglish.mfcc.sdc 952 
CTS/OGI22/czech/CZ-802.story.mfcc.sdc 2538 
CTS/OGI22/czech/CZ-805.story.mfcc.sdc 1893 
CTS/OGI22/czech/CZ-806.address.mfcc.sdc 1797 
CTS/OGI22/czech/CZ-806.inenglish.mfcc.sdc 1034 
CTS/OGI22/czech/CZ-806.story.mfcc.sdc 2236 
CTS/OGI22/czech/CZ-809.address.mfcc.sdc 1456 
CTS/OGI22/czech/CZ-809.inenglish.mfcc.sdc 1034 
CTS/OGI22/czech/CZ-809.story.mfcc.sdc 2602 
CTS/OGI22/czech/CZ-832.address.mfcc.sdc 898 
CTS/OGI22/czech/CZ-832.inenglish.mfcc.sdc 861 
CTS/OGI22/czech/CZ-832.story.mfcc.sdc 2180 
CTS/OGI22/czech/CZ-833.inenglish.mfcc.sdc 904 
CTS/OGI22/czech/CZ-833.story.mfcc.sdc 2070 
CTS/OGI22/czech/CZ-835.inenglish.mfcc.sdc 986 
CTS/OGI22/czech/CZ-835.story.mfcc.sdc 2058 
CTS/OGI22/czech/CZ-836.inenglish.mfcc.sdc 1035 
CTS/OGI22/czech/CZ-836.story.mfcc.sdc 2610 
CTS/OGI22/czech/CZ-840.story.mfcc.sdc 1586 
CTS/OGI22/czech/CZ-842.address.mfcc.sdc 942 
CTS/OGI22/czech/CZ-842.inenglish.mfcc.sdc 1016 
CTS/OGI22/czech/CZ-842.story.mfcc.sdc 2628 
CTS/OGI22/czech/CZ-846.address.mfcc.sdc 870 
CTS/OGI22/czech/CZ-846.inenglish.mfcc.sdc 1041 
CTS/OGI22/czech/CZ-846.story.mfcc.sdc 2607 
CTS/OGI22/czech/CZ-848.inenglish.mfcc.sdc 878 
CTS/OGI22/czech/CZ-848.story.mfcc.sdc 2367 
CTS/OGI22/czech/CZ-856.address.mfcc.sdc 1018 
CTS/OGI22/czech/CZ-856.inenglish.mfcc.sdc 1053 
CTS/OGI22/czech/CZ-856.story.mfcc.sdc 2620 
CTS/OGI22/czech/CZ-858.inenglish.mfcc.sdc 915 
CTS/OGI22/czech/CZ-858.story.mfcc.sdc 2342 
CTS/OGI22/czech/CZ-869.inenglish.mfcc.sdc 959 
CTS/OGI22/czech/CZ-869.story.mfcc.sdc 2189 
CTS/OGI22/czech/CZ-871.address.mfcc.sdc 985 
CTS/OGI22/czech/CZ-871.inenglish.mfcc.sdc 1007 
CTS/OGI22/czech/CZ-871.story.mfcc.sdc 2156 
CTS/OGI22/czech/CZ-927.inenglish.mfcc.sdc 856 
CTS/OGI22/czech/CZ-927.story.mfcc.sdc 1635 
CTS/OGI22/czech/CZ-934.address.mfcc.sdc 1506 
CTS/OGI22/czech/CZ-934.inenglish.mfcc.sdc 1052 
CTS/OGI22/czech/CZ-934.story.mfcc.sdc 2142 
CTS/OGI22/czech/CZ-941.inenglish.mfcc.sdc 1044 
CTS/OGI22/czech/CZ-941.story.mfcc.sdc 2642 
CTS/OGI22/czech/CZ-99.inenglish.mfcc.sdc 925 
CTS/OGI22/czech/CZ-99.story.mfcc.sdc 1897 
LRE11_FULL_DEV_data/p01/czec/czec_20110126_160533_406_a.sdc 6350 
LRE11_FULL_DEV_data/p01/czec/czec_20110126_160533_406_b.sdc 19991 
LRE11_FULL_DEV_data/p01/czec/czec_20110126_161909_410_a.sdc 1699 
LRE11_FULL_DEV_data/p01/czec/czec_20110126_161909_410_b.sdc 9912 
LRE11_FULL_DEV_data/p01/czec/czec_20110126_163021_411_a.sdc 3615 
LRE11_FULL_DEV_data/p01/czec/czec_20110126_163021_411_b.sdc 21647 
LRE11_FULL_DEV_data/p01/czec/czec_20110126_204810_424_a.sdc 16873 
LRE11_FULL_DEV_data/p01/czec/czec_20110126_204810_424_b.sdc 26923 
LRE11_FULL_DEV_data/p01/czec/czec_20110126_211201_425_a.sdc 19704 
LRE11_FULL_DEV_data/p01/czec/czec_20110126_211201_425_b.sdc 17057 
LRE11_FULL_DEV_data/p01/czec/czec_20110127_071759_429_a.sdc 15006 
LRE11_FULL_DEV_data/p01/czec/czec_20110127_071759_429_b.sdc 33726 
LRE11_FULL_DEV_data/p01/czec/czec_20110127_073515_430_a.sdc 9924 
LRE11_FULL_DEV_data/p01/czec/czec_20110127_073515_430_b.sdc 13008 
LRE11_FULL_DEV_data/p01/czec/czec_20110127_122231_438_a.sdc 10421 
LRE11_FULL_DEV_data/p01/czec/czec_20110127_122231_438_b.sdc 10624 
LRE11_FULL_DEV_data/p01/czec/czec_20110127_131409_440_a.sdc 22974 
LRE11_FULL_DEV_data/p01/czec/czec_20110127_131409_440_b.sdc 22301 
LRE11_FULL_DEV_data/p01/czec/czec_20110127_133238_442_a.sdc 10050 
LRE11_FULL_DEV_data/p01/czec/czec_20110127_133238_442_b.sdc 25528 
LRE11_FULL_DEV_data/p01/czec/czec_20110127_133436_444_a.sdc 14655 
LRE11_FULL_DEV_data/p01/czec/czec_20110127_133436_444_b.sdc 33887 
LRE11_FULL_DEV_data/p01/czec/czec_20110127_141946_445_a.sdc 13511 
LRE11_FULL_DEV_data/p01/czec/czec_20110127_141946_445_b.sdc 31131 
LRE11_FULL_DEV_data/p01/czec/czec_20110127_152157_446_a.sdc 15522 
LRE11_FULL_DEV_data/p01/czec/czec_20110127_152157_446_b.sdc 22320 
LRE11_FULL_DEV_data/p01/czec/czec_20110127_155007_447_a.sdc 15004 
LRE11_FULL_DEV_data/p01/czec/czec_20110127_155007_447_b.sdc 26435 
LRE11_FULL_DEV_data/p01/czec/czec_20110127_160815_448_a.sdc 17885 
LRE11_FULL_DEV_data/p01/czec/czec_20110127_160815_448_b.sdc 17699 
LRE11_FULL_DEV_data/p01/czec/czec_20110127_162641_449_a.sdc 17983 
LRE11_FULL_DEV_data/p01/czec/czec_20110127_162641_449_b.sdc 24325 
LRE11_FULL_DEV_data/p01/czec/czec_20110128_071024_461_a.sdc 14699 
LRE11_FULL_DEV_data/p01/czec/czec_20110128_071024_461_b.sdc 21894 
LRE11_FULL_DEV_data/p01/czec/czec_20110128_073717_462_a.sdc 15207 
LRE11_FULL_DEV_data/p01/czec/czec_20110128_073717_462_b.sdc 19586 
LRE11_FULL_DEV_data/p01/czec/czec_20110128_141042_466_a.sdc 8000 
LRE11_FULL_DEV_data/p01/czec/czec_20110128_141042_466_b.sdc 34587 
LRE11_FULL_DEV_data/p01/czec/czec_20110128_151011_470_a.sdc 2298 
LRE11_FULL_DEV_data/p01/czec/czec_20110128_151011_470_b.sdc 26948 
LRE11_FULL_DEV_data/p01/czec/czec_20110129_073539_487_a.sdc 9394 
LRE11_FULL_DEV_data/p01/czec/czec_20110129_073539_487_b.sdc 36736 
LRE11_FULL_DEV_data/p01/czec/czec_20110129_090520_489_a.sdc 19251 
LRE11_FULL_DEV_data/p01/czec/czec_20110129_090520_489_b.sdc 23380 
LRE11_FULL_DEV_data/p01/czec/czec_20110131_071656_543_a.sdc 16557 
LRE11_FULL_DEV_data/p01/czec/czec_20110131_071656_543_b.sdc 15919 
LRE11_FULL_DEV_data/p01/czec/czec_20110131_080655_545_a.sdc 16961 
LRE11_FULL_DEV_data/p01/czec/czec_20110131_080655_545_b.sdc 15886 
LRE11_FULL_DEV_data/p01/czec/czec_20110201_092011_572_a.sdc 20263 
LRE11_FULL_DEV_data/p01/czec/czec_20110201_092011_572_b.sdc 19810 
LDC_CTS_BN/czch_BN_LDC2000S89/VOA_CZE_19990226_84147_85939_0.sdc 902 
LDC_CTS_BN/czch_BN_LDC2000S89/VOA_CZE_19990312_100531_103859_7.sdc 1693 
LDC_CTS_BN/czch_BN_LDC2000S89/VOA_CZE_19990312_106266_108390_9.sdc 1090 
LDC_CTS_BN/czch_BN_LDC2000S89/VOA_CZE_19990312_111053_114816_10.sdc 1893 
LDC_CTS_BN/czch_BN_LDC2000S89/VOA_CZE_19990312_115738_117504_11.sdc 897 
LDC_CTS_BN/czch_BN_LDC2000S89/VOA_CZE_19990312_118323_121190_12.sdc 1413 
LDC_CTS_BN/czch_BN_LDC2000S89/VOA_CZE_19990312_65152_68582_0.sdc 1727 
LDC_CTS_BN/czch_BN_LDC2000S89/VOA_CZE_19990312_72320_74010_3.sdc 846 
LDC_CTS_BN/czch_BN_LDC2000S89/VOA_CZE_19990312_78003_83174_5.sdc 2667 
LDC_CTS_BN/czch_BN_LDC2000S89/VOA_CZE_19990512_93363_95130_7.sdc 876 
LDC_CTS_BN/czch_BN_LDC2000S89/VOA_CZE_19990524_113997_115840_2.sdc 883 
LDC_CTS_BN/czch_BN_LDC2004S01/020412RN_102963_105754_10.sdc 1393 
LDC_CTS_BN/czch_BN_LDC2004S01/020412RN_106035_110003_11.sdc 2021 
LDC_CTS_BN/czch_BN_LDC2004S01/020412RN_23270_27059_0.sdc 1878 
LDC_CTS_BN/czch_BN_LDC2004S01/020412RN_93952_99149_8.sdc 2574 
LDC_CTS_BN/czch_BN_LDC2004S01/020412RN_99354_102170_9.sdc 1393 
LDC_CTS_BN/czch_BN_LDC2004S01/020418RN_105062_107827_10.sdc 1395 
LDC_CTS_BN/czch_BN_LDC2004S01/020418RN_13696_18586_2.sdc 2500 
LDC_CTS_BN/czch_BN_LDC2004S01/020418RN_45005_47155_3.sdc 1087 
LDC_CTS_BN/czch_BN_LDC2004S01/020418RN_6784_10368_0.sdc 1817 
LDC_CTS_BN/czch_BN_LDC2004S01/020418RN_83968_85658_5.sdc 858 
LDC_CTS_BN/czch_BN_LDC2004S01/020418RN_89856_92006_8.sdc 1081 
LDC_CTS_BN/czch_BN_LDC2004S01/020418RN_94182_96435_9.sdc 1114 
LDC_CTS_BN/czch_BN_LDC2004S01/020506RN_25421_27674_1.sdc 1140 
LDC_CTS_BN/czch_BN_LDC2004S01/020512RN_15693_19405_0.sdc 1782 
LDC_CTS_BN/czch_BN_LDC2004S01/020512RN_20762_23731_1.sdc 1500 
LDC_CTS_BN/czch_BN_LDC2004S01/020518RN_26138_28723_1.sdc 1313 
LDC_CTS_BN/czch_BN_LDC2004S01/020518RN_30925_35507_2.sdc 2343 
LDC_CTS_BN/czch_BN_LDC2004S01/020818RN_25446_27878_0.sdc 1224 
LDC_CTS_BN/czch_BN_LDC2004S01/020818RN_44134_46182_2.sdc 997 
LDC_CTS_BN/czch_BN_LDC2004S01/020818RN_52122_54682_4.sdc 1305 
LDC_CTS_BN/czch_BN_LDC2004S01/020818RN_91546_96922_6.sdc 2752 
LDC_CTS_BN/czch_BN_LDC2004S01/020823PN_42598_46592_0.sdc 2046 
LDC_CTS_BN/czch_BN_LDC2004S01/020918RN_42650_44262_0.sdc 814 
LDC_CTS_BN/czch_BN_LDC2004S01/020918RN_64563_68992_2.sdc 2196 
LDC_CTS_BN/czch_BN_LDC2004S01/020918RN_70707_76314_3.sdc 2892 
LDC_CTS_BN/czch_BN_LDC2004S01/020918RN_82253_84634_5.sdc 1211 
LDC_CTS_BN/czch_BN_LDC2004S01/020918RN_93568_97050_6.sdc 1757 
LDC_CTS_BN/czch_BN_LDC2004S01/021006RN_15846_20070_0.sdc 2178 
LDC_CTS_BN/czch_BN_LDC2004S01/021006RN_21658_25011_1.sdc 1721 
LDC_CTS_BN/czch_BN_LDC2004S01/021008VN_15488_17485_0.sdc 992 
LDC_CTS_BN/czch_BN_LDC2004S01/021008VN_20813_23014_1.sdc 1115 
LDC_CTS_BN/czch_BN_LDC2004S01/021018RN_63130_68275_0.sdc 2568 
LDC_CTS_BN/czch_BN_LDC2004S01/021018RN_69862_75187_1.sdc 2676 
LDC_CTS_BN/czch_BN_LDC2004S01/021018RN_76851_83200_2.sdc 3217 
LDC_CTS_BN/czch_BN_LDC2004S01/021112RN_29440_32077_0.sdc 1318 
LDC_CTS_BN/czch_BN_LDC2004S01/021112RN_35098_40499_2.sdc 2783 
LDC_CTS_BN/czch_BN_LDC2004S01/021112RN_66330_68173_7.sdc 925 
LDC_CTS_BN/czch_BN_LDC2004S01/021112RN_75571_78413_10.sdc 1423 
LDC_CTS_BN/czch_BN_LDC2004S01/021112RN_91418_95923_13.sdc 2270 
LDC_CTS_BN/czch_BN_LDC2004S01/021112RN_96742_101914_14.sdc 2632 
LDC_CTS_BN/czch_BN_LDC2004S01/021118RN_105549_111053_5.sdc 2791 
LDC_CTS_BN/czch_BN_LDC2004S01/021118RN_53658_58445_0.sdc 2385 
LDC_CTS_BN/czch_BN_LDC2004S01/021118RN_71757_75341_1.sdc 1786 
LDC_CTS_BN/czch_BN_LDC2004S01/021118RN_77056_79693_2.sdc 1304 
LDC_CTS_BN/czch_BN_LDC2004S01/021118RN_80077_81971_3.sdc 942 
LDC_CTS_BN/czch_BN_LDC2004S01/021118RN_97690_103962_4.sdc 3220 
LDC_CTS_BN/czch_BN_LDC2004S01/021206RN_14618_16742_0.sdc 1078 
LDC_CTS_BN/czch_BN_LDC2004S01/021206RN_18406_23014_1.sdc 2338 
LDC_CTS_BN/czch_BN_LDC2004S01/021212RN_16845_21453_1.sdc 2366 
LDC_CTS_BN/czch_BN_LDC2004S01/021212RN_23014_28595_2.sdc 2800 
LDC_CTS_BN/czch_BN_LDC2004S01/021412RN_11955_14182_0.sdc 1079 
LDC_CTS_BN/czch_BN_LDC2004S01/021412RN_48768_50432_2.sdc 845 
LDC_CTS_BN/czch_BN_LDC2004S01/021512RN_47411_50406_3.sdc 1496 
LDC_CTS_BN/czch_BN_LDC2004S01/021512RN_58650_60621_7.sdc 957 
LDC_CTS_BN/czch_BN_LDC2004S01/021512RN_67994_71014_10.sdc 1557 
LDC_CTS_BN/czch_BN_LDC2004S01/021512RN_71654_74675_11.sdc 1494 
LDC_CTS_BN/czch_BN_LDC2004S01/021512RN_87424_89114_15.sdc 851 
LDC_CTS_BN/czch_BN_LDC2004S01/021523PN_32205_37222_0.sdc 2586 
LDC_CTS_BN/czch_BN_LDC2004S01/021606RN_6886_12109_0.sdc 2622 
LDC_CTS_BN/czch_BN_LDC2004S01/021612RN_100736_106598_8.sdc 2950 
LDC_CTS_BN/czch_BN_LDC2004S01/021612RN_107136_111155_9.sdc 2016 
LDC_CTS_BN/czch_BN_LDC2004S01/021612RN_22528_24243_0.sdc 846 
LDC_CTS_BN/czch_BN_LDC2004S01/021612RN_59034_63514_1.sdc 2232 
LDC_CTS_BN/czch_BN_LDC2004S01/021612RN_66125_69632_3.sdc 1782 
LDC_CTS_BN/czch_BN_LDC2004S01/021612RN_73293_76211_5.sdc 1444 
LDC_CTS_BN/czch_BN_LDC2004S01/021612RN_76877_78669_6.sdc 904 
LDC_CTS_BN/czch_BN_LDC2004S01/021706RN_8883_10931_0.sdc 1019 
LDC_CTS_BN/czch_BN_LDC2004S01/021708VN_7322_10086_1.sdc 1401 
LDC_CTS_BN/czch_BN_LDC2004S01/021712RN_19789_22528_0.sdc 1380 
LDC_CTS_BN/czch_BN_LDC2004S01/021712RN_32051_35558_1.sdc 1782 
LDC_CTS_BN/czch_BN_LDC2004S01/021716VN_30387_33869_0.sdc 1748 
LDC_CTS_BN/czch_BN_LDC2004S01/021718RN_35814_40294_1.sdc 2284 
LDC_CTS_BN/czch_BN_LDC2004S01/021718RN_50662_52813_2.sdc 1060 
LDC_CTS_BN/czch_BN_LDC2004S01/021718RN_70912_74982_3.sdc 2055 
LDC_CTS_BN/czch_BN_LDC2004S01/021723PN_44800_46694_0.sdc 964 
LDC_CTS_BN/czch_BN_LDC2004S01/021723PN_49587_54682_1.sdc 2603 
LDC_CTS_BN/czch_BN_LDC2004S01/021806RN_23910_28902_0.sdc 2525 
LDC_CTS_BN/czch_BN_LDC2004S01/021812RN_123443_127155_12.sdc 1882 
LDC_CTS_BN/czch_BN_LDC2004S01/021812RN_127923_132250_13.sdc 2155 
LDC_CTS_BN/czch_BN_LDC2004S01/021812RN_134502_140774_14.sdc 3186 
LDC_CTS_BN/czch_BN_LDC2004S01/021812RN_26982_32640_0.sdc 2804 
LDC_CTS_BN/czch_BN_LDC2004S01/021812RN_32998_35123_1.sdc 1064 
LDC_CTS_BN/czch_BN_LDC2004S01/021812RN_44646_46643_3.sdc 995 
LDC_CTS_BN/czch_BN_LDC2004S01/021812RN_46771_48589_4.sdc 921 
LDC_CTS_BN/czch_BN_LDC2004S01/021812RN_69555_75008_7.sdc 2714 
LDC_CTS_BN/czch_BN_LDC2004S01/021812RN_91725_94771_8.sdc 1542 
LDC_CTS_BN/czch_BN_LDC2004S01/021812RN_95462_98202_9.sdc 1406 
LDC_CTS_BN/czch_BN_LDC2004S01/021812RN_99046_101504_10.sdc 1225 
LDC_CTS_BN/czch_BN_LDC2004S01/021912RN_11238_14490_1.sdc 1664 
LDC_CTS_BN/czch_BN_LDC2004S01/021912RN_24627_26573_2.sdc 995 
LDC_CTS_BN/czch_BN_LDC2004S01/021912RN_2714_7142_0.sdc 2270 
LDC_CTS_BN/czch_BN_LDC2004S01/021918RN_9779_13235_0.sdc 1750 
LDC_CTS_BN/czch_BN_LDC2004S01/022112RN_52915_55578_0.sdc 1332 
LDC_CTS_BN/czch_BN_LDC2004S01/022112RN_63206_67994_2.sdc 2455 
LDC_CTS_BN/czch_BN_LDC2004S01/022112RN_71603_75110_3.sdc 1779 
LDC_CTS_BN/czch_BN_LDC2004S01/022118RN_72422_75418_3.sdc 1536 
LDC_CTS_BN/czch_BN_LDC2004S01/022118RN_76877_80282_4.sdc 1704 
LDC_CTS_BN/czch_BN_LDC2004S01/022308VN_14771_19507_0.sdc 2391 
LDC_CTS_BN/czch_BN_LDC2004S01/022308VN_23629_25830_1.sdc 1123 
LDC_CTS_BN/czch_BN_LDC2004S01/022312RN_119834_122650_6.sdc 1392 
LDC_CTS_BN/czch_BN_LDC2004S01/022312RN_123981_129818_7.sdc 2929 
LDC_CTS_BN/czch_BN_LDC2004S01/022312RN_47360_49510_1.sdc 1086 
LDC_CTS_BN/czch_BN_LDC2004S01/022316VN_51072_54758_1.sdc 1833 
LDC_CTS_BN/czch_BN_LDC2004S01/022316VN_9830_12928_0.sdc 1570 
LDC_CTS_BN/czch_BN_LDC2004S01/022318RN_52966_57626_1.sdc 2321 
LDC_CTS_BN/czch_BN_LDC2004S01/022412RN_130406_132608_20.sdc 1113 
LDC_CTS_BN/czch_BN_LDC2004S01/022412RN_79053_85043_11.sdc 3044 
LDC_CTS_BN/czch_BN_LDC2004S01/022412RN_8294_10291_1.sdc 978 
LDC_CTS_BN/czch_BN_LDC2004S01/022412RN_89216_94208_14.sdc 2540 
LDC_CTS_BN/czch_BN_LDC2004S01/022418RN_108083_109952_5.sdc 934 
LDC_CTS_BN/czch_BN_LDC2004S01/022418RN_35533_38221_3.sdc 1330 
LDC_CTS_BN/czch_BN_LDC2004S01/022423PN_10778_12544_1.sdc 819 
LDC_CTS_BN/czch_BN_LDC2004S01/022423PN_26982_29696_2.sdc 1367 
LDC_CTS_BN/czch_BN_LDC2004S01/022506RN_28262_30643_1.sdc 1201 
LDC_CTS_BN/czch_BN_LDC2004S01/022506RN_5376_10291_0.sdc 2496 
LDC_CTS_BN/czch_BN_LDC2004S01/022512RN_104269_106291_8.sdc 1020 
LDC_CTS_BN/czch_BN_LDC2004S01/022512RN_109107_113818_10.sdc 2368 
LDC_CTS_BN/czch_BN_LDC2004S01/022512RN_72883_77056_0.sdc 2064 
LDC_CTS_BN/czch_BN_LDC2004S01/022512RN_87168_90982_4.sdc 1910 
LDC_CTS_BN/czch_BN_LDC2004S01/022512RN_96589_103270_7.sdc 3368 
LDC_CTS_BN/czch_BN_LDC2004S01/022923PN_30131_32282_0.sdc 1090 
LDC_CTS_BN/czch_BN_LDC2004S01/022923PN_51994_54938_1.sdc 1494 
LDC_CTS_BN/czch_BN_LDC2004S01/030106RN_20198_23475_1.sdc 1663 
LDC_CTS_BN/czch_BN_LDC2004S01/030112RN_58189_60493_3.sdc 1153 
LDC_CTS_BN/czch_BN_LDC2004S01/030112RN_62592_65152_4.sdc 1291 
LDC_CTS_BN/czch_BN_LDC2004S01/030112RN_67558_71322_5.sdc 1896 
LDC_CTS_BN/czch_BN_LDC2004S01/030112RN_75136_77952_7.sdc 1438 
LDC_CTS_BN/czch_BN_LDC2004S01/030112RN_81254_83302_8.sdc 1006 
LDC_CTS_BN/czch_BN_LDC2004S01/030112RN_83866_85709_9.sdc 920 
LDC_CTS_BN/czch_BN_LDC2004S01/030112RN_86733_88858_10.sdc 1083 
LDC_CTS_BN/czch_BN_LDC2004S01/030112RN_90010_92058_11.sdc 1026 
LDC_CTS_BN/czch_BN_LDC2004S01/030118RN_39091_43622_1.sdc 2282 
LDC_CTS_BN/czch_BN_LDC2004S01/030118RN_76698_78899_8.sdc 1061 
LDC_CTS_BN/czch_BN_LDC2004S01/030205PN_6656_9498_0.sdc 1459 
LDC_CTS_BN/czch_BN_LDC2004S01/030206RN_3174_7040_0.sdc 1960 
LDC_CTS_BN/czch_BN_LDC2004S01/030212RN_83072_85530_5.sdc 1211 
LDC_CTS_BN/czch_BN_LDC2004S01/030218RN_48691_53683_0.sdc 2469 
LDC_CTS_BN/czch_BN_LDC2004S01/030218RN_69325_71194_2.sdc 946 
LDC_CTS_BN/czch_BN_LDC2004S01/030218RN_93030_94694_4.sdc 818 
LDC_CTS_BN/czch_BN_LDC2004S01/030312RN_62438_67046_2.sdc 2331 
LDC_CTS_BN/czch_BN_LDC2004S01/030318RN_25472_31795_0.sdc 3182 
LDC_CTS_BN/czch_BN_LDC2004S01/030318RN_32154_38605_1.sdc 3227 
LDC_CTS_BN/czch_BN_LDC2004S01/030406RN_19354_23731_0.sdc 2232 
LDC_CTS_BN/czch_BN_LDC2004S01/030412RN_25037_26803_0.sdc 902 
LDC_CTS_BN/czch_BN_LDC2004S01/030418RN_32102_35712_0.sdc 1792 
LDC_CTS_BN/czch_BN_LDC2004S01/030608VN_11494_14234_0.sdc 1374 
LDC_CTS_BN/czch_BN_LDC2004S01/030608VN_14669_16358_1.sdc 847 
LDC_CTS_BN/czch_BN_LDC2004S01/030608VN_25344_29184_6.sdc 1975 
LDC_CTS_BN/czch_BN_LDC2004S01/030612RN_123418_127974_11.sdc 2324 
LDC_CTS_BN/czch_BN_LDC2004S01/030612RN_129382_133530_12.sdc 2095 
LDC_CTS_BN/czch_BN_LDC2004S01/030612RN_135066_138982_13.sdc 1964 
LDC_CTS_BN/czch_BN_LDC2004S01/030612RN_16973_22758_0.sdc 2983 
LDC_CTS_BN/czch_BN_LDC2004S01/030612RN_27981_32486_1.sdc 2283 
LDC_CTS_BN/czch_BN_LDC2004S01/030612RN_54630_56960_3.sdc 1192 
LDC_CTS_BN/czch_BN_LDC2004S01/030612RN_59187_60979_5.sdc 896 
LDC_CTS_BN/czch_BN_LDC2004S01/030612RN_62541_65818_6.sdc 1684 
LDC_CTS_BN/czch_BN_LDC2004S01/030612RN_67098_71706_7.sdc 2326 
LDC_CTS_BN/czch_BN_LDC2004S01/030612RN_74598_76493_9.sdc 898 
LDC_CTS_BN/czch_BN_LDC2004S01/030618RN_49894_52173_2.sdc 1157 
LDC_CTS_BN/czch_BN_LDC2004S01/030618RN_92083_94899_5.sdc 1440 
LDC_CTS_BN/czch_BN_LDC2004S01/030623PN_40192_45005_1.sdc 2443 
LDC_CTS_BN/czch_BN_LDC2004S01/030712RN_102707_105472_7.sdc 1395 
LDC_CTS_BN/czch_BN_LDC2004S01/030712RN_110797_113254_8.sdc 1250 
LDC_CTS_BN/czch_BN_LDC2004S01/030712RN_114560_118502_9.sdc 2029 
LDC_CTS_BN/czch_BN_LDC2004S01/030712RN_120602_125133_10.sdc 2285 
LDC_CTS_BN/czch_BN_LDC2004S01/030712RN_125952_134272_11.sdc 4152 
LDC_CTS_BN/czch_BN_LDC2004S01/030712RN_32794_38093_0.sdc 2695 
LDC_CTS_BN/czch_BN_LDC2004S01/030712RN_39398_44237_1.sdc 2474 
LDC_CTS_BN/czch_BN_LDC2004S01/030712RN_49485_54835_2.sdc 2741 
LDC_CTS_BN/czch_BN_LDC2004S01/030712RN_91494_93210_3.sdc 866 
LDC_CTS_BN/czch_BN_LDC2004S01/030718RN_125184_126822_2.sdc 808 
LDC_CTS_BN/czch_BN_LDC2004S01/030812RN_10778_14848_1.sdc 2047 
LDC_CTS_BN/czch_BN_LDC2004S01/030812RN_40883_45133_2.sdc 2167 
LDC_CTS_BN/czch_BN_LDC2004S01/030812RN_7219_10342_0.sdc 1593 
LDC_CTS_BN/czch_BN_LDC2004S01/030818RN_76416_78669_1.sdc 1144 
LDC_CTS_BN/czch_BN_LDC2004S01/030912RN_14592_16282_0.sdc 846 
LDC_CTS_BN/czch_BN_LDC2004S01/030912RN_36224_41421_1.sdc 2651 
LDC_CTS_BN/czch_BN_LDC2004S01/030912RN_82867_86886_2.sdc 2040 
LDC_CTS_BN/czch_BN_LDC2004S01/030912RN_88781_91878_3.sdc 1579 
LDC_CTS_BN/czch_BN_LDC2004S01/030912RN_93517_103398_4.sdc 5081 
LDC_CTS_BN/czch_BN_LDC2004S01/030918RN_108774_113920_5.sdc 2633 
LDC_CTS_BN/czch_BN_LDC2004S01/030918RN_35712_37581_2.sdc 925 
LDC_CTS_BN/czch_BN_LDC2004S01/030918RN_40243_45875_3.sdc 2868 
LDC_CTS_BN/czch_BN_LDC2004S01/031316VN_16998_21683_0.sdc 2367 
LDC_CTS_BN/czch_BN_LDC2004S01/031318RN_113331_119245_12.sdc 2969 
LDC_CTS_BN/czch_BN_LDC2004S01/031318RN_82893_84608_5.sdc 836 
LDC_CTS_BN/czch_BN_LDC2004S01/031318RN_91187_93978_7.sdc 1387 
LDC_CTS_BN/czch_BN_LDC2004S01/031318RN_97306_101453_9.sdc 2114 
LDC_CTS_BN/czch_BN_LDC2004S01/031412RN_22579_25190_0.sdc 1284 
LDC_CTS_BN/czch_BN_LDC2004S01/031412RN_35712_40858_1.sdc 2647 
LDC_CTS_BN/czch_BN_LDC2004S01/031412RN_50637_55322_3.sdc 2396 
LDC_CTS_BN/czch_BN_LDC2004S01/031412RN_98202_99917_8.sdc 847 
LDC_CTS_BN/czch_BN_LDC2004S01/031423PN_44672_48358_0.sdc 1854 
LDC_CTS_BN/czch_BN_LDC2004S01/031505PN_14592_16512_0.sdc 970 
LDC_CTS_BN/czch_BN_LDC2004S01/031506RN_25242_26982_2.sdc 842 
LDC_CTS_BN/czch_BN_LDC2004S01/031512RN_29926_31846_0.sdc 935 
LDC_CTS_BN/czch_BN_LDC2004S01/031512RN_34458_36224_1.sdc 884 
LDC_CTS_BN/czch_BN_LDC2004S01/031512RN_36634_39194_2.sdc 1263 
LDC_CTS_BN/czch_BN_LDC2004S01/031512RN_47130_52429_3.sdc 2735 
LDC_CTS_BN/czch_BN_LDC2004S01/031512RN_57600_60365_4.sdc 1376 
LDC_CTS_BN/czch_BN_LDC2004S01/031512RN_60877_64256_5.sdc 1716 
LDC_CTS_BN/czch_BN_LDC2004S01/031512RN_65510_67763_6.sdc 1111 
LDC_CTS_BN/czch_BN_LDC2004S01/031512RN_74189_77517_9.sdc 1642 
LDC_CTS_BN/czch_BN_LDC2004S01/031512RN_88986_90854_10.sdc 917 
LDC_CTS_BN/czch_BN_LDC2004S01/031609RN_12877_15616_2.sdc 1316 
LDC_CTS_BN/czch_BN_LDC2004S01/031609RN_8141_9856_0.sdc 847 
LDC_CTS_BN/czch_BN_LDC2004S01/031612RN_100019_104243_10.sdc 2104 
LDC_CTS_BN/czch_BN_LDC2004S01/031612RN_49178_54016_3.sdc 2492 
LDC_CTS_BN/czch_BN_LDC2004S01/031612RN_83277_85222_4.sdc 971 
LDC_CTS_BN/czch_BN_LDC2004S01/031612RN_85504_89011_5.sdc 1742 
LDC_CTS_BN/czch_BN_LDC2004S01/031612RN_90240_92544_6.sdc 1115 
LDC_CTS_BN/czch_BN_LDC2004S01/031612RN_93747_96026_7.sdc 1142 
LDC_CTS_BN/czch_BN_LDC2004S01/031623PN_35482_37965_0.sdc 1240 
LDC_CTS_BN/czch_BN_LDC2004S01/031623PN_46029_49613_1.sdc 1807 
LDC_CTS_BN/czch_BN_LDC2004S01/031705PN_4787_7322_0.sdc 1242 
LDC_CTS_BN/czch_BN_LDC2004S01/031706RN_2842_5811_0.sdc 1499 
LDC_CTS_BN/czch_BN_LDC2004S01/031712RN_104422_108211_11.sdc 1943 
LDC_CTS_BN/czch_BN_LDC2004S01/031712RN_111360_113152_12.sdc 908 
LDC_CTS_BN/czch_BN_LDC2004S01/031712RN_115226_118784_13.sdc 1815 
LDC_CTS_BN/czch_BN_LDC2004S01/031712RN_48358_58214_1.sdc 5102 
LDC_CTS_BN/czch_BN_LDC2004S01/031712RN_58573_64077_2.sdc 2820 
LDC_CTS_BN/czch_BN_LDC2004S01/031719CN_28186_30797_1.sdc 1277 
LDC_CTS_BN/czch_BN_LDC2004S01/031719CN_6093_8755_0.sdc 1363 
LDC_CTS_BN/czch_BN_LDC2004S01/031723PN_28314_32486_0.sdc 2125 
LDC_CTS_BN/czch_BN_LDC2004S01/031723PN_41498_44365_2.sdc 1460 
LDC_CTS_BN/czch_BN_LDC2004S01/031806RN_21606_25370_0.sdc 1673 
LDC_CTS_BN/czch_BN_LDC2004S01/031810PN_14362_18714_0.sdc 2192 
LDC_CTS_BN/czch_BN_LDC2004S01/031812RN_9549_12058_2.sdc 1284 
LDC_CTS_BN/czch_BN_LDC2004S01/031818RN_15386_18637_1.sdc 1660 
LDC_CTS_BN/czch_BN_LDC2004S01/031818RN_39296_42982_4.sdc 1648 
LDC_CTS_BN/czch_BN_LDC2004S01/031818RN_54170_56550_7.sdc 1175 
LDC_CTS_BN/czch_BN_LDC2004S01/032012RN_21606_25984_0.sdc 2192 
LDC_CTS_BN/czch_BN_LDC2004S01/032110PN_11238_16077_0.sdc 2501 
LDC_CTS_BN/czch_BN_LDC2004S01/032112RN_27622_33024_0.sdc 2691 
LDC_CTS_BN/czch_BN_LDC2004S01/032212RN_14106_17408_1.sdc 1679 
LDC_CTS_BN/czch_BN_LDC2004S01/032212RN_6298_10854_0.sdc 2323 
LDC_CTS_BN/czch_BN_LDC2004S01/032323PN_40294_42803_0.sdc 1262 
LDC_CTS_BN/czch_BN_LDC2004S01/032323PN_46822_50867_1.sdc 2009 
LDC_CTS_BN/czch_BN_LDC2004S01/032406RN_16742_20301_2.sdc 1754 
LDC_CTS_BN/czch_BN_LDC2004S01/032406RN_9446_13133_1.sdc 1878 
LDC_CTS_BN/czch_BN_LDC2004S01/032412RN_102605_105370_1.sdc 1396 
LDC_CTS_BN/czch_BN_LDC2004S01/032412RN_105856_109056_2.sdc 1635 
LDC_CTS_BN/czch_BN_LDC2004S01/032412RN_109491_111258_3.sdc 869 
LDC_CTS_BN/czch_BN_LDC2004S01/032412RN_112154_114074_4.sdc 949 
LDC_CTS_BN/czch_BN_LDC2004S01/032412RN_11904_17638_0.sdc 2950 
LDC_CTS_BN/czch_BN_LDC2004S01/032506RN_22221_26624_3.sdc 2199 
LDC_CTS_BN/czch_BN_LDC2004S01/032512RN_15206_20352_3.sdc 2616 
LDC_CTS_BN/czch_BN_LDC2004S01/032512RN_2739_7373_0.sdc 2380 
LDC_CTS_BN/czch_BN_LDC2004S01/032512RN_9779_11520_2.sdc 880 
LDC_CTS_BN/czch_BN_LDC2004S01/032518RN_32307_34432_1.sdc 1068 
LDC_CTS_BN/czch_BN_LDC2004S01/032518RN_51123_54682_3.sdc 1789 
LDC_CTS_BN/czch_BN_LDC2004S01/032712RN_37274_39654_1.sdc 1188 
LDC_CTS_BN/czch_BN_LDC2004S01/032806RN_4198_5990_0.sdc 874 
LDC_CTS_BN/czch_BN_LDC2004S01/032808RN_7629_9574_0.sdc 983 
LDC_CTS_BN/czch_BN_LDC2004S01/032819CN_48922_50637_1.sdc 868 
LDC_CTS_BN/czch_BN_LDC2004S01/032819CN_5453_7373_0.sdc 969 
LDC_CTS_BN/czch_BN_LDC2004S01/032823PN_41600_46669_1.sdc 2568 
LDC_CTS_BN/czch_BN_LDC2004S01/032823PN_50637_52685_3.sdc 1031 
LDC_CTS_BN/czch_BN_LDC2004S01/032823PN_7219_11571_0.sdc 2210 
LDC_CTS_BN/czch_BN_LDC2004S01/032905PN_3149_6195_0.sdc 1539 
LDC_CTS_BN/czch_BN_LDC2004S01/032906RN_8858_11418_0.sdc 1297 
LDC_CTS_BN/czch_BN_LDC2004S01/032912RN_103066_112973_6.sdc 5131 
LDC_CTS_BN/czch_BN_LDC2004S01/032912RN_114918_118605_7.sdc 1880 
LDC_CTS_BN/czch_BN_LDC2004S01/032912RN_88346_91597_2.sdc 1651 
LDC_CTS_BN/czch_BN_LDC2004S01/032912RN_92467_94234_3.sdc 879 
LDC_CTS_BN/czch_BN_LDC2004S01/032912RN_94694_96922_4.sdc 1148 
LDC_CTS_BN/czch_BN_LDC2004S01/032912RN_99277_102707_5.sdc 1763 
LDC_CTS_BN/czch_BN_LDC2004S01/040512RN_103091_105702_14.sdc 1326 
LDC_CTS_BN/czch_BN_LDC2004S01/040512RN_111488_113485_17.sdc 1008 
LDC_CTS_BN/czch_BN_LDC2004S01/040512RN_114227_116275_18.sdc 1018 
LDC_CTS_BN/czch_BN_LDC2004S01/040512RN_13798_17818_2.sdc 2073 
LDC_CTS_BN/czch_BN_LDC2004S01/040512RN_35149_38554_3.sdc 1719 
LDC_CTS_BN/czch_BN_LDC2004S01/040512RN_55552_57651_5.sdc 1027 
LDC_CTS_BN/czch_BN_LDC2004S01/040512RN_60365_62899_6.sdc 1233 
LDC_CTS_BN/czch_BN_LDC2004S01/040512RN_68787_75162_7.sdc 3271 
LDC_CTS_BN/czch_BN_LDC2004S01/040512RN_7629_10317_0.sdc 1364 
LDC_CTS_BN/czch_BN_LDC2004S01/040512RN_90010_92186_10.sdc 1092 
LDC_CTS_BN/czch_BN_LDC2004S01/040605PN_18253_20608_1.sdc 1197 
LDC_CTS_BN/czch_BN_LDC2004S01/040606RN_16973_22195_0.sdc 2656 
LDC_CTS_BN/czch_BN_LDC2004S01/040606RN_23680_27750_1.sdc 2014 
LDC_CTS_BN/czch_BN_LDC2004S01/040612RN_34125_36019_0.sdc 950 
LDC_CTS_BN/czch_BN_LDC2004S01/040612RN_54605_56422_1.sdc 916 
LDC_CTS_BN/czch_BN_LDC2004S01/040612RN_63078_65254_4.sdc 1102 
LDC_CTS_BN/czch_BN_LDC2004S01/040618RN_60032_65920_1.sdc 2947 
LDC_CTS_BN/czch_BN_LDC2004S01/040618RN_76646_78336_2.sdc 819 
LDC_CTS_BN/czch_BN_LDC2004S01/040618RN_88806_90829_4.sdc 1006 
LDC_CTS_BN/czch_BN_LDC2004S01/040618RN_91213_93594_5.sdc 1201 
LDC_CTS_BN/czch_BN_LDC2004S01/040623PN_31949_35021_2.sdc 1554 
LDC_CTS_BN/czch_BN_LDC2004S01/040623PN_37043_42880_3.sdc 2967 
LDC_CTS_BN/czch_BN_LDC2004S01/040712RN_102426_105242_3.sdc 1374 
LDC_CTS_BN/czch_BN_LDC2004S01/040712RN_118400_120141_6.sdc 868 
LDC_CTS_BN/czch_BN_LDC2004S01/040712RN_34406_38605_0.sdc 2098 
LDC_CTS_BN/czch_BN_LDC2004S01/040806RN_17946_22835_0.sdc 2455 
LDC_CTS_BN/czch_BN_LDC2004S01/040806RN_24550_29568_1.sdc 2580 
LDC_CTS_BN/czch_BN_LDC2004S01/040808RN_11571_14592_0.sdc 1539 
LDC_CTS_BN/czch_BN_LDC2004S01/040810PN_16973_21632_0.sdc 2357 
LDC_CTS_BN/czch_BN_LDC2004S01/040818RN_11136_12902_2.sdc 895 
LDC_CTS_BN/czch_BN_LDC2004S01/040818RN_44237_45952_3.sdc 846 
LDC_CTS_BN/czch_BN_LDC2004S01/040818RN_51610_53376_5.sdc 863 
LDC_CTS_BN/czch_BN_LDC2004S01/040818RN_72576_74342_9.sdc 873 
LDC_CTS_BN/czch_BN_LDC2004S01/040819CN_75622_77542_0.sdc 981 
LDC_CTS_BN/czch_BN_LDC2004S01/040912RN_11571_14643_1.sdc 1512 
LDC_CTS_BN/czch_BN_LDC2004S01/040912RN_22323_27930_2.sdc 2884 
LDC_CTS_BN/czch_BN_LDC2004S01/040912RN_2406_8883_0.sdc 3252 
LDC_CTS_BN/czch_BN_LDC2004S01/041008RN_10829_15795_0.sdc 2545 
LDC_CTS_BN/czch_BN_LDC2004S01/041018RN_41754_46541_0.sdc 2380 
LDC_CTS_BN/czch_BN_LDC2004S01/041018RN_54861_56755_3.sdc 960 
LDC_CTS_BN/czch_BN_LDC2004S01/041018RN_60698_62541_5.sdc 935 
LDC_CTS_BN/czch_BN_LDC2004S01/041018RN_67354_71322_7.sdc 2013 
LDC_CTS_BN/czch_BN_LDC2004S01/041018RN_72832_76442_8.sdc 1830 
LDC_CTS_BN/czch_BN_LDC2004S01/041018RN_95590_97536_10.sdc 972 
LDC_CTS_BN/czch_BN_LDC2004S01/041118RN_69760_75034_1.sdc 2654 
LDC_CTS_BN/czch_BN_LDC2004S01/041118RN_96026_99738_2.sdc 1858 
LDC_CTS_BN/czch_BN_LDC2004S01/041123PN_13798_16666_0.sdc 1476 
LDC_CTS_BN/czch_BN_LDC2004S01/041123PN_54477_59827_1.sdc 2730 
LDC_CTS_BN/czch_BN_LDC2004S01/041206RN_23629_25933_2.sdc 1147 
LDC_CTS_BN/czch_BN_LDC2004S01/041218RN_7398_10573_0.sdc 1613 
LDC_CTS_BN/czch_BN_LDC2004S01/041218RN_89498_93338_1.sdc 1975 
LDC_CTS_BN/czch_BN_LDC2004S01/041306RN_18074_19968_2.sdc 933 
LDC_CTS_BN/czch_BN_LDC2004S01/041306RN_3610_5478_0.sdc 936 
LDC_CTS_BN/czch_BN_LDC2004S01/041308RN_15078_18534_0.sdc 1755 
LDC_CTS_BN/czch_BN_LDC2004S01/041310PN_3482_5120_0.sdc 822 
LDC_CTS_BN/czch_BN_LDC2004S01/041312RN_58675_60646_2.sdc 989 
LDC_CTS_BN/czch_BN_LDC2004S01/041312RN_5939_8269_0.sdc 1177 
LDC_CTS_BN/czch_BN_LDC2004S01/041312RN_64819_69043_4.sdc 2166 
LDC_CTS_BN/czch_BN_LDC2004S01/041312RN_69555_71296_5.sdc 864 
LDC_CTS_BN/czch_BN_LDC2004S01/041312RN_72294_75955_6.sdc 1874 
LDC_CTS_BN/czch_BN_LDC2004S01/041312RN_77722_79770_7.sdc 1037 
LDC_CTS_BN/czch_BN_LDC2004S01/041312RN_81664_83866_8.sdc 1111 
LDC_CTS_BN/czch_BN_LDC2004S01/041312RN_86272_87885_9.sdc 809 
LDC_CTS_BN/czch_BN_LDC2004S01/041312RN_89293_91955_10.sdc 1362 
LDC_CTS_BN/czch_BN_LDC2004S01/041318RN_15232_17306_2.sdc 1054 
LDC_CTS_BN/czch_BN_LDC2004S01/041318RN_43546_45491_4.sdc 992 
LDC_CTS_BN/czch_BN_LDC2004S01/041318RN_8115_10650_0.sdc 1258 
LDC_CTS_BN/czch_BN_LDC2004S01/041718RN_70630_75981_1.sdc 2713 
LDC_CTS_BN/czch_BN_LDC2004S01/041718RN_7578_10982_0.sdc 1711 
LDC_CTS_BN/czch_BN_LDC2004S01/041718RN_79565_84915_2.sdc 2718 
LDC_CTS_BN/czch_BN_LDC2004S01/041718RN_89984_94976_3.sdc 2507 
LDC_CTS_BN/czch_BN_LDC2004S01/041718RN_97818_99482_4.sdc 801 
LDC_CTS_BN/czch_BN_LDC2004S01/041812RN_26931_31898_5.sdc 2545 
LDC_CTS_BN/czch_BN_LDC2004S01/041812RN_36531_39322_7.sdc 1396 
LDC_CTS_BN/czch_BN_LDC2004S01/041812RN_59187_62003_11.sdc 1431 
LDC_CTS_BN/czch_BN_LDC2004S01/041812RN_64077_66202_12.sdc 1053 
LDC_CTS_BN/czch_BN_LDC2004S01/041812RN_67456_70861_13.sdc 1691 
LDC_CTS_BN/czch_BN_LDC2004S01/041812RN_75853_77978_15.sdc 1071 
LDC_CTS_BN/czch_BN_LDC2004S01/041812RN_85555_87782_17.sdc 1129 
LDC_CTS_BN/czch_BN_LDC2004S01/041818RN_14643_16640_1.sdc 996 
LDC_CTS_BN/czch_BN_LDC2004S01/041818RN_17690_22118_2.sdc 2223 
LDC_CTS_BN/czch_BN_LDC2004S01/041818RN_6810_9242_0.sdc 1195 
LDC_CTS_BN/czch_BN_LDC2004S01/041818RN_85530_88704_4.sdc 1611 
LDC_CTS_BN/czch_BN_LDC2004S01/041818RN_94438_98509_5.sdc 2030 
LDC_CTS_BN/czch_BN_LDC2004S01/041823PN_38886_43264_1.sdc 2208 
LDC_CTS_BN/czch_BN_LDC2004S01/041906RN_13210_17587_0.sdc 2255 
LDC_CTS_BN/czch_BN_LDC2004S01/041908RN_17434_20992_0.sdc 1827 
LDC_CTS_BN/czch_BN_LDC2004S01/041912RN_13414_16947_0.sdc 1799 
LDC_CTS_BN/czch_BN_LDC2004S01/041912RN_55552_57574_3.sdc 1010 
LDC_CTS_BN/czch_BN_LDC2004S01/041912RN_65024_67968_4.sdc 1498 
LDC_CTS_BN/czch_BN_LDC2004S01/041912RN_72371_75827_6.sdc 1730 
LDC_CTS_BN/czch_BN_LDC2004S01/041912RN_78080_81203_8.sdc 1580 
LDC_CTS_BN/czch_BN_LDC2004S01/041912RN_82304_86733_9.sdc 2242 
LDC_CTS_BN/czch_BN_LDC2004S01/041918RN_68454_71296_1.sdc 1427 
LDC_CTS_BN/czch_BN_LDC2004S01/041923PN_50176_52326_2.sdc 1097 
LDC_CTS_BN/czch_BN_LDC2004S01/041923PN_52634_55885_3.sdc 1647 
LDC_CTS_BN/czch_BN_LDC2004S01/042006RN_13056_15053_0.sdc 993 
LDC_CTS_BN/czch_BN_LDC2004S01/042006RN_21222_23245_3.sdc 1030 
LDC_CTS_BN/czch_BN_LDC2004S01/042008RN_9549_11443_0.sdc 936 
LDC_CTS_BN/czch_BN_LDC2004S01/042010PN_2406_8627_0.sdc 3130 
LDC_CTS_BN/czch_BN_LDC2004S01/042012RN_10342_12570_2.sdc 1115 
LDC_CTS_BN/czch_BN_LDC2004S01/042012RN_127437_133965_23.sdc 3312 
LDC_CTS_BN/czch_BN_LDC2004S01/042012RN_134733_138778_24.sdc 2007 
LDC_CTS_BN/czch_BN_LDC2004S01/042012RN_17306_20506_3.sdc 1622 
LDC_CTS_BN/czch_BN_LDC2004S01/042012RN_31360_36326_7.sdc 2525 
LDC_CTS_BN/czch_BN_LDC2004S01/042012RN_51046_53171_10.sdc 1067 
LDC_CTS_BN/czch_BN_LDC2004S01/042012RN_63027_65664_14.sdc 1296 
LDC_CTS_BN/czch_BN_LDC2004S01/042012RN_69120_72371_15.sdc 1666 
LDC_CTS_BN/czch_BN_LDC2004S01/042012RN_74317_84864_16.sdc 5396 
LDC_CTS_BN/czch_BN_LDC2004S01/042012RN_87654_89395_18.sdc 880 
LDC_CTS_BN/czch_BN_LDC2004S01/042012RN_92134_96205_20.sdc 2066 
LDC_CTS_BN/czch_BN_LDC2004S01/042018RN_44083_46771_4.sdc 1344 
LDC_CTS_BN/czch_BN_LDC2004S01/042018RN_61901_65075_5.sdc 1586 
LDC_CTS_BN/czch_BN_LDC2004S01/042018RN_70630_72730_6.sdc 1043 
LDC_CTS_BN/czch_BN_LDC2004S01/042018RN_88320_93030_7.sdc 2359 
LDC_CTS_BN/czch_BN_LDC2004S01/042018RN_94669_99405_8.sdc 2443 
LDC_CTS_BN/czch_BN_LDC2009S02/rf030212_121242_123315_0.sdc 1056 
LDC_CTS_BN/czch_BN_LDC2009S02/rf030212_128051_131251_3.sdc 1551 
LDC_CTS_BN/czch_BN_LDC2009S02/rf030212_132506_135706_4.sdc 1584 
LDC_CTS_BN/czch_BN_LDC2009S02/rf030212_136166_139776_5.sdc 1815 
LDC_CTS_BN/czch_BN_LDC2009S02/rf030212_140544_144845_6.sdc 2199 
LDC_CTS_BN/czch_BN_LDC2009S02/rf030212_145280_148582_7.sdc 1656 
LDC_CTS_BN/czch_BN_LDC2009S02/rf030213_140262_142310_0.sdc 1035 
LDC_CTS_BN/czch_BN_LDC2009S02/rf030213_142618_147200_1.sdc 2319 
LDC_CTS_BN/czch_BN_LDC2009S02/rf030213_149504_156595_3.sdc 3537 
LDC_CTS_BN/czch_BN_LDC2009S02/rf030213_157235_161382_4.sdc 2106 
LDC_CTS_BN/czch_BN_LDC2009S02/rf030213_161894_164122_5.sdc 1110 
LDC_CTS_BN/czch_BN_LDC2009S02/rf030213_164429_168166_6.sdc 1849 
LDC_CTS_BN/czch_BN_LDC2009S02/rf030213_170189_173926_8.sdc 1875 
LDC_CTS_BN/czch_BN_LDC2009S02/rf030214_145818_149760_1.sdc 1993 
LDC_CTS_BN/czch_BN_LDC2009S02/rf030214_150221_156570_2.sdc 3236 
LDC_CTS_BN/czch_BN_LDC2009S02/rf030214_157184_161152_3.sdc 2009 
LDC_CTS_BN/czch_BN_LDC2009S02/rf030214_162662_166298_5.sdc 1826 
LDC_CTS_BN/czch_BN_LDC2009S02/rf030214_166707_169267_6.sdc 1284 
LDC_CTS_BN/czch_BN_LDC2009S02/rf030214_173363_176870_9.sdc 1789 
LDC_CTS_BN/czch_BN_LDC2009S02/rf030214_74880_77261_0.sdc 1171 
LDC_CTS_BN/czch_BN_LDC2009S02/rf030218_140518_146586_0.sdc 3010 
LDC_CTS_BN/czch_BN_LDC2009S02/rf030218_147046_151808_1.sdc 2410 
LDC_CTS_BN/czch_BN_LDC2009S02/rf030218_154957_159488_2.sdc 2296 
LDC_CTS_BN/czch_BN_LDC2009S02/rf030218_161869_164710_4.sdc 1443 
LDC_CTS_BN/czch_BN_LDC2009S02/rf030219_130995_135296_0.sdc 2133 
LDC_CTS_BN/czch_BN_LDC2009S02/rf030219_144998_147226_4.sdc 1094 
LDC_CTS_BN/czch_BN_LDC2009S02/rf030219_149146_156442_6.sdc 3749 
LDC_CTS_BN/czch_BN_LDC2009S02/rf030225_134784_144051_0.sdc 4594 
LDC_CTS_BN/czch_BN_LDC2009S02/rf030225_144614_148608_1.sdc 2015 
LDC_CTS_BN/czch_BN_LDC2009S02/rf030225_150426_153958_2.sdc 1751 
LDC_CTS_BN/czch_BN_LDC2009S02/rf030225_154650_161741_3.sdc 3452 
LDC_CTS_BN/czch_BN_LDC2009S02/rf030225_162765_165760_4.sdc 1490 
LDC_CTS_BN/czch_BN_LDC2009S02/rf030226_114125_116608_0.sdc 1245 
LDC_CTS_BN/czch_BN_LDC2009S02/rf030226_116710_120755_1.sdc 1992 
LDC_CTS_BN/czch_BN_LDC2009S02/rf030226_123827_127693_3.sdc 1920 
LDC_CTS_BN/czch_BN_LDC2009S02/rf030226_128384_132762_4.sdc 2242 
LDC_CTS_BN/czch_BN_LDC2009S02/rf030226_133530_136038_5.sdc 1237 
LDC_CTS_BN/czch_BN_LDC2009S02/rf030227_103424_106547_1.sdc 1550 
LDC_CTS_BN/czch_BN_LDC2009S02/rf030227_107750_111744_2.sdc 1966 
LDC_CTS_BN/czch_BN_LDC2009S02/rf030227_112282_114253_3.sdc 968 
LDC_CTS_BN/czch_BN_LDC2009S02/rf030227_116250_121216_5.sdc 2535 
LDC_CTS_BN/czch_BN_LDC2009S02/rf030227_121549_125184_6.sdc 1855 
LDC_CTS_BN/czch_BN_LDC2009S02/rf030227_126208_130458_7.sdc 2153 
LDC_CTS_BN/czch_BN_LDC2009S02/rf030227_133120_137754_9.sdc 2324 
LDC_CTS_BN/czch_BN_LDC2009S02/rf030227_95334_101606_0.sdc 3146 
LDC_CTS_BN/czch_BN_LDC2009S02/rf030305_110925_116454_0.sdc 2767 
LDC_CTS_BN/czch_BN_LDC2009S02/rf030305_117683_119552_1.sdc 956 
LDC_CTS_BN/czch_BN_LDC2009S02/rf030305_122803_125133_2.sdc 1173 
LDC_CTS_BN/czch_BN_LDC2009S02/rf030305_126157_131558_3.sdc 2756 
LDC_CTS_BN/czch_BN_LDC2009S02/rf030305_132198_136064_4.sdc 1963 
LDC_CTS_BN/czch_BN_LDC2009S02/rf030306_128742_133632_0.sdc 2501 
LDC_CTS_BN/czch_BN_LDC2009S02/rf030306_135987_143565_1.sdc 3835 
LDC_CTS_BN/czch_BN_LDC2009S02/rf030306_144845_149862_2.sdc 2525 
LDC_CTS_BN/czch_BN_LDC2009S02/rf030307_113459_115635_0.sdc 1116 
LDC_CTS_BN/czch_BN_LDC2009S02/rf030307_129101_132915_7.sdc 1948 
LDC_CTS_BN/czch_BN_LDC2009S02/rf030307_141850_144998_9.sdc 1565 
LDC_CTS_BN/czch_BN_LDC2009S02/rf030310_130381_133914_0.sdc 1772 
LDC_CTS_BN/czch_BN_LDC2009S02/rf030310_141466_143181_1.sdc 845 
LDC_CTS_BN/czch_BN_LDC2009S02/rf030310_147200_148915_3.sdc 878 
LDC_CTS_BN/czch_BN_LDC2009S02/rf030311_133683_140570_0.sdc 3505 
LDC_CTS_BN/czch_BN_LDC2009S02/rf030311_143488_146842_2.sdc 1718 
LDC_CTS_BN/czch_BN_LDC2009S02/rf030311_147456_150221_3.sdc 1378 
LDC_CTS_BN/czch_BN_LDC2009S02/rf030311_151322_154650_4.sdc 1697 
LDC_CTS_BN/czch_BN_LDC2009S02/rf030312_126413_129434_5.sdc 1534 
LDC_CTS_BN/czch_BN_LDC2009S02/rf030312_136832_140544_7.sdc 1803 
LDC_CTS_BN/czch_BN_LDC2009S02/rf030312_141312_143411_8.sdc 1073 
LDC_CTS_BN/czch_BN_LDC2009S02/rf030313_108698_111360_5.sdc 1324 
LDC_CTS_BN/czch_BN_LDC2009S02/rf030313_96461_98330_2.sdc 936 
LDC_CTS_BN/czch_BN_LDC2009S02/rf030314_143360_149402_2.sdc 3058 
LDC_CTS_BN/czch_BN_LDC2009S02/rf030314_150528_153139_3.sdc 1306 
LDC_CTS_BN/czch_BN_LDC2009S02/rf030314_155699_159181_5.sdc 1770 
LDC_CTS_BN/czch_BN_LDC2009S02/rf030314_159974_162944_6.sdc 1506 
LDC_CTS_BN/czch_BN_LDC2009S02/rf030314_164890_167782_8.sdc 1451 
LDC_CTS_BN/czch_BN_LDC2009S02/rf030314_168576_173030_9.sdc 2235 
LDC_CTS_BN/czch_BN_LDC2009S02/rf030314_61722_63744_0.sdc 1028 
LDC_CTS_BN/czch_BN_LDC2009S02/rf030317_123853_127616_0.sdc 1910 
LDC_CTS_BN/czch_BN_LDC2009S02/rf030317_128563_130227_1.sdc 837 
LDC_CTS_BN/czch_BN_LDC2009S02/rf030317_131430_134886_2.sdc 1724 
LDC_CTS_BN/czch_BN_LDC2009S02/rf030317_146739_148838_5.sdc 1054 
LDC_CTS_BN/czch_BN_LDC2009S02/rf030318_123264_125414_1.sdc 1063 
LDC_CTS_BN/czch_BN_LDC2009S02/rf030318_135091_138726_4.sdc 1814 
LDC_CTS_BN/czch_BN_LDC2009S02/rf030318_141824_144282_6.sdc 1235 
LDC_CTS_BN/czch_BN_LDC2009S02/rf030319_127104_129638_0.sdc 1278 
LDC_CTS_BN/czch_BN_LDC2009S02/rf030319_133299_136064_3.sdc 1365 
LDC_CTS_BN/czch_BN_LDC2009S02/rf030319_138675_142131_4.sdc 1733 
LDC_CTS_BN/czch_BN_LDC2009S02/rf030319_143258_148787_5.sdc 2769 
LDC_CTS_BN/czch_BN_LDC2009S02/rf030319_149914_152678_6.sdc 1405 
LDC_CTS_BN/czch_BN_LDC2009S02/rf030319_155264_159770_8.sdc 2301 
LDC_CTS_BN/czch_BN_LDC2009S02/rf030321_121574_123725_0.sdc 1053 
LDC_CTS_BN/czch_BN_LDC2009S02/rf030321_126592_128691_2.sdc 1041 
LDC_CTS_BN/czch_BN_LDC2009S02/rf030321_129408_131891_3.sdc 1231 
LDC_CTS_BN/czch_BN_LDC2009S02/rf030321_133274_138496_4.sdc 2681 
LDC_CTS_BN/czch_BN_LDC2009S02/rf030321_139469_144128_5.sdc 2341 
LDC_CTS_BN/czch_BN_LDC2009S02/rf030321_147251_149171_7.sdc 976 
LDC_CTS_BN/czch_BN_LDC2009S02/rf030324_141030_142669_1.sdc 809 
LDC_CTS_BN/czch_BN_LDC2009S02/rf030325_127334_130074_1.sdc 1395 
LDC_CTS_BN/czch_BN_LDC2009S02/rf030325_135219_138291_4.sdc 1562 
LDC_CTS_BN/czch_BN_LDC2009S02/rf030325_139008_140723_5.sdc 849 
LDC_CTS_BN/czch_BN_LDC2009S02/rf030325_141696_144614_6.sdc 1449 
LDC_CTS_BN/czch_BN_LDC2009S02/rf030326_124877_127488_0.sdc 1325 
LDC_CTS_BN/czch_BN_LDC2009S02/rf030326_133862_137779_2.sdc 1977 
LDC_CTS_BN/czch_BN_LDC2009S02/rf030327_101888_106419_1.sdc 2281 
LDC_CTS_BN/czch_BN_LDC2009S02/rf030327_107776_113536_2.sdc 2963 
LDC_CTS_BN/czch_BN_LDC2009S02/rf030327_115123_118246_3.sdc 1579 
LDC_CTS_BN/czch_BN_LDC2009S02/rf030327_118554_120704_4.sdc 1077 
LDC_CTS_BN/czch_BN_LDC2009S02/rf030327_124544_132275_6.sdc 3753 
LDC_CTS_BN/czch_BN_LDC2009S02/rf030327_95155_100352_0.sdc 2645 
LDC_CTS_BN/czch_BN_LDC2009S02/rf030328_124365_126515_1.sdc 1035 
LDC_CTS_BN/czch_BN_LDC2009S02/rf030328_127898_131610_2.sdc 1861 
LDC_CTS_BN/czch_BN_LDC2009S02/rf030328_133299_135168_4.sdc 951 
LDC_CTS_BN/czch_BN_LDC2009S02/rf030328_138240_139955_6.sdc 857 
LDC_CTS_BN/czch_BN_LDC2009S02/rf030328_142746_144947_8.sdc 1129 
LDC_CTS_BN/czch_BN_LDC2009S02/rf030331_135168_137574_2.sdc 1188 
LDC_CTS_BN/czch_BN_LDC2009S02/rf030331_144973_147430_6.sdc 1239 
LDC_CTS_BN/czch_BN_LDC2009S02/rf030401_101632_108442_0.sdc 3442 
LDC_CTS_BN/czch_BN_LDC2009S02/rf030401_109466_111514_1.sdc 1017 
LDC_CTS_BN/czch_BN_LDC2009S02/rf030401_124774_126438_6.sdc 833 
LDC_CTS_BN/czch_BN_LDC2009S02/rf030403_148122_152397_5.sdc 2185 
LDC_CTS_BN/czch_BN_LDC2009S02/rf030403_90317_92518_0.sdc 1113 
LDC_CTS_BN/czch_BN_LDC2009S02/rf030404_142643_147686_3.sdc 2534 
LDC_CTS_BN/czch_BN_LDC2009S02/rf030404_149094_152218_4.sdc 1556 
LDC_CTS_BN/czch_BN_LDC2009S02/rf030404_152909_156211_5.sdc 1707 
LDC_CTS_BN/czch_BN_LDC2009S02/rf030407_140134_142464_0.sdc 1175 
LDC_CTS_BN/czch_BN_LDC2009S02/rf030407_147610_149530_2.sdc 977 
LDC_CTS_BN/czch_BN_LDC2009S02/rf030407_155494_158003_4.sdc 1284 
LDC_CTS_BN/czch_BN_LDC2009S02/rf030408_146586_148557_0.sdc 971 
LDC_CTS_BN/czch_BN_LDC2009S02/rf030408_162944_171520_7.sdc 4407 
LDC_CTS_BN/czch_BN_LDC2009S02/rf030408_172211_179635_8.sdc 3745 
LDC_CTS_BN/czch_BN_LDC2009S02/rf030410_105011_107366_1.sdc 1156 
LDC_CTS_BN/czch_BN_LDC2009S02/rf030410_118886_121242_4.sdc 1145 
LDC_CTS_BN/czch_BN_LDC2009S02/rf030410_121779_126131_5.sdc 2211 
LDC_CTS_BN/czch_BN_LDC2009S02/rf030410_14285_19482_0.sdc 2594 
LDC_CTS_BN/czch_BN_LDC2009S02/rf030411_141235_143053_0.sdc 912 
LDC_CTS_BN/czch_BN_LDC2009S02/rf030411_147072_148890_2.sdc 893 
LDC_CTS_BN/czch_BN_LDC2009S02/rf030411_153626_155750_4.sdc 1060 
LDC_CTS_BN/czch_BN_LDC2009S02/rf030411_155981_157773_5.sdc 919 
LDC_CTS_BN/czch_BN_LDC2009S02/rf030411_160358_162176_7.sdc 923 
LDC_CTS_BN/czch_BN_LDC2009S02/rf030414_132045_134758_0.sdc 1375 
LDC_CTS_BN/czch_BN_LDC2009S02/rf030414_136704_140160_1.sdc 1730 
LDC_CTS_BN/czch_BN_LDC2009S02/rf030414_141261_143334_2.sdc 1050 
LDC_CTS_BN/czch_BN_LDC2009S02/rf030414_146790_151475_4.sdc 2352 
LDC_CTS_BN/czch_BN_LDC2009S02/rf030416_122957_126797_0.sdc 1908 
LDC_CTS_BN/czch_BN_LDC2009S02/rf030416_133222_135578_3.sdc 1166 
LDC_CTS_BN/czch_BN_LDC2009S02/rf030416_144205_146739_7.sdc 1285 
LDC_CTS_BN/czch_BN_LDC2009S02/rf030417_131456_136013_3.sdc 2253 
LDC_CTS_BN/czch_BN_LDC2009S02/rf030417_142106_146714_4.sdc 2322 
LDC_CTS_BN/czch_BN_LDC2009S02/rf030417_153011_155725_8.sdc 1369 
LDC_CTS_BN/czch_BN_LDC2009S02/rf030418_124390_127667_0.sdc 1641 
LDC_CTS_BN/czch_BN_LDC2009S02/rf030418_135066_137856_4.sdc 1408 
LDC_CTS_BN/czch_BN_LDC2009S02/rf030418_140902_143821_5.sdc 1415 
LDC_CTS_BN/czch_BN_LDC2009S02/rf030418_147584_151757_7.sdc 2072 
LDC_CTS_BN/czch_BN_LDC2009S02/rf030418_153830_157491_9.sdc 1827 
LDC_CTS_BN/czch_BN_LDC2009S02/rf030422_156058_158259_8.sdc 1088 
LDC_CTS_BN/czch_BN_LDC2009S02/rf030423_104550_106291_0.sdc 861 
LDC_CTS_BN/czch_BN_LDC2009S02/rf030423_113101_121549_4.sdc 4364 
LDC_CTS_BN/czch_BN_LDC2009S02/rf030423_135347_137088_10.sdc 862 
LDC_CTS_BN/czch_BN_LDC2009S02/rf030423_137421_139725_11.sdc 1157 
LDC_CTS_BN/czch_BN_LDC2009S02/rf030424_119219_121267_0.sdc 1023 
LDC_CTS_BN/czch_BN_LDC2009S02/rf030424_123366_128154_1.sdc 2456 
LDC_CTS_BN/czch_BN_LDC2009S02/rf030424_132710_135603_3.sdc 1466 
LDC_CTS_BN/czch_BN_LDC2009S02/rf030424_138880_144794_4.sdc 3022 
LDC_CTS_BN/czch_BN_LDC2009S02/rf030424_146227_147840_5.sdc 815 
LDC_CTS_BN/czch_BN_LDC2009S02/rf030425_144179_145766_1.sdc 801 
LDC_CTS_BN/czch_BN_LDC2009S02/rf030425_147430_149760_2.sdc 1172 
LDC_CTS_BN/czch_BN_LDC2009S02/rf030425_160384_163763_4.sdc 1686 
LDC_CTS_BN/czch_BN_LDC2009S02/rf030428_133914_137062_0.sdc 1552 
LDC_CTS_BN/czch_BN_LDC2009S02/rf030428_138240_142566_1.sdc 2192 
LDC_CTS_BN/czch_BN_LDC2009S02/rf030428_143104_146816_2.sdc 1849 
LDC_CTS_BN/czch_BN_LDC2009S02/rf030428_147507_150298_3.sdc 1414 
LDC_CTS_BN/czch_BN_LDC2009S02/rf030428_154035_157670_5.sdc 1803 
LDC_CTS_BN/czch_BN_LDC2009S02/rf030429_141696_146842_3.sdc 2643 
LDC_CTS_BN/czch_BN_LDC2009S02/rf030429_150221_152038_4.sdc 917 
LDC_CTS_BN/czch_BN_LDC2009S02/rf030429_152909_155341_5.sdc 1195 
LDC_CTS_BN/czch_BN_LDC2009S02/rf030501_104269_108314_4.sdc 1985 
LDC_CTS_BN/czch_BN_LDC2009S02/rf030501_109619_113306_5.sdc 1860 
LDC_CTS_BN/czch_BN_LDC2009S02/rf030501_114611_122522_6.sdc 4000 
LDC_CTS_BN/czch_BN_LDC2009S02/rf030501_86989_91315_0.sdc 2176 
LDC_CTS_BN/czch_BN_LDC2009S02/rf030501_91674_94643_1.sdc 1519 
LDC_CTS_BN/czch_BN_LDC2009S02/rf030502_130227_132275_0.sdc 1003 
LDC_CTS_BN/czch_BN_LDC2009S02/rf030502_136294_138419_2.sdc 1081 
LDC_CTS_BN/czch_BN_LDC2009S02/rf030502_139955_143002_3.sdc 1535 
LDC_CTS_BN/czch_BN_LDC2009S02/rf030502_143616_151245_4.sdc 3911 
LDC_CTS_BN/czch_BN_LDC2009S02/rf030502_152422_156621_5.sdc 2160 
LDC_CTS_BN/czch_BN_LDC2009S02/rf030505_127642_130637_1.sdc 1487 
LDC_CTS_BN/czch_BN_LDC2009S02/rf030505_138931_140954_5.sdc 1025 
LDC_CTS_BN/czch_BN_LDC2009S02/rf030506_127795_130278_0.sdc 1247 
LDC_CTS_BN/czch_BN_LDC2009S02/rf030506_142464_146278_5.sdc 1947 
LDC_CTS_BN/czch_BN_LDC2009S02/rf030507_109312_112563_0.sdc 1640 
LDC_CTS_BN/czch_BN_LDC2009S02/rf030507_115610_127078_1.sdc 5809 
LDC_CTS_BN/czch_BN_LDC2009S02/rf030507_135296_136986_3.sdc 862 
LDC_CTS_BN/czch_BN_LDC2009S02/rf030507_143386_147814_4.sdc 2228 
LDC_CTS_BN/czch_BN_LDC2009S02/rf030512_124979_128691_0.sdc 1895 
LDC_CTS_BN/czch_BN_LDC2009S02/rf030512_132582_134246_2.sdc 847 
LDC_CTS_BN/czch_BN_LDC2009S02/rf030512_136858_140518_3.sdc 1794 
LDC_CTS_BN/czch_BN_LDC2009S02/rf030512_144128_147891_6.sdc 1914 
LDC_CTS_BN/czch_BN_LDC2009S02/rf030512_149632_152704_7.sdc 1571 
LDC_CTS_BN/czch_BN_LDC2009S02/rf030514_137370_139341_4.sdc 995 
LDC_CTS_BN/czch_BN_LDC2009S02/rf030514_139853_144179_5.sdc 2197 
LDC_CTS_BN/czch_BN_LDC2009S02/rf030514_145178_147814_6.sdc 1342 
LDC_CTS_BN/czch_BN_LDC2009S02/rf030514_150861_152627_8.sdc 878 
LDC_CTS_BN/czch_BN_LDC2009S02/rf030519_138906_140851_0.sdc 958 
LDC_CTS_BN/czch_BN_LDC2009S02/rf030519_152704_155085_3.sdc 1189 
LDC_CTS_BN/czch_BN_LDC2009S02/rf030521_107725_112179_0.sdc 2274 
LDC_CTS_BN/czch_BN_LDC2009S02/rf030521_124109_127744_1.sdc 1832 
LDC_CTS_BN/czch_BN_LDC2009S02/rf030521_128333_131430_2.sdc 1588 
LDC_CTS_BN/czch_BN_LDC2009S02/rf030521_134400_136806_4.sdc 1236 
LDC_CTS_BN/czch_BN_LDC2009S02/rf030521_137318_140390_5.sdc 1545 
LDC_CTS_BN/czch_BN_LDC2009S02/rf030527_113408_115917_0.sdc 1247 
LDC_CTS_BN/czch_BN_LDC2009S02/rf030528_133504_137626_1.sdc 2095 
LDC_CTS_BN/czch_BN_LDC2009S02/rf030528_140774_143539_3.sdc 1401 
LDC_CTS_BN/czch_BN_LDC2009S02/rf030529_128461_132096_0.sdc 1825 
LDC_CTS_BN/czch_BN_LDC2009S02/rf030530_119936_122701_0.sdc 1397 
LDC_CTS_BN/czch_BN_LDC2009S02/rf030530_126541_130739_2.sdc 2132 
LDC_CTS_BN/czch_BN_LDC2009S02/rf030530_134554_138035_4.sdc 1768 
LDC_CTS_BN/czch_BN_LDC2009S02/rf030530_138650_140877_5.sdc 1114 
LDC_CTS_BN/czch_BN_LDC2009S02/rf030602_128384_133427_0.sdc 2559 
LDC_CTS_BN/czch_BN_LDC2009S02/rf030602_140058_142566_1.sdc 1258 
LDC_CTS_BN/czch_BN_LDC2009S02/rf030602_150374_152269_2.sdc 952 
LDC_CTS_BN/czch_BN_LDC2009S02/rf030603_123469_125722_0.sdc 1125 
LDC_CTS_BN/czch_BN_LDC2009S02/rf030603_139392_141542_3.sdc 1071 
LDC_CTS_BN/czch_BN_LDC2009S02/rf030604_136320_138573_0.sdc 1113 
LDC_CTS_BN/czch_BN_LDC2009S02/rf030604_140160_142618_2.sdc 1211 
LDC_CTS_BN/czch_BN_LDC2009S02/rf030605_134682_137139_0.sdc 1247 
LDC_CTS_BN/czch_BN_LDC2009S02/rf030605_138394_141952_1.sdc 1829 
LDC_CTS_BN/czch_BN_LDC2009S02/rf030605_142976_144691_2.sdc 864 
LDC_CTS_BN/czch_BN_LDC2009S02/rf030605_145562_147917_3.sdc 1202 
LDC_CTS_BN/czch_BN_LDC2009S02/rf030605_148813_150554_4.sdc 870 
LDC_CTS_BN/czch_BN_LDC2009S02/rf030605_156314_159002_7.sdc 1375 
LDC_CTS_BN/czch_BN_LDC2009S02/rf030606_134502_136806_1.sdc 1161 
LDC_CTS_BN/czch_BN_LDC2009S02/rf030609_113050_116403_0.sdc 1655 
LDC_CTS_BN/czch_BN_LDC2009S02/rf030609_120166_126182_2.sdc 3057 
LDC_CTS_BN/czch_BN_LDC2009S02/rf030609_127386_129869_3.sdc 1221 
LDC_CTS_BN/czch_BN_LDC2009S02/rf030609_130253_132608_4.sdc 1202 
LDC_CTS_BN/czch_BN_LDC2009S02/rf030609_136550_141670_6.sdc 2595 
LDC_CTS_BN/czch_BN_LDC2009S02/rf030611_154803_157926_1.sdc 1566 
LDC_CTS_BN/czch_BN_LDC2009S02/rf030617_139699_145459_0.sdc 2850 
LDC_CTS_BN/czch_BN_LDC2009S02/rf030617_151501_154342_1.sdc 1448 
LDC_CTS_BN/czch_BN_LDC2009S02/rf030618_120243_125952_0.sdc 2852 
LDC_CTS_BN/czch_BN_LDC2009S02/rf030618_128563_130714_2.sdc 1062 
LDC_CTS_BN/czch_BN_LDC2009S02/rf030618_139213_140877_4.sdc 831 
LDC_CTS_BN/czch_BN_LDC2009S02/rf030619_112000_117350_4.sdc 2659 
LDC_CTS_BN/czch_BN_LDC2009S02/rf030619_118349_122240_5.sdc 1898 
LDC_CTS_BN/czch_BN_LDC2009S02/rf030619_123085_126234_6.sdc 1588 
LDC_CTS_BN/czch_BN_LDC2009S02/rf030619_97203_103219_0.sdc 3043 
LDC_CTS_BN/czch_BN_LDC2009S02/rf030624_134042_138982_0.sdc 2458 
LDC_CTS_BN/czch_BN_LDC2009S02/rf030626_111360_114534_3.sdc 1599 
LDC_CTS_BN/czch_BN_LDC2009S02/rf030626_127616_129434_6.sdc 924 
LDC_CTS_BN/czch_BN_LDC2009S02/rf030626_88422_92160_0.sdc 1886 
LDC_CTS_BN/czch_BN_LDC2009S02/rf030626_95309_98355_2.sdc 1561 
LDC_CTS_BN/czch_CTS_ELRA/A30018L3.sdc 818 
LDC_CTS_BN/czch_CTS_ELRA/A30024C3.sdc 878 
LDC_CTS_BN/czch_CTS_ELRA/A30024S2.sdc 884 
LDC_CTS_BN/czch_CTS_ELRA/A30172B1.sdc 805 
LDC_CTS_BN/czch_CTS_ELRA/A30172C3.sdc 944 
LDC_CTS_BN/czch_CTS_ELRA/A30172L1.sdc 895 
LDC_CTS_BN/czch_CTS_ELRA/A30197C3.sdc 868 
LDC_CTS_BN/czch_CTS_ELRA/A30208S5.sdc 990 
LDC_CTS_BN/czch_CTS_ELRA/A30252Z1.sdc 840 
LDC_CTS_BN/czch_CTS_ELRA/A30342L3.sdc 923 
LDC_CTS_BN/czch_CTS_ELRA/A30385S3.sdc 882 
LDC_CTS_BN/czch_CTS_ELRA/A30385Z1.sdc 941 
LDC_CTS_BN/czch_CTS_ELRA/A30416S7.sdc 876 
LDC_CTS_BN/czch_CTS_ELRA/A30418L1.sdc 803 
LDC_CTS_BN/czch_CTS_ELRA/A30418L3.sdc 1271 
LDC_CTS_BN/czch_CTS_ELRA/A30419L3.sdc 1184 
LDC_CTS_BN/czch_CTS_ELRA/A30422B1.sdc 894 
LDC_CTS_BN/czch_CTS_ELRA/A30422E1.sdc 923 
LDC_CTS_BN/czch_CTS_ELRA/A30524L3.sdc 803 
LDC_CTS_BN/czch_CTS_ELRA/A30546S4.sdc 923 
LDC_CTS_BN/czch_CTS_ELRA/A30562L2.sdc 850 
LDC_CTS_BN/czch_CTS_ELRA/A30563B1.sdc 870 
LDC_CTS_BN/czch_CTS_ELRA/A30563L3.sdc 1200 
LDC_CTS_BN/czch_CTS_ELRA/A30605L3.sdc 883 
LDC_CTS_BN/czch_CTS_ELRA/A30704C3.sdc 974 
LDC_CTS_BN/czch_CTS_ELRA/A30761C3.sdc 825 
LDC_CTS_BN/czch_CTS_ELRA/A30762C3.sdc 946 
LDC_CTS_BN/czch_CTS_ELRA/A30762L3.sdc 1276 
LDC_CTS_BN/czch_CTS_ELRA/A30763C3.sdc 947 
LDC_CTS_BN/czch_CTS_ELRA/A30763S7.sdc 946 
LDC_CTS_BN/czch_CTS_ELRA/A30919B1.sdc 1020 
LDC_CTS_BN/czch_CTS_ELRA/A30919C3.sdc 808 
LDC_CTS_BN/czch_CTS_ELRA/A30919S4.sdc 910 
LDC_CTS_BN/czch_CTS_ELRA/A30959C3.sdc 1025 
LDC_CTS_BN/czch_CTS_ELRA/A30959Z0.sdc 828 
LDC_CTS_BN/czch_CTS_ELRA/A31003S4.sdc 805 
LDC_CTS_BN/czch_CTS_ELRA/A31003S8.sdc 863 
sbs_radio/czech/czech_110203_141426_34227_36173_0.sdc 976 
sbs_radio/czech/czech_110203_141426_40346_42675_1.sdc 1198 
sbs_radio/czech/czech_110203_141431_15846_18048_1.sdc 1085 
sbs_radio/czech/czech_110206_142051_16973_20634_0.sdc 1866 
sbs_radio/czech/czech_110206_142051_22451_24781_1.sdc 1190 
sbs_radio/czech/czech_110206_142056_0_11571_0.sdc 5916 
sbs_radio/czech/czech_110206_142056_13568_27469_1.sdc 7125 
sbs_radio/czech/czech_110206_142081_16256_19046_2.sdc 1402 
sbs_radio/czech/czech_110206_142081_21222_22963_3.sdc 888 
sbs_radio/czech/czech_110206_142081_23782_32230_4.sdc 4278 
sbs_radio/czech/czech_110206_142081_33306_35149_5.sdc 938 
sbs_radio/czech/czech_110206_142081_36813_42957_6.sdc 3131 
sbs_radio/czech/czech_110206_142081_43187_46157_7.sdc 1493 
sbs_radio/czech/czech_110207_142091_30259_32026_0.sdc 871 
sbs_radio/czech/czech_110207_142096_1587_7757_1.sdc 3163 
sbs_radio/czech/czech_110207_142096_21658_25651_4.sdc 2034 
sbs_radio/czech/czech_110207_142096_25958_35098_5.sdc 4630 
sbs_radio/czech/czech_110207_142096_9088_19763_2.sdc 5443 
sbs_radio/czech/czech_110207_142101_0_14362_0.sdc 7287 
sbs_radio/czech/czech_110207_142101_15539_23450_1.sdc 4092 
sbs_radio/czech/czech_110207_142101_24243_41882_2.sdc 8961 
sbs_radio/czech/czech_110213_143822_0_6656_0.sdc 3418 
sbs_radio/czech/czech_110213_143822_23450_25882_2.sdc 1225 
sbs_radio/czech/czech_110213_143822_26112_30925_3.sdc 2463 
sbs_radio/czech/czech_110213_143822_34816_43802_4.sdc 4541 
sbs_radio/czech/czech_110213_143822_47027_51046_5.sdc 2045 
sbs_radio/czech/czech_110213_143822_9933_17843_1.sdc 4054 
sbs_radio/czech/czech_110213_143827_0_6835_0.sdc 3462 
sbs_radio/czech/czech_110213_143827_11981_18509_2.sdc 3340 
sbs_radio/czech/czech_110213_143827_18918_30515_3.sdc 5934 
sbs_radio/czech/czech_110213_143827_8038_10701_1.sdc 1336 
sbs_radio/czech/czech_110214_143847_15539_18458_1.sdc 1483 
sbs_radio/czech/czech_110214_143847_3686_5453_0.sdc 898 
sbs_radio/czech/czech_110214_143857_0_6835_0.sdc 3404 
sbs_radio/czech/czech_110214_143857_19277_35302_2.sdc 8196 
sbs_radio/czech/czech_110214_143857_9626_17869_1.sdc 4141 
sbs_radio/czech/czech_110214_143862_0_3763_0.sdc 1923 
sbs_radio/czech/czech_110214_143862_26573_33331_2.sdc 3438 
sbs_radio/czech/czech_110214_143862_34176_38989_3.sdc 2455 
sbs_radio/czech/czech_110214_143862_40576_44570_4.sdc 2044 
sbs_radio/czech/czech_110214_143862_5939_23939_1.sdc 9338 
sbs_radio/czech/czech_110217_144796_4634_7782_0.sdc 1620 
sbs_radio/czech/czech_110217_144842_0_18000_0.sdc 9246 
sbs_radio/czech/czech_110217_144842_25165_34534_1.sdc 4828 
sbs_radio/czech/czech_110217_144887_10061_15437_1.sdc 2735 
sbs_radio/czech/czech_110217_144887_17766_21632_2.sdc 1929 
sbs_radio/czech/czech_110217_144887_22938_26086_3.sdc 1629 
sbs_radio/czech/czech_110217_144887_26_8090_0.sdc 4048 
sbs_radio/czech/czech_110217_144887_28314_31078_4.sdc 1412 
sbs_radio/czech/czech_110217_144887_32128_37965_5.sdc 2977 
sbs_radio/czech/czech_110217_144887_39168_42163_6.sdc 1509 
sbs_radio/czech/czech_110217_144887_43622_47642_7.sdc 2052 
sbs_radio/czech/czech_110217_144887_48358_50867_8.sdc 1239 
sbs_radio/czech/czech_110217_144887_53581_57728_9.sdc 2108 
sbs_radio/czech/czech_110217_144887_59290_63667_10.sdc 2184 
sbs_radio/czech/czech_110220_145571_0_14106_0.sdc 7132 
sbs_radio/czech/czech_110220_145571_17562_21018_1.sdc 1770 
sbs_radio/czech/czech_110220_145571_22758_40758_2.sdc 9211 
sbs_radio/czech/czech_110220_145576_24806_28467_0.sdc 1845 
sbs_radio/czech/czech_110220_145576_30669_32614_1.sdc 972 
sbs_radio/czech/czech_110220_145576_33715_36736_2.sdc 1448 
sbs_radio/czech/czech_110221_145581_0_14566_0.sdc 7446 
sbs_radio/czech/czech_110221_145581_16205_22938_1.sdc 3398 
sbs_radio/czech/czech_110221_145581_24525_36352_2.sdc 6028 
sbs_radio/czech/czech_110221_145581_37325_42368_3.sdc 2548 
sbs_radio/czech/czech_110225_147067_40371_42496_1.sdc 1077 
sbs_radio/czech/czech_110226_147082_0_10086_0.sdc 5205 
sbs_radio/czech/czech_110226_147082_11494_22221_1.sdc 5507 
sbs_radio/czech/czech_110226_147082_28134_45670_2.sdc 8893 
sbs_radio/czech/czech_110226_147087_1280_5299_0.sdc 2019 
sbs_radio/czech/czech_110226_147087_16154_20941_2.sdc 2461 
sbs_radio/czech/czech_110226_147087_9011_11904_1.sdc 1448 
sbs_radio/czech/czech_110228_147272_0_14029_0.sdc 7004 
sbs_radio/czech/czech_110228_147272_16845_29722_1.sdc 6569 
sbs_radio/czech/czech_110305_148696_17536_24090_1.sdc 3351 
sbs_radio/czech/czech_110305_148696_24806_36634_2.sdc 6099 
sbs_radio/czech/czech_110305_148696_26_6630_0.sdc 3331 
sbs_radio/czech/czech_110305_148696_40269_45491_3.sdc 2684 
sbs_radio/czech/czech_110305_148696_46669_52378_4.sdc 2894 
sbs_radio/czech/czech_110306_148922_44954_47232_0.sdc 1110 
sbs_radio/czech/czech_110306_148927_33203_34970_0.sdc 873 
sbs_radio/czech/czech_110307_148932_31104_33587_0.sdc 1245 
sbs_radio/czech/czech_110307_148942_0_7834_0.sdc 4034 
sbs_radio/czech/czech_110307_148942_11341_29341_1.sdc 9183 
sbs_radio/czech/czech_110307_148947_10598_18637_3.sdc 3901 
sbs_radio/czech/czech_110307_148947_19558_21965_4.sdc 1195 
sbs_radio/czech/czech_110307_148947_23219_30362_5.sdc 3390 
sbs_radio/czech/czech_110307_148947_2509_5427_1.sdc 1492 
sbs_radio/czech/czech_110307_148947_31130_39091_6.sdc 4012 
sbs_radio/czech/czech_110307_148947_39808_41651_7.sdc 937 
sbs_radio/czech/czech_110307_148947_43008_45926_8.sdc 1490 
sbs_radio/czech/czech_110307_148947_6246_8550_2.sdc 1157 
sbs_radio/czech/czech_110310_150056_21786_24576_0.sdc 1422 
sbs_radio/czech/czech_110310_150056_25779_28109_1.sdc 1167 
sbs_radio/czech/czech_110310_150056_31821_34406_2.sdc 1302 
sbs_radio/czech/czech_110310_150056_38272_39936_3.sdc 825 
sbs_radio/czech/czech_110310_150081_0_3584_0.sdc 1815 
sbs_radio/czech/czech_110310_150081_15027_28570_2.sdc 6877 
sbs_radio/czech/czech_110310_150081_30566_42240_3.sdc 6033 
sbs_radio/czech/czech_110310_150081_5197_11392_1.sdc 3195 
sbs_radio/czech/czech_110310_150111_10214_17971_1.sdc 3991 
sbs_radio/czech/czech_110310_150111_19354_32000_2.sdc 6246 
sbs_radio/czech/czech_110310_150111_2534_9498_0.sdc 3470 
sbs_radio/czech/czech_110310_150111_33613_36531_3.sdc 1445 
sbs_radio/czech/czech_110315_151107_3584_5402_0.sdc 922 
sbs_radio/czech/czech_110315_151117_16998_21658_1.sdc 2366 
sbs_radio/czech/czech_110315_151117_22170_24269_2.sdc 1066 
sbs_radio/czech/czech_110315_151117_26086_30848_3.sdc 2437 
sbs_radio/czech/czech_110315_151117_32102_35533_4.sdc 1720 
sbs_radio/czech/czech_110315_151117_39373_42650_5.sdc 1622 
sbs_radio/czech/czech_110317_151547_18099_20378_2.sdc 1131 
sbs_radio/czech/czech_110317_151567_21478_23987_1.sdc 1235 
sbs_radio/czech/czech_110317_151572_20915_29414_2.sdc 4292 
sbs_radio/czech/czech_110317_151572_30336_32896_3.sdc 1299 
sbs_radio/czech/czech_110317_151572_35277_46080_4.sdc 5562 
sbs_radio/czech/czech_110320_152221_16026_19046_2.sdc 1551 
sbs_radio/czech/czech_110320_152221_27469_29722_5.sdc 1132 
sbs_radio/czech/czech_110320_152226_0_5658_0.sdc 2837 
sbs_radio/czech/czech_110320_152226_14797_18560_2.sdc 1893 
sbs_radio/czech/czech_110320_152226_19994_22835_3.sdc 1429 
sbs_radio/czech/czech_110320_152226_6912_13107_1.sdc 3201 
sbs_radio/czech/czech_110324_153131_27853_29619_1.sdc 894 
sbs_radio/czech/czech_110324_153131_6707_10010_0.sdc 1614 
sbs_radio/czech/czech_110324_153151_18509_29670_1.sdc 5719 
sbs_radio/czech/czech_110324_153151_30771_39091_2.sdc 4303 
sbs_radio/czech/czech_110327_153891_11392_13005_2.sdc 810 
sbs_radio/czech/czech_110327_153891_14003_17715_3.sdc 1893 
sbs_radio/czech/czech_110327_153891_6886_8602_1.sdc 852 
sbs_radio/czech/czech_110327_153896_18662_20710_0.sdc 1025 
sbs_radio/czech/czech_110327_153901_10470_12672_1.sdc 1113 
sbs_radio/czech/czech_110327_153901_13850_16333_2.sdc 1248 
sbs_radio/czech/czech_110327_153901_21504_24141_4.sdc 1329 
sbs_radio/czech/czech_110327_153901_7603_9882_0.sdc 1130 
sbs_radio/czech/czech_110327_153911_12134_16845_2.sdc 2414 
sbs_radio/czech/czech_110327_153911_179_6298_0.sdc 3119 
sbs_radio/czech/czech_110327_153911_7245_10650_1.sdc 1725 
sbs_radio/czech/czech_110331_154671_43136_45005_1.sdc 931 
sbs_radio/czech/czech_110331_154671_9139_12186_0.sdc 1247 
sbs_radio/czech/czech_110331_154681_22221_24550_1.sdc 1151 
sbs_radio/czech/czech_110331_154686_0_4147_0.sdc 2116 
sbs_radio/czech/czech_110331_154686_19482_25984_2.sdc 3281 
sbs_radio/czech/czech_110331_154686_5478_18970_1.sdc 6883 
sbs_radio/czech/czech_110331_154696_15258_18867_0.sdc 1807 
sbs_radio/czech/czech_110331_154721_10240_12416_2.sdc 1086 
sbs_radio/czech/czech_110331_154721_13235_15360_3.sdc 1094 
sbs_radio/czech/czech_110331_154721_21171_23552_5.sdc 1216 
sbs_radio/czech/czech_110331_154721_30643_32998_7.sdc 1199 
sbs_radio/czech/czech_110331_154721_33306_35533_8.sdc 1121 
sbs_radio/czech/czech_110331_154721_7245_9216_1.sdc 998 
sbs_radio/czech/czech_110403_155446_12774_15693_4.sdc 1456 
sbs_radio/czech/czech_110403_155446_7117_9088_2.sdc 988 
sbs_radio/czech/czech_110403_155446_9830_11648_3.sdc 915 
sbs_radio/czech/czech_110403_155451_22528_24832_3.sdc 1186 
sbs_radio/czech/czech_110403_155456_12979_25395_1.sdc 6371 
sbs_radio/czech/czech_110403_155456_26726_34918_2.sdc 4149 
sbs_radio/czech/czech_110403_155461_23475_26496_0.sdc 1517 
sbs_radio/czech/czech_110407_156361_4531_6707_0.sdc 1117 
sbs_radio/czech/czech_110407_156376_11366_13824_0.sdc 1182 
sbs_radio/czech/czech_110407_156386_22784_24858_2.sdc 1017 
sbs_radio/czech/czech_110407_156386_6528_8858_0.sdc 1152 
sbs_radio/czech/czech_110407_156386_9651_13107_1.sdc 1701 
sbs_radio/czech/czech_110407_156401_11699_16077_0.sdc 2239 
sbs_radio/czech/czech_110407_156401_16922_24934_1.sdc 4004 
sbs_radio/czech/czech_110407_156401_25933_30285_2.sdc 2187 
sbs_radio/czech/czech_110407_156401_31898_38016_3.sdc 3080 
sbs_radio/czech/czech_110410_157151_17946_21427_0.sdc 1765 
sbs_radio/czech/czech_110410_157156_17587_19533_1.sdc 953 
sbs_radio/czech/czech_110410_157156_25421_27136_4.sdc 862 
sbs_radio/czech/czech_110410_157156_27571_29491_5.sdc 979 
sbs_radio/czech/czech_110410_157156_30285_33357_6.sdc 1532 
sbs_radio/czech/czech_110414_158086_29312_33024_4.sdc 1846 
sbs_radio/czech/czech_110414_158086_33459_35738_5.sdc 1147 
sbs_radio/czech/czech_110417_158821_19123_21222_0.sdc 1046 
sbs_radio/czech/czech_110417_158831_26394_28288_0.sdc 931 
sbs_radio/czech/czech_110417_158836_10138_17357_1.sdc 3684 
sbs_radio/czech/czech_110417_158836_20326_29466_2.sdc 4697 
sbs_radio/czech/czech_110417_158836_26_8525_0.sdc 4315 
sbs_radio/czech/czech_110417_158836_31488_36634_3.sdc 2594 
sbs_radio/czech/czech_110421_160251_29926_32384_0.sdc 1248 
sbs_radio/czech/czech_110421_160251_42547_44570_1.sdc 1026 
sbs_radio/czech/czech_110421_160266_21530_23296_0.sdc 878 
sbs_radio/czech/czech_110421_160276_0_14208_0.sdc 7365 
sbs_radio/czech/czech_110421_160276_15539_19789_1.sdc 2161 
sbs_radio/czech/czech_110421_160276_20198_26496_2.sdc 3244 
sbs_radio/czech/czech_110421_160276_31642_34534_3.sdc 1472 
sbs_radio/czech/czech_110421_160276_34739_36736_4.sdc 995 
sbs_radio/czech/czech_110421_160276_37120_39962_5.sdc 1436 
sbs_radio/czech/czech_110424_160836_28826_30566_2.sdc 880 
sbs_radio/czech/czech_110424_160851_0_12723_0.sdc 6458 
sbs_radio/czech/czech_110424_160851_13875_28134_1.sdc 7380 
sbs_radio/czech/czech_110424_160856_20403_22835_0.sdc 1215 
sbs_radio/czech/czech_110425_160861_0_6861_0.sdc 3546 
sbs_radio/czech/czech_110425_160861_14899_19098_3.sdc 2122 
sbs_radio/czech/czech_110425_160861_19686_23219_4.sdc 1778 
sbs_radio/czech/czech_110425_160861_24320_28032_5.sdc 1871 
sbs_radio/czech/czech_110425_160861_28698_30643_6.sdc 977 
sbs_radio/czech/czech_110425_160861_32307_34458_7.sdc 1089 
sbs_radio/czech/czech_110425_160861_35046_38989_8.sdc 1969 
sbs_radio/czech/czech_110425_160861_7501_12186_1.sdc 2367 
sbs_radio/czech/czech_110428_161771_27034_29850_1.sdc 1368 
sbs_radio/czech/czech_110428_161811_0_11008_0.sdc 5579 
sbs_radio/czech/czech_110428_161811_15488_24883_1.sdc 4829 
sbs_radio/czech/czech_110428_161811_27008_36864_2.sdc 5006 
sbs_radio/czech/czech_110428_161821_10214_12237_2.sdc 993 
sbs_radio/czech/czech_110428_161821_15770_17485_4.sdc 836 
sbs_radio/czech/czech_110428_161821_24243_28237_7.sdc 2006 
sbs_radio/czech/czech_110428_161821_26_4070_0.sdc 2050 
sbs_radio/czech/czech_110428_161821_4813_9421_1.sdc 2306 
sbs_radio/czech/czech_110502_162501_0_13286_0.sdc 6776 
sbs_radio/czech/czech_110502_162501_16435_26880_1.sdc 5389 
sbs_radio/czech/czech_110502_162501_30106_36557_2.sdc 3311 
sbs_radio/czech/czech_110505_163591_40653_42342_0.sdc 832 
sbs_radio/czech/czech_110506_163771_333_2304_0.sdc 942 
sbs_radio/czech/czech_110506_163851_0_3968_0.sdc 2031 
sbs_radio/czech/czech_110506_163851_16307_20890_2.sdc 2335 
sbs_radio/czech/czech_110506_163851_21197_24883_3.sdc 1844 
sbs_radio/czech/czech_110506_163851_25549_31360_4.sdc 2995 
sbs_radio/czech/czech_110506_163851_32307_34995_5.sdc 1379 
sbs_radio/czech/czech_110506_163851_36608_41626_6.sdc 2534 
sbs_radio/czech/czech_110506_163851_4454_15539_1.sdc 5677 
sbs_radio/czech/czech_110509_164121_102_3123_0.sdc 1545 
sbs_radio/czech/czech_110509_164126_17536_21504_0.sdc 2034 
sbs_radio/czech/czech_110509_164136_0_13184_0.sdc 6830 
sbs_radio/czech/czech_110509_164136_14566_22016_1.sdc 3807 
sbs_radio/czech/czech_110509_164136_22835_32154_2.sdc 4780 
sbs_radio/czech/czech_110509_164136_33408_38989_3.sdc 2882 
sbs_radio/czech/czech_110509_164136_40320_46336_4.sdc 3062 
sbs_radio/czech/czech_110512_165226_33894_35738_0.sdc 924 
sbs_radio/czech/czech_110512_165276_21709_25344_3.sdc 1506 
sbs_radio/czech/czech_110512_165276_33459_37402_6.sdc 1921 
sbs_radio/czech/czech_110512_165276_6349_8730_1.sdc 1212 
sbs_radio/czech/czech_110512_165276_9574_12518_2.sdc 1473 
sbs_radio/czech/czech_110512_165326_179_2867_0.sdc 1347 
sbs_radio/czech/czech_110512_165326_18483_21094_3.sdc 1316 
sbs_radio/czech/czech_110512_165326_23194_26880_5.sdc 1870 
sbs_radio/czech/czech_110512_165326_27469_30054_6.sdc 1311 
sbs_radio/czech/czech_110512_165326_31718_35046_7.sdc 1686 
sbs_radio/czech/czech_110512_165326_37914_43341_8.sdc 2751 
sbs_radio/czech/czech_110512_165326_45184_50458_9.sdc 2717 
sbs_radio/czech/czech_110512_165326_6605_9318_1.sdc 1366 
sbs_radio/czech/czech_110515_165806_34048_36198_1.sdc 1071 
sbs_radio/czech/czech_110515_165806_46464_48640_2.sdc 1112 
sbs_radio/czech/czech_110515_165811_33664_36378_0.sdc 1343 
sbs_radio/czech/czech_110516_165821_0_9626_0.sdc 4855 
sbs_radio/czech/czech_110516_165821_12390_23296_1.sdc 5654 
sbs_radio/czech/czech_110516_165821_24806_31309_2.sdc 3333 
sbs_radio/czech/czech_110516_165821_33075_44186_3.sdc 5626 
sbs_radio/czech/czech_110516_165821_45901_52915_4.sdc 3604 
sbs_radio/czech/czech_110516_165826_0_4198_0.sdc 2156 
sbs_radio/czech/czech_110516_165826_12186_18970_2.sdc 3455 
sbs_radio/czech/czech_110516_165826_21120_25830_3.sdc 2403 
sbs_radio/czech/czech_110516_165826_27238_34534_4.sdc 3738 
sbs_radio/czech/czech_110516_165826_34918_40602_5.sdc 2870 
sbs_radio/czech/czech_110516_165826_41728_43776_6.sdc 1010 
sbs_radio/czech/czech_110516_165826_5171_11162_1.sdc 3003 
sbs_radio/czech/czech_110519_166876_44826_46592_0.sdc 864 
sbs_radio/czech/czech_110519_166946_12621_16512_4.sdc 1959 
sbs_radio/czech/czech_110519_166946_17971_23526_5.sdc 2824 
sbs_radio/czech/czech_110519_166946_230_2816_0.sdc 1316 
sbs_radio/czech/czech_110519_166946_25088_26726_6.sdc 813 
sbs_radio/czech/czech_110519_166946_28646_32026_8.sdc 1716 
sbs_radio/czech/czech_110519_166946_5862_11034_2.sdc 2619 
sbs_radio/czech/czech_110519_166976_0_2048_0.sdc 1015 
sbs_radio/czech/czech_110519_166976_13312_27008_2.sdc 7073 
sbs_radio/czech/czech_110519_166976_28160_38426_3.sdc 5309 
sbs_radio/czech/czech_110519_166976_41190_47898_4.sdc 3437 
sbs_radio/czech/czech_110519_166976_4378_11110_1.sdc 3437 
sbs_radio/czech/czech_110523_167711_0_11571_0.sdc 5867 
sbs_radio/czech/czech_110523_167711_16461_28826_1.sdc 6192 
sbs_radio/czech/czech_110523_167711_31411_42931_2.sdc 5915 
sbs_radio/czech/czech_110523_167716_0_3840_0.sdc 1973 
sbs_radio/czech/czech_110523_167716_13696_17408_2.sdc 1883 
sbs_radio/czech/czech_110523_167716_19021_26112_3.sdc 3620 
sbs_radio/czech/czech_110523_167716_27059_30643_4.sdc 1817 
sbs_radio/czech/czech_110523_167716_32282_45389_5.sdc 6750 
sbs_radio/czech/czech_110523_167716_4275_12058_1.sdc 3929 
sbs_radio/czech/czech_110523_167716_46771_57805_6.sdc 5575 
sbs_radio/czech/czech_110523_167716_58445_68352_7.sdc 5010 
sbs_radio/czech/czech_110523_167721_0_9370_0.sdc 4761 
sbs_radio/czech/czech_110523_167721_10086_23680_1.sdc 7021 
sbs_radio/czech/czech_110523_167721_24218_36582_2.sdc 6332 
sbs_radio/czech/czech_110523_167721_37734_44058_3.sdc 3262 
sbs_radio/czech/czech_110528_169141_0_3635_0.sdc 1838 
sbs_radio/czech/czech_110528_169141_15462_25242_2.sdc 5046 
sbs_radio/czech/czech_110528_169141_26496_34560_3.sdc 4130 
sbs_radio/czech/czech_110528_169141_5427_13926_1.sdc 4366 
sbs_radio/czech/czech_110528_169146_0_2022_0.sdc 1011 
sbs_radio/czech/czech_110528_169146_11930_16896_3.sdc 2559 
sbs_radio/czech/czech_110528_169146_17792_24038_4.sdc 3188 
sbs_radio/czech/czech_110528_169146_2944_6042_1.sdc 1555 
sbs_radio/czech/czech_110528_169146_6938_9805_2.sdc 1454 
sbs_radio/czech/czech_110528_169156_102_3763_0.sdc 1856 
sbs_radio/czech/czech_110528_169156_11110_14797_2.sdc 1880 
sbs_radio/czech/czech_110528_169156_15923_25805_3.sdc 4938 
sbs_radio/czech/czech_110528_169156_26547_34970_4.sdc 4313 
sbs_radio/czech/czech_110528_169156_5862_10035_1.sdc 2107 
sbs_radio/czech/czech_110530_169401_11494_16768_4.sdc 2648 
sbs_radio/czech/czech_110530_169401_17050_19635_5.sdc 1316 
sbs_radio/czech/czech_110530_169401_22016_26752_6.sdc 2411 
sbs_radio/czech/czech_110530_169401_32819_35226_9.sdc 1214 
sbs_radio/czech/czech_110530_169401_37555_39373_10.sdc 918 
sbs_radio/czech/czech_110530_169401_39757_41830_11.sdc 965 
sbs_radio/czech/czech_110530_169401_45491_50944_13.sdc 2757 
sbs_radio/czech/czech_110530_169401_7654_10189_3.sdc 1275 
sbs_radio/czech/czech_110602_170296_0_2509_0.sdc 1252 
sbs_radio/czech/czech_110602_170296_19763_22426_3.sdc 1332 
sbs_radio/czech/czech_110602_170296_26086_27699_5.sdc 823 
sbs_radio/czech/czech_110602_170296_29875_34534_6.sdc 2358 
sbs_radio/czech/czech_110602_170296_3840_13338_1.sdc 4895 
sbs_radio/czech/czech_110602_170321_17638_23962_3.sdc 3188 
sbs_radio/czech/czech_110602_170321_179_4838_0.sdc 2342 
sbs_radio/czech/czech_110602_170321_28109_41549_4.sdc 6872 
sbs_radio/czech/czech_110602_170321_6170_12928_1.sdc 3419 
sbs_radio/czech/czech_110605_170866_0_3610_0.sdc 1811 
sbs_radio/czech/czech_110605_170866_13824_19482_1.sdc 2895 
sbs_radio/czech/czech_110605_170866_19763_25421_2.sdc 2894 
sbs_radio/czech/czech_110605_170866_28083_29978_3.sdc 936 
sbs_radio/czech/czech_110605_170866_30157_34406_4.sdc 2164 
sbs_radio/czech/czech_110605_170866_35328_49050_5.sdc 6944 
sbs_radio/czech/czech_110606_170871_10547_12672_1.sdc 1082 
sbs_radio/czech/czech_110609_171906_33152_34995_0.sdc 923 
sbs_radio/czech/czech_110609_171906_36352_38810_1.sdc 1219 
sbs_radio/czech/czech_110609_172021_10650_16000_1.sdc 2749 
sbs_radio/czech/czech_110609_172021_16179_21299_2.sdc 2609 
sbs_radio/czech/czech_110609_172021_24269_35712_3.sdc 5746 
sbs_radio/czech/czech_110609_172021_614_7654_0.sdc 3586 
sbs_radio/czech/czech_110612_172541_15181_17818_0.sdc 1350 
sbs_radio/czech/czech_110617_173891_4275_6246_0.sdc 977 
sbs_radio/czech/czech_110619_174286_4250_6579_0.sdc 1161 
sbs_radio/czech/czech_110620_174301_16589_21811_4.sdc 2706 
sbs_radio/czech/czech_110620_174301_230_2074_0.sdc 932 
sbs_radio/czech/czech_110620_174301_26445_31514_6.sdc 2564 
sbs_radio/czech/czech_110620_174301_32717_38221_7.sdc 2744 
sbs_radio/czech/czech_110620_174301_3635_6118_2.sdc 1251 
sbs_radio/czech/czech_110624_175836_102_5350_0.sdc 2629 
sbs_radio/czech/czech_110624_175836_12339_15258_2.sdc 1490 
sbs_radio/czech/czech_110624_175836_15488_24653_3.sdc 4679 
sbs_radio/czech/czech_110624_175836_26880_34893_4.sdc 4128 
sbs_radio/czech/czech_110624_175836_36813_38886_5.sdc 1038 
sbs_radio/czech/czech_110624_175836_5504_8602_1.sdc 1554 
sbs_radio/czech/czech_110627_176166_17101_19123_1.sdc 1016 
sbs_radio/czech/czech_110627_176166_22170_33843_2.sdc 5979 
sbs_radio/czech/czech_110627_176166_26_16666_0.sdc 8458 
sbs_radio/czech/czech_110627_176171_32307_34432_5.sdc 1060 
sbs_radio/czech/czech_110627_176171_35021_37837_6.sdc 1437 
sbs_radio/czech/czech_110627_176171_8806_11494_1.sdc 1356 
