CTS/OHSU/IE/IE-002883-A-con.mfcc.sdc 13808 
CTS/OHSU/IE/IE-002883-B-con.mfcc.sdc 18328 
CTS/OHSU/IE/IE-005984-A-con.mfcc.sdc 12197 
CTS/OHSU/IE/IE-005984-B-con.mfcc.sdc 27781 
CTS/OHSU/IE/IE-006172-A-con.mfcc.sdc 13304 
CTS/OHSU/IE/IE-006172-B-con.mfcc.sdc 19465 
CTS/OHSU/IE/IE-006181-A-con.mfcc.sdc 24566 
CTS/OHSU/IE/IE-006181-B-con.mfcc.sdc 12956 
CTS/OHSU/IE/IE-006191-A-con.mfcc.sdc 17850 
CTS/OHSU/IE/IE-006191-B-con.mfcc.sdc 16388 
CTS/OHSU/IE/IE-006195-A-con.mfcc.sdc 19689 
CTS/OHSU/IE/IE-006195-B-con.mfcc.sdc 12817 
CTS/OHSU/IE/IE-006203-A-con.mfcc.sdc 22516 
CTS/OHSU/IE/IE-006203-B-con.mfcc.sdc 17480 
CTS/OHSU/IE/IE-006205-A-con.mfcc.sdc 24956 
CTS/OHSU/IE/IE-006205-B-con.mfcc.sdc 27564 
CTS/OHSU/IE/IE-006206-A-con.mfcc.sdc 21629 
CTS/OHSU/IE/IE-006206-B-con.mfcc.sdc 21918 
CTS/OHSU/IE/IE-006210-A-con.mfcc.sdc 18277 
CTS/OHSU/IE/IE-006210-B-con.mfcc.sdc 14817 
CTS/OHSU/IE/IE-006211-A-con.mfcc.sdc 21711 
CTS/OHSU/IE/IE-006211-B-con.mfcc.sdc 12799 
CTS/OHSU/IE/IE-006213-A-con.mfcc.sdc 21743 
CTS/OHSU/IE/IE-006213-B-con.mfcc.sdc 22642 
CTS/OHSU/IE/IE-006215-A-con.mfcc.sdc 20772 
CTS/OHSU/IE/IE-006215-B-con.mfcc.sdc 17778 
CTS/OHSU/IE/IE-006216-A-con.mfcc.sdc 18274 
CTS/OHSU/IE/IE-006216-B-con.mfcc.sdc 20865 
CTS/OHSU/IE/IE-006218-A-con.mfcc.sdc 18146 
CTS/OHSU/IE/IE-006218-B-con.mfcc.sdc 17429 
CTS/OHSU/IE/IE-006220-A-con.mfcc.sdc 20042 
CTS/OHSU/IE/IE-006220-B-con.mfcc.sdc 20177 
CTS/OHSU/IE/IE-006223-A-con.mfcc.sdc 23195 
CTS/OHSU/IE/IE-006223-B-con.mfcc.sdc 11690 
CTS/OHSU/IE/IE-006228-A-con.mfcc.sdc 21926 
CTS/OHSU/IE/IE-006228-B-con.mfcc.sdc 17004 
CTS/OHSU/IE/IE-006231-A-con.mfcc.sdc 21962 
CTS/OHSU/IE/IE-006231-B-con.mfcc.sdc 21236 
CTS/OHSU/IE/IE-006232-A-con.mfcc.sdc 23187 
CTS/OHSU/IE/IE-006232-B-con.mfcc.sdc 9422 
CTS/OHSU/IE/IE-006233-A-con.mfcc.sdc 13973 
CTS/OHSU/IE/IE-006233-B-con.mfcc.sdc 20317 
CTS/OHSU/IE/IE-006234-A-con.mfcc.sdc 29228 
CTS/OHSU/IE/IE-006234-B-con.mfcc.sdc 8864 
CTS/OHSU/IE/IE-006235-A-con.mfcc.sdc 21883 
CTS/OHSU/IE/IE-006235-B-con.mfcc.sdc 12321 
CTS/OHSU/IE/IE-006237-A-con.mfcc.sdc 14451 
CTS/OHSU/IE/IE-006237-B-con.mfcc.sdc 13678 
CTS/OHSU/IE/IE-006243-A-con.mfcc.sdc 23632 
CTS/OHSU/IE/IE-006243-B-con.mfcc.sdc 13729 
CTS/OHSU/IE/IE-006244-A-con.mfcc.sdc 25279 
CTS/OHSU/IE/IE-006244-B-con.mfcc.sdc 15485 
CTS/OHSU/IE/IE-006245-A-con.mfcc.sdc 21566 
CTS/OHSU/IE/IE-006245-B-con.mfcc.sdc 14709 
CTS/OHSU/IE/IE-006246-A-con.mfcc.sdc 28770 
CTS/OHSU/IE/IE-006246-B-con.mfcc.sdc 15525 
CTS/OHSU/IE/IE-006247-A-con.mfcc.sdc 18747 
CTS/OHSU/IE/IE-006247-B-con.mfcc.sdc 12240 
CTS/OHSU/IE/IE-006248-A-con.mfcc.sdc 17006 
CTS/OHSU/IE/IE-006248-B-con.mfcc.sdc 15926 
CTS/OHSU/IE/IE-006249-A-con.mfcc.sdc 18742 
CTS/OHSU/IE/IE-006249-B-con.mfcc.sdc 15831 
CTS/OHSU/IE/IE-006252-A-con.mfcc.sdc 23312 
CTS/OHSU/IE/IE-006252-B-con.mfcc.sdc 13447 
CTS/OHSU/IE/IE-006299-A-con.mfcc.sdc 16252 
CTS/OHSU/IE/IE-006299-B-con.mfcc.sdc 18843 
CTS/OHSU/IE/IE-006312-A-con.mfcc.sdc 22695 
CTS/OHSU/IE/IE-006312-B-con.mfcc.sdc 11104 
CTS/OHSU/IE/IE-006327-A-con.mfcc.sdc 11066 
CTS/OHSU/IE/IE-006327-B-con.mfcc.sdc 24352 
CTS/OHSU/IE/IE-006330-A-con.mfcc.sdc 20818 
CTS/OHSU/IE/IE-006330-B-con.mfcc.sdc 14755 
CTS/OHSU/IE/IE-006380-A-con.mfcc.sdc 25779 
CTS/OHSU/IE/IE-006380-B-con.mfcc.sdc 17492 
CTS/OHSU/IE/IE-006572-A-con.mfcc.sdc 14750 
CTS/OHSU/IE/IE-006572-B-con.mfcc.sdc 25202 
CTS/OHSU/IE/IE-006599-A-con.mfcc.sdc 18629 
CTS/OHSU/IE/IE-006599-B-con.mfcc.sdc 16476 
CTS/OHSU/IE/IE-006600-A-con.mfcc.sdc 23784 
CTS/OHSU/IE/IE-006600-B-con.mfcc.sdc 14871 
CTS/OHSU/IE/IE-006624-A-con.mfcc.sdc 14530 
CTS/OHSU/IE/IE-006624-B-con.mfcc.sdc 15402 
CTS/OHSU/IE/IE-006646-A-con.mfcc.sdc 18208 
CTS/OHSU/IE/IE-006646-B-con.mfcc.sdc 20516 
CTS/OHSU/IE/IE-006649-A-con.mfcc.sdc 15401 
CTS/OHSU/IE/IE-006649-B-con.mfcc.sdc 24017 
CTS/OHSU/IE/IE-006650-A-con.mfcc.sdc 12415 
CTS/OHSU/IE/IE-006650-B-con.mfcc.sdc 19460 
indi_I2R_collection/025445-0001_edited.sdc 15804 
indi_I2R_collection/025445-0002_edited.sdc 9699 
indi_I2R_collection/030027-0001_edited.sdc 4623 
indi_I2R_collection/030027-0002_edited.sdc 11026 
indi_I2R_collection/045779-0001_edited.sdc 11521 
indi_I2R_collection/045779-0002_edited.sdc 13881 
indi_I2R_collection/180736-0001_edited.sdc 7370 
indi_I2R_collection/180736-0002_edited.sdc 9986 
indi_I2R_collection/187108-0001_b_edited.sdc 724 
indi_I2R_collection/187108-0001_edited.sdc 4241 
indi_I2R_collection/187108-0002_edited.sdc 7130 
indi_I2R_collection/233087-0001_edited.sdc 5112 
indi_I2R_collection/233087-0002_edited.sdc 9884 
indi_I2R_collection/241820-0001_edited.sdc 1911 
indi_I2R_collection/241820-0002_edited.sdc 10323 
indi_I2R_collection/307417-0001_b_edited.sdc 5197 
indi_I2R_collection/307417-0001_edited.sdc 3893 
indi_I2R_collection/307417-0002_edited.sdc 7015 
indi_I2R_collection/323280-0001_edited.sdc 6320 
indi_I2R_collection/323280-0002_edited.sdc 12691 
indi_I2R_collection/325691-0001_b_edited.sdc 14168 
indi_I2R_collection/325691-0001_edited.sdc 4109 
indi_I2R_collection/325691-0002_edited.sdc 8403 
indi_I2R_collection/330173-0001_edited.sdc 6465 
indi_I2R_collection/330173-0002_edited.sdc 14625 
indi_I2R_collection/333888-0001_edited.sdc 8395 
indi_I2R_collection/333888-0002_edited.sdc 11465 
indi_I2R_collection/334741-0001_edited.sdc 8066 
indi_I2R_collection/334741-0002_edited.sdc 9953 
indi_I2R_collection/350787-0001_edited.sdc 779 
indi_I2R_collection/350787-0002_edited.sdc 9773 
indi_I2R_collection/353340-0001_edited.sdc 5875 
indi_I2R_collection/353340-0002_edited.sdc 14055 
indi_I2R_collection/388305-0001_b_edited.sdc 2626 
indi_I2R_collection/388305-0001_edited.sdc 19502 
indi_I2R_collection/388305-0002_edited.sdc 8819 
indi_I2R_collection/391480-0001_edited.sdc 1000 
indi_I2R_collection/391480-0002_edited.sdc 9918 
indi_I2R_collection/437021-0001_edited.sdc 1816 
indi_I2R_collection/469199-0001_b_edited.sdc 17952 
indi_I2R_collection/469199-0001_edited.sdc 12840 
indi_I2R_collection/469199-0002_edited.sdc 3573 
indi_I2R_collection/503014-0001_b_edited.sdc 6797 
indi_I2R_collection/503014-0001_edited.sdc 5635 
indi_I2R_collection/503014-0002_edited.sdc 8013 
indi_I2R_collection/562351-0001_edited.sdc 5719 
indi_I2R_collection/567213-0001_edited.sdc 10900 
indi_I2R_collection/567213-0002_edited.sdc 3246 
indi_I2R_collection/623969-0001_edited.sdc 31490 
indi_I2R_collection/623969-0002_edited.sdc 13590 
indi_I2R_collection/695278-0001_b_edited.sdc 5744 
indi_I2R_collection/695278-0001_edited.sdc 2352 
indi_I2R_collection/702219-0002_edited.sdc 11867 
indi_I2R_collection/730768-0001_b_edited.sdc 5637 
indi_I2R_collection/730768-0001_edited.sdc 3181 
indi_I2R_collection/730768-0002_edited.sdc 10802 
indi_I2R_collection/819463-0001_edited.sdc 9945 
indi_I2R_collection/819463-0002_edited.sdc 11534 
indi_I2R_collection/929480-0001_edited.sdc 14962 
indi_I2R_collection/929480-0002_edited.sdc 8880 
indi_I2R_collection/981393-0001_edited.sdc 11703 
indi_I2R_collection/981393-0002_edited.sdc 12302 
indi_I2R_collection/997794-0002_edited.sdc 8521 
indi_I2R_collection/998257-0001_edited.sdc 15880 
indi_I2R_collection/998257-0002_edited.sdc 10311 
