LRE11_FULL_DEV_data/p01/iraq/iraq_20110118_111719_100_a.sdc 10156 
LRE11_FULL_DEV_data/p01/iraq/iraq_20110118_111719_100_b.sdc 9028 
LRE11_FULL_DEV_data/p01/iraq/iraq_20110118_214949_106_a.sdc 2469 
LRE11_FULL_DEV_data/p01/iraq/iraq_20110118_214949_106_b.sdc 12278 
LRE11_FULL_DEV_data/p01/iraq/iraq_20110118_215410_107_a.sdc 15917 
LRE11_FULL_DEV_data/p01/iraq/iraq_20110118_215410_107_b.sdc 23886 
LRE11_FULL_DEV_data/p01/iraq/iraq_20110119_211047_122_a.sdc 18807 
LRE11_FULL_DEV_data/p01/iraq/iraq_20110119_211047_122_b.sdc 24064 
LRE11_FULL_DEV_data/p01/iraq/iraq_20110120_180137_145_a.sdc 9222 
LRE11_FULL_DEV_data/p01/iraq/iraq_20110120_180137_145_b.sdc 14674 
LRE11_FULL_DEV_data/p01/iraq/iraq_20110120_211658_153_a.sdc 16606 
LRE11_FULL_DEV_data/p01/iraq/iraq_20110120_211658_153_b.sdc 13412 
LRE11_FULL_DEV_data/p01/iraq/iraq_20110120_221520_155_a.sdc 13918 
LRE11_FULL_DEV_data/p01/iraq/iraq_20110120_221520_155_b.sdc 13635 
LRE11_FULL_DEV_data/p01/iraq/iraq_20110120_222748_156_a.sdc 15536 
LRE11_FULL_DEV_data/p01/iraq/iraq_20110120_222748_156_b.sdc 12303 
LRE11_FULL_DEV_data/p01/iraq/iraq_20110120_224535_157_a.sdc 17133 
LRE11_FULL_DEV_data/p01/iraq/iraq_20110120_224535_157_b.sdc 22670 
LRE11_FULL_DEV_data/p01/iraq/iraq_20110122_171604_231_a.sdc 6919 
LRE11_FULL_DEV_data/p01/iraq/iraq_20110122_171604_231_b.sdc 6609 
LRE11_FULL_DEV_data/p01/iraq/iraq_20110122_174623_234_a.sdc 7538 
LRE11_FULL_DEV_data/p01/iraq/iraq_20110122_174623_234_b.sdc 4904 
LRE11_FULL_DEV_data/p01/iraq/iraq_20110122_190525_239_a.sdc 4985 
LRE11_FULL_DEV_data/p01/iraq/iraq_20110122_190525_239_b.sdc 10150 
LRE11_FULL_DEV_data/p01/iraq/iraq_20110122_195441_244_a.sdc 2256 
LRE11_FULL_DEV_data/p01/iraq/iraq_20110122_195441_244_b.sdc 5257 
LRE11_FULL_DEV_data/p01/iraq/iraq_20110122_200106_245_a.sdc 3602 
LRE11_FULL_DEV_data/p01/iraq/iraq_20110122_200106_245_b.sdc 9986 
LRE11_FULL_DEV_data/p01/iraq/iraq_20110122_204801_251_a.sdc 7157 
LRE11_FULL_DEV_data/p01/iraq/iraq_20110122_204801_251_b.sdc 7452 
LRE11_FULL_DEV_data/p01/iraq/iraq_20110122_220302_255_a.sdc 5065 
LRE11_FULL_DEV_data/p01/iraq/iraq_20110122_220302_255_b.sdc 7433 
LRE11_FULL_DEV_data/p01/iraq/iraq_20110122_222559_256_a.sdc 8403 
LRE11_FULL_DEV_data/p01/iraq/iraq_20110122_222559_256_b.sdc 7010 
LRE11_FULL_DEV_data/p01/iraq/iraq_20110122_224503_257_a.sdc 6784 
LRE11_FULL_DEV_data/p01/iraq/iraq_20110122_224503_257_b.sdc 9319 
LRE11_FULL_DEV_data/p01/iraq/iraq_20110122_230009_258_a.sdc 14334 
LRE11_FULL_DEV_data/p01/iraq/iraq_20110122_230009_258_b.sdc 24487 
LRE11_FULL_DEV_data/p01/iraq/iraq_20110124_214654_322_a.sdc 17093 
LRE11_FULL_DEV_data/p01/iraq/iraq_20110124_214654_322_b.sdc 16806 
LRE11_FULL_DEV_data/p01/iraq/iraq_20110124_221828_324_a.sdc 9516 
LRE11_FULL_DEV_data/p01/iraq/iraq_20110124_221828_324_b.sdc 11542 
LRE11_FULL_DEV_data/p01/iraq/iraq_20110125_215740_382_a.sdc 9129 
LRE11_FULL_DEV_data/p01/iraq/iraq_20110125_215740_382_b.sdc 19851 
LRE11_FULL_DEV_data/p01/iraq/iraq_20110126_145101_400_a.sdc 12594 
LRE11_FULL_DEV_data/p01/iraq/iraq_20110126_145101_400_b.sdc 27698 
LRE11_FULL_DEV_data/p01/iraq/iraq_20110126_201005_421_a.sdc 13317 
LRE11_FULL_DEV_data/p01/iraq/iraq_20110126_201005_421_b.sdc 8501 
LDC_CTS_BN/iraq_cts_LDC2006S45/ar-20031104-104134_0-a.sdc 18130 
LDC_CTS_BN/iraq_cts_LDC2006S45/ar-20031106-145640_0_a.sdc 9140 
LDC_CTS_BN/iraq_cts_LDC2006S45/ar-20031106-145640_0_b.sdc 17058 
LDC_CTS_BN/iraq_cts_LDC2006S45/ar-20031106-150641_4-b.sdc 15707 
LDC_CTS_BN/iraq_cts_LDC2006S45/ar-20031109-181638_0_a.sdc 16888 
LDC_CTS_BN/iraq_cts_LDC2006S45/ar-20031109-181638_0_b.sdc 6898 
LDC_CTS_BN/iraq_cts_LDC2006S45/ar-20031117-142352_0_a.sdc 11710 
LDC_CTS_BN/iraq_cts_LDC2006S45/ar-20031117-142352_0_b.sdc 13953 
LDC_CTS_BN/iraq_cts_LDC2006S45/ar-20031117-143737_0-b.sdc 10736 
LDC_CTS_BN/iraq_cts_LDC2006S45/ar-20031118-105332_0_a.sdc 18406 
LDC_CTS_BN/iraq_cts_LDC2006S45/ar-20031118-105332_0_b.sdc 20591 
LDC_CTS_BN/iraq_cts_LDC2006S45/ar-20031118-114121_2-b.sdc 13344 
LDC_CTS_BN/iraq_cts_LDC2006S45/ar-20031118-121452_0-b.sdc 15548 
LDC_CTS_BN/iraq_cts_LDC2006S45/ar-20031118-124217_0-b.sdc 12787 
LDC_CTS_BN/iraq_cts_LDC2006S45/ar-20031118-125658_0-b.sdc 15762 
LDC_CTS_BN/iraq_cts_LDC2006S45/ar-20031121-120110_0-b.sdc 18151 
LDC_CTS_BN/iraq_cts_LDC2006S45/ar-20031124-141409_2_a.sdc 11631 
LDC_CTS_BN/iraq_cts_LDC2006S45/ar-20031124-141409_2_b.sdc 19060 
LDC_CTS_BN/iraq_cts_LDC2006S45/ar-20031125-180842_2-b.sdc 9790 
LDC_CTS_BN/iraq_cts_LDC2006S45/ar-20031130-142556_0-b.sdc 15121 
LDC_CTS_BN/iraq_cts_LDC2006S45/ar-20031204-031951_0_a.sdc 13281 
LDC_CTS_BN/iraq_cts_LDC2006S45/ar-20031204-031951_0_b.sdc 14809 
LDC_CTS_BN/iraq_cts_LDC2006S45/ar-20031205-233833_2-a.sdc 10449 
LDC_CTS_BN/iraq_cts_LDC2006S45/ar-20031208-205019_0_a.sdc 17009 
LDC_CTS_BN/iraq_cts_LDC2006S45/ar-20031208-205019_0_b.sdc 11236 
LDC_CTS_BN/iraq_cts_LDC2006S45/ar-20031211-014635_2_a.sdc 15010 
LDC_CTS_BN/iraq_cts_LDC2006S45/ar-20031211-014635_2_b.sdc 14603 
LDC_CTS_BN/iraq_cts_LDC2006S45/ar-20031211-044725_0_a.sdc 8770 
LDC_CTS_BN/iraq_cts_LDC2006S45/ar-20031211-044725_0_b.sdc 9173 
LDC_CTS_BN/iraq_cts_LDC2006S45/ar-20031211-051327_6_a.sdc 13789 
LDC_CTS_BN/iraq_cts_LDC2006S45/ar-20031211-051327_6_b.sdc 17699 
LDC_CTS_BN/iraq_cts_LDC2006S45/ar-20031211-055406_0_a.sdc 11139 
LDC_CTS_BN/iraq_cts_LDC2006S45/ar-20031211-055406_0_b.sdc 14732 
LDC_CTS_BN/iraq_cts_LDC2006S45/ar-20031211-075059_0_a.sdc 14648 
LDC_CTS_BN/iraq_cts_LDC2006S45/ar-20031211-075059_0_b.sdc 7795 
LDC_CTS_BN/iraq_cts_LDC2006S45/ar-20031211-184748_0_a.sdc 7764 
LDC_CTS_BN/iraq_cts_LDC2006S45/ar-20031211-184748_0_b.sdc 7095 
LDC_CTS_BN/iraq_cts_LDC2006S45/ar-20031211-190410_8_a.sdc 14618 
LDC_CTS_BN/iraq_cts_LDC2006S45/ar-20031211-190410_8_b.sdc 10001 
LDC_CTS_BN/iraq_cts_LDC2006S45/ar-20031211-192458_0-b.sdc 6710 
LDC_CTS_BN/iraq_cts_LDC2006S45/ar-20031211-193633_4-b.sdc 15930 
LDC_CTS_BN/iraq_cts_LDC2006S45/ar-20031211-201320_0-b.sdc 6095 
LDC_CTS_BN/iraq_cts_LDC2006S45/ar-20031212-023429_2-a.sdc 18070 
LDC_CTS_BN/iraq_cts_LDC2006S45/ar-20031212-025846_4_a.sdc 9601 
LDC_CTS_BN/iraq_cts_LDC2006S45/ar-20031212-025846_4_b.sdc 14367 
LDC_CTS_BN/iraq_cts_LDC2006S45/ar-20031212-031459_8_a.sdc 7701 
LDC_CTS_BN/iraq_cts_LDC2006S45/ar-20031212-031459_8_b.sdc 19908 
LDC_CTS_BN/iraq_cts_LDC2006S45/ar-20031212-033010_0-a.sdc 12917 
LDC_CTS_BN/iraq_cts_LDC2006S45/ar-20031212-033908_2_a.sdc 17521 
LDC_CTS_BN/iraq_cts_LDC2006S45/ar-20031212-033908_2_b.sdc 14375 
LDC_CTS_BN/iraq_cts_LDC2006S45/ar-20031212-035133_0_a.sdc 17807 
LDC_CTS_BN/iraq_cts_LDC2006S45/ar-20031212-035133_0_b.sdc 17195 
LDC_CTS_BN/iraq_cts_LDC2006S45/ar-20031212-045519_0_a.sdc 16860 
LDC_CTS_BN/iraq_cts_LDC2006S45/ar-20031212-045519_0_b.sdc 12372 
LDC_CTS_BN/iraq_cts_LDC2006S45/ar-20031213-021823_4_a.sdc 21726 
LDC_CTS_BN/iraq_cts_LDC2006S45/ar-20031213-021823_4_b.sdc 16444 
LDC_CTS_BN/iraq_cts_LDC2006S45/ar-20031213-025710_8_a.sdc 17444 
LDC_CTS_BN/iraq_cts_LDC2006S45/ar-20031213-025710_8_b.sdc 10245 
LDC_CTS_BN/iraq_cts_LDC2006S45/ar-20031213-032735_2_a.sdc 11795 
LDC_CTS_BN/iraq_cts_LDC2006S45/ar-20031213-032735_2_b.sdc 9114 
LDC_CTS_BN/iraq_cts_LDC2006S45/ar-20031213-043536_0_a.sdc 13903 
LDC_CTS_BN/iraq_cts_LDC2006S45/ar-20031213-043536_0_b.sdc 9334 
LDC_CTS_BN/iraq_cts_LDC2006S45/ar-20031214-022622_0_a.sdc 9836 
LDC_CTS_BN/iraq_cts_LDC2006S45/ar-20031214-022622_0_b.sdc 15815 
LDC_CTS_BN/iraq_cts_LDC2006S45/ar-20031214-023505_0_a.sdc 8659 
LDC_CTS_BN/iraq_cts_LDC2006S45/ar-20031214-023505_0_b.sdc 12663 
LDC_CTS_BN/iraq_cts_LDC2006S45/ar-20031214-031456_0_a.sdc 14745 
LDC_CTS_BN/iraq_cts_LDC2006S45/ar-20031214-031456_0_b.sdc 11974 
LDC_CTS_BN/iraq_cts_LDC2006S45/ar-20031214-033648_0_a.sdc 14064 
LDC_CTS_BN/iraq_cts_LDC2006S45/ar-20031214-033648_0_b.sdc 6403 
LDC_CTS_BN/iraq_cts_LDC2006S45/ar-20031214-053055_0_a.sdc 4312 
LDC_CTS_BN/iraq_cts_LDC2006S45/ar-20031214-053055_0_b.sdc 9960 
LDC_CTS_BN/iraq_cts_LDC2006S45/ar-20031214-054140_2_a.sdc 11378 
LDC_CTS_BN/iraq_cts_LDC2006S45/ar-20031214-054140_2_b.sdc 8839 
LDC_CTS_BN/iraq_cts_LDC2006S45/ar-20031214-072908_2-a.sdc 8430 
LDC_CTS_BN/iraq_cts_LDC2006S45/ar-20031214-073627_0_a.sdc 11493 
LDC_CTS_BN/iraq_cts_LDC2006S45/ar-20031214-073627_0_b.sdc 4575 
LDC_CTS_BN/iraq_cts_LDC2006S45/ar-20031215-012808_0_a.sdc 10872 
LDC_CTS_BN/iraq_cts_LDC2006S45/ar-20031215-012808_0_b.sdc 12368 
LDC_CTS_BN/iraq_cts_LDC2006S45/ar-20031215-015833_0_a.sdc 10880 
LDC_CTS_BN/iraq_cts_LDC2006S45/ar-20031215-015833_0_b.sdc 18277 
LDC_CTS_BN/iraq_cts_LDC2006S45/ar-20031215-023705_0-a.sdc 10229 
LDC_CTS_BN/iraq_cts_LDC2006S45/ar-20031215-025749_0_a.sdc 11552 
LDC_CTS_BN/iraq_cts_LDC2006S45/ar-20031215-025749_0_b.sdc 10015 
LDC_CTS_BN/iraq_cts_LDC2006S45/ar-20031215-030821_6_a.sdc 12597 
LDC_CTS_BN/iraq_cts_LDC2006S45/ar-20031215-030821_6_b.sdc 13011 
LDC_CTS_BN/iraq_cts_LDC2006S45/ar-20031215-031929_2_a.sdc 7032 
LDC_CTS_BN/iraq_cts_LDC2006S45/ar-20031215-031929_2_b.sdc 15444 
LDC_CTS_BN/iraq_cts_LDC2006S45/ar-20031215-032903_0-a.sdc 11207 
LDC_CTS_BN/iraq_cts_LDC2006S45/ar-20031215-033137_8_a.sdc 11204 
LDC_CTS_BN/iraq_cts_LDC2006S45/ar-20031215-033137_8_b.sdc 10865 
LDC_CTS_BN/iraq_cts_LDC2006S45/ar-20031215-034005_0-a.sdc 8447 
LDC_CTS_BN/iraq_cts_LDC2006S45/ar-20031215-034747_0_a.sdc 15617 
LDC_CTS_BN/iraq_cts_LDC2006S45/ar-20031215-034747_0_b.sdc 8002 
LDC_CTS_BN/iraq_cts_LDC2006S45/ar-20031215-040435_8-a.sdc 8922 
LDC_CTS_BN/iraq_cts_LDC2006S45/ar-20031215-050021_0_a.sdc 15688 
LDC_CTS_BN/iraq_cts_LDC2006S45/ar-20031215-050021_0_b.sdc 7424 
LDC_CTS_BN/iraq_cts_LDC2006S45/ar-20031215-051528_4_a.sdc 14837 
LDC_CTS_BN/iraq_cts_LDC2006S45/ar-20031215-051528_4_b.sdc 10095 
LDC_CTS_BN/iraq_cts_LDC2006S45/ar-20031215-054953_0_a.sdc 12504 
LDC_CTS_BN/iraq_cts_LDC2006S45/ar-20031215-054953_0_b.sdc 16990 
LDC_CTS_BN/iraq_cts_LDC2006S45/ar-20031215-055935_0_a.sdc 15869 
LDC_CTS_BN/iraq_cts_LDC2006S45/ar-20031215-055935_0_b.sdc 13063 
LDC_CTS_BN/iraq_cts_LDC2006S45/ar-20031215-061210_0_a.sdc 15538 
LDC_CTS_BN/iraq_cts_LDC2006S45/ar-20031215-061210_0_b.sdc 15690 
LDC_CTS_BN/iraq_cts_LDC2006S45/ar-20031215-062516_0_a.sdc 18518 
LDC_CTS_BN/iraq_cts_LDC2006S45/ar-20031215-062516_0_b.sdc 7189 
LDC_CTS_BN/iraq_cts_LDC2006S45/ar-20031215-063645_8_a.sdc 15167 
LDC_CTS_BN/iraq_cts_LDC2006S45/ar-20031215-063645_8_b.sdc 10248 
LDC_CTS_BN/iraq_cts_LDC2006S45/ar-20031215-082008_4_a.sdc 18215 
LDC_CTS_BN/iraq_cts_LDC2006S45/ar-20031215-082008_4_b.sdc 6971 
LDC_CTS_BN/iraq_cts_LDC2006S45/ar-20031215-085129_0_a.sdc 14905 
LDC_CTS_BN/iraq_cts_LDC2006S45/ar-20031215-085129_0_b.sdc 9239 
LDC_CTS_BN/iraq_cts_LDC2006S45/ar-20031216-020404_0_a.sdc 5057 
LDC_CTS_BN/iraq_cts_LDC2006S45/ar-20031216-020404_0_b.sdc 7335 
LDC_CTS_BN/iraq_cts_LDC2006S45/ar-20031216-021134_8_a.sdc 3938 
LDC_CTS_BN/iraq_cts_LDC2006S45/ar-20031216-021134_8_b.sdc 5458 
LDC_CTS_BN/iraq_cts_LDC2006S45/ar-20031216-025639_6-a.sdc 10789 
LDC_CTS_BN/iraq_cts_LDC2006S45/ar-20031216-031919_8_a.sdc 13842 
LDC_CTS_BN/iraq_cts_LDC2006S45/ar-20031216-031919_8_b.sdc 11730 
LDC_CTS_BN/iraq_cts_LDC2006S45/ar-20031216-033039_0_a.sdc 13265 
LDC_CTS_BN/iraq_cts_LDC2006S45/ar-20031216-033039_0_b.sdc 12743 
LDC_CTS_BN/iraq_cts_LDC2006S45/ar-20031216-042403_0-a.sdc 7424 
LDC_CTS_BN/iraq_cts_LDC2006S45/ar-20031216-053721_0-b.sdc 8729 
LDC_CTS_BN/iraq_cts_LDC2006S45/ar-20031216-062751_4_a.sdc 10854 
LDC_CTS_BN/iraq_cts_LDC2006S45/ar-20031216-062751_4_b.sdc 14454 
LDC_CTS_BN/iraq_cts_LDC2006S45/ar-20031216-064820_0_a.sdc 13673 
LDC_CTS_BN/iraq_cts_LDC2006S45/ar-20031216-064820_0_b.sdc 7727 
LDC_CTS_BN/iraq_cts_LDC2006S45/ar-20031216-065800_0_a.sdc 14858 
LDC_CTS_BN/iraq_cts_LDC2006S45/ar-20031216-065800_0_b.sdc 9314 
LDC_CTS_BN/iraq_cts_LDC2006S45/ar-20031216-072844_0_a.sdc 16990 
LDC_CTS_BN/iraq_cts_LDC2006S45/ar-20031216-072844_0_b.sdc 10660 
LDC_CTS_BN/iraq_cts_LDC2006S45/ar-20031217-025003_0-b.sdc 10403 
LDC_CTS_BN/iraq_cts_LDC2006S45/ar-20031217-030223_0_a.sdc 6472 
LDC_CTS_BN/iraq_cts_LDC2006S45/ar-20031217-030223_0_b.sdc 4292 
LDC_CTS_BN/iraq_cts_LDC2006S45/ar-20031217-031402_0_a.sdc 17226 
LDC_CTS_BN/iraq_cts_LDC2006S45/ar-20031217-031402_0_b.sdc 8166 
LDC_CTS_BN/iraq_cts_LDC2006S45/ar-20031217-032221_0_a.sdc 13752 
LDC_CTS_BN/iraq_cts_LDC2006S45/ar-20031217-032221_0_b.sdc 15451 
LDC_CTS_BN/iraq_cts_LDC2006S45/ar-20031217-033217_2-a.sdc 14578 
LDC_CTS_BN/iraq_cts_LDC2006S45/ar-20031217-033429_0_a.sdc 4719 
LDC_CTS_BN/iraq_cts_LDC2006S45/ar-20031217-033429_0_b.sdc 9356 
LDC_CTS_BN/iraq_cts_LDC2006S45/ar-20031217-044520_4-a.sdc 15523 
LDC_CTS_BN/iraq_cts_LDC2006S45/ar-20031217-050015_0_a.sdc 13784 
LDC_CTS_BN/iraq_cts_LDC2006S45/ar-20031217-050015_0_b.sdc 9255 
LDC_CTS_BN/iraq_cts_LDC2006S45/ar-20031217-051516_6_a.sdc 12836 
LDC_CTS_BN/iraq_cts_LDC2006S45/ar-20031217-051516_6_b.sdc 9771 
LDC_CTS_BN/iraq_cts_LDC2006S45/ar-20031217-052914_0_a.sdc 10481 
LDC_CTS_BN/iraq_cts_LDC2006S45/ar-20031217-052914_0_b.sdc 11529 
LDC_CTS_BN/iraq_cts_LDC2006S45/ar-20031217-054413_8_a.sdc 10752 
LDC_CTS_BN/iraq_cts_LDC2006S45/ar-20031217-054413_8_b.sdc 12341 
LDC_CTS_BN/iraq_cts_LDC2006S45/ar-20031217-055937_0_a.sdc 18013 
LDC_CTS_BN/iraq_cts_LDC2006S45/ar-20031217-055937_0_b.sdc 9779 
LDC_CTS_BN/iraq_cts_LDC2006S45/ar-20031217-061303_0_a.sdc 16979 
LDC_CTS_BN/iraq_cts_LDC2006S45/ar-20031217-061303_0_b.sdc 11256 
LDC_CTS_BN/iraq_cts_LDC2006S45/ar-20031217-062552_0_a.sdc 12089 
LDC_CTS_BN/iraq_cts_LDC2006S45/ar-20031217-062552_0_b.sdc 9453 
LDC_CTS_BN/iraq_cts_LDC2006S45/ar-20031217-063700_0_a.sdc 15426 
LDC_CTS_BN/iraq_cts_LDC2006S45/ar-20031217-063700_0_b.sdc 9637 
LDC_CTS_BN/iraq_cts_LDC2006S45/ar-20031217-065950_2_a.sdc 12716 
LDC_CTS_BN/iraq_cts_LDC2006S45/ar-20031217-065950_2_b.sdc 21388 
LDC_CTS_BN/iraq_cts_LDC2006S45/ar-20031217-071250_0_a.sdc 15279 
LDC_CTS_BN/iraq_cts_LDC2006S45/ar-20031217-071250_0_b.sdc 11171 
LDC_CTS_BN/iraq_cts_LDC2006S45/ar-20031217-191627_0-a.sdc 8883 
LDC_CTS_BN/iraq_cts_LDC2006S45/ar-20031217-212044_0_a.sdc 14566 
LDC_CTS_BN/iraq_cts_LDC2006S45/ar-20031217-212044_0_b.sdc 10708 
LDC_CTS_BN/iraq_cts_LDC2006S45/ar-20031218-022452_0_a.sdc 6382 
LDC_CTS_BN/iraq_cts_LDC2006S45/ar-20031218-022452_0_b.sdc 15210 
LDC_CTS_BN/iraq_cts_LDC2006S45/ar-20031218-023531_0_a.sdc 13045 
LDC_CTS_BN/iraq_cts_LDC2006S45/ar-20031218-023531_0_b.sdc 12841 
LDC_CTS_BN/iraq_cts_LDC2006S45/ar-20031218-024359_2-b.sdc 6661 
LDC_CTS_BN/iraq_cts_LDC2006S45/ar-20031218-024729_0_a.sdc 15147 
LDC_CTS_BN/iraq_cts_LDC2006S45/ar-20031218-024729_0_b.sdc 14403 
LDC_CTS_BN/iraq_cts_LDC2006S45/ar-20031218-025337_4-b.sdc 16595 
LDC_CTS_BN/iraq_cts_LDC2006S45/ar-20031218-030008_0_a.sdc 11668 
LDC_CTS_BN/iraq_cts_LDC2006S45/ar-20031218-030008_0_b.sdc 12082 
LDC_CTS_BN/iraq_cts_LDC2006S45/ar-20031218-030411_2_a.sdc 14603 
LDC_CTS_BN/iraq_cts_LDC2006S45/ar-20031218-030411_2_b.sdc 18536 
LDC_CTS_BN/iraq_cts_LDC2006S45/ar-20031218-031629_0_a.sdc 11066 
LDC_CTS_BN/iraq_cts_LDC2006S45/ar-20031218-031629_0_b.sdc 14811 
LDC_CTS_BN/iraq_cts_LDC2006S45/ar-20031218-032143_2_a.sdc 7936 
LDC_CTS_BN/iraq_cts_LDC2006S45/ar-20031218-032143_2_b.sdc 8064 
LDC_CTS_BN/iraq_cts_LDC2006S45/ar-20031218-032752_0_a.sdc 12825 
LDC_CTS_BN/iraq_cts_LDC2006S45/ar-20031218-032752_0_b.sdc 9688 
LDC_CTS_BN/iraq_cts_LDC2006S45/ar-20031218-040502_0_a.sdc 13882 
LDC_CTS_BN/iraq_cts_LDC2006S45/ar-20031218-040502_0_b.sdc 6649 
LDC_CTS_BN/iraq_cts_LDC2006S45/ar-20031218-040937_8_a.sdc 9029 
LDC_CTS_BN/iraq_cts_LDC2006S45/ar-20031218-040937_8_b.sdc 2726 
LDC_CTS_BN/iraq_cts_LDC2006S45/ar-20031218-044222_4_a.sdc 12086 
LDC_CTS_BN/iraq_cts_LDC2006S45/ar-20031218-044222_4_b.sdc 10597 
LDC_CTS_BN/iraq_cts_LDC2006S45/ar-20031218-234635_2-a.sdc 7270 
LDC_CTS_BN/iraq_cts_LDC2006S45/ar-20031219-013241_6-b.sdc 15709 
LDC_CTS_BN/iraq_cts_LDC2006S45/ar-20031219-014400_0_a.sdc 18425 
LDC_CTS_BN/iraq_cts_LDC2006S45/ar-20031219-014400_0_b.sdc 10973 
LDC_CTS_BN/iraq_cts_LDC2006S45/ar-20031219-015333_8_a.sdc 13733 
LDC_CTS_BN/iraq_cts_LDC2006S45/ar-20031219-015333_8_b.sdc 10015 
LDC_CTS_BN/iraq_cts_LDC2006S45/ar-20031219-020622_2-b.sdc 12894 
LDC_CTS_BN/iraq_cts_LDC2006S45/ar-20031219-022407_2-a.sdc 13197 
LDC_CTS_BN/iraq_cts_LDC2006S45/ar-20031219-023330_0-a.sdc 15279 
LDC_CTS_BN/iraq_cts_LDC2006S45/ar-20031219-025202_0_a.sdc 21275 
LDC_CTS_BN/iraq_cts_LDC2006S45/ar-20031219-025202_0_b.sdc 5572 
LDC_CTS_BN/iraq_cts_LDC2006S45/ar-20031219-030933_6-a.sdc 14117 
LDC_CTS_BN/iraq_cts_LDC2006S45/ar-20031219-041641_2-a.sdc 10185 
LDC_CTS_BN/iraq_cts_LDC2006S45/ar-20031219-042059_6_a.sdc 7926 
LDC_CTS_BN/iraq_cts_LDC2006S45/ar-20031219-042059_6_b.sdc 7579 
LDC_CTS_BN/iraq_cts_LDC2006S45/ar-20031219-043029_2_a.sdc 13063 
LDC_CTS_BN/iraq_cts_LDC2006S45/ar-20031219-043029_2_b.sdc 16419 
LDC_CTS_BN/iraq_cts_LDC2006S45/ar-20031219-044335_0_a.sdc 10812 
LDC_CTS_BN/iraq_cts_LDC2006S45/ar-20031219-044335_0_b.sdc 10865 
LDC_CTS_BN/iraq_cts_LDC2006S45/ar-20031219-045526_0_a.sdc 13122 
LDC_CTS_BN/iraq_cts_LDC2006S45/ar-20031219-045526_0_b.sdc 6149 
LDC_CTS_BN/iraq_cts_LDC2006S45/ar-20031219-051238_0_a.sdc 12355 
LDC_CTS_BN/iraq_cts_LDC2006S45/ar-20031219-051238_0_b.sdc 10342 
LDC_CTS_BN/iraq_cts_LDC2006S45/ar-20031219-053435_0_a.sdc 18255 
LDC_CTS_BN/iraq_cts_LDC2006S45/ar-20031219-053435_0_b.sdc 7670 
LDC_CTS_BN/iraq_cts_LDC2006S45/ar-20031219-055651_0-b.sdc 15396 
LDC_CTS_BN/iraq_cts_LDC2006S45/ar-20031219-055852_2-b.sdc 2936 
LDC_CTS_BN/iraq_cts_LDC2006S45/ar-20031219-062839_0_a.sdc 9242 
LDC_CTS_BN/iraq_cts_LDC2006S45/ar-20031219-062839_0_b.sdc 17986 
LDC_CTS_BN/iraq_cts_LDC2006S45/ar-20031220-002118_0-b.sdc 6120 
LDC_CTS_BN/iraq_cts_LDC2006S45/ar-20031220-011239_0_a.sdc 14468 
LDC_CTS_BN/iraq_cts_LDC2006S45/ar-20031220-011239_0_b.sdc 10618 
LDC_CTS_BN/iraq_cts_LDC2006S45/ar-20031220-015614_0_a.sdc 18606 
LDC_CTS_BN/iraq_cts_LDC2006S45/ar-20031220-015614_0_b.sdc 10951 
LDC_CTS_BN/iraq_cts_LDC2006S45/ar-20031220-021104_2-a.sdc 13352 
LDC_CTS_BN/iraq_cts_LDC2006S45/ar-20031220-030357_4_a.sdc 7657 
LDC_CTS_BN/iraq_cts_LDC2006S45/ar-20031220-030357_4_b.sdc 7651 
LDC_CTS_BN/iraq_cts_LDC2006S45/ar-20031220-031635_2_a.sdc 9442 
LDC_CTS_BN/iraq_cts_LDC2006S45/ar-20031220-031635_2_b.sdc 15240 
LDC_CTS_BN/iraq_cts_LDC2006S45/ar-20031220-034722_8_a.sdc 8462 
LDC_CTS_BN/iraq_cts_LDC2006S45/ar-20031220-034722_8_b.sdc 8505 
LDC_CTS_BN/iraq_cts_LDC2006S45/ar-20031220-040433_2_a.sdc 10743 
LDC_CTS_BN/iraq_cts_LDC2006S45/ar-20031220-040433_2_b.sdc 16099 
LDC_CTS_BN/iraq_cts_LDC2006S45/ar-20031220-041632_6_a.sdc 8009 
LDC_CTS_BN/iraq_cts_LDC2006S45/ar-20031220-041632_6_b.sdc 8880 
LDC_CTS_BN/iraq_cts_LDC2006S45/ar-20031220-042345_4_a.sdc 11731 
LDC_CTS_BN/iraq_cts_LDC2006S45/ar-20031220-042345_4_b.sdc 13854 
LDC_CTS_BN/iraq_cts_LDC2006S45/ar-20031220-043509_2-a.sdc 9306 
LDC_CTS_BN/iraq_cts_LDC2006S45/ar-20031220-173847_8_a.sdc 2980 
LDC_CTS_BN/iraq_cts_LDC2006S45/ar-20031220-173847_8_b.sdc 18244 
LDC_CTS_BN/iraq_cts_LDC2006S45/ar-20031223-012202_0-b.sdc 11763 
LDC_CTS_BN/iraq_cts_LDC2006S45/ar-20031223-034049_2_a.sdc 9700 
LDC_CTS_BN/iraq_cts_LDC2006S45/ar-20031223-034049_2_b.sdc 6220 
LDC_CTS_BN/iraq_cts_LDC2006S45/ar-20031223-034548_0_a.sdc 8632 
LDC_CTS_BN/iraq_cts_LDC2006S45/ar-20031223-034548_0_b.sdc 5741 
LDC_CTS_BN/iraq_cts_LDC2006S45/ar-20031223-035225_0_a.sdc 11392 
LDC_CTS_BN/iraq_cts_LDC2006S45/ar-20031223-035225_0_b.sdc 14655 
LDC_CTS_BN/iraq_cts_LDC2006S45/ar-20031223-040551_0-a.sdc 16897 
LDC_CTS_BN/iraq_cts_LDC2006S45/ar-20031223-041654_0-b.sdc 7472 
LDC_CTS_BN/iraq_cts_LDC2006S45/ar-20031223-043503_0_a.sdc 9400 
LDC_CTS_BN/iraq_cts_LDC2006S45/ar-20031223-043503_0_b.sdc 13446 
LDC_CTS_BN/iraq_cts_LDC2006S45/ar-20031223-044747_0_a.sdc 12166 
LDC_CTS_BN/iraq_cts_LDC2006S45/ar-20031223-044747_0_b.sdc 15486 
LDC_CTS_BN/iraq_cts_LDC2006S45/ar-20031223-050257_0_a.sdc 10106 
LDC_CTS_BN/iraq_cts_LDC2006S45/ar-20031223-050257_0_b.sdc 4438 
LDC_CTS_BN/iraq_cts_LDC2006S45/ar-20031223-051750_0_a.sdc 11679 
LDC_CTS_BN/iraq_cts_LDC2006S45/ar-20031223-051750_0_b.sdc 8841 
LDC_CTS_BN/iraq_cts_LDC2006S45/ar-20031223-054247_8_a.sdc 11574 
LDC_CTS_BN/iraq_cts_LDC2006S45/ar-20031223-054247_8_b.sdc 15233 
LDC_CTS_BN/iraq_cts_LDC2006S45/ar-20031223-055300_0_a.sdc 12545 
LDC_CTS_BN/iraq_cts_LDC2006S45/ar-20031223-055300_0_b.sdc 15215 
LDC_CTS_BN/iraq_cts_LDC2006S45/ar-20031223-060417_0_a.sdc 18957 
LDC_CTS_BN/iraq_cts_LDC2006S45/ar-20031223-060417_0_b.sdc 18474 
LDC_CTS_BN/iraq_cts_LDC2006S45/ar-20031223-061437_0-a.sdc 13431 
LDC_CTS_BN/iraq_cts_LDC2006S45/ar-20031223-062506_0_a.sdc 12035 
LDC_CTS_BN/iraq_cts_LDC2006S45/ar-20031223-062506_0_b.sdc 8766 
LDC_CTS_BN/iraq_cts_LDC2006S45/ar-20031224-011614_0-a.sdc 11620 
LDC_CTS_BN/iraq_cts_LDC2006S45/ar-20031224-015645_0_a.sdc 9835 
LDC_CTS_BN/iraq_cts_LDC2006S45/ar-20031224-015645_0_b.sdc 18687 
LDC_CTS_BN/iraq_cts_LDC2006S45/ar-20031224-020648_0_a.sdc 9499 
LDC_CTS_BN/iraq_cts_LDC2006S45/ar-20031224-020648_0_b.sdc 12791 
LDC_CTS_BN/iraq_cts_LDC2006S45/ar-20031224-021918_0_a.sdc 15478 
LDC_CTS_BN/iraq_cts_LDC2006S45/ar-20031224-021918_0_b.sdc 8745 
LDC_CTS_BN/iraq_cts_LDC2006S45/ar-20031224-024324_2-b.sdc 12901 
LDC_CTS_BN/iraq_cts_LDC2006S45/ar-20031224-031151_0-a.sdc 12872 
LDC_CTS_BN/iraq_cts_LDC2006S45/ar-20031224-034535_4_a.sdc 9738 
LDC_CTS_BN/iraq_cts_LDC2006S45/ar-20031224-034535_4_b.sdc 5875 
LDC_CTS_BN/iraq_cts_LDC2006S45/ar-20031224-035517_0_a.sdc 12084 
LDC_CTS_BN/iraq_cts_LDC2006S45/ar-20031224-035517_0_b.sdc 14410 
LDC_CTS_BN/iraq_cts_LDC2006S45/ar-20031224-040731_2_a.sdc 9655 
LDC_CTS_BN/iraq_cts_LDC2006S45/ar-20031224-040731_2_b.sdc 9808 
LDC_CTS_BN/iraq_cts_LDC2006S45/ar-20031224-041530_0_a.sdc 6090 
LDC_CTS_BN/iraq_cts_LDC2006S45/ar-20031224-041530_0_b.sdc 16846 
LDC_CTS_BN/iraq_cts_LDC2006S45/ar-20031224-051111_4_a.sdc 12308 
LDC_CTS_BN/iraq_cts_LDC2006S45/ar-20031224-051111_4_b.sdc 15423 
LDC_CTS_BN/iraq_cts_LDC2006S45/ar-20031224-052232_6_a.sdc 16469 
LDC_CTS_BN/iraq_cts_LDC2006S45/ar-20031224-052232_6_b.sdc 10119 
LDC_CTS_BN/iraq_cts_LDC2006S45/ar-20031226-032157_0-a.sdc 8819 
LDC_CTS_BN/iraq_cts_LDC2006S45/ar-20031226-032432_2_a.sdc 11854 
LDC_CTS_BN/iraq_cts_LDC2006S45/ar-20031226-032432_2_b.sdc 5282 
LDC_CTS_BN/iraq_cts_LDC2006S45/ar-20031226-033755_8_a.sdc 13748 
LDC_CTS_BN/iraq_cts_LDC2006S45/ar-20031226-033755_8_b.sdc 8101 
LDC_CTS_BN/iraq_cts_LDC2006S45/ar-20031226-035246_0_a.sdc 10766 
LDC_CTS_BN/iraq_cts_LDC2006S45/ar-20031226-035246_0_b.sdc 4719 
LDC_CTS_BN/iraq_cts_LDC2006S45/ar-20031226-220932_2_a.sdc 14293 
LDC_CTS_BN/iraq_cts_LDC2006S45/ar-20031226-220932_2_b.sdc 9795 
LDC_CTS_BN/iraq_cts_LDC2006S45/ar-20031226-222020_0_a.sdc 14608 
LDC_CTS_BN/iraq_cts_LDC2006S45/ar-20031226-222020_0_b.sdc 10173 
LDC_CTS_BN/iraq_cts_LDC2006S45/ar-20031227-004357_2-b.sdc 12614 
LDC_CTS_BN/iraq_cts_LDC2006S45/ar-20031227-014033_0_a.sdc 13785 
LDC_CTS_BN/iraq_cts_LDC2006S45/ar-20031227-014033_0_b.sdc 9854 
LDC_CTS_BN/iraq_cts_LDC2006S45/ar-20031227-020944_0_a.sdc 10799 
LDC_CTS_BN/iraq_cts_LDC2006S45/ar-20031227-020944_0_b.sdc 17152 
LDC_CTS_BN/iraq_cts_LDC2006S45/ar-20031227-022228_0_a.sdc 9198 
LDC_CTS_BN/iraq_cts_LDC2006S45/ar-20031227-022228_0_b.sdc 3458 
LDC_CTS_BN/iraq_cts_LDC2006S45/ar-20031227-033229_4_a.sdc 9487 
LDC_CTS_BN/iraq_cts_LDC2006S45/ar-20031227-033229_4_b.sdc 10864 
LDC_CTS_BN/iraq_cts_LDC2006S45/ar-20031227-034411_0_a.sdc 16416 
LDC_CTS_BN/iraq_cts_LDC2006S45/ar-20031227-034411_0_b.sdc 17898 
LDC_CTS_BN/iraq_cts_LDC2006S45/ar-20031227-035402_2_a.sdc 14021 
LDC_CTS_BN/iraq_cts_LDC2006S45/ar-20031227-035402_2_b.sdc 17070 
LDC_CTS_BN/iraq_cts_LDC2006S45/ar-20031227-043900_2_a.sdc 14808 
LDC_CTS_BN/iraq_cts_LDC2006S45/ar-20031227-043900_2_b.sdc 16850 
LDC_CTS_BN/iraq_cts_LDC2006S45/ar-20031227-044842_0_a.sdc 13862 
LDC_CTS_BN/iraq_cts_LDC2006S45/ar-20031227-044842_0_b.sdc 17916 
LDC_CTS_BN/iraq_cts_LDC2006S45/ar-20031227-050023_6_a.sdc 12486 
LDC_CTS_BN/iraq_cts_LDC2006S45/ar-20031227-050023_6_b.sdc 18111 
LDC_CTS_BN/iraq_cts_LDC2006S45/ar-20031227-050407_2_a.sdc 10744 
LDC_CTS_BN/iraq_cts_LDC2006S45/ar-20031227-050407_2_b.sdc 11830 
LDC_CTS_BN/iraq_cts_LDC2006S45/ar-20031227-051210_0-b.sdc 10919 
LDC_CTS_BN/iraq_cts_LDC2006S45/ar-20031227-051420_2_a.sdc 7346 
LDC_CTS_BN/iraq_cts_LDC2006S45/ar-20031227-051420_2_b.sdc 10911 
LDC_CTS_BN/iraq_cts_LDC2006S45/ar-20031227-061900_4_a.sdc 6590 
LDC_CTS_BN/iraq_cts_LDC2006S45/ar-20031227-061900_4_b.sdc 9884 
LDC_CTS_BN/iraq_cts_LDC2006S45/ar-20031227-063133_8_a.sdc 10489 
LDC_CTS_BN/iraq_cts_LDC2006S45/ar-20031227-063133_8_b.sdc 4515 
LDC_CTS_BN/iraq_cts_LDC2006S45/ar-20031227-064123_0_a.sdc 7865 
LDC_CTS_BN/iraq_cts_LDC2006S45/ar-20031227-064123_0_b.sdc 10121 
LDC_CTS_BN/iraq_cts_LDC2006S45/ar-20031227-065255_0_a.sdc 9006 
LDC_CTS_BN/iraq_cts_LDC2006S45/ar-20031227-065255_0_b.sdc 6571 
LDC_CTS_BN/iraq_cts_LDC2006S45/ar-20031227-070201_0_a.sdc 9726 
LDC_CTS_BN/iraq_cts_LDC2006S45/ar-20031227-070201_0_b.sdc 9568 
LDC_CTS_BN/iraq_cts_LDC2006S45/ar-20031227-070926_0_a.sdc 7965 
LDC_CTS_BN/iraq_cts_LDC2006S45/ar-20031227-070926_0_b.sdc 5490 
LDC_CTS_BN/iraq_cts_LDC2006S45/ar-20031227-071743_0_a.sdc 7202 
LDC_CTS_BN/iraq_cts_LDC2006S45/ar-20031227-071743_0_b.sdc 12011 
LDC_CTS_BN/iraq_cts_LDC2006S45/ar-20031227-072723_0-b.sdc 7350 
LDC_CTS_BN/iraq_cts_LDC2006S45/ar-20031227-191726_0-b.sdc 12757 
LDC_CTS_BN/iraq_cts_LDC2006S45/ar-20031228-042346_0-a.sdc 2523 
LDC_CTS_BN/iraq_cts_LDC2006S45/ar-20031228-043356_0-b.sdc 4554 
LDC_CTS_BN/iraq_cts_LDC2006S45/ar-20031228-062800_0_a.sdc 17395 
LDC_CTS_BN/iraq_cts_LDC2006S45/ar-20031228-062800_0_b.sdc 10097 
LDC_CTS_BN/iraq_cts_LDC2006S45/ar-20031229-043325_0-b.sdc 6774 
LDC_CTS_BN/iraq_cts_LDC2006S45/ar-20031229-044107_0-a.sdc 6131 
LDC_CTS_BN/iraq_cts_LDC2006S45/ar-20031230-032646_0_a.sdc 15189 
LDC_CTS_BN/iraq_cts_LDC2006S45/ar-20031230-032646_0_b.sdc 10646 
LDC_CTS_BN/iraq_cts_LDC2006S45/ar-20031230-034231_0_a.sdc 14291 
LDC_CTS_BN/iraq_cts_LDC2006S45/ar-20031230-034231_0_b.sdc 10637 
LDC_CTS_BN/iraq_cts_LDC2006S45/ar-20031230-040239_0_a.sdc 15362 
LDC_CTS_BN/iraq_cts_LDC2006S45/ar-20031230-040239_0_b.sdc 7854 
LDC_CTS_BN/iraq_cts_LDC2006S45/ar-20031230-043521_0_a.sdc 7914 
LDC_CTS_BN/iraq_cts_LDC2006S45/ar-20031230-043521_0_b.sdc 9520 
LDC_CTS_BN/iraq_cts_LDC2006S45/ar-20031230-051054_0_a.sdc 5676 
LDC_CTS_BN/iraq_cts_LDC2006S45/ar-20031230-051054_0_b.sdc 3034 
LDC_CTS_BN/iraq_cts_LDC2006S45/ar-20031230-184552_0_a.sdc 7316 
LDC_CTS_BN/iraq_cts_LDC2006S45/ar-20031230-184552_0_b.sdc 10364 
LDC_CTS_BN/iraq_cts_LDC2006S45/ar-20031230-185823_0_a.sdc 8358 
LDC_CTS_BN/iraq_cts_LDC2006S45/ar-20031230-185823_0_b.sdc 13760 
LDC_CTS_BN/iraq_cts_LDC2006S45/ar-20031230-190744_0_a.sdc 9640 
LDC_CTS_BN/iraq_cts_LDC2006S45/ar-20031230-190744_0_b.sdc 9236 
LDC_CTS_BN/iraq_cts_LDC2006S45/ar-20031230-193027_0_a.sdc 11634 
LDC_CTS_BN/iraq_cts_LDC2006S45/ar-20031230-193027_0_b.sdc 3668 
LDC_CTS_BN/iraq_cts_LDC2006S45/ar-20031230-194011_0-a.sdc 9702 
LDC_CTS_BN/iraq_cts_LDC2006S45/ar-20031230-195106_0-a.sdc 7630 
LDC_CTS_BN/iraq_cts_LDC2006S45/ar-20031230-200925_2_a.sdc 6356 
LDC_CTS_BN/iraq_cts_LDC2006S45/ar-20031230-200925_2_b.sdc 9011 
LDC_CTS_BN/iraq_cts_LDC2006S45/ar-20031231-052928_2-a.sdc 8555 
LDC_CTS_BN/iraq_cts_LDC2006S45/ar-20031231-162021_4_a.sdc 5065 
LDC_CTS_BN/iraq_cts_LDC2006S45/ar-20031231-162021_4_b.sdc 9891 
LDC_CTS_BN/iraq_cts_LDC2006S45/ar-20031231-164847_6_a.sdc 5878 
LDC_CTS_BN/iraq_cts_LDC2006S45/ar-20031231-164847_6_b.sdc 12582 
LDC_CTS_BN/iraq_cts_LDC2006S45/ar-20031231-171246_0-a.sdc 4815 
LDC_CTS_BN/iraq_cts_LDC2006S45/ar-20040103-032518_0_a.sdc 9666 
LDC_CTS_BN/iraq_cts_LDC2006S45/ar-20040103-032518_0_b.sdc 9346 
LDC_CTS_BN/iraq_cts_LDC2006S45/ar-20040103-033615_0_a.sdc 12254 
LDC_CTS_BN/iraq_cts_LDC2006S45/ar-20040103-033615_0_b.sdc 6487 
LDC_CTS_BN/iraq_cts_LDC2006S45/ar-20040103-034739_0_a.sdc 13078 
LDC_CTS_BN/iraq_cts_LDC2006S45/ar-20040103-034739_0_b.sdc 7610 
LDC_CTS_BN/iraq_cts_LDC2006S45/ar-20040103-035631_0_a.sdc 9835 
LDC_CTS_BN/iraq_cts_LDC2006S45/ar-20040103-035631_0_b.sdc 13398 
LDC_CTS_BN/iraq_cts_LDC2006S45/ar-20040103-040911_0_a.sdc 6578 
LDC_CTS_BN/iraq_cts_LDC2006S45/ar-20040103-040911_0_b.sdc 12404 
LDC_CTS_BN/iraq_cts_LDC2006S45/ar-20040103-041848_0_a.sdc 10787 
LDC_CTS_BN/iraq_cts_LDC2006S45/ar-20040103-041848_0_b.sdc 15108 
LDC_CTS_BN/iraq_cts_LDC2006S45/ar-20040103-042730_4_a.sdc 10486 
LDC_CTS_BN/iraq_cts_LDC2006S45/ar-20040103-042730_4_b.sdc 15097 
LDC_CTS_BN/iraq_cts_LDC2006S45/ar-20040208-004837_0-b.sdc 7358 
LDC_CTS_BN/iraq_cts_LDC2006S45/ar-20040221-234227_0_a.sdc 13298 
LDC_CTS_BN/iraq_cts_LDC2006S45/ar-20040221-234227_0_b.sdc 9875 
LDC_CTS_BN/iraq_cts_LDC2006S45/ar-20040221-235225_0-a.sdc 14811 
LDC_CTS_BN/iraq_cts_LDC2006S45/ar-20040221-235516_6_a.sdc 15232 
LDC_CTS_BN/iraq_cts_LDC2006S45/ar-20040221-235516_6_b.sdc 5660 
LDC_CTS_BN/iraq_cts_LDC2006S45/ar-20040222-000929_0_a.sdc 11966 
LDC_CTS_BN/iraq_cts_LDC2006S45/ar-20040222-000929_0_b.sdc 9474 
LDC_CTS_BN/iraq_cts_LDC2006S45/ar-20040222-001135_2_a.sdc 9982 
LDC_CTS_BN/iraq_cts_LDC2006S45/ar-20040222-001135_2_b.sdc 10221 
LDC_CTS_BN/iraq_cts_LDC2006S45/ar-20040223-061410_2-b.sdc 11215 
LDC_CTS_BN/iraq_cts_LDC2006S45/ar-20040225-052434_0_a.sdc 8784 
LDC_CTS_BN/iraq_cts_LDC2006S45/ar-20040225-052434_0_b.sdc 10902 
LDC_CTS_BN/iraq_cts_LDC2006S45/ar-20040225-053849_4_a.sdc 8254 
LDC_CTS_BN/iraq_cts_LDC2006S45/ar-20040225-053849_4_b.sdc 9067 
LDC_CTS_BN/iraq_cts_LDC2006S45/ar-20040225-054810_8_a.sdc 8119 
LDC_CTS_BN/iraq_cts_LDC2006S45/ar-20040225-054810_8_b.sdc 5268 
LDC_CTS_BN/iraq_cts_LDC2006S45/ar-20040228-054641_0_a.sdc 14867 
LDC_CTS_BN/iraq_cts_LDC2006S45/ar-20040228-054641_0_b.sdc 12361 
LDC_CTS_BN/iraq_cts_LDC2006S45/ar-20040228-061416_0_a.sdc 10462 
LDC_CTS_BN/iraq_cts_LDC2006S45/ar-20040228-061416_0_b.sdc 6007 
LDC_CTS_BN/iraq_cts_LDC2006S45/ar-20040229-031625_8_a.sdc 7110 
LDC_CTS_BN/iraq_cts_LDC2006S45/ar-20040229-031625_8_b.sdc 12846 
LDC_CTS_BN/iraq_cts_LDC2006S45/ar-20040302-034917_0_a.sdc 16795 
LDC_CTS_BN/iraq_cts_LDC2006S45/ar-20040302-034917_0_b.sdc 7950 
LDC_CTS_BN/iraq_cts_LDC2006S45/ar-20040305-195012_8_a.sdc 11611 
LDC_CTS_BN/iraq_cts_LDC2006S45/ar-20040305-195012_8_b.sdc 6162 
LDC_CTS_BN/iraq_cts_LDC2006S45/ar-20040305-195311_6_a.sdc 9194 
LDC_CTS_BN/iraq_cts_LDC2006S45/ar-20040305-195311_6_b.sdc 12903 
LDC_CTS_BN/iraq_cts_LDC2006S45/ar-20040307-035511_0_a.sdc 16974 
LDC_CTS_BN/iraq_cts_LDC2006S45/ar-20040307-035511_0_b.sdc 11816 
LDC_CTS_BN/iraq_cts_LDC2006S45/ar-20040307-041224_8_a.sdc 9994 
LDC_CTS_BN/iraq_cts_LDC2006S45/ar-20040307-041224_8_b.sdc 8444 
LDC_CTS_BN/iraq_cts_LDC2006S45/ar-20040307-042718_0_a.sdc 12806 
LDC_CTS_BN/iraq_cts_LDC2006S45/ar-20040307-042718_0_b.sdc 13233 
LDC_CTS_BN/iraq_cts_LDC2006S45/ar-20040307-045759_4_a.sdc 16350 
LDC_CTS_BN/iraq_cts_LDC2006S45/ar-20040307-045759_4_b.sdc 12601 
LDC_CTS_BN/iraq_cts_LDC2006S45/ar-20040307-233937_8_a.sdc 13343 
LDC_CTS_BN/iraq_cts_LDC2006S45/ar-20040307-233937_8_b.sdc 7066 
LDC_CTS_BN/iraq_cts_LDC2006S45/ar-20040309-035307_0_a.sdc 11127 
LDC_CTS_BN/iraq_cts_LDC2006S45/ar-20040309-035307_0_b.sdc 8465 
LDC_CTS_BN/iraq_cts_LDC2006S45/ar-20040309-041338_2_a.sdc 18463 
LDC_CTS_BN/iraq_cts_LDC2006S45/ar-20040309-041338_2_b.sdc 9839 
LDC_CTS_BN/iraq_cts_LDC2006S45/ar-20040309-043636_0_a.sdc 7428 
LDC_CTS_BN/iraq_cts_LDC2006S45/ar-20040309-043636_0_b.sdc 14479 
LDC_CTS_BN/iraq_cts_LDC2006S45/ar-20040309-044842_0_a.sdc 11966 
LDC_CTS_BN/iraq_cts_LDC2006S45/ar-20040309-044842_0_b.sdc 6168 
LDC_CTS_BN/iraq_cts_LDC2006S45/ar-20040310-001902_8_a.sdc 8765 
LDC_CTS_BN/iraq_cts_LDC2006S45/ar-20040310-001902_8_b.sdc 11457 
LDC_CTS_BN/iraq_cts_LDC2006S45/ar-20040310-004529_0_a.sdc 13633 
LDC_CTS_BN/iraq_cts_LDC2006S45/ar-20040310-004529_0_b.sdc 11579 
LDC_CTS_BN/iraq_cts_LDC2006S45/ar-20040310-011521_0_a.sdc 10663 
LDC_CTS_BN/iraq_cts_LDC2006S45/ar-20040310-011521_0_b.sdc 11116 
LDC_CTS_BN/iraq_cts_LDC2006S45/ar-20040310-015134_8-a.sdc 6960 
LDC_CTS_BN/iraq_cts_LDC2006S45/ar-20040311-065456_8_a.sdc 8192 
LDC_CTS_BN/iraq_cts_LDC2006S45/ar-20040311-065456_8_b.sdc 5655 
LDC_CTS_BN/iraq_cts_LDC2006S45/ar-20040312-061822_6_a.sdc 9191 
LDC_CTS_BN/iraq_cts_LDC2006S45/ar-20040312-061822_6_b.sdc 8044 
LDC_CTS_BN/iraq_cts_LDC2006S45/ar-20040313-013541_8_a.sdc 8252 
LDC_CTS_BN/iraq_cts_LDC2006S45/ar-20040313-013541_8_b.sdc 8176 
LDC_CTS_BN/iraq_cts_LDC2006S45/ar-20040313-172806_0_a.sdc 8386 
LDC_CTS_BN/iraq_cts_LDC2006S45/ar-20040313-172806_0_b.sdc 6969 
LDC_CTS_BN/iraq_cts_LDC2006S45/ar-20040313-182711_2_a.sdc 10396 
LDC_CTS_BN/iraq_cts_LDC2006S45/ar-20040313-182711_2_b.sdc 8070 
LDC_CTS_BN/iraq_cts_LDC2006S45/ar-20040313-192252_0_a.sdc 15584 
LDC_CTS_BN/iraq_cts_LDC2006S45/ar-20040313-192252_0_b.sdc 4165 
LDC_CTS_BN/iraq_cts_LDC2006S45/ar-20040313-194127_0_a.sdc 11253 
LDC_CTS_BN/iraq_cts_LDC2006S45/ar-20040313-194127_0_b.sdc 6485 
LDC_CTS_BN/iraq_cts_LDC2006S45/ar-20040313-200756_2_a.sdc 7665 
LDC_CTS_BN/iraq_cts_LDC2006S45/ar-20040313-200756_2_b.sdc 11950 
LDC_CTS_BN/iraq_cts_LDC2006S45/ar-20040313-205655_6_a.sdc 9479 
LDC_CTS_BN/iraq_cts_LDC2006S45/ar-20040313-205655_6_b.sdc 6358 
LDC_CTS_BN/iraq_cts_LDC2006S45/ar-20040313-212059_0_a.sdc 10838 
LDC_CTS_BN/iraq_cts_LDC2006S45/ar-20040313-212059_0_b.sdc 4997 
LDC_CTS_BN/iraq_cts_LDC2006S45/ar-20040314-005009_2_a.sdc 9457 
LDC_CTS_BN/iraq_cts_LDC2006S45/ar-20040314-005009_2_b.sdc 9796 
LDC_CTS_BN/iraq_cts_LDC2006S45/ar-20040314-013932_6_a.sdc 9249 
LDC_CTS_BN/iraq_cts_LDC2006S45/ar-20040314-013932_6_b.sdc 14143 
LDC_CTS_BN/iraq_cts_LDC2006S45/ar-20040314-021651_8_a.sdc 13386 
LDC_CTS_BN/iraq_cts_LDC2006S45/ar-20040314-021651_8_b.sdc 10925 
LDC_CTS_BN/iraq_cts_LDC2006S45/ar-20040407-145130_2_a.sdc 8653 
LDC_CTS_BN/iraq_cts_LDC2006S45/ar-20040407-145130_2_b.sdc 8642 
LDC_CTS_BN/iraq_cts_LDC2006S45/ar-20040411-210150_0_a.sdc 7614 
LDC_CTS_BN/iraq_cts_LDC2006S45/ar-20040411-210150_0_b.sdc 6705 
LDC_CTS_BN/iraq_cts_LDC2006S45/ar-20040411-211354_8-b.sdc 2055 
LDC_CTS_BN/iraq_cts_LDC2006S45/ar-20040411-212404_2-b.sdc 11833 
LDC_CTS_BN/iraq_cts_LDC2006S45/ar-20040420-100036_0-b.sdc 11017 
LDC_CTS_BN/iraq_cts_LDC2006S45/ar-20040420-153906_8-a.sdc 11267 
LDC_CTS_BN/iraq_cts_LDC2006S45/ar-20040422-165027_2-b.sdc 11659 
LDC_CTS_BN/iraq_cts_LDC2006S45/ar-20040428-161427_2-b.sdc 8196 
LDC_CTS_BN/iraq_cts_LDC2006S45/ar-20040428-164155_0-b.sdc 14144 
LDC_CTS_BN/iraq_cts_LDC2006S45/ar-20040428-191240_0-b.sdc 12302 
