VOA/VOA4/laot/2008_laot1230a0109_123238_126694_1.sdc 1746 
VOA/VOA4/laot/2008_laot1230a0207_129536_132352_6.sdc 1416 
VOA/VOA4/laot/2008_laot1230a0207_133990_139750_7.sdc 2886 
VOA/VOA4/laot/2008_laot1230a0207_143206_147584_8.sdc 2212 
VOA/VOA4/laot/2008_laot1230a0214_115072_144845_0.sdc 15216 
VOA/VOA4/laot/2008_laot1230a0228_118349_120858_1.sdc 1191 
VOA/VOA4/laot/2008_laot1230a0303_125107_127411_3.sdc 1144 
VOA/VOA4/laot/2008_laot1230a0410_87219_89446_1.sdc 1107 
VOA/VOA4/laot/2008_laot1230a0503_88653_91110_0.sdc 1187 
VOA/VOA4/laot/2008_laot1230a0507_116326_120141_0.sdc 1962 
VOA/VOA4/laot/2008_laot1230a0510_97638_100122_0.sdc 1248 
VOA/VOA4/laot/2008_laot1230a0514_118323_121114_0.sdc 1407 
VOA/VOA4/laot/2008_laot1230a0515_115379_119014_2.sdc 1874 
VOA/VOA4/laot/2008_laot1230a0515_134989_137574_4.sdc 1223 
VOA/VOA4/laot/2008_laot1230a0515_138522_141850_5.sdc 1664 
VOA/VOA4/laot/2008_laot1230a0515_93594_95821_1.sdc 1098 
VOA/VOA4/laot/2008_laot1230a0520_118477_120627_1.sdc 1079 
VOA/VOA4/laot/2008_laot1230a0522_113638_123213_2.sdc 4941 
VOA/VOA4/laot/2008_laot1230a0522_129229_138419_3.sdc 4753 
VOA/VOA4/laot/2008_laot1230a0522_143155_160077_4.sdc 8745 
VOA/VOA4/laot/2008_laot1230a0522_269133_271283_6.sdc 1071 
VOA/VOA4/laot/2008_laot1230a0522_89165_91315_1.sdc 1082 
VOA/VOA4/laot/2008_laot1230a0523_100019_102400_0.sdc 1175 
VOA/VOA4/laot/2008_laot1230a0526_120730_124390_2.sdc 1866 
VOA/VOA4/laot/2008_laot1230a0527_110694_115814_2.sdc 2632 
VOA/VOA4/laot/2008_laot1230a0529_79488_82150_0.sdc 1313 
VOA/VOA4/laot/2008_laot1230a0609_113357_117734_0.sdc 2231 
VOA/VOA4/laot/2008_laot1230a0612_100480_104781_4.sdc 2144 
VOA/VOA4/laot/2008_laot1230a0612_105984_110080_5.sdc 2050 
VOA/VOA4/laot/2008_laot1230a0612_110848_113946_6.sdc 1544 
VOA/VOA4/laot/2008_laot1230a0612_116173_123494_7.sdc 3734 
VOA/VOA4/laot/2008_laot1230a0612_123981_127744_8.sdc 1887 
VOA/VOA4/laot/2008_laot1230a0612_131021_133248_10.sdc 1122 
VOA/VOA4/laot/2008_laot1230a0612_133888_155187_11.sdc 10960 
VOA/VOA4/laot/2008_laot1230a0612_155622_159155_12.sdc 1806 
VOA/VOA4/laot/2008_laot1230a0612_77491_82970_1.sdc 2742 
VOA/VOA4/laot/2008_laot1230a0612_86374_99942_3.sdc 6958 
VOA/VOA4/laot/2008_laot1230a0617_100352_124006_2.sdc 12129 
VOA/VOA4/laot/2008_laot1230a0618_108698_110438_3.sdc 874 
VOA/VOA4/laot/2008_laot1230a0618_112998_114816_5.sdc 897 
VOA/VOA4/laot/2008_laot1230a0619_104858_109645_1.sdc 2421 
VOA/VOA4/laot/2008_laot1230a0619_112947_119680_2.sdc 3422 
VOA/VOA4/laot/2008_laot1230a0619_120013_122547_3.sdc 1278 
VOA/VOA4/laot/2008_laot1230a0619_125414_129562_4.sdc 2105 
VOA/VOA4/laot/2008_laot1230a0619_131917_133888_6.sdc 979 
VOA/VOA4/laot/2008_laot1230a0619_142618_144819_11.sdc 1110 
VOA/VOA4/laot/2008_laot1230a0619_149146_153216_13.sdc 2090 
VOA/VOA4/laot/2008_laot1230a0703_133478_136883_0.sdc 1684 
VOA/VOA4/laot/2008_laot1230a0717_103962_108723_1.sdc 2436 
VOA/VOA4/laot/2008_laot1230a0717_113382_117914_2.sdc 2289 
VOA/VOA4/laot/2008_laot1230a0717_120115_123085_3.sdc 1498 
VOA/VOA4/laot/2008_laot1230a0717_123750_126208_4.sdc 1257 
VOA/VOA4/laot/2008_laot1230a0717_128282_131328_6.sdc 1558 
VOA/VOA4/laot/2008_laot1230a0717_132480_134579_7.sdc 1045 
VOA/VOA4/laot/2008_laot1230a0717_135859_138701_8.sdc 1450 
VOA/VOA4/laot/2008_laot1230a0717_144896_146816_9.sdc 947 
VOA/VOA4/laot/2008_laot1230a0717_147866_151501_10.sdc 1832 
VOA/VOA4/laot/2008_laot1230a0717_151962_153779_11.sdc 914 
VOA/VOA4/laot/2008_laot1230a0813_116736_118528_1.sdc 913 
VOA/VOA4/laot/2008_laot1230a0816_99712_102093_0.sdc 1207 
VOA/VOA4/laot/2008_laot1230a0820_128282_130816_0.sdc 1297 
VOA/VOA4/laot/2008_laot1230a1014_122906_126259_0.sdc 1642 
VOA/VOA4/laot/2008_laot1230a1024_117683_121984_0.sdc 2160 
VOA/VOA4/laot/2008_laot1230a1119_129306_132403_0.sdc 1525 
VOA/VOA4/laot/2008_laot1230a1203_112589_116531_1.sdc 2018 
VOA/VOA4/laot/2008_laot1230a1211_109978_111693_0.sdc 866 
VOA/VOA4/laot/2008_laot1230a1211_117504_119398_3.sdc 928 
VOA/VOA4/laot/2008_laot1230a1211_133888_137062_7.sdc 1619 
VOA/VOA4/laot/2008_laot1230a1211_137472_144870_8.sdc 3766 
VOA/VOA4/laot/2008_laot1230a1211_146816_153165_9.sdc 3211 
VOA/VOA4/laot/2008_laot1230a1211_153702_160947_10.sdc 3716 
VOA/VOA4/laot/2008_laot1230a1220_91597_94515_0.sdc 1490 
VOA/VOA4/laot/2008_laot1230a1224_125082_127898_1.sdc 1437 
VOA/VOA4/laot/2009_laot1230a0106_112026_115686_0.sdc 1853 
VOA/VOA4/laot/2009_laot1230a0115_109363_112922_1.sdc 1825 
VOA/VOA4/laot/2009_laot1230a0115_114150_117760_2.sdc 1787 
VOA/VOA4/laot/2009_laot1230a0115_118758_122291_3.sdc 1815 
VOA/VOA4/laot/2009_laot1230a0115_130560_133555_7.sdc 1485 
VOA/VOA4/laot/2009_laot1230a0115_138957_140928_10.sdc 974 
VOA/VOA4/laot/2009_laot1230a0115_141594_145306_11.sdc 1892 
VOA/VOA4/laot/2009_laot1230a0115_145894_150426_12.sdc 2271 
VOA/VOA4/laot/2009_laot1230a0126_130918_133325_0.sdc 1179 
VOA/VOA4/laot/2009_laot1230a0128_108109_109901_1.sdc 890 
VOA/VOA4/laot/2009_laot1230a0130_101990_103757_3.sdc 876 
VOA/VOA4/laot/2009_laot1230a0131_93056_95462_0.sdc 1186 
VOA/VOA4/laot/2009_laot1230a0204_113050_117197_1.sdc 2100 
VOA/VOA4/laot/2009_laot1230a0219_88064_90880_1.sdc 1443 
VOA/VOA4/laot/2009_laot1230a0223_111590_114406_1.sdc 1386 
VOA/VOA4/laot/2009_laot1230a0228_66202_69709_0.sdc 1791 
VOA/VOA4/laot/2009_laot1230a0305_119398_121805_1.sdc 1206 
VOA/VOA4/laot/2009_laot1230a0305_138266_140518_4.sdc 1108 
VOA/VOA4/laot/2009_laot1230a0319_112691_115610_2.sdc 1480 
VOA/VOA4/laot/2009_laot1230a0319_124134_127104_5.sdc 1490 
VOA/VOA4/laot/2009_laot1230a0324_119142_122010_0.sdc 1451 
VOA/VOA4/laot/2009_laot1230a0406_123853_127411_0.sdc 1809 
VOA/VOA4/laot/2009_laot1230a0430_135475_137626_0.sdc 1084 
VOA/VOA4/laot/2009_laot1230a0430_138394_140032_1.sdc 833 
VOA/VOA4/laot/2009_laot1230a0430_140672_147763_2.sdc 3571 
VOA/VOA4/laot/2009_laot1230a0430_148813_152064_3.sdc 1663 
VOA/VOA4/laot/2009_laot1230a0430_153984_155597_4.sdc 816 
VOA/VOA4/laot/2009_laot1230a0430_159309_161357_6.sdc 1035 
VOA/VOA4/laot/2009_laot1230a0506_119834_123494_0.sdc 1865 
VOA/VOA4/laot/2009_laot1230a0507_108416_114278_1.sdc 2948 
VOA/VOA4/laot/2009_laot1230a0507_118938_125235_3.sdc 3204 
VOA/VOA4/laot/2009_laot1230a0507_126515_132531_4.sdc 3067 
VOA/VOA4/laot/2009_laot1230a0507_133888_137318_5.sdc 1724 
VOA/VOA4/laot/2009_laot1230a0604_137600_147610_1.sdc 5034 
VOA/VOA4/laot/2009_laot1230a0610_93926_95667_0.sdc 860 
VOA/VOA4/laot/2009_laot1230a0623_120755_122778_0.sdc 1028 
VOA/VOA4/laot/2009_laot1230a0702_87219_92774_1.sdc 2815 
VOA/VOA4/laot/2009_laot1230a0702_96640_98893_2.sdc 1152 
VOA/VOA4/laot/2009_laot1230a0714_107034_109338_1.sdc 1176 
VOA/VOA4/laot/2009_laot1230a0724_112256_115584_0.sdc 1681 
VOA/VOA4/laot/2009_laot1230a0730_113408_116454_1.sdc 1553 
VOA/VOA4/laot/2009_laot1230a0730_121882_123699_3.sdc 902 
VOA/VOA4/laot/2009_laot1230a0730_128256_130022_5.sdc 880 
VOA/VOA4/laot/2009_laot1230a0730_133658_135654_8.sdc 1009 
VOA/VOA4/laot/2009_laot1230a0730_142285_143872_11.sdc 808 
VOA/VOA4/laot/2009_laot1230a0730_146074_148250_13.sdc 1088 
VOA/VOA4/laot/2009_laot1230a0813_113536_116122_0.sdc 1311 
VOA/VOA4/laot/2009_laot1230a0813_120448_122445_1.sdc 1011 
VOA/VOA4/laot/2009_laot1230a0813_137472_139315_4.sdc 925 
VOA/VOA4/laot/2009_laot1230a0917_100122_101786_4.sdc 837 
VOA/VOA4/laot/2009_laot1230a0917_102298_109338_5.sdc 3582 
VOA/VOA4/laot/2009_laot1230a0917_110106_111770_6.sdc 825 
VOA/VOA4/laot/2009_laot1230a0917_90112_94797_2.sdc 2402 
VOA/VOA4/laot/2009_laot1230a0917_96794_99635_3.sdc 1460 
VOA/VOA4/laot/2009_laot1230a1001_86605_90291_0.sdc 1878 
VOA/VOA4/laot/2009_laot1230a1002_106010_110182_0.sdc 2118 
VOA/VOA4/laot/2009_laot1230a1007_114816_117990_2.sdc 1608 
VOA/VOA4/laot/2009_laot1230a1008_111334_118067_1.sdc 3378 
VOA/VOA4/laot/2009_laot1230a1008_130970_133376_2.sdc 1230 
VOA/VOA4/laot/2009_laot1230a1008_141082_142848_3.sdc 896 
VOA/VOA4/laot/2009_laot1230a1012_107059_109594_2.sdc 1225 
VOA/VOA4/laot/2009_laot1230a1014_122061_126054_0.sdc 2017 
VOA/VOA4/laot/2009_laot1230a1020_126259_129766_1.sdc 1745 
VOA/VOA4/laot/2009_laot1230a1030_112179_115072_1.sdc 1464 
VOA/VOA4/laot/2009_laot1230a1103_116147_119040_1.sdc 1454 
VOA/VOA4/laot/2009_laot1230a1104_120960_124160_1.sdc 1617 
VOA/VOA4/laot/2009_laot1230a1106_111155_114330_0.sdc 1607 
VOA/VOA4/laot/2009_laot1230a1107_86374_89600_0.sdc 1600 
VOA/VOA4/laot/2009_laot1230a1111_123315_125798_0.sdc 1222 
VOA/VOA4/laot/2009_laot1230a1114_89190_91648_0.sdc 1221 
VOA/VOA4/laot/2009_laot1230a1120_106547_110208_0.sdc 1842 
VOA/VOA4/laot/2009_laot1230a1125_106035_108774_1.sdc 1368 
VOA/VOA4/laot/2009_laot1230a1212_83968_86349_0.sdc 1178 
VOA/VOA4/laot/2009_laot1230a1224_108083_112486_2.sdc 2262 
VOA/VOA4/laot/2009_laot1230a1224_112998_114739_3.sdc 876 
VOA/VOA4/laot/2009_laot1230a1224_87450_89830_1.sdc 1199 
VOA/VOA4/laot/2010_laot1230a0107_93210_96282_0.sdc 1515 
VOA/VOA4/laot/2010_laot1230a0109_86374_89600_0.sdc 1618 
VOA/VOA4/laot/2010_laot1230a0119_115635_119194_0.sdc 1795 
VOA/VOA4/laot/2010_laot1230a0123_85478_89728_0.sdc 2154 
VOA/VOA4/laot/2010_laot1230a0209_106701_110515_1.sdc 1911 
VOA/VOA4/laot/2010_laot1230a0220_75802_78336_0.sdc 1264 
VOA/VOA4/laot/2010_laot1230a0310_119526_122675_0.sdc 1584 
VOA/VOA4/laot/2010_laot1230a0317_122317_125107_2.sdc 1409 
VOA/VOA4/laot/2010_laot1230a0320_87808_90598_0.sdc 1396 
VOA/VOA4/laot/2010_laot1230a0325_102835_105344_2.sdc 1254 
VOA/VOA4/laot/2010_laot1230a0325_105907_110413_3.sdc 2253 
VOA/VOA4/laot/2010_laot1230a0325_111642_113818_4.sdc 1113 
VOA/VOA4/laot/2010_laot1230a0325_119398_121498_7.sdc 1050 
VOA/VOA4/laot/2010_laot1230a0325_121933_126362_8.sdc 2247 
VOA/VOA4/laot/2010_laot1230a0325_131866_135117_10.sdc 1648 
VOA/VOA4/laot/2010_laot1230a0325_135910_138931_11.sdc 1544 
VOA/VOA4/laot/2010_laot1230a0325_142054_143795_12.sdc 891 
VOA/VOA4/laot/2010_laot1230a0325_144922_147789_13.sdc 1432 
VOA/VOA4/laot/2010_laot1230a0325_149120_150861_14.sdc 843 
VOA/VOA4/laot/2010_laot1230a0325_151168_154957_15.sdc 1933 
VOA/VOA4/laot/2010_laot1230a0325_90906_92877_1.sdc 994 
VOA/VOA4/laot/2010_laot1230a0401_102477_104781_1.sdc 1169 
VOA/VOA4/laot/2010_laot1230a0401_105574_110080_2.sdc 2229 
VOA/VOA4/laot/2010_laot1230a0401_111411_113485_3.sdc 1061 
VOA/VOA4/laot/2010_laot1230a0401_116250_118144_5.sdc 944 
VOA/VOA4/laot/2010_laot1230a0401_121574_124109_7.sdc 1289 
VOA/VOA4/laot/2010_laot1230a0401_131584_134758_10.sdc 1624 
VOA/VOA4/laot/2010_laot1230a0401_135552_139443_11.sdc 1980 
VOA/VOA4/laot/2010_laot1230a0401_148864_152371_14.sdc 1786 
VOA/VOA4/laot/2010_laot1230a0401_152550_154598_15.sdc 1034 
VOA/VOA4/laot/2010_laot1230a0408_105344_108877_0.sdc 1763 
VOA/VOA4/laot/2010_laot1230a0408_109517_119578_1.sdc 5128 
VOA/VOA4/laot/2010_laot1230a0408_120550_124083_2.sdc 1774 
VOA/VOA4/laot/2010_laot1230a0408_125005_130278_3.sdc 2709 
VOA/VOA4/laot/2010_laot1230a0408_131763_133402_4.sdc 822 
VOA/VOA4/laot/2010_laot1230a0408_133862_136269_5.sdc 1222 
VOA/VOA4/laot/2010_laot1230a0408_138061_142797_6.sdc 2420 
VOA/VOA4/laot/2010_laot1230a0408_144614_150477_7.sdc 2953 
VOA/VOA4/laot/2010_laot1230a0408_151578_160000_8.sdc 4276 
VOA/VOA4/laot/LAOTIAN1230a0413_119245_122189_0.sdc 1497 
VOA/VOA4/laot/LAOTIAN1230a0428_111667_114765_0.sdc 1580 
VOA/VOA4/laot/LAOTIAN1230a0429_123213_133658_0.sdc 4840 
VOA/VOA4/laot/LAOTIAN1230a0506_108390_115021_3.sdc 3420 
VOA/VOA4/laot/LAOTIAN1230a0506_115686_118733_4.sdc 1525 
VOA/VOA4/laot/LAOTIAN1230a0506_123008_127309_7.sdc 2161 
VOA/VOA4/laot/LAOTIAN1230a0506_127770_130560_8.sdc 1427 
VOA/VOA4/laot/LAOTIAN1230a0506_132275_137318_9.sdc 2580 
VOA/VOA4/laot/LAOTIAN1230a0506_137882_143078_10.sdc 2635 
VOA/VOA4/laot/LAOTIAN1230a0506_144205_150989_11.sdc 3497 
VOA/VOA4/laot/LAOTIAN1230a0507_117734_121114_0.sdc 1631 
VOA/VOA4/laot/LAOTIAN1230a0514_112358_114560_0.sdc 1097 
VOA/VOA4/laot/LAOTIAN1230a0517_111616_113818_0.sdc 1111 
VOA/VOA4/laot/LAOTIAN1230a0525_113075_116813_0.sdc 1913 
VOA/VOA4/laot/LAOTIAN1230a0527_103270_105216_0.sdc 987 
VOA/VOA4/laot/LAOTIAN1230a0527_105984_108211_1.sdc 1139 
VOA/VOA4/laot/LAOTIAN1230a0527_108749_112384_2.sdc 1834 
VOA/VOA4/laot/LAOTIAN1230a0527_113766_115866_3.sdc 1066 
VOA/VOA4/laot/LAOTIAN1230a0527_116506_118426_4.sdc 962 
VOA/VOA4/laot/LAOTIAN1230a0527_119066_121242_5.sdc 1095 
VOA/VOA4/laot/LAOTIAN1230a0527_130509_133043_8.sdc 1268 
VOA/VOA4/laot/LAOTIAN1230a0527_138547_140339_10.sdc 919 
VOA/VOA4/laot/LAOTIAN1230a0527_144870_148173_11.sdc 1691 
VOA/VOA4/laot/LAOTIAN1230a0527_154470_156288_13.sdc 915 
VOA/VOA4/laot/LAOTIAN1230a0528_114995_118170_1.sdc 1619 
VOA/VOA4/laot/LAOTIAN1230a0601_135245_137165_2.sdc 946 
VOA/VOA4/laot/LAOTIAN1230a0602_124109_125824_1.sdc 853 
VOA/VOA4/laot/LAOTIAN1230a0603_107622_111590_1.sdc 1986 
VOA/VOA4/laot/LAOTIAN1230a0603_117325_118938_2.sdc 821 
VOA/VOA4/laot/LAOTIAN1230a0603_133914_135757_4.sdc 920 
VOA/VOA4/laot/LAOTIAN1230a0610_116019_119245_0.sdc 1662 
VOA/VOA4/laot/LAOTIAN1230a0702_99354_101376_0.sdc 1004 
VOA/VOA4/laot/LAOTIAN1230a0707_122598_125158_1.sdc 1288 
VOA/VOA4/laot/LAOTIAN1230a0721_122496_125670_0.sdc 1616 
VOA/VOA4/laot/LAOTIAN1230a0727_121216_124774_0.sdc 1783 
VOA/VOA4/laot/LAOTIAN1230a0728_84608_86477_0.sdc 941 
VOA/VOA4/laot/LAOTIAN1230a0806_111488_113434_0.sdc 988 
VOA/VOA4/laot/LAOTIAN1230a0810_112051_115635_3.sdc 1764 
VOA/VOA4/laot/LAOTIAN1230a0816_121549_124646_0.sdc 1540 
VOA/VOA4/laot/LAOTIAN1230a0819_108672_111104_2.sdc 1235 
VOA/VOA4/laot/LAOTIAN1230a0819_141568_143846_6.sdc 1145 
VOA/VOA4/laot/LAOTIAN1230a0820_122803_125901_0.sdc 1525 
VOA/VOA4/laot/LAOTIAN1230a0831_124390_128051_2.sdc 1883 
VOA/VOA4/laot/LAOTIAN1230a0929_117504_119475_0.sdc 1007 
VOA/VOA4/laot/LAOTIAN1230a1007_102656_108390_5.sdc 2891 
VOA/VOA4/laot/LAOTIAN1230a1007_110003_116326_6.sdc 3239 
VOA/VOA4/laot/LAOTIAN1230a1007_119782_123802_8.sdc 2051 
VOA/VOA4/laot/LAOTIAN1230a1007_125082_132173_9.sdc 3578 
VOA/VOA4/laot/LAOTIAN1230a1007_133581_136883_10.sdc 1656 
VOA/VOA4/laot/LAOTIAN1230a1007_85274_92774_2.sdc 3807 
VOA/VOA4/laot/LAOTIAN1230a1007_93363_95795_3.sdc 1227 
VOA/VOA4/laot/LAOTIAN1230a1007_96410_101965_4.sdc 2847 
VOA/VOA4/laot/LAOTIAN1230a1014_71219_74061_0.sdc 1445 
VOA/VOA4/laot/LAOTIAN1230a1024_141798_143872_0.sdc 1038 
VOA/VOA4/laot/LAOTIAN1230a1030_90803_92749_0.sdc 967 
VOA/VOA4/laot/LAOTIAN1230a1104_104832_107802_3.sdc 1503 
VOA/VOA4/laot/LAOTIAN1230a1104_108851_117453_4.sdc 4402 
VOA/VOA4/laot/LAOTIAN1230a1104_119987_124211_5.sdc 2169 
VOA/VOA4/laot/LAOTIAN1230a1104_125158_127386_6.sdc 1125 
VOA/VOA4/laot/LAOTIAN1230a1104_128333_133786_7.sdc 2763 
VOA/VOA4/laot/LAOTIAN1230a1104_134758_138906_8.sdc 2103 
VOA/VOA4/laot/LAOTIAN1230a1104_139392_142848_9.sdc 1779 
VOA/VOA4/laot/LAOTIAN1230a1104_143949_148531_10.sdc 2282 
VOA/VOA4/laot/LAOTIAN1230a1104_149453_153370_11.sdc 2010 
VOA/VOA4/laot/LAOTIAN1230a1104_92826_98125_1.sdc 2711 
VOA/VOA4/laot/LAOTIAN1230a1104_99507_103424_2.sdc 1982 
VOA/VOA4/laot/LAOTIAN1230a1105_101453_103398_0.sdc 979 
VOA/VOA4/laot/LAOTIAN1230a1201_109414_112717_0.sdc 1666 
VOA/VOA4/laot/LAOTIAN1230a1202_137318_139469_4.sdc 1087 
VOA/VOA4/laot/LAOTIAN1230a1202_93542_99789_1.sdc 3217 
VOA/VOA4/laot/LAOTIAN1230a1221_111718_114534_2.sdc 1436 
LRE11_FULL_DEV_data/p01/laot/laot_20110301_233143_1239_a.sdc 8673 
LRE11_FULL_DEV_data/p01/laot/laot_20110301_233143_1239_b.sdc 17785 
LRE11_FULL_DEV_data/p01/laot/laot_20110304_013322_1286_a.sdc 8676 
LRE11_FULL_DEV_data/p01/laot/laot_20110304_013322_1286_b.sdc 10470 
LRE11_FULL_DEV_data/p01/laot/laot_20110304_205911_1303_a.sdc 9211 
LRE11_FULL_DEV_data/p01/laot/laot_20110304_205911_1303_b.sdc 11584 
LRE11_FULL_DEV_data/p01/laot/laot_20110305_005557_1309_a.sdc 6172 
LRE11_FULL_DEV_data/p01/laot/laot_20110305_005557_1309_b.sdc 16407 
LRE11_FULL_DEV_data/p01/laot/laot_20110305_011354_1310_a.sdc 9434 
LRE11_FULL_DEV_data/p01/laot/laot_20110305_011354_1310_b.sdc 17782 
LRE11_FULL_DEV_data/p01/laot/laot_20110305_012943_1311_a.sdc 10497 
LRE11_FULL_DEV_data/p01/laot/laot_20110305_012943_1311_b.sdc 17716 
LRE11_FULL_DEV_data/p01/laot/laot_20110305_015330_1312_a.sdc 8635 
LRE11_FULL_DEV_data/p01/laot/laot_20110305_015330_1312_b.sdc 18700 
LRE11_FULL_DEV_data/p01/laot/laot_20110305_022021_1313_a.sdc 11865 
LRE11_FULL_DEV_data/p01/laot/laot_20110305_022021_1313_b.sdc 14620 
LRE11_FULL_DEV_data/p01/laot/laot_20110305_030727_1314_a.sdc 6936 
LRE11_FULL_DEV_data/p01/laot/laot_20110305_030727_1314_b.sdc 12910 
LRE11_FULL_DEV_data/p01/laot/laot_20110305_032307_1315_a.sdc 10102 
LRE11_FULL_DEV_data/p01/laot/laot_20110305_032307_1315_b.sdc 18887 
LRE11_FULL_DEV_data/p01/laot/laot_20110306_182804_1358_a.sdc 14393 
LRE11_FULL_DEV_data/p01/laot/laot_20110306_182804_1358_b.sdc 19530 
LRE11_FULL_DEV_data/p01/laot/laot_20110307_214629_1384_a.sdc 6803 
LRE11_FULL_DEV_data/p01/laot/laot_20110307_214629_1384_b.sdc 6245 
LRE11_FULL_DEV_data/p01/laot/laot_20110308_211836_1396_a.sdc 11000 
LRE11_FULL_DEV_data/p01/laot/laot_20110308_211836_1396_b.sdc 11202 
LRE11_FULL_DEV_data/p01/laot/laot_20110308_213334_1397_a.sdc 10174 
LRE11_FULL_DEV_data/p01/laot/laot_20110308_213334_1397_b.sdc 8049 
LRE11_FULL_DEV_data/p01/laot/laot_20110308_220109_1398_a.sdc 12036 
LRE11_FULL_DEV_data/p01/laot/laot_20110308_220109_1398_b.sdc 18781 
LRE11_FULL_DEV_data/p01/laot/laot_20110308_221750_1399_a.sdc 6885 
LRE11_FULL_DEV_data/p01/laot/laot_20110308_221750_1399_b.sdc 13416 
LRE11_FULL_DEV_data/p01/laot/laot_20110308_224308_1400_a.sdc 9259 
LRE11_FULL_DEV_data/p01/laot/laot_20110308_224308_1400_b.sdc 11689 
LRE11_FULL_DEV_data/p01/laot/laot_20110308_225911_1401_a.sdc 9769 
LRE11_FULL_DEV_data/p01/laot/laot_20110308_225911_1401_b.sdc 6504 
LRE11_FULL_DEV_data/p01/laot/laot_20110308_233908_1403_a.sdc 8889 
LRE11_FULL_DEV_data/p01/laot/laot_20110308_233908_1403_b.sdc 9857 
LRE11_FULL_DEV_data/p01/laot/laot_20110314_003516_1479_a.sdc 8863 
LRE11_FULL_DEV_data/p01/laot/laot_20110314_003516_1479_b.sdc 12090 
LRE11_FULL_DEV_data/p01/laot/laot_20110314_010322_1480_a.sdc 10509 
LRE11_FULL_DEV_data/p01/laot/laot_20110314_010322_1480_b.sdc 10561 
LRE11_FULL_DEV_data/p01/laot/laot_20110314_102343_1484_a.sdc 7550 
LRE11_FULL_DEV_data/p01/laot/laot_20110314_102343_1484_b.sdc 22096 
LRE11_FULL_DEV_data/p01/laot/laot_20110314_112444_1485_a.sdc 9235 
LRE11_FULL_DEV_data/p01/laot/laot_20110314_112444_1485_b.sdc 11466 
LRE11_FULL_DEV_data/p01/laot/laot_20110314_114640_1486_a.sdc 8660 
LRE11_FULL_DEV_data/p01/laot/laot_20110314_114640_1486_b.sdc 10484 
sbs_radio/laotian/laotian_110210_142992_46387_48947_1.sdc 1306 
sbs_radio/laotian/laotian_110210_142992_53914_56013_4.sdc 1083 
sbs_radio/laotian/laotian_110210_142992_58061_60646_5.sdc 1298 
sbs_radio/laotian/laotian_110210_142992_63155_66381_6.sdc 1655 
sbs_radio/laotian/laotian_110210_142992_67328_69734_7.sdc 1238 
sbs_radio/laotian/laotian_110210_142992_71603_74189_8.sdc 1309 
sbs_radio/laotian/laotian_110210_142992_76083_80973_9.sdc 2520 
sbs_radio/laotian/laotian_110210_142997_11494_13440_1.sdc 965 
sbs_radio/laotian/laotian_110210_142997_18995_23834_3.sdc 2434 
sbs_radio/laotian/laotian_110210_142997_26240_31002_4.sdc 2424 
sbs_radio/laotian/laotian_110210_142997_31258_34278_5.sdc 1530 
sbs_radio/laotian/laotian_110210_142997_48768_50790_10.sdc 1025 
sbs_radio/laotian/laotian_110210_142997_52531_57702_11.sdc 2655 
sbs_radio/laotian/laotian_110210_143027_23834_27622_5.sdc 1911 
sbs_radio/laotian/laotian_110210_143027_29747_33126_6.sdc 1714 
sbs_radio/laotian/laotian_110210_143027_3046_5862_0.sdc 1439 
sbs_radio/laotian/laotian_110210_143027_40320_47027_8.sdc 3444 
sbs_radio/laotian/laotian_110210_143027_48128_49946_9.sdc 922 
sbs_radio/laotian/laotian_110210_143027_54554_57318_12.sdc 1417 
sbs_radio/laotian/laotian_110210_143027_60544_64768_13.sdc 2117 
sbs_radio/laotian/laotian_110210_143027_8141_9754_1.sdc 810 
sbs_radio/laotian/laotian_110210_143032_10240_12314_3.sdc 1055 
sbs_radio/laotian/laotian_110210_143032_13594_22426_4.sdc 4488 
sbs_radio/laotian/laotian_110210_143032_1434_4326_0.sdc 1476 
sbs_radio/laotian/laotian_110210_143032_23552_28954_5.sdc 2753 
sbs_radio/laotian/laotian_110210_143032_29952_32333_6.sdc 1180 
sbs_radio/laotian/laotian_110210_143032_34790_47258_7.sdc 6331 
sbs_radio/laotian/laotian_110210_143032_48973_57498_8.sdc 4292 
sbs_radio/laotian/laotian_110210_143032_61747_71322_9.sdc 4846 
sbs_radio/laotian/laotian_110210_143032_7014_9626_2.sdc 1300 
sbs_radio/laotian/laotian_110210_143032_72755_75238_10.sdc 1258 
sbs_radio/laotian/laotian_110210_143037_15718_18381_1.sdc 1347 
sbs_radio/laotian/laotian_110210_143037_21376_23936_2.sdc 1266 
sbs_radio/laotian/laotian_110210_143037_24960_27469_3.sdc 1276 
sbs_radio/laotian/laotian_110210_143037_28672_32205_4.sdc 1781 
sbs_radio/laotian/laotian_110210_143037_3379_13184_0.sdc 5041 
sbs_radio/laotian/laotian_110210_143037_35226_37888_5.sdc 1333 
sbs_radio/laotian/laotian_110210_143037_39398_42010_6.sdc 1326 
sbs_radio/laotian/laotian_110210_143037_49587_53504_8.sdc 1991 
sbs_radio/laotian/laotian_110210_143037_56755_62182_9.sdc 2786 
sbs_radio/laotian/laotian_110210_143037_63539_66995_10.sdc 1764 
sbs_radio/laotian/laotian_110210_143037_68966_71066_11.sdc 1065 
sbs_radio/laotian/laotian_110210_143037_72806_74624_12.sdc 904 
sbs_radio/laotian/laotian_110210_143037_78054_80026_13.sdc 989 
sbs_radio/laotian/laotian_110210_143037_83456_88422_14.sdc 2510 
sbs_radio/laotian/laotian_110210_143037_90086_97050_15.sdc 3586 
sbs_radio/laotian/laotian_110210_143042_102323_104422_29.sdc 1060 
sbs_radio/laotian/laotian_110210_143042_17075_19226_4.sdc 1059 
sbs_radio/laotian/laotian_110210_143042_22835_24525_6.sdc 830 
sbs_radio/laotian/laotian_110210_143042_2995_5478_0.sdc 1260 
sbs_radio/laotian/laotian_110210_143042_32563_34688_8.sdc 1081 
sbs_radio/laotian/laotian_110210_143042_39757_41523_10.sdc 883 
sbs_radio/laotian/laotian_110210_143042_42138_44262_11.sdc 1079 
sbs_radio/laotian/laotian_110210_143042_67174_72038_18.sdc 2449 
sbs_radio/laotian/laotian_110210_143042_78515_80358_21.sdc 937 
sbs_radio/laotian/laotian_110210_143042_90880_92826_24.sdc 964 
sbs_radio/laotian/laotian_110216_144556_28749_30797_3.sdc 1041 
sbs_radio/laotian/laotian_110216_144556_3200_10829_0.sdc 3912 
sbs_radio/laotian/laotian_110216_144556_33869_39501_4.sdc 2871 
sbs_radio/laotian/laotian_110216_144556_40525_42854_5.sdc 1194 
sbs_radio/laotian/laotian_110216_144556_48154_50611_6.sdc 1235 
sbs_radio/laotian/laotian_110216_144556_53146_55142_7.sdc 990 
sbs_radio/laotian/laotian_110216_144556_59213_63795_8.sdc 2319 
sbs_radio/laotian/laotian_110216_144556_65229_67584_9.sdc 1195 
sbs_radio/laotian/laotian_110216_144556_82995_86118_12.sdc 1590 
sbs_radio/laotian/laotian_110216_144561_2227_7142_0.sdc 2527 
sbs_radio/laotian/laotian_110216_144561_31770_35430_6.sdc 1859 
sbs_radio/laotian/laotian_110216_144561_36019_37606_7.sdc 806 
sbs_radio/laotian/laotian_110216_144561_64205_66970_16.sdc 1410 
sbs_radio/laotian/laotian_110216_144561_70170_72346_18.sdc 1100 
sbs_radio/laotian/laotian_110216_144561_86784_88986_23.sdc 1102 
sbs_radio/laotian/laotian_110216_144576_12365_15130_2.sdc 1418 
sbs_radio/laotian/laotian_110216_144576_17766_20275_4.sdc 1243 
sbs_radio/laotian/laotian_110216_144576_22989_28442_5.sdc 2776 
sbs_radio/laotian/laotian_110216_144576_32538_34867_7.sdc 1184 
sbs_radio/laotian/laotian_110216_144576_3610_10163_0.sdc 3298 
sbs_radio/laotian/laotian_110216_144576_42189_44160_11.sdc 1010 
sbs_radio/laotian/laotian_110216_144576_50842_53786_14.sdc 1479 
sbs_radio/laotian/laotian_110216_144576_55834_58394_16.sdc 1288 
sbs_radio/laotian/laotian_110216_144576_61978_63923_17.sdc 982 
sbs_radio/laotian/laotian_110216_144576_67251_70170_19.sdc 1487 
sbs_radio/laotian/laotian_110216_144581_16640_22758_1.sdc 3089 
sbs_radio/laotian/laotian_110216_144581_28339_32870_2.sdc 2279 
sbs_radio/laotian/laotian_110216_144581_35558_38093_3.sdc 1284 
sbs_radio/laotian/laotian_110216_144581_39450_45210_4.sdc 2892 
sbs_radio/laotian/laotian_110216_144581_4506_13645_0.sdc 4673 
sbs_radio/laotian/laotian_110216_144581_46387_54298_5.sdc 4092 
sbs_radio/laotian/laotian_110216_144581_56499_59622_6.sdc 1570 
sbs_radio/laotian/laotian_110216_144581_62106_70246_7.sdc 4152 
sbs_radio/laotian/laotian_110216_144581_72218_84966_8.sdc 6564 
sbs_radio/laotian/laotian_110216_144581_86042_88858_9.sdc 1427 
sbs_radio/laotian/laotian_110216_144581_89446_93235_10.sdc 1958 
sbs_radio/laotian/laotian_110216_144581_96077_100582_11.sdc 2270 
sbs_radio/laotian/laotian_110218_145047_13824_15462_2.sdc 827 
sbs_radio/laotian/laotian_110218_145047_16230_18739_3.sdc 1270 
sbs_radio/laotian/laotian_110218_145047_23450_25472_5.sdc 1030 
sbs_radio/laotian/laotian_110218_145047_28646_31181_6.sdc 1274 
sbs_radio/laotian/laotian_110218_145047_34842_36813_8.sdc 996 
sbs_radio/laotian/laotian_110218_145047_3942_8627_0.sdc 2354 
sbs_radio/laotian/laotian_110218_145047_41779_45107_9.sdc 1669 
sbs_radio/laotian/laotian_110218_145047_46362_50381_10.sdc 2037 
sbs_radio/laotian/laotian_110218_145047_54554_58368_12.sdc 1921 
sbs_radio/laotian/laotian_110218_145047_62694_73267_13.sdc 5451 
sbs_radio/laotian/laotian_110218_145047_73984_76390_14.sdc 1227 
sbs_radio/laotian/laotian_110218_145047_77594_80384_15.sdc 1384 
sbs_radio/laotian/laotian_110218_145052_103706_106163_11.sdc 1226 
sbs_radio/laotian/laotian_110218_145052_110566_113766_12.sdc 1585 
sbs_radio/laotian/laotian_110218_145052_12058_16410_1.sdc 2199 
sbs_radio/laotian/laotian_110218_145052_17075_20429_2.sdc 1723 
sbs_radio/laotian/laotian_110218_145052_22963_26829_3.sdc 1961 
sbs_radio/laotian/laotian_110218_145052_30106_36224_4.sdc 3159 
sbs_radio/laotian/laotian_110218_145052_40909_44595_5.sdc 1857 
sbs_radio/laotian/laotian_110218_145052_4198_9472_0.sdc 2690 
sbs_radio/laotian/laotian_110218_145052_45747_53478_6.sdc 3928 
sbs_radio/laotian/laotian_110218_145052_61005_63872_7.sdc 1414 
sbs_radio/laotian/laotian_110218_145052_68378_73907_8.sdc 2809 
sbs_radio/laotian/laotian_110218_145052_78643_91059_9.sdc 6418 
sbs_radio/laotian/laotian_110218_145052_96998_99814_10.sdc 1436 
sbs_radio/laotian/laotian_110223_146237_13440_15846_1.sdc 1219 
sbs_radio/laotian/laotian_110223_146237_20736_22810_2.sdc 1054 
sbs_radio/laotian/laotian_110223_146237_2381_8883_0.sdc 3302 
sbs_radio/laotian/laotian_110223_146237_29773_31590_5.sdc 907 
sbs_radio/laotian/laotian_110223_146237_38938_43443_8.sdc 2250 
sbs_radio/laotian/laotian_110223_146237_47078_48666_9.sdc 801 
sbs_radio/laotian/laotian_110223_146237_57395_59366_13.sdc 988 
sbs_radio/laotian/laotian_110223_146237_64717_66560_15.sdc 921 
sbs_radio/laotian/laotian_110223_146237_71706_73395_18.sdc 861 
sbs_radio/laotian/laotian_110223_146237_85427_87373_22.sdc 955 
sbs_radio/laotian/laotian_110223_146237_91085_93158_23.sdc 1037 
sbs_radio/laotian/laotian_110223_146252_2048_17638_0.sdc 7872 
sbs_radio/laotian/laotian_110223_146252_23373_27878_2.sdc 2306 
sbs_radio/laotian/laotian_110223_146252_33126_37299_4.sdc 2107 
sbs_radio/laotian/laotian_110223_146252_38579_51098_5.sdc 6454 
sbs_radio/laotian/laotian_110225_146787_16486_18304_4.sdc 889 
sbs_radio/laotian/laotian_110225_146787_39552_41779_11.sdc 1109 
sbs_radio/laotian/laotian_110225_146787_6042_8064_0.sdc 1002 
sbs_radio/laotian/laotian_110303_148236_13338_15078_3.sdc 880 
sbs_radio/laotian/laotian_110303_148236_16589_19021_4.sdc 1211 
sbs_radio/laotian/laotian_110303_148236_2970_6989_0.sdc 2067 
sbs_radio/laotian/laotian_110303_148236_45466_47718_11.sdc 1146 
sbs_radio/laotian/laotian_110303_148236_61850_64026_17.sdc 1095 
sbs_radio/laotian/laotian_110303_148241_16998_18842_1.sdc 931 
sbs_radio/laotian/laotian_110303_148241_21939_26957_2.sdc 2581 
sbs_radio/laotian/laotian_110303_148241_31770_37632_3.sdc 2938 
sbs_radio/laotian/laotian_110303_148241_44186_46899_4.sdc 1360 
sbs_radio/laotian/laotian_110303_148241_53530_55834_5.sdc 1176 
sbs_radio/laotian/laotian_110303_148241_57037_61005_6.sdc 2031 
sbs_radio/laotian/laotian_110303_148241_63334_72013_7.sdc 4443 
sbs_radio/laotian/laotian_110303_148241_73574_75264_8.sdc 861 
sbs_radio/laotian/laotian_110303_148241_7578_14464_0.sdc 3519 
sbs_radio/laotian/laotian_110314_150842_17024_19558_1.sdc 1259 
sbs_radio/laotian/laotian_110314_150842_20480_26394_2.sdc 3001 
sbs_radio/laotian/laotian_110314_150842_2253_9702_0.sdc 3818 
sbs_radio/laotian/laotian_110314_150842_27648_33664_3.sdc 3082 
sbs_radio/laotian/laotian_110314_150842_37402_42266_4.sdc 2508 
sbs_radio/laotian/laotian_110314_150842_47309_49306_6.sdc 1016 
sbs_radio/laotian/laotian_110314_150842_50227_53146_7.sdc 1458 
sbs_radio/laotian/laotian_110314_150842_54758_57421_8.sdc 1350 
sbs_radio/laotian/laotian_110314_150842_60160_64051_9.sdc 1968 
sbs_radio/laotian/laotian_110314_150842_64947_68762_10.sdc 1961 
sbs_radio/laotian/laotian_110314_150842_71347_73037_11.sdc 867 
sbs_radio/laotian/laotian_110314_150852_19123_23808_3.sdc 2365 
sbs_radio/laotian/laotian_110314_150852_24397_26368_4.sdc 990 
sbs_radio/laotian/laotian_110314_150852_27750_31002_5.sdc 1638 
sbs_radio/laotian/laotian_110314_150852_2842_8218_0.sdc 2759 
sbs_radio/laotian/laotian_110314_150852_39731_47923_8.sdc 4197 
sbs_radio/laotian/laotian_110314_150852_53965_56474_10.sdc 1283 
sbs_radio/laotian/laotian_110314_150852_59802_61952_11.sdc 1095 
sbs_radio/laotian/laotian_110314_150852_64486_68352_12.sdc 1978 
sbs_radio/laotian/laotian_110314_150852_9011_12083_1.sdc 1573 
sbs_radio/laotian/laotian_110314_150862_11597_15770_1.sdc 2148 
sbs_radio/laotian/laotian_110314_150862_16922_23194_2.sdc 3232 
sbs_radio/laotian/laotian_110314_150862_24141_34048_3.sdc 5132 
sbs_radio/laotian/laotian_110314_150862_34970_40550_4.sdc 2813 
sbs_radio/laotian/laotian_110314_150862_4352_10752_0.sdc 3208 
sbs_radio/laotian/laotian_110318_151772_22042_27776_1.sdc 2881 
sbs_radio/laotian/laotian_110318_151772_37555_45645_4.sdc 4174 
sbs_radio/laotian/laotian_110318_151772_4147_18202_0.sdc 7202 
sbs_radio/laotian/laotian_110318_151772_50432_54579_5.sdc 2055 
sbs_radio/laotian/laotian_110318_151772_57216_60339_6.sdc 1604 
sbs_radio/laotian/laotian_110318_151772_61978_64000_7.sdc 1022 
sbs_radio/laotian/laotian_110318_151772_68531_70323_9.sdc 890 
sbs_radio/laotian/laotian_110318_151772_74368_76646_10.sdc 1162 
sbs_radio/laotian/laotian_110318_151772_79360_85939_11.sdc 3398 
sbs_radio/laotian/laotian_110318_151772_90138_93082_13.sdc 1463 
sbs_radio/laotian/laotian_110318_151777_1203_6528_0.sdc 2715 
sbs_radio/laotian/laotian_110318_151777_13798_17766_3.sdc 2032 
sbs_radio/laotian/laotian_110318_151777_21197_23373_5.sdc 1111 
sbs_radio/laotian/laotian_110318_151777_33997_39936_8.sdc 3070 
sbs_radio/laotian/laotian_110318_151777_40909_43725_9.sdc 1444 
sbs_radio/laotian/laotian_110318_151777_48307_58701_10.sdc 5304 
sbs_radio/laotian/laotian_110318_151777_59418_62515_11.sdc 1577 
sbs_radio/laotian/laotian_110318_151777_67302_71475_12.sdc 2108 
sbs_radio/laotian/laotian_110318_151777_71962_73728_13.sdc 910 
sbs_radio/laotian/laotian_110318_151777_74112_75802_14.sdc 859 
sbs_radio/laotian/laotian_110318_151777_76339_78080_15.sdc 864 
sbs_radio/laotian/laotian_110318_151777_81126_83098_16.sdc 966 
sbs_radio/laotian/laotian_110318_151777_87936_90982_18.sdc 1559 
sbs_radio/laotian/laotian_110318_151777_94362_97229_19.sdc 1454 
sbs_radio/laotian/laotian_110404_155506_101965_104166_21.sdc 1103 
sbs_radio/laotian/laotian_110404_155506_12544_14234_1.sdc 852 
sbs_radio/laotian/laotian_110404_155506_15283_17331_2.sdc 1008 
sbs_radio/laotian/laotian_110404_155506_2611_10778_0.sdc 4179 
sbs_radio/laotian/laotian_110404_155506_30259_38605_7.sdc 4297 
sbs_radio/laotian/laotian_110404_155506_39629_43520_8.sdc 1998 
sbs_radio/laotian/laotian_110404_155506_49229_56909_10.sdc 3899 
sbs_radio/laotian/laotian_110404_155506_60749_68454_11.sdc 3963 
sbs_radio/laotian/laotian_110404_155506_69709_73651_12.sdc 2019 
sbs_radio/laotian/laotian_110404_155506_74394_76134_13.sdc 875 
sbs_radio/laotian/laotian_110404_155506_77542_80563_14.sdc 1526 
sbs_radio/laotian/laotian_110404_155506_81357_83866_15.sdc 1280 
sbs_radio/laotian/laotian_110404_155506_84582_86861_16.sdc 1166 
sbs_radio/laotian/laotian_110404_155506_90086_92672_17.sdc 1305 
sbs_radio/laotian/laotian_110404_155516_29261_34099_4.sdc 2496 
sbs_radio/laotian/laotian_110404_155516_36736_42112_5.sdc 2689 
sbs_radio/laotian/laotian_110404_155516_4147_7526_0.sdc 1706 
sbs_radio/laotian/laotian_110404_155516_45722_52685_6.sdc 3587 
sbs_radio/laotian/laotian_110404_155516_56090_62694_7.sdc 3334 
sbs_radio/laotian/laotian_110404_155516_72806_75904_8.sdc 1545 
sbs_radio/laotian/laotian_110404_155516_83942_85862_9.sdc 972 
sbs_radio/laotian/laotian_110404_155516_9984_16128_1.sdc 3158 
sbs_radio/laotian/laotian_110404_155541_21504_24602_5.sdc 1566 
sbs_radio/laotian/laotian_110404_155541_27034_29210_6.sdc 1114 
sbs_radio/laotian/laotian_110404_155541_3123_8038_0.sdc 2475 
sbs_radio/laotian/laotian_110404_155541_35482_40653_8.sdc 2642 
sbs_radio/laotian/laotian_110404_155541_41370_45056_9.sdc 1883 
sbs_radio/laotian/laotian_110404_155541_51226_54989_12.sdc 1917 
sbs_radio/laotian/laotian_110404_155541_56602_58726_13.sdc 1080 
sbs_radio/laotian/laotian_110404_155541_63155_65254_15.sdc 1058 
sbs_radio/laotian/laotian_110404_155566_16230_21632_1.sdc 2724 
sbs_radio/laotian/laotian_110404_155566_1843_8960_0.sdc 3586 
sbs_radio/laotian/laotian_110404_155566_23091_24806_2.sdc 851 
sbs_radio/laotian/laotian_110404_155566_28416_31923_4.sdc 1748 
sbs_radio/laotian/laotian_110404_155566_33920_37478_5.sdc 1822 
sbs_radio/laotian/laotian_110404_155566_47590_60544_6.sdc 6699 
sbs_radio/laotian/laotian_110404_155566_67302_70886_8.sdc 1819 
sbs_radio/laotian/laotian_110408_156681_14182_16205_5.sdc 1006 
sbs_radio/laotian/laotian_110408_156681_18278_19968_7.sdc 836 
sbs_radio/laotian/laotian_110408_156681_20250_21939_8.sdc 842 
sbs_radio/laotian/laotian_110408_156681_23859_26598_10.sdc 1355 
sbs_radio/laotian/laotian_110408_156681_2688_6989_1.sdc 2158 
sbs_radio/laotian/laotian_110408_156681_27392_29901_11.sdc 1249 
sbs_radio/laotian/laotian_110408_156681_35226_37658_13.sdc 1182 
sbs_radio/laotian/laotian_110408_156681_39373_41242_14.sdc 944 
sbs_radio/laotian/laotian_110408_156686_14950_16691_1.sdc 862 
sbs_radio/laotian/laotian_110408_156691_19072_21478_2.sdc 1197 
sbs_radio/laotian/laotian_110422_160366_15053_17613_1.sdc 1303 
sbs_radio/laotian/laotian_110422_160366_19200_20966_2.sdc 872 
sbs_radio/laotian/laotian_110422_160366_21709_26112_3.sdc 2251 
sbs_radio/laotian/laotian_110422_160366_29414_37197_4.sdc 3939 
sbs_radio/laotian/laotian_110422_160366_41702_43955_6.sdc 1126 
sbs_radio/laotian/laotian_110422_160366_4557_12954_0.sdc 4314 
sbs_radio/laotian/laotian_110422_160366_47565_49331_7.sdc 870 
sbs_radio/laotian/laotian_110422_160366_52326_54093_8.sdc 883 
sbs_radio/laotian/laotian_110422_160366_57856_64000_9.sdc 3111 
sbs_radio/laotian/laotian_110422_160366_65152_69171_10.sdc 2054 
sbs_radio/laotian/laotian_110422_160366_73139_75341_12.sdc 1093 
sbs_radio/laotian/laotian_110422_160366_77235_79360_13.sdc 1067 
sbs_radio/laotian/laotian_110425_161061_50483_53632_0.sdc 1422 
sbs_radio/laotian/laotian_110429_162051_113408_125850_7.sdc 6433 
sbs_radio/laotian/laotian_110429_162051_126874_128973_8.sdc 1073 
sbs_radio/laotian/laotian_110429_162051_130739_135322_9.sdc 2357 
sbs_radio/laotian/laotian_110429_162051_61491_65613_2.sdc 2114 
sbs_radio/laotian/laotian_110429_162051_73318_77696_3.sdc 2215 
sbs_radio/laotian/laotian_110429_162051_84685_87526_4.sdc 1449 
sbs_radio/laotian/laotian_110429_162051_91110_93568_5.sdc 1263 
sbs_radio/laotian/laotian_110429_162051_99558_103808_6.sdc 2173 
sbs_radio/laotian/laotian_110429_162066_12109_14003_2.sdc 952 
sbs_radio/laotian/laotian_110429_162066_1485_7629_0.sdc 3157 
sbs_radio/laotian/laotian_110429_162066_15283_18790_3.sdc 1777 
sbs_radio/laotian/laotian_110429_162066_22246_25549_4.sdc 1683 
sbs_radio/laotian/laotian_110429_162066_28339_30106_5.sdc 898 
sbs_radio/laotian/laotian_110429_162066_33306_40986_6.sdc 3932 
sbs_radio/laotian/laotian_110429_162066_46336_57882_8.sdc 5871 
sbs_radio/laotian/laotian_110429_162066_62848_65203_10.sdc 1183 
sbs_radio/laotian/laotian_110429_162066_8960_11392_1.sdc 1224 
sbs_radio/laotian/laotian_110509_164316_22733_32589_4.sdc 5037 
sbs_radio/laotian/laotian_110509_164316_4531_10854_0.sdc 3180 
sbs_radio/laotian/laotian_110509_164326_12979_16998_3.sdc 2051 
sbs_radio/laotian/laotian_110509_164326_20838_23450_5.sdc 1314 
sbs_radio/laotian/laotian_110509_164326_23859_25728_6.sdc 943 
sbs_radio/laotian/laotian_110509_164326_26317_27981_7.sdc 840 
sbs_radio/laotian/laotian_110509_164326_2893_6758_0.sdc 1981 
sbs_radio/laotian/laotian_110509_164326_30976_35456_8.sdc 2309 
sbs_radio/laotian/laotian_110509_164326_37350_38989_10.sdc 820 
sbs_radio/laotian/laotian_110509_164326_40730_43699_11.sdc 1500 
sbs_radio/laotian/laotian_110509_164326_47514_49408_13.sdc 957 
sbs_radio/laotian/laotian_110509_164331_10138_15155_2.sdc 2563 
sbs_radio/laotian/laotian_110509_164331_20173_21862_5.sdc 839 
sbs_radio/laotian/laotian_110509_164331_2432_6886_0.sdc 2255 
sbs_radio/laotian/laotian_110509_164331_25754_35046_7.sdc 4785 
sbs_radio/laotian/laotian_110509_164331_36480_38170_8.sdc 859 
sbs_radio/laotian/laotian_110509_164351_13670_17664_1.sdc 2030 
sbs_radio/laotian/laotian_110509_164351_1587_9242_0.sdc 3911 
sbs_radio/laotian/laotian_110509_164351_25754_30746_2.sdc 2552 
sbs_radio/laotian/laotian_110509_164351_38426_41139_3.sdc 1363 
sbs_radio/laotian/laotian_110509_164351_54938_59008_6.sdc 2033 
sbs_radio/laotian/laotian_110509_164351_60723_66355_7.sdc 2883 
sbs_radio/laotian/laotian_110519_166856_11878_13901_2.sdc 1027 
sbs_radio/laotian/laotian_110519_166856_16512_20352_4.sdc 1968 
sbs_radio/laotian/laotian_110519_166856_21786_25574_5.sdc 1938 
sbs_radio/laotian/laotian_110519_166856_27264_29594_6.sdc 1182 
sbs_radio/laotian/laotian_110519_166856_3046_5888_0.sdc 1450 
sbs_radio/laotian/laotian_110519_166856_34202_38272_7.sdc 2087 
sbs_radio/laotian/laotian_110519_166856_38707_41062_8.sdc 1175 
sbs_radio/laotian/laotian_110519_166856_42010_44877_9.sdc 1461 
sbs_radio/laotian/laotian_110519_166856_46310_50509_10.sdc 2134 
sbs_radio/laotian/laotian_110519_166856_53069_56294_11.sdc 1634 
sbs_radio/laotian/laotian_110519_166856_57216_60032_12.sdc 1437 
sbs_radio/laotian/laotian_110519_166856_63949_66893_14.sdc 1499 
sbs_radio/laotian/laotian_110519_166856_68838_71219_16.sdc 1203 
sbs_radio/laotian/laotian_110519_166856_72730_74829_17.sdc 1067 
sbs_radio/laotian/laotian_110519_166856_7450_9395_1.sdc 990 
sbs_radio/laotian/laotian_110519_166861_13542_16819_2.sdc 1669 
sbs_radio/laotian/laotian_110519_166861_19174_22528_3.sdc 1682 
sbs_radio/laotian/laotian_110519_166861_23782_25702_4.sdc 966 
sbs_radio/laotian/laotian_110519_166861_2765_7680_0.sdc 2530 
sbs_radio/laotian/laotian_110519_166861_27930_31514_5.sdc 1834 
sbs_radio/laotian/laotian_110519_166861_32563_34381_6.sdc 897 
sbs_radio/laotian/laotian_110519_166861_47334_53632_8.sdc 3251 
sbs_radio/laotian/laotian_110519_166861_55194_58010_9.sdc 1411 
sbs_radio/laotian/laotian_110519_166861_60262_62362_10.sdc 1069 
sbs_radio/laotian/laotian_110519_166861_66125_68531_11.sdc 1216 
sbs_radio/laotian/laotian_110519_166861_69504_73549_12.sdc 2068 
sbs_radio/laotian/laotian_110519_166861_74522_79488_13.sdc 2484 
sbs_radio/laotian/laotian_110519_166861_83789_85581_15.sdc 894 
sbs_radio/laotian/laotian_110519_166861_8422_11750_1.sdc 1704 
sbs_radio/laotian/laotian_110519_166861_87501_90240_16.sdc 1393 
sbs_radio/laotian/laotian_110519_166861_91546_94771_17.sdc 1648 
sbs_radio/laotian/laotian_110520_167176_19763_21581_1.sdc 920 
sbs_radio/laotian/laotian_110520_167176_25395_28518_3.sdc 1587 
sbs_radio/laotian/laotian_110520_167176_36070_39040_5.sdc 1500 
sbs_radio/laotian/laotian_110520_167176_39987_42982_6.sdc 1531 
sbs_radio/laotian/laotian_110520_167176_47360_52403_7.sdc 2563 
sbs_radio/laotian/laotian_110520_167176_53862_55450_8.sdc 803 
sbs_radio/laotian/laotian_110520_167176_61773_64563_9.sdc 1404 
sbs_radio/laotian/laotian_110520_167176_66304_68275_10.sdc 998 
sbs_radio/laotian/laotian_110520_167176_70707_72525_11.sdc 916 
sbs_radio/laotian/laotian_110520_167176_76365_78029_12.sdc 830 
sbs_radio/laotian/laotian_110520_167176_81280_83328_13.sdc 1031 
sbs_radio/laotian/laotian_110520_167176_8678_17562_0.sdc 4542 
sbs_radio/laotian/laotian_110520_167176_95565_101427_18.sdc 3015 
sbs_radio/laotian/laotian_110520_167181_12826_14541_1.sdc 878 
sbs_radio/laotian/laotian_110520_167181_19635_23885_3.sdc 2174 
sbs_radio/laotian/laotian_110520_167181_2995_9472_0.sdc 3347 
sbs_radio/laotian/laotian_110520_167181_31514_34278_5.sdc 1404 
sbs_radio/laotian/laotian_110520_167181_36352_42163_6.sdc 2949 
sbs_radio/laotian/laotian_110520_167181_43750_45670_7.sdc 981 
sbs_radio/laotian/laotian_110520_167181_46285_49510_8.sdc 1624 
sbs_radio/laotian/laotian_110523_167916_11930_14131_1.sdc 1105 
sbs_radio/laotian/laotian_110523_167916_16051_19533_2.sdc 1787 
sbs_radio/laotian/laotian_110523_167916_22682_26496_3.sdc 1932 
sbs_radio/laotian/laotian_110523_167916_29030_33331_4.sdc 2213 
sbs_radio/laotian/laotian_110523_167916_36403_40166_5.sdc 1924 
sbs_radio/laotian/laotian_110523_167916_40934_42624_6.sdc 860 
sbs_radio/laotian/laotian_110523_167916_44723_47872_7.sdc 1587 
sbs_radio/laotian/laotian_110523_167916_50099_52608_8.sdc 1268 
sbs_radio/laotian/laotian_110523_167916_54374_57139_9.sdc 1392 
sbs_radio/laotian/laotian_110523_168036_13798_17690_1.sdc 1984 
sbs_radio/laotian/laotian_110523_168036_19456_24166_2.sdc 2391 
sbs_radio/laotian/laotian_110523_168036_29389_31616_4.sdc 1127 
sbs_radio/laotian/laotian_110523_168036_34560_36275_5.sdc 867 
sbs_radio/laotian/laotian_110523_168036_38246_45030_6.sdc 3494 
sbs_radio/laotian/laotian_110523_168036_47974_52608_7.sdc 2398 
sbs_radio/laotian/laotian_110523_168036_5376_12390_0.sdc 3594 
sbs_radio/laotian/laotian_110523_168036_54067_57139_8.sdc 1568 
sbs_radio/laotian/laotian_110523_168036_58470_61107_9.sdc 1346 
sbs_radio/laotian/laotian_110523_168036_62669_64538_10.sdc 924 
sbs_radio/laotian/laotian_110523_168036_66458_71629_11.sdc 2649 
sbs_radio/laotian/laotian_110523_168036_74726_78925_13.sdc 2142 
sbs_radio/laotian/laotian_110523_168041_11136_13338_1.sdc 1095 
sbs_radio/laotian/laotian_110523_168041_13926_16922_2.sdc 1540 
sbs_radio/laotian/laotian_110523_168041_29286_34355_4.sdc 2558 
sbs_radio/laotian/laotian_110523_168041_37069_43750_5.sdc 3416 
sbs_radio/laotian/laotian_110523_168041_3840_7091_0.sdc 1612 
sbs_radio/laotian/laotian_110523_168041_46899_49459_6.sdc 1294 
sbs_radio/laotian/laotian_110523_168041_54246_61875_7.sdc 3896 
sbs_radio/laotian/laotian_110523_168041_63360_65536_8.sdc 1103 
sbs_radio/laotian/laotian_110530_169571_16794_18893_3.sdc 1073 
sbs_radio/laotian/laotian_110530_169571_24883_27904_5.sdc 1552 
sbs_radio/laotian/laotian_110530_169571_2944_6733_0.sdc 1942 
sbs_radio/laotian/laotian_110530_169571_31360_36198_6.sdc 2491 
sbs_radio/laotian/laotian_110530_169571_48000_49971_10.sdc 981 
sbs_radio/laotian/laotian_110530_169571_53632_58880_11.sdc 2676 
sbs_radio/laotian/laotian_110530_169571_60902_63898_12.sdc 1531 
sbs_radio/laotian/laotian_110530_169571_7168_9011_1.sdc 937 
sbs_radio/laotian/laotian_110530_169571_9344_14054_2.sdc 2383 
sbs_radio/laotian/laotian_110530_169576_12954_16000_1.sdc 1530 
sbs_radio/laotian/laotian_110530_169576_17485_19942_2.sdc 1216 
sbs_radio/laotian/laotian_110530_169576_27827_33306_5.sdc 2817 
sbs_radio/laotian/laotian_110530_169576_3430_9779_0.sdc 3255 
sbs_radio/laotian/laotian_110530_169576_37606_40243_6.sdc 1341 
sbs_radio/laotian/laotian_110530_169576_42598_46976_7.sdc 2241 
sbs_radio/laotian/laotian_110530_169576_51942_61901_8.sdc 5023 
sbs_radio/laotian/laotian_110609_171926_13056_18278_1.sdc 2699 
sbs_radio/laotian/laotian_110609_171926_1638_12288_0.sdc 5340 
sbs_radio/laotian/laotian_110609_171926_22195_34662_2.sdc 6355 
sbs_radio/laotian/laotian_110609_171926_46106_53069_7.sdc 3605 
sbs_radio/laotian/laotian_110609_171926_54221_55885_8.sdc 845 
sbs_radio/laotian/laotian_110609_171926_58522_60646_10.sdc 1084 
sbs_radio/laotian/laotian_110609_171926_66176_70118_11.sdc 1976 
sbs_radio/laotian/laotian_110609_171926_70554_72448_12.sdc 959 
sbs_radio/laotian/laotian_110609_171931_16230_20966_1.sdc 2410 
sbs_radio/laotian/laotian_110609_171931_22963_28237_2.sdc 2710 
sbs_radio/laotian/laotian_110609_171931_3021_12006_0.sdc 4602 
sbs_radio/laotian/laotian_110609_171931_30310_37581_3.sdc 3714 
sbs_radio/laotian/laotian_110609_171931_42778_47206_4.sdc 2256 
sbs_radio/laotian/laotian_110609_171931_48000_49997_5.sdc 1021 
sbs_radio/laotian/laotian_110609_171931_50893_53581_6.sdc 1379 
sbs_radio/laotian/laotian_110609_171931_57088_66074_7.sdc 4656 
sbs_radio/laotian/laotian_110609_171931_67021_68838_8.sdc 926 
sbs_radio/laotian/laotian_110609_171931_71117_72730_10.sdc 818 
sbs_radio/laotian/laotian_110609_171931_83200_87347_14.sdc 2114 
sbs_radio/laotian/laotian_110609_171931_87654_89293_15.sdc 816 
sbs_radio/laotian/laotian_110609_171931_89856_92365_16.sdc 1265 
sbs_radio/laotian/laotian_110609_171931_92877_94746_17.sdc 954 
sbs_radio/laotian/laotian_110609_171936_1946_6938_0.sdc 2545 
sbs_radio/laotian/laotian_110609_171936_20454_24755_4.sdc 2208 
sbs_radio/laotian/laotian_110609_171941_102605_104320_19.sdc 872 
sbs_radio/laotian/laotian_110609_171941_10726_14182_1.sdc 1750 
sbs_radio/laotian/laotian_110609_171941_18483_21658_2.sdc 1614 
sbs_radio/laotian/laotian_110609_171941_2099_6400_0.sdc 2193 
sbs_radio/laotian/laotian_110609_171941_48563_54170_9.sdc 2877 
sbs_radio/laotian/laotian_110609_171941_57907_62208_10.sdc 2182 
sbs_radio/laotian/laotian_110609_171941_65946_67584_11.sdc 825 
sbs_radio/laotian/laotian_110609_171941_71142_73677_12.sdc 1301 
sbs_radio/laotian/laotian_110609_171941_75238_77082_13.sdc 934 
sbs_radio/laotian/laotian_110609_171941_80973_85222_14.sdc 2137 
sbs_radio/laotian/laotian_110609_171941_85683_88422_15.sdc 1393 
sbs_radio/laotian/laotian_110609_171941_91213_97715_16.sdc 3306 
sbs_radio/laotian/laotian_110609_171951_10086_11930_3.sdc 923 
sbs_radio/laotian/laotian_110609_171951_19226_22451_6.sdc 1656 
sbs_radio/laotian/laotian_110609_171951_23654_25830_7.sdc 1098 
sbs_radio/laotian/laotian_110609_171951_2893_4813_0.sdc 966 
sbs_radio/laotian/laotian_110609_171951_29082_31565_8.sdc 1271 
sbs_radio/laotian/laotian_110609_171951_34867_36966_10.sdc 1073 
sbs_radio/laotian/laotian_110609_171951_38298_40346_11.sdc 1028 
sbs_radio/laotian/laotian_110609_171951_41088_44544_12.sdc 1774 
sbs_radio/laotian/laotian_110609_171951_46899_48691_14.sdc 900 
sbs_radio/laotian/laotian_110609_171951_52122_54502_15.sdc 1205 
sbs_radio/laotian/laotian_110609_171951_56243_58419_16.sdc 1087 
sbs_radio/laotian/laotian_110609_171961_15130_19174_1.sdc 2018 
sbs_radio/laotian/laotian_110609_171961_26906_33536_2.sdc 3364 
sbs_radio/laotian/laotian_110609_171961_37376_43571_3.sdc 3128 
sbs_radio/laotian/laotian_110609_171961_45056_47462_4.sdc 1219 
sbs_radio/laotian/laotian_110609_171961_48128_49894_5.sdc 885 
sbs_radio/laotian/laotian_110609_171961_51354_57523_6.sdc 3105 
sbs_radio/laotian/laotian_110609_171961_60979_66637_8.sdc 2920 
sbs_radio/laotian/laotian_110609_171961_6810_11392_0.sdc 2305 
sbs_radio/laotian/laotian_110609_171961_68326_69939_9.sdc 815 
sbs_radio/laotian/laotian_110609_171961_70656_73574_10.sdc 1467 
sbs_radio/laotian/laotian_110613_172611_13056_17587_2.sdc 2282 
sbs_radio/laotian/laotian_110613_172611_18048_27085_3.sdc 4614 
sbs_radio/laotian/laotian_110613_172611_29363_36070_4.sdc 3424 
sbs_radio/laotian/laotian_110613_172611_38246_47744_5.sdc 4927 
sbs_radio/laotian/laotian_110613_172611_4557_7936_0.sdc 1723 
sbs_radio/laotian/laotian_110613_172611_48358_52890_6.sdc 2327 
sbs_radio/laotian/laotian_110613_172611_55296_58522_8.sdc 1659 
sbs_radio/laotian/laotian_110613_172611_59853_65510_9.sdc 2885 
sbs_radio/laotian/laotian_110613_172611_68429_72090_10.sdc 1879 
sbs_radio/laotian/laotian_110613_172611_73958_79130_11.sdc 2629 
sbs_radio/laotian/laotian_110613_172611_8550_12006_1.sdc 1758 
sbs_radio/laotian/laotian_110613_172826_5606_11750_0.sdc 3109 
sbs_radio/laotian/laotian_110613_172826_94208_96486_11.sdc 1154 
sbs_radio/laotian/laotian_110613_172831_24243_26752_3.sdc 1271 
sbs_radio/laotian/laotian_110613_172831_29491_36864_4.sdc 3745 
sbs_radio/laotian/laotian_110613_172831_3277_10726_0.sdc 3739 
sbs_radio/laotian/laotian_110613_172831_39526_41344_5.sdc 921 
sbs_radio/laotian/laotian_110613_172831_42982_46592_6.sdc 1846 
sbs_radio/laotian/laotian_110617_173856_13082_18893_1.sdc 2941 
sbs_radio/laotian/laotian_110617_173856_1920_7270_0.sdc 2687 
sbs_radio/laotian/laotian_110617_173856_25216_28646_2.sdc 1707 
sbs_radio/laotian/laotian_110617_173856_32563_35021_3.sdc 1228 
sbs_radio/laotian/laotian_110617_173856_46874_49306_4.sdc 1211 
sbs_radio/laotian/laotian_110617_173856_61875_64589_5.sdc 1389 
sbs_radio/laotian/laotian_110617_173856_67866_70477_7.sdc 1313 
sbs_radio/laotian/laotian_110617_173861_13517_15411_5.sdc 961 
sbs_radio/laotian/laotian_110617_173861_16384_18150_6.sdc 890 
sbs_radio/laotian/laotian_110617_173861_25754_28518_8.sdc 1414 
sbs_radio/laotian/laotian_110617_173861_32179_34739_9.sdc 1303 
sbs_radio/laotian/laotian_110617_173861_3584_5248_0.sdc 844 
sbs_radio/laotian/laotian_110617_173861_39117_41523_11.sdc 1240 
sbs_radio/laotian/laotian_110617_173861_52659_57677_14.sdc 2575 
sbs_radio/laotian/laotian_110623_175291_10522_15795_1.sdc 2672 
sbs_radio/laotian/laotian_110623_175291_16307_22016_2.sdc 2910 
sbs_radio/laotian/laotian_110623_175291_22298_27520_3.sdc 2646 
sbs_radio/laotian/laotian_110623_175291_28851_35251_4.sdc 3255 
sbs_radio/laotian/laotian_110623_175291_35610_41011_5.sdc 2755 
sbs_radio/laotian/laotian_110623_175291_41498_44954_6.sdc 1730 
sbs_radio/laotian/laotian_110623_175291_46464_49306_8.sdc 1436 
sbs_radio/laotian/laotian_110623_175291_49485_51891_9.sdc 1208 
sbs_radio/laotian/laotian_110623_175296_10522_15795_1.sdc 2672 
sbs_radio/laotian/laotian_110623_175296_16307_22016_2.sdc 2910 
sbs_radio/laotian/laotian_110623_175296_22298_27520_3.sdc 2646 
sbs_radio/laotian/laotian_110623_175296_28851_35251_4.sdc 3255 
sbs_radio/laotian/laotian_110623_175296_35610_41011_5.sdc 2755 
sbs_radio/laotian/laotian_110623_175296_41498_44954_6.sdc 1730 
sbs_radio/laotian/laotian_110623_175296_46464_49306_8.sdc 1436 
sbs_radio/laotian/laotian_110623_175296_49485_51891_9.sdc 1208 
sbs_radio/laotian/laotian_110623_175301_31693_49693_1.sdc 9292 
sbs_radio/laotian/laotian_110623_175301_51_18051_0.sdc 9242 
sbs_radio/laotian/laotian_110623_175301_53222_63795_2.sdc 5339 
sbs_radio/laotian/laotian_110623_175306_31693_49693_1.sdc 9292 
sbs_radio/laotian/laotian_110623_175306_51_18051_0.sdc 9242 
sbs_radio/laotian/laotian_110623_175306_53222_63795_2.sdc 5339 
sbs_radio/laotian/laotian_110630_176593_17562_19789_2.sdc 1143 
sbs_radio/laotian/laotian_110630_176593_30259_32154_4.sdc 958 
sbs_radio/laotian/laotian_110630_176593_35712_38144_6.sdc 1220 
sbs_radio/laotian/laotian_110630_176593_43315_47872_8.sdc 2337 
sbs_radio/laotian/laotian_110630_176593_4736_10470_0.sdc 2962 
sbs_radio/laotian/laotian_110630_176593_52915_54810_10.sdc 953 
sbs_radio/laotian/laotian_110630_176593_57062_58906_12.sdc 924 
sbs_radio/laotian/laotian_110630_176597_11392_13414_1.sdc 1012 
sbs_radio/laotian/laotian_110630_176597_2330_10394_0.sdc 4068 
sbs_radio/laotian/laotian_110630_176597_25626_27469_3.sdc 932 
sbs_radio/laotian/laotian_110630_176597_34355_37965_4.sdc 1849 
sbs_radio/laotian/laotian_110630_176597_42880_47795_5.sdc 2498 
sbs_radio/laotian/laotian_110630_176597_54605_58470_7.sdc 1942 
sbs_radio/laotian/laotian_110630_176597_60928_62720_8.sdc 901 
sbs_radio/laotian/laotian_110630_176597_68710_74624_10.sdc 3018 
sbs_radio/laotian/laotian_110630_176625_24243_26752_3.sdc 1271 
sbs_radio/laotian/laotian_110630_176625_29491_36864_4.sdc 3745 
sbs_radio/laotian/laotian_110630_176625_3277_10726_0.sdc 3739 
sbs_radio/laotian/laotian_110630_176625_39526_41344_5.sdc 921 
sbs_radio/laotian/laotian_110630_176625_42982_46592_6.sdc 1846 
sbs_radio/laotian/laotian_110630_176627_14362_16640_1.sdc 1147 
sbs_radio/laotian/laotian_110630_176627_20992_22861_3.sdc 933 
sbs_radio/laotian/laotian_110630_176627_26701_28698_4.sdc 999 
sbs_radio/laotian/laotian_110630_176627_3507_9062_0.sdc 2869 
sbs_radio/laotian/laotian_110630_176627_41549_46003_7.sdc 2235 
sbs_radio/laotian/laotian_110630_176627_48691_52250_8.sdc 1832 
sbs_radio/laotian/laotian_110630_176627_54835_61722_9.sdc 3472 
sbs_radio/laotian/laotian_110630_176627_64307_67533_10.sdc 1611 
sbs_radio/laotian/laotian_110630_176629_11213_14515_1.sdc 1654 
sbs_radio/laotian/laotian_110630_176629_21350_23142_3.sdc 905 
sbs_radio/laotian/laotian_110630_176629_24397_26266_4.sdc 933 
sbs_radio/laotian/laotian_110630_176629_27469_29338_5.sdc 954 
sbs_radio/laotian/laotian_110630_176629_3200_8986_0.sdc 2924 
sbs_radio/laotian/laotian_110630_176629_36070_40397_6.sdc 2154 
sbs_radio/laotian/laotian_110630_176629_43494_45491_8.sdc 996 
sbs_radio/laotian/laotian_110630_176629_53606_55398_9.sdc 898 
sbs_radio/laotian/laotian_110630_176629_55834_58957_10.sdc 1580 
sbs_radio/laotian/laotian_110630_176629_63258_66099_11.sdc 1417 
sbs_radio/laotian/laotian_110630_176629_66893_69146_12.sdc 1140 
sbs_radio/laotian/laotian_110630_176631_22733_26061_6.sdc 1706 
sbs_radio/laotian/laotian_110630_176631_2458_9472_0.sdc 3610 
sbs_radio/laotian/laotian_110630_176631_27520_29363_7.sdc 924 
sbs_radio/laotian/laotian_110630_176631_32717_35354_8.sdc 1330 
sbs_radio/laotian/laotian_110630_176631_39654_42650_10.sdc 1505 
sbs_radio/laotian/laotian_110630_176631_46848_50022_12.sdc 1624 
sbs_radio/laotian/laotian_110630_176631_51174_53453_13.sdc 1132 
sbs_radio/laotian/laotian_110630_176631_58266_61696_16.sdc 1738 
sbs_radio/laotian/laotian_110630_176631_64563_66637_18.sdc 1035 
sbs_radio/laotian/laotian_110630_176631_68403_70118_19.sdc 852 
sbs_radio/laotian/laotian_110630_176631_74906_76851_21.sdc 970 
sbs_radio/laotian/laotian_110630_176631_77363_81613_22.sdc 2168 
sbs_radio/laotian/laotian_110630_176631_83251_84966_23.sdc 862 
sbs_radio/laotian/laotian_110630_176631_85632_87322_24.sdc 852 
sbs_radio/laotian/laotian_110630_176633_5606_11750_0.sdc 3109 
sbs_radio/laotian/laotian_110630_176633_94208_96486_11.sdc 1154 
sbs_radio/laotian/laotian_110630_176639_22989_27597_1.sdc 2377 
sbs_radio/laotian/laotian_110630_176639_34278_42880_2.sdc 4436 
sbs_radio/laotian/laotian_110630_176639_4454_13261_0.sdc 4433 
sbs_radio/laotian/laotian_110630_176639_52992_57370_4.sdc 2252 
sbs_radio/laotian/laotian_110630_176639_62874_67226_5.sdc 2220 
sbs_radio/laotian/laotian_110630_176639_68915_73190_6.sdc 2155 
sbs_radio/laotian/laotian_110630_176639_77107_81664_7.sdc 2321 
sbs_radio/laotian/laotian_110630_176639_88960_92928_8.sdc 2038 
sbs_radio/laotian/laotian_110630_176649_22170_24730_2.sdc 1298 
sbs_radio/laotian/laotian_110630_176649_2509_5734_0.sdc 1622 
sbs_radio/laotian/laotian_110630_176649_42368_46234_5.sdc 1968 
sbs_radio/laotian/laotian_110630_176649_57216_59776_8.sdc 1293 
sbs_radio/laotian/laotian_110630_176649_66586_71654_9.sdc 2534 
sbs_radio/laotian/laotian_110630_176649_77312_79206_10.sdc 968 
sbs_radio/laotian/laotian_110630_176649_8832_13670_1.sdc 2482 
sbs_radio/laotian/laotian_110630_176653_16486_18099_3.sdc 816 
sbs_radio/laotian/laotian_110630_176653_20403_22118_4.sdc 857 
sbs_radio/laotian/laotian_110630_176653_23910_25907_5.sdc 1004 
sbs_radio/laotian/laotian_110630_176653_29594_32512_6.sdc 1469 
sbs_radio/laotian/laotian_110630_176653_38042_46259_7.sdc 4182 
sbs_radio/laotian/laotian_110630_176653_4070_7322_0.sdc 1641 
sbs_radio/laotian/laotian_110630_176653_47821_49766_8.sdc 968 
sbs_radio/laotian/laotian_110630_176653_51149_52838_9.sdc 835 
sbs_radio/laotian/laotian_110630_176653_54733_64563_10.sdc 4990 
sbs_radio/laotian/laotian_110630_176653_67891_70093_12.sdc 1096 
sbs_radio/laotian/laotian_110630_176653_71731_75034_13.sdc 1659 
sbs_radio/laotian/laotian_110630_176653_82637_84275_14.sdc 815 
sbs_radio/laotian/laotian_110630_176653_8806_13312_1.sdc 2312 
sbs_radio/laotian/laotian_110701_176761_10778_12979_2.sdc 1103 
sbs_radio/laotian/laotian_110701_176761_28288_30106_8.sdc 927 
sbs_radio/laotian/laotian_110701_176761_3277_6195_1.sdc 1490 
sbs_radio/laotian/laotian_110701_176761_38784_41523_12.sdc 1392 
sbs_radio/laotian/laotian_110701_176761_41958_43648_13.sdc 834 
sbs_radio/laotian/laotian_110701_176761_48614_50637_15.sdc 1005 
sbs_radio/laotian/laotian_110701_176761_65997_67763_19.sdc 878 
sbs_radio/laotian/laotian_110701_176761_70221_72602_20.sdc 1204 
sbs_radio/laotian/laotian_110701_176761_79334_81050_23.sdc 878 
sbs_radio/laotian/laotian_110701_176761_89395_92211_27.sdc 1418 
