CTS/OGI22/polish/PO-100.address2.mfcc.sdc 723 
CTS/OGI22/polish/PO-101.address2.mfcc.sdc 900 
CTS/OGI22/polish/PO-101.hometown.mfcc.sdc 423 
CTS/OGI22/polish/PO-101.inenglish.mfcc.sdc 699 
CTS/OGI22/polish/PO-101.meal.mfcc.sdc 410 
CTS/OGI22/polish/PO-101.room.mfcc.sdc 413 
CTS/OGI22/polish/PO-101.story.mfcc.sdc 1897 
CTS/OGI22/polish/PO-117.story.mfcc.sdc 471 
CTS/OGI22/polish/PO-12.address2.mfcc.sdc 997 
CTS/OGI22/polish/PO-12.inenglish.mfcc.sdc 508 
CTS/OGI22/polish/PO-12.story.mfcc.sdc 1172 
CTS/OGI22/polish/PO-124.inenglish.mfcc.sdc 582 
CTS/OGI22/polish/PO-124.story.mfcc.sdc 1664 
CTS/OGI22/polish/PO-13.address2.mfcc.sdc 442 
CTS/OGI22/polish/PO-13.inenglish.mfcc.sdc 955 
CTS/OGI22/polish/PO-13.room.mfcc.sdc 437 
CTS/OGI22/polish/PO-13.story.mfcc.sdc 2313 
CTS/OGI22/polish/PO-133.story.mfcc.sdc 2359 
CTS/OGI22/polish/PO-134.address2.mfcc.sdc 694 
CTS/OGI22/polish/PO-134.inenglish.mfcc.sdc 981 
CTS/OGI22/polish/PO-134.story.mfcc.sdc 2135 
CTS/OGI22/polish/PO-135.story.mfcc.sdc 945 
CTS/OGI22/polish/PO-136.address2.mfcc.sdc 1619 
CTS/OGI22/polish/PO-136.inenglish.mfcc.sdc 697 
CTS/OGI22/polish/PO-136.story.mfcc.sdc 1685 
CTS/OGI22/polish/PO-139.address2.mfcc.sdc 920 
CTS/OGI22/polish/PO-139.hometown.mfcc.sdc 446 
CTS/OGI22/polish/PO-139.inenglish.mfcc.sdc 786 
CTS/OGI22/polish/PO-139.route.mfcc.sdc 404 
CTS/OGI22/polish/PO-139.story.mfcc.sdc 2078 
CTS/OGI22/polish/PO-14.address2.mfcc.sdc 778 
CTS/OGI22/polish/PO-14.climate.mfcc.sdc 405 
CTS/OGI22/polish/PO-14.inenglish.mfcc.sdc 921 
CTS/OGI22/polish/PO-14.story.mfcc.sdc 1888 
CTS/OGI22/polish/PO-141.story.mfcc.sdc 410 
CTS/OGI22/polish/PO-142.address2.mfcc.sdc 764 
CTS/OGI22/polish/PO-142.inenglish.mfcc.sdc 467 
CTS/OGI22/polish/PO-142.story.mfcc.sdc 1244 
CTS/OGI22/polish/PO-144.address2.mfcc.sdc 644 
CTS/OGI22/polish/PO-144.climate.mfcc.sdc 414 
CTS/OGI22/polish/PO-144.inenglish.mfcc.sdc 806 
CTS/OGI22/polish/PO-144.room.mfcc.sdc 476 
CTS/OGI22/polish/PO-144.story.mfcc.sdc 2429 
CTS/OGI22/polish/PO-147.address2.mfcc.sdc 419 
CTS/OGI22/polish/PO-15.inenglish.mfcc.sdc 671 
CTS/OGI22/polish/PO-15.story.mfcc.sdc 1404 
CTS/OGI22/polish/PO-151.address2.mfcc.sdc 791 
CTS/OGI22/polish/PO-151.hometown.mfcc.sdc 458 
CTS/OGI22/polish/PO-151.story.mfcc.sdc 2025 
CTS/OGI22/polish/PO-152.address2.mfcc.sdc 757 
CTS/OGI22/polish/PO-152.inenglish.mfcc.sdc 861 
CTS/OGI22/polish/PO-152.story.mfcc.sdc 2153 
CTS/OGI22/polish/PO-154.address2.mfcc.sdc 1165 
CTS/OGI22/polish/PO-154.inenglish.mfcc.sdc 685 
CTS/OGI22/polish/PO-154.story.mfcc.sdc 1521 
CTS/OGI22/polish/PO-157.story.mfcc.sdc 1944 
CTS/OGI22/polish/PO-159.address2.mfcc.sdc 870 
CTS/OGI22/polish/PO-159.climate.mfcc.sdc 412 
CTS/OGI22/polish/PO-159.inenglish.mfcc.sdc 803 
CTS/OGI22/polish/PO-159.room.mfcc.sdc 430 
CTS/OGI22/polish/PO-159.story.mfcc.sdc 2127 
CTS/OGI22/polish/PO-16.address2.mfcc.sdc 404 
CTS/OGI22/polish/PO-16.inenglish.mfcc.sdc 454 
CTS/OGI22/polish/PO-16.story.mfcc.sdc 1172 
CTS/OGI22/polish/PO-160.hometown.mfcc.sdc 483 
CTS/OGI22/polish/PO-160.meal.mfcc.sdc 451 
CTS/OGI22/polish/PO-160.room.mfcc.sdc 518 
CTS/OGI22/polish/PO-160.story.mfcc.sdc 424 
CTS/OGI22/polish/PO-162.story.mfcc.sdc 633 
CTS/OGI22/polish/PO-167.address2.mfcc.sdc 926 
CTS/OGI22/polish/PO-167.climate.mfcc.sdc 463 
CTS/OGI22/polish/PO-167.hometown.mfcc.sdc 481 
CTS/OGI22/polish/PO-167.inenglish.mfcc.sdc 970 
CTS/OGI22/polish/PO-167.room.mfcc.sdc 461 
CTS/OGI22/polish/PO-167.route.mfcc.sdc 424 
CTS/OGI22/polish/PO-167.story.mfcc.sdc 2521 
CTS/OGI22/polish/PO-168.address2.mfcc.sdc 1056 
CTS/OGI22/polish/PO-168.hometown.mfcc.sdc 474 
CTS/OGI22/polish/PO-168.inenglish.mfcc.sdc 989 
CTS/OGI22/polish/PO-168.route.mfcc.sdc 454 
CTS/OGI22/polish/PO-168.story.mfcc.sdc 2645 
CTS/OGI22/polish/PO-17.address2.mfcc.sdc 996 
CTS/OGI22/polish/PO-17.room.mfcc.sdc 422 
CTS/OGI22/polish/PO-17.route.mfcc.sdc 422 
CTS/OGI22/polish/PO-17.story.mfcc.sdc 2348 
CTS/OGI22/polish/PO-170.story.mfcc.sdc 709 
CTS/OGI22/polish/PO-172.address2.mfcc.sdc 955 
CTS/OGI22/polish/PO-172.hometown.mfcc.sdc 404 
CTS/OGI22/polish/PO-172.inenglish.mfcc.sdc 1041 
CTS/OGI22/polish/PO-172.story.mfcc.sdc 2426 
CTS/OGI22/polish/PO-175.address2.mfcc.sdc 1804 
CTS/OGI22/polish/PO-175.climate.mfcc.sdc 432 
CTS/OGI22/polish/PO-175.hometown.mfcc.sdc 416 
CTS/OGI22/polish/PO-175.inenglish.mfcc.sdc 785 
CTS/OGI22/polish/PO-175.room.mfcc.sdc 405 
CTS/OGI22/polish/PO-175.route.mfcc.sdc 485 
CTS/OGI22/polish/PO-175.story.mfcc.sdc 2038 
CTS/OGI22/polish/PO-176.address2.mfcc.sdc 405 
CTS/OGI22/polish/PO-176.climate.mfcc.sdc 408 
CTS/OGI22/polish/PO-176.hometown.mfcc.sdc 419 
CTS/OGI22/polish/PO-176.inenglish.mfcc.sdc 860 
CTS/OGI22/polish/PO-176.room.mfcc.sdc 438 
CTS/OGI22/polish/PO-176.story.mfcc.sdc 2207 
CTS/OGI22/polish/PO-178.address2.mfcc.sdc 772 
CTS/OGI22/polish/PO-178.hometown.mfcc.sdc 470 
CTS/OGI22/polish/PO-178.inenglish.mfcc.sdc 1028 
CTS/OGI22/polish/PO-178.meal.mfcc.sdc 510 
CTS/OGI22/polish/PO-178.room.mfcc.sdc 424 
CTS/OGI22/polish/PO-178.route.mfcc.sdc 456 
CTS/OGI22/polish/PO-178.story.mfcc.sdc 2601 
CTS/OGI22/polish/PO-179.address2.mfcc.sdc 430 
CTS/OGI22/polish/PO-179.inenglish.mfcc.sdc 807 
CTS/OGI22/polish/PO-179.story.mfcc.sdc 1875 
CTS/OGI22/polish/PO-19.climate.mfcc.sdc 439 
CTS/OGI22/polish/PO-19.inenglish.mfcc.sdc 786 
CTS/OGI22/polish/PO-19.room.mfcc.sdc 522 
CTS/OGI22/polish/PO-19.story.mfcc.sdc 1640 
CTS/OGI22/polish/PO-204.story.mfcc.sdc 425 
CTS/OGI22/polish/PO-22.address2.mfcc.sdc 1078 
CTS/OGI22/polish/PO-22.climate.mfcc.sdc 480 
CTS/OGI22/polish/PO-22.hometown.mfcc.sdc 496 
CTS/OGI22/polish/PO-22.inenglish.mfcc.sdc 952 
CTS/OGI22/polish/PO-22.meal.mfcc.sdc 469 
CTS/OGI22/polish/PO-22.room.mfcc.sdc 499 
CTS/OGI22/polish/PO-22.route.mfcc.sdc 522 
CTS/OGI22/polish/PO-22.story.mfcc.sdc 2576 
CTS/OGI22/polish/PO-23.address2.mfcc.sdc 1231 
CTS/OGI22/polish/PO-23.climate.mfcc.sdc 509 
CTS/OGI22/polish/PO-23.hometown.mfcc.sdc 503 
CTS/OGI22/polish/PO-23.inenglish.mfcc.sdc 998 
CTS/OGI22/polish/PO-23.meal.mfcc.sdc 501 
CTS/OGI22/polish/PO-23.room.mfcc.sdc 510 
CTS/OGI22/polish/PO-23.story.mfcc.sdc 2561 
CTS/OGI22/polish/PO-24.address2.mfcc.sdc 1090 
CTS/OGI22/polish/PO-24.inenglish.mfcc.sdc 915 
CTS/OGI22/polish/PO-24.route.mfcc.sdc 507 
CTS/OGI22/polish/PO-24.story.mfcc.sdc 1883 
CTS/OGI22/polish/PO-25.story.mfcc.sdc 1255 
CTS/OGI22/polish/PO-254.address2.mfcc.sdc 464 
CTS/OGI22/polish/PO-254.story.mfcc.sdc 1634 
CTS/OGI22/polish/PO-257.address2.mfcc.sdc 1341 
CTS/OGI22/polish/PO-257.inenglish.mfcc.sdc 646 
CTS/OGI22/polish/PO-257.story.mfcc.sdc 2131 
CTS/OGI22/polish/PO-259.address2.mfcc.sdc 1396 
CTS/OGI22/polish/PO-259.climate.mfcc.sdc 520 
CTS/OGI22/polish/PO-259.hometown.mfcc.sdc 425 
CTS/OGI22/polish/PO-259.inenglish.mfcc.sdc 1057 
CTS/OGI22/polish/PO-259.meal.mfcc.sdc 507 
CTS/OGI22/polish/PO-259.room.mfcc.sdc 468 
CTS/OGI22/polish/PO-259.route.mfcc.sdc 512 
CTS/OGI22/polish/PO-259.story.mfcc.sdc 2457 
CTS/OGI22/polish/PO-26.address2.mfcc.sdc 1162 
CTS/OGI22/polish/PO-26.hometown.mfcc.sdc 414 
CTS/OGI22/polish/PO-26.room.mfcc.sdc 403 
CTS/OGI22/polish/PO-26.story.mfcc.sdc 2112 
CTS/OGI22/polish/PO-260.address2.mfcc.sdc 614 
CTS/OGI22/polish/PO-260.hometown.mfcc.sdc 431 
CTS/OGI22/polish/PO-260.inenglish.mfcc.sdc 937 
CTS/OGI22/polish/PO-260.story.mfcc.sdc 2077 
CTS/OGI22/polish/PO-261.story.mfcc.sdc 1094 
CTS/OGI22/polish/PO-264.story.mfcc.sdc 2589 
CTS/OGI22/polish/PO-265.address2.mfcc.sdc 1043 
CTS/OGI22/polish/PO-265.hometown.mfcc.sdc 437 
CTS/OGI22/polish/PO-265.room.mfcc.sdc 467 
CTS/OGI22/polish/PO-265.story.mfcc.sdc 2375 
CTS/OGI22/polish/PO-267.room.mfcc.sdc 405 
CTS/OGI22/polish/PO-267.story.mfcc.sdc 567 
CTS/OGI22/polish/PO-268.hometown.mfcc.sdc 412 
CTS/OGI22/polish/PO-268.inenglish.mfcc.sdc 995 
CTS/OGI22/polish/PO-268.room.mfcc.sdc 523 
CTS/OGI22/polish/PO-268.route.mfcc.sdc 493 
CTS/OGI22/polish/PO-268.story.mfcc.sdc 2596 
CTS/OGI22/polish/PO-269.address2.mfcc.sdc 968 
CTS/OGI22/polish/PO-269.climate.mfcc.sdc 487 
CTS/OGI22/polish/PO-269.hometown.mfcc.sdc 417 
CTS/OGI22/polish/PO-269.inenglish.mfcc.sdc 1039 
CTS/OGI22/polish/PO-269.room.mfcc.sdc 480 
CTS/OGI22/polish/PO-269.route.mfcc.sdc 433 
CTS/OGI22/polish/PO-269.story.mfcc.sdc 2047 
CTS/OGI22/polish/PO-272.address2.mfcc.sdc 554 
CTS/OGI22/polish/PO-272.inenglish.mfcc.sdc 479 
CTS/OGI22/polish/PO-272.story.mfcc.sdc 821 
CTS/OGI22/polish/PO-277.address2.mfcc.sdc 1160 
CTS/OGI22/polish/PO-277.climate.mfcc.sdc 528 
CTS/OGI22/polish/PO-277.hometown.mfcc.sdc 471 
CTS/OGI22/polish/PO-277.inenglish.mfcc.sdc 464 
CTS/OGI22/polish/PO-277.room.mfcc.sdc 529 
CTS/OGI22/polish/PO-277.story.mfcc.sdc 2250 
CTS/OGI22/polish/PO-278.address2.mfcc.sdc 1276 
CTS/OGI22/polish/PO-278.climate.mfcc.sdc 411 
CTS/OGI22/polish/PO-278.hometown.mfcc.sdc 450 
CTS/OGI22/polish/PO-278.inenglish.mfcc.sdc 1036 
CTS/OGI22/polish/PO-278.room.mfcc.sdc 421 
CTS/OGI22/polish/PO-278.route.mfcc.sdc 502 
CTS/OGI22/polish/PO-278.story.mfcc.sdc 2639 
CTS/OGI22/polish/PO-279.address2.mfcc.sdc 462 
CTS/OGI22/polish/PO-279.climate.mfcc.sdc 453 
CTS/OGI22/polish/PO-279.hometown.mfcc.sdc 474 
CTS/OGI22/polish/PO-279.inenglish.mfcc.sdc 747 
CTS/OGI22/polish/PO-279.route.mfcc.sdc 410 
CTS/OGI22/polish/PO-279.story.mfcc.sdc 2031 
CTS/OGI22/polish/PO-28.address2.mfcc.sdc 1057 
CTS/OGI22/polish/PO-28.inenglish.mfcc.sdc 839 
CTS/OGI22/polish/PO-28.story.mfcc.sdc 2412 
CTS/OGI22/polish/PO-285.address2.mfcc.sdc 1545 
CTS/OGI22/polish/PO-285.hometown.mfcc.sdc 448 
CTS/OGI22/polish/PO-285.inenglish.mfcc.sdc 958 
CTS/OGI22/polish/PO-285.meal.mfcc.sdc 436 
CTS/OGI22/polish/PO-285.route.mfcc.sdc 408 
CTS/OGI22/polish/PO-285.story.mfcc.sdc 2630 
CTS/OGI22/polish/PO-288.address2.mfcc.sdc 637 
CTS/OGI22/polish/PO-288.room.mfcc.sdc 402 
CTS/OGI22/polish/PO-288.story.mfcc.sdc 1399 
CTS/OGI22/polish/PO-289.climate.mfcc.sdc 410 
CTS/OGI22/polish/PO-289.inenglish.mfcc.sdc 694 
CTS/OGI22/polish/PO-289.story.mfcc.sdc 1237 
CTS/OGI22/polish/PO-290.address2.mfcc.sdc 759 
CTS/OGI22/polish/PO-290.inenglish.mfcc.sdc 950 
CTS/OGI22/polish/PO-290.room.mfcc.sdc 443 
CTS/OGI22/polish/PO-290.route.mfcc.sdc 479 
CTS/OGI22/polish/PO-290.story.mfcc.sdc 2387 
CTS/OGI22/polish/PO-292.address2.mfcc.sdc 935 
CTS/OGI22/polish/PO-292.climate.mfcc.sdc 465 
CTS/OGI22/polish/PO-292.inenglish.mfcc.sdc 733 
CTS/OGI22/polish/PO-292.meal.mfcc.sdc 421 
CTS/OGI22/polish/PO-292.room.mfcc.sdc 439 
CTS/OGI22/polish/PO-292.route.mfcc.sdc 454 
CTS/OGI22/polish/PO-292.story.mfcc.sdc 1827 
CTS/OGI22/polish/PO-293.address2.mfcc.sdc 737 
CTS/OGI22/polish/PO-293.hometown.mfcc.sdc 431 
CTS/OGI22/polish/PO-293.story.mfcc.sdc 2051 
CTS/OGI22/polish/PO-295.inenglish.mfcc.sdc 816 
CTS/OGI22/polish/PO-295.story.mfcc.sdc 1725 
CTS/OGI22/polish/PO-298.address2.mfcc.sdc 971 
CTS/OGI22/polish/PO-298.inenglish.mfcc.sdc 626 
CTS/OGI22/polish/PO-298.story.mfcc.sdc 1494 
CTS/OGI22/polish/PO-301.address2.mfcc.sdc 986 
CTS/OGI22/polish/PO-301.hometown.mfcc.sdc 505 
CTS/OGI22/polish/PO-301.inenglish.mfcc.sdc 812 
CTS/OGI22/polish/PO-301.story.mfcc.sdc 2170 
CTS/OGI22/polish/PO-302.address2.mfcc.sdc 548 
CTS/OGI22/polish/PO-302.inenglish.mfcc.sdc 1038 
CTS/OGI22/polish/PO-302.room.mfcc.sdc 487 
CTS/OGI22/polish/PO-302.story.mfcc.sdc 1608 
CTS/OGI22/polish/PO-304.address2.mfcc.sdc 534 
CTS/OGI22/polish/PO-304.inenglish.mfcc.sdc 669 
CTS/OGI22/polish/PO-304.story.mfcc.sdc 1310 
CTS/OGI22/polish/PO-305.address2.mfcc.sdc 1053 
CTS/OGI22/polish/PO-305.inenglish.mfcc.sdc 670 
CTS/OGI22/polish/PO-305.story.mfcc.sdc 1414 
CTS/OGI22/polish/PO-312.inenglish.mfcc.sdc 989 
CTS/OGI22/polish/PO-312.route.mfcc.sdc 485 
CTS/OGI22/polish/PO-312.story.mfcc.sdc 2257 
CTS/OGI22/polish/PO-313.address2.mfcc.sdc 720 
CTS/OGI22/polish/PO-313.hometown.mfcc.sdc 480 
CTS/OGI22/polish/PO-313.inenglish.mfcc.sdc 1040 
CTS/OGI22/polish/PO-313.room.mfcc.sdc 498 
CTS/OGI22/polish/PO-313.route.mfcc.sdc 506 
CTS/OGI22/polish/PO-313.story.mfcc.sdc 2617 
CTS/OGI22/polish/PO-322.address2.mfcc.sdc 1839 
CTS/OGI22/polish/PO-322.hometown.mfcc.sdc 433 
CTS/OGI22/polish/PO-322.inenglish.mfcc.sdc 918 
CTS/OGI22/polish/PO-322.route.mfcc.sdc 411 
CTS/OGI22/polish/PO-322.story.mfcc.sdc 2491 
CTS/OGI22/polish/PO-323.story.mfcc.sdc 815 
CTS/OGI22/polish/PO-326.inenglish.mfcc.sdc 902 
CTS/OGI22/polish/PO-326.room.mfcc.sdc 420 
CTS/OGI22/polish/PO-326.route.mfcc.sdc 424 
CTS/OGI22/polish/PO-326.story.mfcc.sdc 2221 
CTS/OGI22/polish/PO-327.address2.mfcc.sdc 860 
CTS/OGI22/polish/PO-327.inenglish.mfcc.sdc 677 
CTS/OGI22/polish/PO-327.story.mfcc.sdc 1524 
CTS/OGI22/polish/PO-328.address2.mfcc.sdc 672 
CTS/OGI22/polish/PO-328.climate.mfcc.sdc 500 
CTS/OGI22/polish/PO-328.hometown.mfcc.sdc 463 
CTS/OGI22/polish/PO-328.route.mfcc.sdc 517 
CTS/OGI22/polish/PO-328.story.mfcc.sdc 2174 
CTS/OGI22/polish/PO-329.address2.mfcc.sdc 2110 
CTS/OGI22/polish/PO-329.inenglish.mfcc.sdc 935 
CTS/OGI22/polish/PO-329.story.mfcc.sdc 2262 
CTS/OGI22/polish/PO-330.address2.mfcc.sdc 790 
CTS/OGI22/polish/PO-330.inenglish.mfcc.sdc 402 
CTS/OGI22/polish/PO-330.story.mfcc.sdc 1994 
CTS/OGI22/polish/PO-331.address2.mfcc.sdc 587 
CTS/OGI22/polish/PO-331.inenglish.mfcc.sdc 801 
CTS/OGI22/polish/PO-331.story.mfcc.sdc 1774 
CTS/OGI22/polish/PO-332.address2.mfcc.sdc 1328 
CTS/OGI22/polish/PO-332.climate.mfcc.sdc 511 
CTS/OGI22/polish/PO-332.hometown.mfcc.sdc 500 
CTS/OGI22/polish/PO-332.meal.mfcc.sdc 499 
CTS/OGI22/polish/PO-332.room.mfcc.sdc 414 
CTS/OGI22/polish/PO-332.route.mfcc.sdc 497 
CTS/OGI22/polish/PO-332.story.mfcc.sdc 2575 
CTS/OGI22/polish/PO-335.address2.mfcc.sdc 894 
CTS/OGI22/polish/PO-335.inenglish.mfcc.sdc 613 
CTS/OGI22/polish/PO-335.story.mfcc.sdc 1644 
CTS/OGI22/polish/PO-337.address2.mfcc.sdc 494 
CTS/OGI22/polish/PO-337.inenglish.mfcc.sdc 857 
CTS/OGI22/polish/PO-337.room.mfcc.sdc 433 
CTS/OGI22/polish/PO-337.route.mfcc.sdc 432 
CTS/OGI22/polish/PO-337.story.mfcc.sdc 1676 
CTS/OGI22/polish/PO-339.address2.mfcc.sdc 859 
CTS/OGI22/polish/PO-339.inenglish.mfcc.sdc 510 
CTS/OGI22/polish/PO-339.story.mfcc.sdc 1759 
CTS/OGI22/polish/PO-344.inenglish.mfcc.sdc 490 
CTS/OGI22/polish/PO-344.story.mfcc.sdc 1211 
CTS/OGI22/polish/PO-47.address2.mfcc.sdc 636 
CTS/OGI22/polish/PO-47.inenglish.mfcc.sdc 994 
CTS/OGI22/polish/PO-47.meal.mfcc.sdc 476 
CTS/OGI22/polish/PO-47.story.mfcc.sdc 2057 
CTS/OGI22/polish/PO-60.address2.mfcc.sdc 522 
CTS/OGI22/polish/PO-60.hometown.mfcc.sdc 457 
CTS/OGI22/polish/PO-60.inenglish.mfcc.sdc 824 
CTS/OGI22/polish/PO-60.story.mfcc.sdc 2011 
CTS/OGI22/polish/PO-61.address2.mfcc.sdc 524 
CTS/OGI22/polish/PO-61.inenglish.mfcc.sdc 662 
CTS/OGI22/polish/PO-61.story.mfcc.sdc 2017 
CTS/OGI22/polish/PO-62.address2.mfcc.sdc 1270 
CTS/OGI22/polish/PO-62.inenglish.mfcc.sdc 975 
CTS/OGI22/polish/PO-62.meal.mfcc.sdc 460 
CTS/OGI22/polish/PO-62.room.mfcc.sdc 403 
CTS/OGI22/polish/PO-62.story.mfcc.sdc 2294 
CTS/OGI22/polish/PO-66.address2.mfcc.sdc 740 
CTS/OGI22/polish/PO-66.inenglish.mfcc.sdc 870 
CTS/OGI22/polish/PO-66.route.mfcc.sdc 413 
CTS/OGI22/polish/PO-66.story.mfcc.sdc 1766 
CTS/OGI22/polish/PO-7.address2.mfcc.sdc 625 
CTS/OGI22/polish/PO-7.hometown.mfcc.sdc 505 
CTS/OGI22/polish/PO-7.inenglish.mfcc.sdc 1019 
CTS/OGI22/polish/PO-7.room.mfcc.sdc 425 
CTS/OGI22/polish/PO-7.route.mfcc.sdc 523 
CTS/OGI22/polish/PO-7.story.mfcc.sdc 2600 
CTS/OGI22/polish/PO-70.address2.mfcc.sdc 870 
CTS/OGI22/polish/PO-70.inenglish.mfcc.sdc 964 
CTS/OGI22/polish/PO-70.room.mfcc.sdc 429 
CTS/OGI22/polish/PO-70.route.mfcc.sdc 435 
CTS/OGI22/polish/PO-70.story.mfcc.sdc 1485 
CTS/OGI22/polish/PO-71.climate.mfcc.sdc 466 
CTS/OGI22/polish/PO-71.hometown.mfcc.sdc 504 
CTS/OGI22/polish/PO-71.inenglish.mfcc.sdc 816 
CTS/OGI22/polish/PO-71.route.mfcc.sdc 411 
CTS/OGI22/polish/PO-71.story.mfcc.sdc 1938 
CTS/OGI22/polish/PO-89.address2.mfcc.sdc 1315 
CTS/OGI22/polish/PO-89.hometown.mfcc.sdc 490 
CTS/OGI22/polish/PO-89.inenglish.mfcc.sdc 1014 
CTS/OGI22/polish/PO-89.route.mfcc.sdc 501 
CTS/OGI22/polish/PO-89.story.mfcc.sdc 2488 
CTS/OGI22/polish/PO-91.address2.mfcc.sdc 901 
CTS/OGI22/polish/PO-91.inenglish.mfcc.sdc 995 
CTS/OGI22/polish/PO-91.meal.mfcc.sdc 402 
CTS/OGI22/polish/PO-91.room.mfcc.sdc 434 
CTS/OGI22/polish/PO-91.story.mfcc.sdc 2416 
CTS/OGI22/polish/PO-94.address2.mfcc.sdc 550 
CTS/OGI22/polish/PO-94.inenglish.mfcc.sdc 743 
CTS/OGI22/polish/PO-94.story.mfcc.sdc 1730 
CTS/OGI22/polish/PO-95.address2.mfcc.sdc 603 
CTS/OGI22/polish/PO-95.climate.mfcc.sdc 484 
CTS/OGI22/polish/PO-95.inenglish.mfcc.sdc 836 
CTS/OGI22/polish/PO-95.meal.mfcc.sdc 427 
CTS/OGI22/polish/PO-95.room.mfcc.sdc 433 
CTS/OGI22/polish/PO-95.route.mfcc.sdc 426 
CTS/OGI22/polish/PO-95.story.mfcc.sdc 2324 
CTS/OGI22/polish/PO-96.address2.mfcc.sdc 1813 
CTS/OGI22/polish/PO-96.climate.mfcc.sdc 480 
CTS/OGI22/polish/PO-96.inenglish.mfcc.sdc 763 
CTS/OGI22/polish/PO-96.meal.mfcc.sdc 435 
CTS/OGI22/polish/PO-96.room.mfcc.sdc 407 
CTS/OGI22/polish/PO-96.route.mfcc.sdc 448 
CTS/OGI22/polish/PO-96.story.mfcc.sdc 2461 
CTS/OGI22/polish/PO-97.address2.mfcc.sdc 1585 
CTS/OGI22/polish/PO-97.hometown.mfcc.sdc 429 
CTS/OGI22/polish/PO-97.inenglish.mfcc.sdc 897 
CTS/OGI22/polish/PO-97.room.mfcc.sdc 430 
CTS/OGI22/polish/PO-97.route.mfcc.sdc 439 
CTS/OGI22/polish/PO-97.story.mfcc.sdc 2212 
LRE11_FULL_DEV_data/p01/poli/poli_20110208_132551_754_a.sdc 8780 
LRE11_FULL_DEV_data/p01/poli/poli_20110208_132551_754_b.sdc 18900 
LRE11_FULL_DEV_data/p01/poli/poli_20110209_080345_765_a.sdc 11871 
LRE11_FULL_DEV_data/p01/poli/poli_20110209_080345_765_b.sdc 18377 
LRE11_FULL_DEV_data/p01/poli/poli_20110209_213121_791_a.sdc 12751 
LRE11_FULL_DEV_data/p01/poli/poli_20110209_213121_791_b.sdc 21038 
LRE11_FULL_DEV_data/p01/poli/poli_20110209_222759_794_a.sdc 7666 
LRE11_FULL_DEV_data/p01/poli/poli_20110209_222759_794_b.sdc 17046 
LRE11_FULL_DEV_data/p01/poli/poli_20110210_093627_795_a.sdc 14477 
LRE11_FULL_DEV_data/p01/poli/poli_20110210_093627_795_b.sdc 9287 
LRE11_FULL_DEV_data/p01/poli/poli_20110210_150107_797_a.sdc 10323 
LRE11_FULL_DEV_data/p01/poli/poli_20110210_150107_797_b.sdc 16016 
LRE11_FULL_DEV_data/p01/poli/poli_20110211_140159_813_a.sdc 9421 
LRE11_FULL_DEV_data/p01/poli/poli_20110211_140159_813_b.sdc 21080 
LRE11_FULL_DEV_data/p01/poli/poli_20110211_145310_818_a.sdc 10734 
LRE11_FULL_DEV_data/p01/poli/poli_20110211_145310_818_b.sdc 18714 
LRE11_FULL_DEV_data/p01/poli/poli_20110211_150933_819_a.sdc 9645 
LRE11_FULL_DEV_data/p01/poli/poli_20110211_150933_819_b.sdc 23769 
LRE11_FULL_DEV_data/p01/poli/poli_20110211_200044_828_a.sdc 9191 
LRE11_FULL_DEV_data/p01/poli/poli_20110211_200044_828_b.sdc 7180 
LRE11_FULL_DEV_data/p01/poli/poli_20110211_213103_830_a.sdc 15144 
LRE11_FULL_DEV_data/p01/poli/poli_20110211_213103_830_b.sdc 26218 
LRE11_FULL_DEV_data/p01/poli/poli_20110212_102142_839_a.sdc 13497 
LRE11_FULL_DEV_data/p01/poli/poli_20110212_102142_839_b.sdc 18621 
LRE11_FULL_DEV_data/p01/poli/poli_20110212_134620_854_a.sdc 8526 
LRE11_FULL_DEV_data/p01/poli/poli_20110212_134620_854_b.sdc 29265 
LRE11_FULL_DEV_data/p01/poli/poli_20110212_140501_858_a.sdc 10191 
LRE11_FULL_DEV_data/p01/poli/poli_20110212_140501_858_b.sdc 30305 
LRE11_FULL_DEV_data/p01/poli/poli_20110213_123025_883_a.sdc 4947 
LRE11_FULL_DEV_data/p01/poli/poli_20110213_123025_883_b.sdc 42380 
LRE11_FULL_DEV_data/p01/poli/poli_20110213_133303_887_a.sdc 10312 
LRE11_FULL_DEV_data/p01/poli/poli_20110213_133303_887_b.sdc 26071 
LRE11_FULL_DEV_data/p01/poli/poli_20110213_141930_895_a.sdc 7682 
LRE11_FULL_DEV_data/p01/poli/poli_20110213_141930_895_b.sdc 17772 
LRE11_FULL_DEV_data/p01/poli/poli_20110213_161330_911_a.sdc 9142 
LRE11_FULL_DEV_data/p01/poli/poli_20110213_161330_911_b.sdc 15528 
LRE11_FULL_DEV_data/p01/poli/poli_20110213_205322_920_a.sdc 6506 
LRE11_FULL_DEV_data/p01/poli/poli_20110213_205322_920_b.sdc 30639 
LRE11_FULL_DEV_data/p01/poli/poli_20110213_214818_922_a.sdc 11858 
LRE11_FULL_DEV_data/p01/poli/poli_20110213_214818_922_b.sdc 33420 
LRE11_FULL_DEV_data/p01/poli/poli_20110215_200846_943_a.sdc 16340 
LRE11_FULL_DEV_data/p01/poli/poli_20110215_200846_943_b.sdc 17372 
LRE11_FULL_DEV_data/p01/poli/poli_20110217_100409_972_a.sdc 14518 
LRE11_FULL_DEV_data/p01/poli/poli_20110217_100409_972_b.sdc 26880 
LRE11_FULL_DEV_data/p01/poli/poli_20110217_102217_973_a.sdc 9682 
LRE11_FULL_DEV_data/p01/poli/poli_20110217_102217_973_b.sdc 22692 
LRE11_FULL_DEV_data/p01/poli/poli_20110218_130143_1000_a.sdc 17830 
LRE11_FULL_DEV_data/p01/poli/poli_20110218_130143_1000_b.sdc 28616 
sbs_radio/polish/polish_110203_141471_13824_27699_1.sdc 6944 
sbs_radio/polish/polish_110203_141471_1434_13286_0.sdc 5969 
sbs_radio/polish/polish_110203_141471_28928_31027_2.sdc 1054 
sbs_radio/polish/polish_110203_141471_31667_32794_3.sdc 583 
sbs_radio/polish/polish_110203_141471_34483_36454_4.sdc 1002 
sbs_radio/polish/polish_110203_141471_37862_42726_5.sdc 2467 
sbs_radio/polish/polish_110203_141471_44134_46669_6.sdc 1274 
sbs_radio/polish/polish_110203_141471_48486_50150_7.sdc 842 
sbs_radio/polish/polish_110203_141471_51251_54707_8.sdc 1741 
sbs_radio/polish/polish_110203_141471_56448_58675_9.sdc 1092 
sbs_radio/polish/polish_110203_141471_60032_61594_10.sdc 782 
sbs_radio/polish/polish_110203_141471_63053_64947_11.sdc 938 
sbs_radio/polish/polish_110203_141471_65562_66688_12.sdc 566 
sbs_radio/polish/polish_110203_141481_10317_15514_2.sdc 2389 
sbs_radio/polish/polish_110203_141481_16870_21837_3.sdc 2429 
sbs_radio/polish/polish_110203_141481_24115_29107_4.sdc 2566 
sbs_radio/polish/polish_110203_141481_29670_40550_5.sdc 5532 
sbs_radio/polish/polish_110203_141481_40883_42726_6.sdc 899 
sbs_radio/polish/polish_110203_141481_46746_49946_8.sdc 1596 
sbs_radio/polish/polish_110203_141481_4762_7731_0.sdc 1479 
sbs_radio/polish/polish_110203_141481_51302_61670_9.sdc 4978 
sbs_radio/polish/polish_110203_141481_62387_70144_10.sdc 3740 
sbs_radio/polish/polish_110203_141481_72448_75469_11.sdc 1480 
sbs_radio/polish/polish_110203_141481_76390_85504_12.sdc 4373 
sbs_radio/polish/polish_110203_141481_8627_9472_1.sdc 419 
sbs_radio/polish/polish_110203_141481_86323_88704_13.sdc 1134 
sbs_radio/polish/polish_110204_141741_101427_102349_6.sdc 428 
sbs_radio/polish/polish_110204_141741_25088_26010_0.sdc 455 
sbs_radio/polish/polish_110204_141741_76621_78106_2.sdc 743 
sbs_radio/polish/polish_110204_141741_80922_82458_3.sdc 750 
sbs_radio/polish/polish_110204_141751_10010_11264_3.sdc 618 
sbs_radio/polish/polish_110204_141751_11750_15795_4.sdc 2049 
sbs_radio/polish/polish_110204_141751_16307_20070_5.sdc 1916 
sbs_radio/polish/polish_110204_141751_20173_26086_6.sdc 2982 
sbs_radio/polish/polish_110204_141751_27290_28390_7.sdc 554 
sbs_radio/polish/polish_110204_141751_28774_34483_8.sdc 2951 
sbs_radio/polish/polish_110204_141751_3174_4813_0.sdc 828 
sbs_radio/polish/polish_110204_141751_35968_39322_9.sdc 1648 
sbs_radio/polish/polish_110204_141751_40397_45747_10.sdc 2755 
sbs_radio/polish/polish_110204_141751_48461_53402_12.sdc 2526 
sbs_radio/polish/polish_110204_141751_54221_57728_13.sdc 1774 
sbs_radio/polish/polish_110204_141751_5453_8218_1.sdc 1353 
sbs_radio/polish/polish_110204_141751_59264_62234_15.sdc 1484 
sbs_radio/polish/polish_110204_141751_8499_9702_2.sdc 593 
sbs_radio/polish/polish_110225_146947_11878_15795_1.sdc 2013 
sbs_radio/polish/polish_110225_146947_16205_22272_2.sdc 3027 
sbs_radio/polish/polish_110225_146947_22707_40707_3.sdc 9166 
sbs_radio/polish/polish_110225_146947_3149_11341_0.sdc 4216 
sbs_radio/polish/polish_110225_146947_46182_62438_4.sdc 8412 
sbs_radio/polish/polish_110225_146947_66509_69402_5.sdc 1443 
sbs_radio/polish/polish_110225_146947_69811_87811_6.sdc 9277 
sbs_radio/polish/polish_110225_146947_93082_105728_7.sdc 6390 
sbs_radio/polish/polish_110225_146967_1587_4992_0.sdc 1743 
sbs_radio/polish/polish_110225_146967_16077_23731_2.sdc 3932 
sbs_radio/polish/polish_110225_146967_25856_35405_3.sdc 4789 
sbs_radio/polish/polish_110225_146967_36045_38323_4.sdc 1140 
sbs_radio/polish/polish_110225_146967_39526_50688_5.sdc 5556 
sbs_radio/polish/polish_110225_146967_52710_58291_6.sdc 2765 
sbs_radio/polish/polish_110225_146967_60826_66125_7.sdc 2704 
sbs_radio/polish/polish_110225_146967_6579_14669_1.sdc 4181 
sbs_radio/polish/polish_110225_146967_67968_69914_8.sdc 985 
sbs_radio/polish/polish_110225_146967_71552_84122_9.sdc 6382 
sbs_radio/polish/polish_110302_147981_101402_109030_12.sdc 3929 
sbs_radio/polish/polish_110302_147981_111053_129053_13.sdc 8464 
sbs_radio/polish/polish_110302_147981_136474_147738_14.sdc 5199 
sbs_radio/polish/polish_110302_147981_147994_152550_15.sdc 2303 
sbs_radio/polish/polish_110302_147981_156134_158259_16.sdc 969 
sbs_radio/polish/polish_110302_147981_160307_166835_17.sdc 3308 
sbs_radio/polish/polish_110302_147981_1741_7654_0.sdc 2983 
sbs_radio/polish/polish_110302_147981_18022_28365_2.sdc 5284 
sbs_radio/polish/polish_110302_147981_29542_40781_3.sdc 5680 
sbs_radio/polish/polish_110302_147981_41165_45542_4.sdc 2172 
sbs_radio/polish/polish_110302_147981_47104_56832_5.sdc 4611 
sbs_radio/polish/polish_110302_147981_57421_65126_6.sdc 3876 
sbs_radio/polish/polish_110302_147981_65485_67456_7.sdc 999 
sbs_radio/polish/polish_110302_147981_69427_76621_8.sdc 3592 
sbs_radio/polish/polish_110302_147981_77619_85478_9.sdc 3737 
sbs_radio/polish/polish_110302_147981_8115_16435_1.sdc 4218 
sbs_radio/polish/polish_110302_147981_87680_90803_10.sdc 1552 
sbs_radio/polish/polish_110302_147981_91802_95872_11.sdc 2062 
sbs_radio/polish/polish_110309_149622_19917_29619_2.sdc 4875 
sbs_radio/polish/polish_110309_149622_31104_35456_3.sdc 2218 
sbs_radio/polish/polish_110309_149622_3405_5222_0.sdc 899 
sbs_radio/polish/polish_110309_149622_37862_41267_4.sdc 1723 
sbs_radio/polish/polish_110309_149622_42752_49638_5.sdc 3466 
sbs_radio/polish/polish_110309_149622_50509_55168_6.sdc 2327 
sbs_radio/polish/polish_110309_149622_57984_65101_7.sdc 3657 
sbs_radio/polish/polish_110309_149622_6400_17690_1.sdc 5450 
sbs_radio/polish/polish_110316_151292_12186_14490_4.sdc 1155 
sbs_radio/polish/polish_110316_151292_18560_20966_5.sdc 1206 
sbs_radio/polish/polish_110316_151292_22886_23987_6.sdc 551 
sbs_radio/polish/polish_110316_151292_3149_4122_0.sdc 446 
sbs_radio/polish/polish_110316_151292_43187_44058_8.sdc 413 
sbs_radio/polish/polish_110316_151292_46899_51430_9.sdc 2285 
sbs_radio/polish/polish_110316_151292_58522_59622_11.sdc 535 
sbs_radio/polish/polish_110316_151292_59981_62182_12.sdc 1113 
sbs_radio/polish/polish_110316_151292_64538_65792_13.sdc 609 
sbs_radio/polish/polish_110316_151292_66432_68608_14.sdc 1092 
sbs_radio/polish/polish_110316_151292_69043_71117_15.sdc 1038 
sbs_radio/polish/polish_110316_151292_71603_73498_16.sdc 928 
sbs_radio/polish/polish_110316_151292_73677_75290_17.sdc 797 
sbs_radio/polish/polish_110316_151292_75827_79437_18.sdc 1819 
sbs_radio/polish/polish_110316_151292_81613_83635_19.sdc 1030 
sbs_radio/polish/polish_110316_151292_88013_95232_21.sdc 3650 
sbs_radio/polish/polish_110316_151292_9088_10086_3.sdc 489 
sbs_radio/polish/polish_110318_151912_1203_2842_0.sdc 802 
sbs_radio/polish/polish_110318_151912_14618_16333_5.sdc 863 
sbs_radio/polish/polish_110318_151912_18278_19840_6.sdc 770 
sbs_radio/polish/polish_110318_151912_30925_32640_7.sdc 861 
sbs_radio/polish/polish_110318_151912_33050_35123_8.sdc 1026 
sbs_radio/polish/polish_110318_151912_42957_44416_9.sdc 738 
sbs_radio/polish/polish_110318_151912_49613_50842_12.sdc 614 
sbs_radio/polish/polish_110318_151912_51686_52787_13.sdc 538 
sbs_radio/polish/polish_110318_151912_55219_56192_15.sdc 477 
sbs_radio/polish/polish_110318_151912_56755_57702_16.sdc 460 
sbs_radio/polish/polish_110318_151912_6016_8243_2.sdc 1102 
sbs_radio/polish/polish_110318_151912_8576_9472_3.sdc 423 
sbs_radio/polish/polish_110318_151912_9907_11136_4.sdc 616 
sbs_radio/polish/polish_110318_151922_17459_18355_1.sdc 441 
sbs_radio/polish/polish_110318_151922_21658_23270_2.sdc 789 
sbs_radio/polish/polish_110321_152436_10547_12390_3.sdc 931 
sbs_radio/polish/polish_110321_152436_14694_20864_4.sdc 3181 
sbs_radio/polish/polish_110321_152436_27366_28749_5.sdc 680 
sbs_radio/polish/polish_110321_152436_29338_30746_6.sdc 672 
sbs_radio/polish/polish_110321_152436_57446_58573_9.sdc 544 
sbs_radio/polish/polish_110322_152701_35917_36941_6.sdc 506 
sbs_radio/polish/polish_110322_152701_46336_48538_8.sdc 955 
sbs_radio/polish/polish_110325_153451_18790_36790_1.sdc 7316 
sbs_radio/polish/polish_110325_153451_2509_15078_0.sdc 5445 
sbs_radio/polish/polish_110401_155161_13133_16000_4.sdc 1392 
sbs_radio/polish/polish_110401_155161_16614_18176_5.sdc 745 
sbs_radio/polish/polish_110401_155161_26496_27802_7.sdc 625 
sbs_radio/polish/polish_110401_155161_30208_31360_9.sdc 560 
sbs_radio/polish/polish_110401_155161_38502_39501_10.sdc 451 
sbs_radio/polish/polish_110401_155161_39987_42061_11.sdc 1006 
sbs_radio/polish/polish_110401_155161_42470_43981_12.sdc 740 
sbs_radio/polish/polish_110401_155161_44109_45926_13.sdc 768 
sbs_radio/polish/polish_110401_155161_46285_47283_14.sdc 487 
sbs_radio/polish/polish_110401_155161_48973_51200_15.sdc 1110 
sbs_radio/polish/polish_110401_155161_5018_5914_1.sdc 430 
sbs_radio/polish/polish_110401_155161_54400_55398_17.sdc 505 
sbs_radio/polish/polish_110401_155161_55808_60544_18.sdc 2079 
sbs_radio/polish/polish_110401_155161_6016_7859_2.sdc 891 
sbs_radio/polish/polish_110401_155161_60749_61747_19.sdc 485 
sbs_radio/polish/polish_110401_155161_61952_64179_20.sdc 1130 
sbs_radio/polish/polish_110401_155161_64666_67123_21.sdc 1191 
sbs_radio/polish/polish_110401_155161_67430_68454_22.sdc 488 
sbs_radio/polish/polish_110401_155166_10854_12518_2.sdc 802 
sbs_radio/polish/polish_110401_155166_16563_17766_3.sdc 590 
sbs_radio/polish/polish_110401_155166_22323_23296_5.sdc 468 
sbs_radio/polish/polish_110401_155166_32819_33664_8.sdc 409 
sbs_radio/polish/polish_110401_155166_35584_37555_9.sdc 991 
sbs_radio/polish/polish_110401_155166_41958_43059_11.sdc 544 
sbs_radio/polish/polish_110401_155166_4250_6528_0.sdc 1128 
sbs_radio/polish/polish_110401_155166_43238_44826_12.sdc 802 
sbs_radio/polish/polish_110401_155166_46925_49024_13.sdc 1049 
sbs_radio/polish/polish_110401_155166_53939_54912_15.sdc 477 
sbs_radio/polish/polish_110401_155166_55962_57062_16.sdc 555 
sbs_radio/polish/polish_110401_155166_58880_59699_17.sdc 410 
sbs_radio/polish/polish_110401_155166_62566_63488_18.sdc 442 
sbs_radio/polish/polish_110401_155166_69965_73702_20.sdc 1907 
sbs_radio/polish/polish_110401_155166_7834_10112_1.sdc 1139 
sbs_radio/polish/polish_110405_155866_10291_11904_3.sdc 769 
sbs_radio/polish/polish_110405_155866_128_1101_0.sdc 475 
sbs_radio/polish/polish_110405_155866_13133_14285_4.sdc 564 
sbs_radio/polish/polish_110405_155866_14797_15898_5.sdc 540 
sbs_radio/polish/polish_110405_155866_23936_24883_7.sdc 469 
sbs_radio/polish/polish_110405_155866_4813_6963_1.sdc 1062 
sbs_radio/polish/polish_110405_155866_7987_9139_2.sdc 560 
sbs_radio/polish/polish_110408_156826_13030_13901_4.sdc 422 
sbs_radio/polish/polish_110408_156826_1766_3174_0.sdc 702 
sbs_radio/polish/polish_110408_156826_3482_6477_1.sdc 1542 
sbs_radio/polish/polish_110408_156826_8704_9574_2.sdc 425 
sbs_radio/polish/polish_110408_156836_110438_112845_14.sdc 1070 
sbs_radio/polish/polish_110408_156836_116608_121242_16.sdc 1769 
sbs_radio/polish/polish_110408_156836_121344_122445_17.sdc 518 
sbs_radio/polish/polish_110408_156836_122931_124723_18.sdc 744 
sbs_radio/polish/polish_110408_156836_61440_62362_0.sdc 449 
sbs_radio/polish/polish_110408_156836_62720_64742_1.sdc 755 
sbs_radio/polish/polish_110408_156836_65741_66970_2.sdc 524 
sbs_radio/polish/polish_110408_156836_69658_72550_4.sdc 1094 
sbs_radio/polish/polish_110408_156836_76621_78259_6.sdc 764 
sbs_radio/polish/polish_110408_156836_88038_89574_9.sdc 650 
sbs_radio/polish/polish_110408_156836_90035_92160_10.sdc 1028 
sbs_radio/polish/polish_110408_156836_93286_94259_11.sdc 422 
sbs_radio/polish/polish_110408_156836_95974_100352_12.sdc 1735 
sbs_radio/polish/polish_110418_159026_15002_22784_1.sdc 3875 
sbs_radio/polish/polish_110418_159026_24038_36941_2.sdc 6418 
sbs_radio/polish/polish_110418_159026_3738_13901_0.sdc 5085 
sbs_radio/polish/polish_110418_159026_38835_51302_3.sdc 6307 
sbs_radio/polish/polish_110418_159026_51584_53811_4.sdc 1128 
sbs_radio/polish/polish_110418_159026_55475_73475_5.sdc 9322 
sbs_radio/polish/polish_110418_159026_81843_94490_6.sdc 6304 
sbs_radio/polish/polish_110425_161011_16819_17818_1.sdc 479 
sbs_radio/polish/polish_110425_161011_18893_22758_2.sdc 1942 
sbs_radio/polish/polish_110425_161011_1997_16000_0.sdc 5945 
sbs_radio/polish/polish_110425_161011_23962_30541_3.sdc 3168 
sbs_radio/polish/polish_110425_161011_32589_36173_4.sdc 1802 
sbs_radio/polish/polish_110425_161011_36992_40627_5.sdc 1863 
sbs_radio/polish/polish_110425_161011_41933_47590_6.sdc 2677 
sbs_radio/polish/polish_110425_161011_53939_66048_9.sdc 6220 
sbs_radio/polish/polish_110425_161011_67814_68813_10.sdc 494 
sbs_radio/polish/polish_110426_161251_18970_20326_2.sdc 674 
sbs_radio/polish/polish_110426_161251_23398_24397_3.sdc 496 
sbs_radio/polish/polish_110426_161251_29235_30131_5.sdc 430 
sbs_radio/polish/polish_110426_161251_33331_34406_6.sdc 546 
sbs_radio/polish/polish_110426_161251_4198_6400_1.sdc 1111 
sbs_radio/polish/polish_110426_161251_47667_48794_8.sdc 556 
sbs_radio/polish/polish_110426_161251_63488_64768_12.sdc 630 
sbs_radio/polish/polish_110426_161251_76134_77261_14.sdc 558 
sbs_radio/polish/polish_110426_161266_1382_4224_0.sdc 1413 
sbs_radio/polish/polish_110426_161266_25574_29619_4.sdc 2062 
sbs_radio/polish/polish_110426_161266_30157_48157_5.sdc 8657 
sbs_radio/polish/polish_110426_161266_4710_7270_1.sdc 1295 
sbs_radio/polish/polish_110426_161266_65050_70451_6.sdc 2771 
sbs_radio/polish/polish_110426_161266_71654_80333_7.sdc 4429 
sbs_radio/polish/polish_110426_161266_7834_9549_2.sdc 862 
sbs_radio/polish/polish_110426_161266_80998_83891_8.sdc 1459 
sbs_radio/polish/polish_110426_161266_9882_24781_3.sdc 7466 
sbs_radio/polish/polish_110509_164411_127565_135347_8.sdc 4007 
sbs_radio/polish/polish_110509_164411_29670_44518_2.sdc 7431 
sbs_radio/polish/polish_110509_164411_45184_60800_3.sdc 8068 
sbs_radio/polish/polish_110509_164411_4992_22992_1.sdc 8603 
sbs_radio/polish/polish_110509_164411_62131_73267_4.sdc 5657 
sbs_radio/polish/polish_110509_164411_73344_83558_5.sdc 5102 
sbs_radio/polish/polish_110509_164411_84198_92314_6.sdc 4067 
sbs_radio/polish/polish_110509_164411_92570_110570_7.sdc 9267 
sbs_radio/polish/polish_110509_164451_11725_13363_1.sdc 832 
sbs_radio/polish/polish_110509_164451_307_11034_0.sdc 5374 
sbs_radio/polish/polish_110516_166151_13798_22758_0.sdc 4443 
sbs_radio/polish/polish_110520_167351_100762_102656_13.sdc 923 
sbs_radio/polish/polish_110520_167351_65075_66048_5.sdc 446 
sbs_radio/polish/polish_110520_167351_70502_72371_6.sdc 921 
sbs_radio/polish/polish_110520_167351_81843_83046_9.sdc 586 
sbs_radio/polish/polish_110520_167351_84454_85606_10.sdc 560 
sbs_radio/polish/polish_110520_167351_85888_87194_11.sdc 635 
sbs_radio/polish/polish_110601_169861_10112_12339_1.sdc 1103 
sbs_radio/polish/polish_110601_169861_12621_17203_2.sdc 2301 
sbs_radio/polish/polish_110601_169861_1331_9293_0.sdc 4033 
sbs_radio/polish/polish_110601_169861_17664_22912_3.sdc 2655 
sbs_radio/polish/polish_110601_169861_24602_25702_4.sdc 537 
sbs_radio/polish/polish_110602_170126_0_18000_0.sdc 8048 
sbs_radio/polish/polish_110606_171061_0_18000_0.sdc 9132 
sbs_radio/polish/polish_110606_171066_14746_15616_0.sdc 421 
sbs_radio/polish/polish_110614_173111_11187_12595_3.sdc 699 
sbs_radio/polish/polish_110614_173111_15155_17818_4.sdc 1326 
sbs_radio/polish/polish_110614_173111_1562_3891_0.sdc 1172 
sbs_radio/polish/polish_110614_173111_19686_24448_6.sdc 2446 
sbs_radio/polish/polish_110614_173111_25472_27597_7.sdc 1043 
sbs_radio/polish/polish_110614_173111_34995_36608_8.sdc 798 
sbs_radio/polish/polish_110614_173111_38144_39014_10.sdc 416 
sbs_radio/polish/polish_110614_173111_39885_42598_11.sdc 1336 
sbs_radio/polish/polish_110614_173111_43085_43930_12.sdc 413 
sbs_radio/polish/polish_110614_173111_45594_48973_13.sdc 1713 
sbs_radio/polish/polish_110614_173111_8038_10650_2.sdc 1328 
sbs_radio/polish/polish_110622_175046_105677_107315_24.sdc 808 
sbs_radio/polish/polish_110622_175046_108979_110822_25.sdc 933 
sbs_radio/polish/polish_110622_175046_111488_114048_26.sdc 1247 
sbs_radio/polish/polish_110622_175046_116070_117683_27.sdc 798 
sbs_radio/polish/polish_110622_175046_119987_122394_28.sdc 1085 
sbs_radio/polish/polish_110622_175046_123341_124288_29.sdc 469 
sbs_radio/polish/polish_110622_175046_13875_19942_2.sdc 3018 
sbs_radio/polish/polish_110622_175046_20838_25702_3.sdc 2447 
sbs_radio/polish/polish_110622_175046_26035_28493_4.sdc 1234 
sbs_radio/polish/polish_110622_175046_2842_6682_0.sdc 1962 
sbs_radio/polish/polish_110622_175046_28979_31386_5.sdc 1152 
sbs_radio/polish/polish_110622_175046_32128_34458_6.sdc 1178 
sbs_radio/polish/polish_110622_175046_35149_41114_7.sdc 3002 
sbs_radio/polish/polish_110622_175046_42752_46950_8.sdc 2102 
sbs_radio/polish/polish_110622_175046_48435_49510_9.sdc 530 
sbs_radio/polish/polish_110622_175046_51123_54758_10.sdc 1828 
sbs_radio/polish/polish_110622_175046_56602_61210_11.sdc 2254 
sbs_radio/polish/polish_110622_175046_62387_67482_12.sdc 2579 
sbs_radio/polish/polish_110622_175046_68019_71962_13.sdc 1973 
sbs_radio/polish/polish_110622_175046_7091_12979_1.sdc 2991 
sbs_radio/polish/polish_110622_175046_72448_73702_14.sdc 634 
sbs_radio/polish/polish_110622_175046_74701_76928_15.sdc 1100 
sbs_radio/polish/polish_110622_175046_78618_80563_17.sdc 980 
sbs_radio/polish/polish_110622_175046_81715_84838_18.sdc 1591 
sbs_radio/polish/polish_110622_175046_85453_87706_19.sdc 1144 
sbs_radio/polish/polish_110622_175046_89114_91264_20.sdc 1095 
sbs_radio/polish/polish_110622_175046_92493_96333_21.sdc 1916 
sbs_radio/polish/polish_110622_175046_96973_98150_22.sdc 581 
sbs_radio/polish/polish_110622_175046_99942_104858_23.sdc 2385 
sbs_radio/polish/polish_110622_175051_12979_13875_3.sdc 444 
sbs_radio/polish/polish_110622_175051_16358_17408_4.sdc 492 
sbs_radio/polish/polish_110622_175051_17690_18611_5.sdc 445 
sbs_radio/polish/polish_110622_175051_20582_22758_7.sdc 1082 
sbs_radio/polish/polish_110622_175051_23142_26522_8.sdc 1727 
sbs_radio/polish/polish_110622_175051_27187_29107_9.sdc 943 
sbs_radio/polish/polish_110622_175051_666_6144_0.sdc 2556 
sbs_radio/polish/polish_110622_175051_8960_10317_2.sdc 608 
sbs_radio/polish/polish_110622_175061_16666_24755_2.sdc 3433 
sbs_radio/polish/polish_110622_175061_25702_38170_3.sdc 5916 
sbs_radio/polish/polish_110622_175061_40448_51405_4.sdc 5240 
sbs_radio/polish/polish_110622_175061_52045_65562_5.sdc 6865 
sbs_radio/polish/polish_110622_175061_6016_7142_0.sdc 542 
sbs_radio/polish/polish_110622_175061_66534_76160_6.sdc 4929 
sbs_radio/polish/polish_110622_175061_77158_88269_7.sdc 5675 
sbs_radio/polish/polish_110622_175061_8499_15949_1.sdc 3269 
sbs_radio/polish/polish_110622_175061_89370_97587_8.sdc 3687 
sbs_radio/polish/polish_110622_175061_99046_111974_9.sdc 5545 
