LRE11_FULL_DEV_data/p01/panj/panj_20110308_233616_1402_a.sdc 11297 
LRE11_FULL_DEV_data/p01/panj/panj_20110308_233616_1402_b.sdc 11476 
LRE11_FULL_DEV_data/p01/panj/panj_20110308_235552_1404_a.sdc 10922 
LRE11_FULL_DEV_data/p01/panj/panj_20110308_235552_1404_b.sdc 12423 
LRE11_FULL_DEV_data/p01/panj/panj_20110309_002935_1405_a.sdc 10460 
LRE11_FULL_DEV_data/p01/panj/panj_20110309_002935_1405_b.sdc 18214 
LRE11_FULL_DEV_data/p01/panj/panj_20110309_004420_1406_a.sdc 7965 
LRE11_FULL_DEV_data/p01/panj/panj_20110309_004420_1406_b.sdc 5830 
LRE11_FULL_DEV_data/p01/panj/panj_20110311_012031_1421_a.sdc 23775 
LRE11_FULL_DEV_data/p01/panj/panj_20110311_012031_1421_b.sdc 13894 
LRE11_FULL_DEV_data/p01/panj/panj_20110311_014406_1423_a.sdc 10774 
LRE11_FULL_DEV_data/p01/panj/panj_20110311_014406_1423_b.sdc 21177 
LRE11_FULL_DEV_data/p01/panj/panj_20110311_021038_1424_a.sdc 20900 
LRE11_FULL_DEV_data/p01/panj/panj_20110311_021038_1424_b.sdc 16975 
LRE11_FULL_DEV_data/p01/panj/panj_20110311_023033_1425_a.sdc 12504 
LRE11_FULL_DEV_data/p01/panj/panj_20110311_023033_1425_b.sdc 21337 
LRE11_FULL_DEV_data/p01/panj/panj_20110311_105617_1427_a.sdc 11582 
LRE11_FULL_DEV_data/p01/panj/panj_20110311_105617_1427_b.sdc 20705 
LRE11_FULL_DEV_data/p01/panj/panj_20110311_220747_1433_a.sdc 18862 
LRE11_FULL_DEV_data/p01/panj/panj_20110311_220747_1433_b.sdc 16999 
LRE11_FULL_DEV_data/p01/panj/panj_20110312_093033_1440_a.sdc 10313 
LRE11_FULL_DEV_data/p01/panj/panj_20110312_093033_1440_b.sdc 16186 
LRE11_FULL_DEV_data/p01/panj/panj_20110312_094230_1441_a.sdc 17619 
LRE11_FULL_DEV_data/p01/panj/panj_20110312_094230_1441_b.sdc 15147 
LRE11_FULL_DEV_data/p01/panj/panj_20110312_101019_1444_a.sdc 15244 
LRE11_FULL_DEV_data/p01/panj/panj_20110312_101019_1444_b.sdc 16554 
LRE11_FULL_DEV_data/p01/panj/panj_20110312_105926_1446_a.sdc 3733 
LRE11_FULL_DEV_data/p01/panj/panj_20110312_105926_1446_b.sdc 7321 
LRE11_FULL_DEV_data/p01/panj/panj_20110312_120808_1451_a.sdc 9013 
LRE11_FULL_DEV_data/p01/panj/panj_20110312_120808_1451_b.sdc 18309 
LRE11_FULL_DEV_data/p01/panj/panj_20110312_123404_1454_a.sdc 6521 
LRE11_FULL_DEV_data/p01/panj/panj_20110312_123404_1454_b.sdc 7978 
LRE11_FULL_DEV_data/p01/panj/panj_20110312_125435_1456_a.sdc 10274 
LRE11_FULL_DEV_data/p01/panj/panj_20110312_125435_1456_b.sdc 14454 
LRE11_FULL_DEV_data/p01/panj/panj_20110312_132558_1458_a.sdc 18146 
LRE11_FULL_DEV_data/p01/panj/panj_20110312_132558_1458_b.sdc 23881 
LRE11_FULL_DEV_data/p01/panj/panj_20110314_132027_1488_a.sdc 13803 
LRE11_FULL_DEV_data/p01/panj/panj_20110314_132027_1488_b.sdc 16934 
LRE11_FULL_DEV_data/p01/panj/panj_20110314_132227_1489_a.sdc 13445 
LRE11_FULL_DEV_data/p01/panj/panj_20110314_132227_1489_b.sdc 17632 
LRE11_FULL_DEV_data/p01/panj/panj_20110314_140213_1491_a.sdc 7084 
LRE11_FULL_DEV_data/p01/panj/panj_20110314_140213_1491_b.sdc 8586 
LRE11_FULL_DEV_data/p01/panj/panj_20110314_141730_1492_a.sdc 16343 
LRE11_FULL_DEV_data/p01/panj/panj_20110314_141730_1492_b.sdc 12034 
LRE11_FULL_DEV_data/p01/panj/panj_20110314_143229_1493_a.sdc 12975 
LRE11_FULL_DEV_data/p01/panj/panj_20110314_143229_1493_b.sdc 14771 
LRE11_FULL_DEV_data/p01/panj/panj_20110314_144617_1494_a.sdc 12670 
LRE11_FULL_DEV_data/p01/panj/panj_20110314_144617_1494_b.sdc 15336 
LRE11_FULL_DEV_data/p01/panj/panj_20110315_001138_1500_a.sdc 8172 
LRE11_FULL_DEV_data/p01/panj/panj_20110315_001138_1500_b.sdc 30302 
sbs_radio/punjabi/punjabi_110208_142617_0_9498_0.sdc 4821 
sbs_radio/punjabi/punjabi_110208_142617_12160_13542_2.sdc 666 
sbs_radio/punjabi/punjabi_110208_142617_14362_23168_3.sdc 4503 
sbs_radio/punjabi/punjabi_110208_142617_23731_35302_4.sdc 5927 
sbs_radio/punjabi/punjabi_110208_142617_36045_37709_5.sdc 842 
sbs_radio/punjabi/punjabi_110208_142617_38374_41779_6.sdc 1708 
sbs_radio/punjabi/punjabi_110208_142617_42419_51354_7.sdc 4579 
sbs_radio/punjabi/punjabi_110208_142617_52403_55245_8.sdc 1419 
sbs_radio/punjabi/punjabi_110208_142617_9933_11674_1.sdc 890 
sbs_radio/punjabi/punjabi_110208_142627_11187_14438_4.sdc 1675 
sbs_radio/punjabi/punjabi_110208_142627_14848_16640_5.sdc 885 
sbs_radio/punjabi/punjabi_110208_142627_1613_3379_0.sdc 897 
sbs_radio/punjabi/punjabi_110208_142627_17280_19533_6.sdc 1153 
sbs_radio/punjabi/punjabi_110208_142627_20301_25293_7.sdc 2540 
sbs_radio/punjabi/punjabi_110208_142627_26342_27776_8.sdc 712 
sbs_radio/punjabi/punjabi_110208_142627_28211_38938_9.sdc 5532 
sbs_radio/punjabi/punjabi_110208_142627_40704_42906_10.sdc 1084 
sbs_radio/punjabi/punjabi_110208_142627_4301_5914_1.sdc 822 
sbs_radio/punjabi/punjabi_110208_142627_6861_8781_2.sdc 958 
sbs_radio/punjabi/punjabi_110215_144341_10598_14618_3.sdc 2038 
sbs_radio/punjabi/punjabi_110215_144341_15437_18893_4.sdc 1766 
sbs_radio/punjabi/punjabi_110215_144341_1715_6605_0.sdc 2515 
sbs_radio/punjabi/punjabi_110215_144341_19354_20890_5.sdc 764 
sbs_radio/punjabi/punjabi_110215_144341_21453_26189_6.sdc 2402 
sbs_radio/punjabi/punjabi_110215_144341_26880_30566_7.sdc 1870 
sbs_radio/punjabi/punjabi_110215_144341_31514_32845_8.sdc 658 
sbs_radio/punjabi/punjabi_110215_144341_33638_35917_9.sdc 1154 
sbs_radio/punjabi/punjabi_110215_144341_39450_40883_10.sdc 729 
sbs_radio/punjabi/punjabi_110215_144341_7270_8499_1.sdc 616 
sbs_radio/punjabi/punjabi_110215_144341_9114_9958_2.sdc 417 
sbs_radio/punjabi/punjabi_110215_144351_15232_17766_4.sdc 1261 
sbs_radio/punjabi/punjabi_110215_144351_19968_21914_5.sdc 994 
sbs_radio/punjabi/punjabi_110215_144351_22374_26086_6.sdc 1901 
sbs_radio/punjabi/punjabi_110215_144351_3046_6195_1.sdc 1592 
sbs_radio/punjabi/punjabi_110215_144351_7834_11699_2.sdc 1974 
sbs_radio/punjabi/punjabi_110215_144356_0_5581_0.sdc 2843 
sbs_radio/punjabi/punjabi_110215_144356_11162_13645_2.sdc 1263 
sbs_radio/punjabi/punjabi_110215_144356_14336_15872_3.sdc 765 
sbs_radio/punjabi/punjabi_110215_144356_17152_19686_4.sdc 1284 
sbs_radio/punjabi/punjabi_110215_144356_21069_26854_5.sdc 2936 
sbs_radio/punjabi/punjabi_110215_144356_27546_30464_6.sdc 1483 
sbs_radio/punjabi/punjabi_110215_144356_32947_35942_8.sdc 1518 
sbs_radio/punjabi/punjabi_110215_144356_36634_38246_9.sdc 795 
sbs_radio/punjabi/punjabi_110215_144356_39066_50714_10.sdc 5956 
sbs_radio/punjabi/punjabi_110215_144356_51558_53043_11.sdc 751 
sbs_radio/punjabi/punjabi_110215_144356_6246_9933_1.sdc 1904 
sbs_radio/punjabi/punjabi_110217_144862_16026_20275_2.sdc 2172 
sbs_radio/punjabi/punjabi_110217_144862_2022_6758_0.sdc 2355 
sbs_radio/punjabi/punjabi_110217_144862_22272_40272_3.sdc 9248 
sbs_radio/punjabi/punjabi_110217_144862_41805_46771_4.sdc 2559 
sbs_radio/punjabi/punjabi_110217_144862_47616_52250_5.sdc 2365 
sbs_radio/punjabi/punjabi_110217_144862_52992_54374_6.sdc 691 
sbs_radio/punjabi/punjabi_110217_144862_55834_56806_7.sdc 477 
sbs_radio/punjabi/punjabi_110217_144862_7194_15437_1.sdc 4221 
sbs_radio/punjabi/punjabi_110217_144867_12723_15462_3.sdc 1380 
sbs_radio/punjabi/punjabi_110217_144867_16717_19533_4.sdc 1434 
sbs_radio/punjabi/punjabi_110217_144867_20557_23066_5.sdc 1183 
sbs_radio/punjabi/punjabi_110217_144867_24653_28134_6.sdc 1718 
sbs_radio/punjabi/punjabi_110217_144867_29466_31232_7.sdc 857 
sbs_radio/punjabi/punjabi_110217_144867_3302_5837_1.sdc 1249 
sbs_radio/punjabi/punjabi_110217_144867_33894_41677_8.sdc 3927 
sbs_radio/punjabi/punjabi_110217_144867_42445_47974_9.sdc 2767 
sbs_radio/punjabi/punjabi_110217_144867_49971_53094_10.sdc 1603 
sbs_radio/punjabi/punjabi_110217_144867_53811_56448_11.sdc 1331 
sbs_radio/punjabi/punjabi_110217_144867_6502_11418_2.sdc 2250 
sbs_radio/punjabi/punjabi_110224_146602_12339_13286_4.sdc 474 
sbs_radio/punjabi/punjabi_110224_146602_13722_14925_5.sdc 598 
sbs_radio/punjabi/punjabi_110224_146602_1485_3661_0.sdc 1110 
sbs_radio/punjabi/punjabi_110224_146602_21325_22682_8.sdc 666 
sbs_radio/punjabi/punjabi_110224_146602_23296_24141_9.sdc 407 
sbs_radio/punjabi/punjabi_110224_146602_26419_27699_10.sdc 626 
sbs_radio/punjabi/punjabi_110224_146602_29389_30541_11.sdc 584 
sbs_radio/punjabi/punjabi_110224_146602_4480_5504_1.sdc 508 
sbs_radio/punjabi/punjabi_110224_146602_6605_8192_2.sdc 804 
sbs_radio/punjabi/punjabi_110224_146602_9984_11546_3.sdc 764 
sbs_radio/punjabi/punjabi_110224_146607_13363_15002_1.sdc 829 
sbs_radio/punjabi/punjabi_110224_146607_1408_12544_0.sdc 5548 
sbs_radio/punjabi/punjabi_110224_146607_15718_19533_2.sdc 1883 
sbs_radio/punjabi/punjabi_110224_146607_20070_21965_3.sdc 934 
sbs_radio/punjabi/punjabi_110224_146607_23066_26291_4.sdc 1649 
sbs_radio/punjabi/punjabi_110224_146607_28134_29184_5.sdc 509 
sbs_radio/punjabi/punjabi_110224_146612_10010_11187_2.sdc 589 
sbs_radio/punjabi/punjabi_110224_146612_12186_15002_3.sdc 1409 
sbs_radio/punjabi/punjabi_110224_146612_16282_17178_4.sdc 440 
sbs_radio/punjabi/punjabi_110224_146612_18662_20915_5.sdc 1129 
sbs_radio/punjabi/punjabi_110224_146612_2074_5197_0.sdc 1560 
sbs_radio/punjabi/punjabi_110224_146612_22989_25498_6.sdc 1236 
sbs_radio/punjabi/punjabi_110224_146612_26496_30029_7.sdc 1777 
sbs_radio/punjabi/punjabi_110224_146612_6477_8320_1.sdc 920 
sbs_radio/punjabi/punjabi_110224_146617_15642_24141_3.sdc 4362 
sbs_radio/punjabi/punjabi_110224_146617_2202_3994_0.sdc 893 
sbs_radio/punjabi/punjabi_110224_146617_26752_32051_4.sdc 2694 
sbs_radio/punjabi/punjabi_110224_146617_32947_34970_5.sdc 1035 
sbs_radio/punjabi/punjabi_110224_146617_35635_37555_6.sdc 969 
sbs_radio/punjabi/punjabi_110224_146617_39270_44083_7.sdc 2451 
sbs_radio/punjabi/punjabi_110224_146617_45926_47309_8.sdc 684 
sbs_radio/punjabi/punjabi_110224_146617_4813_7398_1.sdc 1312 
sbs_radio/punjabi/punjabi_110224_146617_48358_51533_9.sdc 1609 
sbs_radio/punjabi/punjabi_110224_146617_52634_59469_10.sdc 3514 
sbs_radio/punjabi/punjabi_110224_146617_59904_61619_11.sdc 858 
sbs_radio/punjabi/punjabi_110224_146617_63104_64102_12.sdc 449 
sbs_radio/punjabi/punjabi_110224_146617_9830_12954_2.sdc 1577 
sbs_radio/punjabi/punjabi_110303_148301_19507_23757_2.sdc 2170 
sbs_radio/punjabi/punjabi_110303_148301_24730_33178_3.sdc 4270 
sbs_radio/punjabi/punjabi_110303_148301_33920_39066_4.sdc 2629 
sbs_radio/punjabi/punjabi_110303_148301_40269_48179_5.sdc 4078 
sbs_radio/punjabi/punjabi_110303_148301_50304_52890_6.sdc 1329 
sbs_radio/punjabi/punjabi_110303_148301_8243_17843_1.sdc 4925 
sbs_radio/punjabi/punjabi_110303_148301_922_7475_0.sdc 3341 
sbs_radio/punjabi/punjabi_110303_148311_10291_12544_2.sdc 1127 
sbs_radio/punjabi/punjabi_110303_148311_12877_15386_3.sdc 1284 
sbs_radio/punjabi/punjabi_110303_148311_16845_21581_4.sdc 2354 
sbs_radio/punjabi/punjabi_110303_148311_1971_6221_0.sdc 2118 
sbs_radio/punjabi/punjabi_110303_148311_21888_23885_5.sdc 1008 
sbs_radio/punjabi/punjabi_110303_148311_24730_26829_6.sdc 1064 
sbs_radio/punjabi/punjabi_110303_148311_27699_29850_7.sdc 1083 
sbs_radio/punjabi/punjabi_110303_148311_30643_32128_8.sdc 735 
sbs_radio/punjabi/punjabi_110303_148311_32922_34227_9.sdc 658 
sbs_radio/punjabi/punjabi_110303_148311_35405_36224_10.sdc 401 
sbs_radio/punjabi/punjabi_110303_148311_37683_40218_11.sdc 1283 
sbs_radio/punjabi/punjabi_110303_148311_40704_42189_12.sdc 754 
sbs_radio/punjabi/punjabi_110303_148311_45056_46131_14.sdc 530 
sbs_radio/punjabi/punjabi_110303_148311_7245_9370_1.sdc 1069 
sbs_radio/punjabi/punjabi_110303_148316_0_4250_0.sdc 2178 
sbs_radio/punjabi/punjabi_110303_148316_13440_17843_3.sdc 2272 
sbs_radio/punjabi/punjabi_110303_148316_20378_22579_4.sdc 1112 
sbs_radio/punjabi/punjabi_110303_148316_23398_35226_5.sdc 5890 
sbs_radio/punjabi/punjabi_110303_148316_36531_37811_6.sdc 641 
sbs_radio/punjabi/punjabi_110303_148316_43085_48102_8.sdc 2568 
sbs_radio/punjabi/punjabi_110303_148316_48410_53120_9.sdc 2411 
sbs_radio/punjabi/punjabi_110303_148316_5094_10189_1.sdc 2605 
sbs_radio/punjabi/punjabi_110303_148316_54682_55526_10.sdc 415 
sbs_radio/punjabi/punjabi_110322_152791_1715_4403_0.sdc 1349 
sbs_radio/punjabi/punjabi_110322_152791_19482_22144_2.sdc 1325 
sbs_radio/punjabi/punjabi_110322_152791_22938_24934_3.sdc 1017 
sbs_radio/punjabi/punjabi_110322_152791_25651_27290_4.sdc 829 
sbs_radio/punjabi/punjabi_110322_152791_28442_30976_5.sdc 1287 
sbs_radio/punjabi/punjabi_110322_152791_31539_39603_6.sdc 4181 
sbs_radio/punjabi/punjabi_110322_152791_41139_44928_7.sdc 1912 
sbs_radio/punjabi/punjabi_110322_152791_45414_47718_8.sdc 1155 
sbs_radio/punjabi/punjabi_110322_152791_5299_18227_1.sdc 6613 
sbs_radio/punjabi/punjabi_110322_152796_10189_13184_2.sdc 1488 
sbs_radio/punjabi/punjabi_110322_152796_14490_16282_3.sdc 903 
sbs_radio/punjabi/punjabi_110322_152796_16998_18637_4.sdc 820 
sbs_radio/punjabi/punjabi_110322_152796_20250_22835_5.sdc 1291 
sbs_radio/punjabi/punjabi_110322_152796_24064_26957_6.sdc 1471 
sbs_radio/punjabi/punjabi_110322_152796_2611_3482_0.sdc 419 
sbs_radio/punjabi/punjabi_110322_152796_29747_31206_7.sdc 720 
sbs_radio/punjabi/punjabi_110322_152796_32819_36966_8.sdc 2060 
sbs_radio/punjabi/punjabi_110322_152796_37990_42035_9.sdc 2074 
sbs_radio/punjabi/punjabi_110322_152796_4147_7552_1.sdc 1733 
sbs_radio/punjabi/punjabi_110322_152796_43776_61776_10.sdc 9104 
sbs_radio/punjabi/punjabi_110322_152806_12109_30109_2.sdc 9255 
sbs_radio/punjabi/punjabi_110322_152806_1971_4813_0.sdc 1439 
sbs_radio/punjabi/punjabi_110322_152806_35558_45414_3.sdc 5050 
sbs_radio/punjabi/punjabi_110322_152806_47309_63744_4.sdc 8484 
sbs_radio/punjabi/punjabi_110322_152806_5504_10650_1.sdc 2648 
sbs_radio/punjabi/punjabi_110322_152811_10368_15488_2.sdc 2651 
sbs_radio/punjabi/punjabi_110322_152811_16973_18714_3.sdc 868 
sbs_radio/punjabi/punjabi_110322_152811_19123_24755_4.sdc 2899 
sbs_radio/punjabi/punjabi_110322_152811_27213_31078_5.sdc 1946 
sbs_radio/punjabi/punjabi_110322_152811_32205_36659_6.sdc 2273 
sbs_radio/punjabi/punjabi_110322_152811_37555_42086_7.sdc 2332 
sbs_radio/punjabi/punjabi_110322_152811_4173_9318_1.sdc 2613 
sbs_radio/punjabi/punjabi_110322_152811_42445_44749_8.sdc 1172 
sbs_radio/punjabi/punjabi_110322_152811_47667_54374_9.sdc 3422 
sbs_radio/punjabi/punjabi_110322_152811_56832_59290_10.sdc 1238 
sbs_radio/punjabi/punjabi_110329_154361_12339_16819_2.sdc 2301 
sbs_radio/punjabi/punjabi_110329_154361_1818_3200_0.sdc 687 
sbs_radio/punjabi/punjabi_110329_154361_18765_23040_3.sdc 2157 
sbs_radio/punjabi/punjabi_110329_154361_24832_28672_4.sdc 1974 
sbs_radio/punjabi/punjabi_110329_154361_29107_34022_5.sdc 2497 
sbs_radio/punjabi/punjabi_110329_154361_34970_37632_6.sdc 1315 
sbs_radio/punjabi/punjabi_110329_154361_3814_11059_1.sdc 3744 
sbs_radio/punjabi/punjabi_110329_154361_38656_40397_7.sdc 885 
sbs_radio/punjabi/punjabi_110329_154361_41190_45414_8.sdc 2117 
sbs_radio/punjabi/punjabi_110329_154361_46157_48742_9.sdc 1306 
sbs_radio/punjabi/punjabi_110329_154361_49254_50227_10.sdc 483 
sbs_radio/punjabi/punjabi_110329_154361_51661_53402_11.sdc 875 
sbs_radio/punjabi/punjabi_110329_154361_56218_62746_12.sdc 3383 
sbs_radio/punjabi/punjabi_110329_154361_65971_69325_13.sdc 1701 
sbs_radio/punjabi/punjabi_110329_154361_70144_72832_14.sdc 1370 
sbs_radio/punjabi/punjabi_110405_155951_12314_15462_1.sdc 1612 
sbs_radio/punjabi/punjabi_110405_155951_16128_19584_2.sdc 1745 
sbs_radio/punjabi/punjabi_110405_155951_2022_10752_0.sdc 4485 
sbs_radio/punjabi/punjabi_110405_155951_20762_22758_3.sdc 1018 
sbs_radio/punjabi/punjabi_110405_155951_23450_30797_4.sdc 3748 
sbs_radio/punjabi/punjabi_110405_155951_31232_33997_5.sdc 1384 
sbs_radio/punjabi/punjabi_110405_155951_35251_40909_6.sdc 2864 
sbs_radio/punjabi/punjabi_110405_155951_44518_55987_7.sdc 5922 
sbs_radio/punjabi/punjabi_110405_155951_58214_62746_8.sdc 2321 
sbs_radio/punjabi/punjabi_110419_159376_101581_104320_19.sdc 1363 
sbs_radio/punjabi/punjabi_110419_159376_1050_3200_0.sdc 1076 
sbs_radio/punjabi/punjabi_110419_159376_106317_108211_20.sdc 952 
sbs_radio/punjabi/punjabi_110419_159376_108851_110925_21.sdc 1050 
sbs_radio/punjabi/punjabi_110419_159376_112461_114995_22.sdc 1288 
sbs_radio/punjabi/punjabi_110419_159376_115866_118016_23.sdc 1094 
sbs_radio/punjabi/punjabi_110419_159376_120294_125107_24.sdc 2420 
sbs_radio/punjabi/punjabi_110419_159376_125901_130765_25.sdc 2435 
sbs_radio/punjabi/punjabi_110419_159376_131200_133146_26.sdc 962 
sbs_radio/punjabi/punjabi_110419_159376_135347_137856_27.sdc 1252 
sbs_radio/punjabi/punjabi_110419_159376_17920_20326_3.sdc 1223 
sbs_radio/punjabi/punjabi_110419_159376_21094_24627_4.sdc 1808 
sbs_radio/punjabi/punjabi_110419_159376_26189_31053_5.sdc 2498 
sbs_radio/punjabi/punjabi_110419_159376_31616_33254_6.sdc 810 
sbs_radio/punjabi/punjabi_110419_159376_34048_38912_7.sdc 2460 
sbs_radio/punjabi/punjabi_110419_159376_3840_7834_1.sdc 2039 
sbs_radio/punjabi/punjabi_110419_159376_39782_41626_8.sdc 898 
sbs_radio/punjabi/punjabi_110419_159376_42598_43546_9.sdc 459 
sbs_radio/punjabi/punjabi_110419_159376_46925_55296_10.sdc 4319 
sbs_radio/punjabi/punjabi_110419_159376_55987_58547_11.sdc 1311 
sbs_radio/punjabi/punjabi_110419_159376_60877_68659_12.sdc 4024 
sbs_radio/punjabi/punjabi_110419_159376_69862_84762_13.sdc 7558 
sbs_radio/punjabi/punjabi_110419_159376_85606_86835_14.sdc 615 
sbs_radio/punjabi/punjabi_110419_159376_87603_89779_15.sdc 1099 
sbs_radio/punjabi/punjabi_110419_159376_90342_91418_16.sdc 534 
sbs_radio/punjabi/punjabi_110419_159376_9062_16307_2.sdc 3693 
sbs_radio/punjabi/punjabi_110419_159376_96358_100736_18.sdc 2224 
sbs_radio/punjabi/punjabi_110426_161336_10547_18432_2.sdc 3938 
sbs_radio/punjabi/punjabi_110426_161336_3405_10035_1.sdc 3415 
sbs_radio/punjabi/punjabi_110426_161341_10112_15539_1.sdc 2782 
sbs_radio/punjabi/punjabi_110426_161341_16640_21171_3.sdc 2287 
sbs_radio/punjabi/punjabi_110426_161341_179_9856_0.sdc 4954 
sbs_radio/punjabi/punjabi_110426_161341_21734_30029_4.sdc 4165 
sbs_radio/punjabi/punjabi_110426_161341_31155_33997_5.sdc 1416 
sbs_radio/punjabi/punjabi_110426_161351_16333_20454_2.sdc 2089 
sbs_radio/punjabi/punjabi_110426_161351_22835_29082_3.sdc 3168 
sbs_radio/punjabi/punjabi_110426_161351_30131_35430_4.sdc 2687 
sbs_radio/punjabi/punjabi_110426_161351_3405_15744_1.sdc 6278 
sbs_radio/punjabi/punjabi_110426_161351_37990_43418_5.sdc 2786 
sbs_radio/punjabi/punjabi_110426_161351_44954_50918_6.sdc 3038 
sbs_radio/punjabi/punjabi_110426_161351_52838_56704_7.sdc 1994 
sbs_radio/punjabi/punjabi_110426_161351_58189_65331_8.sdc 3621 
sbs_radio/punjabi/punjabi_110505_163421_0_1434_0.sdc 719 
sbs_radio/punjabi/punjabi_110505_163421_10982_15718_3.sdc 2446 
sbs_radio/punjabi/punjabi_110505_163421_16128_17792_4.sdc 843 
sbs_radio/punjabi/punjabi_110505_163421_18534_26214_5.sdc 3903 
sbs_radio/punjabi/punjabi_110505_163421_1920_7270_1.sdc 2746 
sbs_radio/punjabi/punjabi_110505_163421_27878_29542_7.sdc 831 
sbs_radio/punjabi/punjabi_110505_163421_30387_35021_8.sdc 2388 
sbs_radio/punjabi/punjabi_110505_163421_35507_36736_9.sdc 600 
sbs_radio/punjabi/punjabi_110505_163421_8013_10470_2.sdc 1226 
sbs_radio/punjabi/punjabi_110505_163441_20019_21709_0.sdc 842 
sbs_radio/punjabi/punjabi_110505_163441_22323_24806_1.sdc 1261 
sbs_radio/punjabi/punjabi_110505_163441_26240_32282_2.sdc 3032 
sbs_radio/punjabi/punjabi_110505_163441_34125_39782_3.sdc 2881 
sbs_radio/punjabi/punjabi_110505_163441_40678_41574_4.sdc 441 
sbs_radio/punjabi/punjabi_110505_163441_43418_49075_5.sdc 2852 
sbs_radio/punjabi/punjabi_110505_163441_50867_55629_6.sdc 2438 
sbs_radio/punjabi/punjabi_110505_163441_57805_59418_7.sdc 819 
sbs_radio/punjabi/punjabi_110505_163441_60288_61517_8.sdc 600 
sbs_radio/punjabi/punjabi_110505_163441_63846_65306_9.sdc 732 
sbs_radio/punjabi/punjabi_110505_163441_65741_68198_10.sdc 1256 
sbs_radio/punjabi/punjabi_110518_166756_29261_30899_0.sdc 835 
sbs_radio/punjabi/punjabi_110518_166756_32333_34150_1.sdc 927 
sbs_radio/punjabi/punjabi_110518_166756_35738_41318_2.sdc 2852 
sbs_radio/punjabi/punjabi_110518_166756_41882_43802_3.sdc 963 
sbs_radio/punjabi/punjabi_110518_166756_44646_51482_4.sdc 3491 
sbs_radio/punjabi/punjabi_110518_166756_53376_59878_5.sdc 3354 
sbs_radio/punjabi/punjabi_110518_166756_60595_62490_6.sdc 963 
sbs_radio/punjabi/punjabi_110518_166756_65050_69504_7.sdc 2291 
sbs_radio/punjabi/punjabi_110518_166756_70886_74035_8.sdc 1593 
sbs_radio/punjabi/punjabi_110518_166756_75264_76390_9.sdc 568 
sbs_radio/punjabi/punjabi_110518_166756_78387_81280_10.sdc 1451 
sbs_radio/punjabi/punjabi_110618_174106_10266_13824_1.sdc 1826 
sbs_radio/punjabi/punjabi_110618_174106_14848_19149_2.sdc 2213 
sbs_radio/punjabi/punjabi_110618_174106_19661_23962_3.sdc 2166 
sbs_radio/punjabi/punjabi_110618_174106_25574_28570_4.sdc 1501 
sbs_radio/punjabi/punjabi_110618_174106_29850_32486_5.sdc 1336 
sbs_radio/punjabi/punjabi_110618_174106_32973_37018_6.sdc 2044 
sbs_radio/punjabi/punjabi_110618_174106_563_9446_0.sdc 4463 
sbs_radio/punjabi/punjabi_110618_174126_11392_12826_2.sdc 721 
sbs_radio/punjabi/punjabi_110618_174126_16435_18074_4.sdc 823 
sbs_radio/punjabi/punjabi_110618_174126_19046_23219_5.sdc 2148 
sbs_radio/punjabi/punjabi_110618_174126_30592_32461_7.sdc 936 
sbs_radio/punjabi/punjabi_110618_174126_35456_36634_8.sdc 574 
sbs_radio/punjabi/punjabi_110618_174126_38144_39014_9.sdc 427 
sbs_radio/punjabi/punjabi_110618_174126_4762_5965_0.sdc 595 
sbs_radio/punjabi/punjabi_110618_174126_7475_8832_1.sdc 685 
sbs_radio/punjabi/punjabi_110626_176096_10394_16768_1.sdc 3245 
sbs_radio/punjabi/punjabi_110626_176096_19072_24269_2.sdc 2612 
sbs_radio/punjabi/punjabi_110626_176096_26317_33050_3.sdc 3401 
sbs_radio/punjabi/punjabi_110626_176096_33997_43136_4.sdc 4571 
sbs_radio/punjabi/punjabi_110626_176096_947_7731_0.sdc 3516 
sbs_radio/punjabi/punjabi_110626_176101_1920_5171_1.sdc 1609 
sbs_radio/punjabi/punjabi_110626_176101_21709_36480_3.sdc 7654 
sbs_radio/punjabi/punjabi_110626_176101_37453_44518_4.sdc 3540 
sbs_radio/punjabi/punjabi_110626_176101_45466_46746_5.sdc 635 
sbs_radio/punjabi/punjabi_110626_176101_5658_20787_2.sdc 7548 
sbs_radio/punjabi/punjabi_110626_176111_1075_5862_0.sdc 2443 
sbs_radio/punjabi/punjabi_110626_176111_12083_14413_2.sdc 1137 
sbs_radio/punjabi/punjabi_110626_176111_15130_17101_3.sdc 995 
sbs_radio/punjabi/punjabi_110626_176111_20326_27878_4.sdc 3894 
sbs_radio/punjabi/punjabi_110626_176111_29542_30950_5.sdc 706 
sbs_radio/punjabi/punjabi_110626_176111_31437_37504_6.sdc 3127 
sbs_radio/punjabi/punjabi_110626_176111_39347_45773_7.sdc 3287 
sbs_radio/punjabi/punjabi_110626_176111_47155_65155_8.sdc 9053 
sbs_radio/punjabi/punjabi_110626_176111_67968_69299_9.sdc 656 
sbs_radio/punjabi/punjabi_110626_176111_7245_10701_1.sdc 1765 
sbs_radio/punjabi/punjabi_110626_176116_13005_17562_2.sdc 2305 
sbs_radio/punjabi/punjabi_110626_176116_1587_8192_0.sdc 3366 
sbs_radio/punjabi/punjabi_110626_176116_18381_26035_3.sdc 3953 
sbs_radio/punjabi/punjabi_110626_176116_26496_43187_4.sdc 8544 
sbs_radio/punjabi/punjabi_110626_176116_8960_12518_1.sdc 1807 
sbs_radio/punjabi/punjabi_110630_176591_10803_15744_6.sdc 2510 
sbs_radio/punjabi/punjabi_110630_176591_17408_18995_8.sdc 784 
sbs_radio/punjabi/punjabi_110630_176591_19328_20250_9.sdc 431 
sbs_radio/punjabi/punjabi_110630_176591_21734_22605_11.sdc 415 
sbs_radio/punjabi/punjabi_110630_176591_23066_24448_12.sdc 691 
sbs_radio/punjabi/punjabi_110630_176591_26138_29030_14.sdc 1457 
sbs_radio/punjabi/punjabi_110630_176591_30285_31462_16.sdc 563 
sbs_radio/punjabi/punjabi_110630_176591_32845_34253_18.sdc 700 
sbs_radio/punjabi/punjabi_110630_176591_34534_36326_19.sdc 858 
sbs_radio/punjabi/punjabi_110630_176591_5299_6272_3.sdc 489 
sbs_radio/punjabi/punjabi_110630_176591_6989_8448_4.sdc 731 
sbs_radio/punjabi/punjabi_110630_176591_8550_9779_5.sdc 600 
sbs_radio/punjabi/punjabi_110630_176591_896_2202_1.sdc 644 
sbs_radio/punjabi/punjabi_110630_176595_12646_13798_1.sdc 567 
sbs_radio/punjabi/punjabi_110630_176595_8141_9651_0.sdc 768 
sbs_radio/punjabi/punjabi_110630_176607_0_9882_0.sdc 5111 
sbs_radio/punjabi/punjabi_110630_176607_11674_13568_1.sdc 953 
sbs_radio/punjabi/punjabi_110630_176607_16461_24269_3.sdc 3966 
sbs_radio/punjabi/punjabi_110630_176607_26496_29363_4.sdc 1465 
sbs_radio/punjabi/punjabi_110630_176607_31411_34048_5.sdc 1340 
sbs_radio/punjabi/punjabi_110630_176607_34688_35994_6.sdc 664 
sbs_radio/punjabi/punjabi_110630_176607_36608_38579_7.sdc 979 
sbs_radio/punjabi/punjabi_110630_176607_42189_43776_8.sdc 803 
sbs_radio/punjabi/punjabi_110630_176607_44979_45978_9.sdc 499 
sbs_radio/punjabi/punjabi_110630_176665_117606_127053_11.sdc 4797 
sbs_radio/punjabi/punjabi_110630_176665_12083_15718_0.sdc 1860 
sbs_radio/punjabi/punjabi_110630_176665_134451_138035_12.sdc 1820 
sbs_radio/punjabi/punjabi_110630_176665_138752_141286_13.sdc 1302 
sbs_radio/punjabi/punjabi_110630_176665_143181_145229_14.sdc 1030 
sbs_radio/punjabi/punjabi_110630_176665_145715_146714_15.sdc 489 
sbs_radio/punjabi/punjabi_110630_176665_149632_152550_17.sdc 1460 
sbs_radio/punjabi/punjabi_110630_176665_154138_156698_18.sdc 1310 
sbs_radio/punjabi/punjabi_110630_176665_157440_159539_19.sdc 1069 
sbs_radio/punjabi/punjabi_110630_176665_161050_167040_20.sdc 3026 
sbs_radio/punjabi/punjabi_110630_176665_169446_174080_21.sdc 2372 
sbs_radio/punjabi/punjabi_110630_176665_174515_175488_22.sdc 485 
sbs_radio/punjabi/punjabi_110630_176665_20506_27930_1.sdc 3796 
sbs_radio/punjabi/punjabi_110630_176665_29875_35814_2.sdc 2997 
sbs_radio/punjabi/punjabi_110630_176665_44954_51251_3.sdc 3194 
sbs_radio/punjabi/punjabi_110630_176665_59725_63795_4.sdc 2066 
sbs_radio/punjabi/punjabi_110630_176665_72704_75443_5.sdc 1365 
sbs_radio/punjabi/punjabi_110630_176665_83661_85632_7.sdc 976 
sbs_radio/punjabi/punjabi_110630_176665_86758_87680_8.sdc 459 
sbs_radio/punjabi/punjabi_110630_176665_88192_90214_9.sdc 1017 
sbs_radio/punjabi/punjabi_110630_176665_92134_95565_10.sdc 1750 
