iTunesStore/Slovak/01_01_11546_13517_4.sdc 986 
iTunesStore/Slovak/01_01_14029_16666_5.sdc 1306 
iTunesStore/Slovak/01_01_1690_4326_0.sdc 1317 
iTunesStore/Slovak/01_01_17306_18227_6.sdc 451 
iTunesStore/Slovak/01_01_19328_20531_7.sdc 591 
iTunesStore/Slovak/01_01_25037_26419_8.sdc 697 
iTunesStore/Slovak/01_01_26906_30515_9.sdc 1848 
iTunesStore/Slovak/01_01_31206_37555_10.sdc 3220 
iTunesStore/Slovak/01_01_37939_40448_11.sdc 1252 
iTunesStore/Slovak/01_01_40858_44672_12.sdc 1964 
iTunesStore/Slovak/01_01_45952_48589_13.sdc 1330 
iTunesStore/Slovak/01_01_6221_7654_2.sdc 725 
iTunesStore/Slovak/01_01_9318_10163_3.sdc 421 
iTunesStore/Slovak/slovak_110522_167686_11546_13517_4.sdc 986 
iTunesStore/Slovak/slovak_110522_167686_14029_16666_5.sdc 1306 
iTunesStore/Slovak/slovak_110522_167686_1690_4326_0.sdc 1317 
iTunesStore/Slovak/slovak_110522_167686_17306_18227_6.sdc 451 
iTunesStore/Slovak/slovak_110522_167686_19328_20531_7.sdc 591 
iTunesStore/Slovak/slovak_110522_167686_25037_26419_8.sdc 697 
iTunesStore/Slovak/slovak_110522_167686_26906_30515_9.sdc 1848 
iTunesStore/Slovak/slovak_110522_167686_31206_37555_10.sdc 3220 
iTunesStore/Slovak/slovak_110522_167686_37939_40448_11.sdc 1252 
iTunesStore/Slovak/slovak_110522_167686_40858_44672_12.sdc 1964 
iTunesStore/Slovak/slovak_110522_167686_45952_48589_13.sdc 1330 
iTunesStore/Slovak/slovak_110522_167686_6221_7654_2.sdc 725 
iTunesStore/Slovak/slovak_110522_167686_9318_10163_3.sdc 421 
LRE11_FULL_DEV_data/p01/slov/slov_20110121_115041_167_a.sdc 2460 
LRE11_FULL_DEV_data/p01/slov/slov_20110121_115041_167_b.sdc 31994 
LRE11_FULL_DEV_data/p01/slov/slov_20110122_160936_226_a.sdc 9954 
LRE11_FULL_DEV_data/p01/slov/slov_20110122_160936_226_b.sdc 20435 
LRE11_FULL_DEV_data/p01/slov/slov_20110122_164018_229_a.sdc 4599 
LRE11_FULL_DEV_data/p01/slov/slov_20110122_164018_229_b.sdc 28878 
LRE11_FULL_DEV_data/p01/slov/slov_20110123_130509_270_a.sdc 8815 
LRE11_FULL_DEV_data/p01/slov/slov_20110123_130509_270_b.sdc 37858 
LRE11_FULL_DEV_data/p01/slov/slov_20110124_021942_296_a.sdc 3677 
LRE11_FULL_DEV_data/p01/slov/slov_20110124_021942_296_b.sdc 29148 
LRE11_FULL_DEV_data/p01/slov/slov_20110124_130349_305_a.sdc 4926 
LRE11_FULL_DEV_data/p01/slov/slov_20110124_130349_305_b.sdc 21910 
LRE11_FULL_DEV_data/p01/slov/slov_20110125_140704_343_a.sdc 6590 
LRE11_FULL_DEV_data/p01/slov/slov_20110125_140704_343_b.sdc 24089 
LRE11_FULL_DEV_data/p01/slov/slov_20110126_051319_383_a.sdc 1644 
LRE11_FULL_DEV_data/p01/slov/slov_20110126_051319_383_b.sdc 12917 
LRE11_FULL_DEV_data/p01/slov/slov_20110126_133023_396_a.sdc 8691 
LRE11_FULL_DEV_data/p01/slov/slov_20110126_133023_396_b.sdc 34671 
LRE11_FULL_DEV_data/p01/slov/slov_20110126_190450_419_a.sdc 3156 
LRE11_FULL_DEV_data/p01/slov/slov_20110126_190450_419_b.sdc 30049 
LRE11_FULL_DEV_data/p01/slov/slov_20110126_203015_423_a.sdc 8130 
LRE11_FULL_DEV_data/p01/slov/slov_20110126_203015_423_b.sdc 25748 
LRE11_FULL_DEV_data/p01/slov/slov_20110126_213432_426_a.sdc 4230 
LRE11_FULL_DEV_data/p01/slov/slov_20110126_213432_426_b.sdc 22029 
LRE11_FULL_DEV_data/p01/slov/slov_20110127_165318_450_a.sdc 19998 
LRE11_FULL_DEV_data/p01/slov/slov_20110127_165318_450_b.sdc 19761 
LRE11_FULL_DEV_data/p01/slov/slov_20110128_095436_463_a.sdc 14941 
LRE11_FULL_DEV_data/p01/slov/slov_20110128_095436_463_b.sdc 36540 
LRE11_FULL_DEV_data/p01/slov/slov_20110129_081230_488_a.sdc 7256 
LRE11_FULL_DEV_data/p01/slov/slov_20110129_081230_488_b.sdc 16782 
LRE11_FULL_DEV_data/p01/slov/slov_20110129_133656_491_a.sdc 13905 
LRE11_FULL_DEV_data/p01/slov/slov_20110129_133656_491_b.sdc 30251 
LRE11_FULL_DEV_data/p01/slov/slov_20110130_114512_519_a.sdc 15840 
LRE11_FULL_DEV_data/p01/slov/slov_20110130_114512_519_b.sdc 31933 
LRE11_FULL_DEV_data/p01/slov/slov_20110130_120240_521_a.sdc 20915 
LRE11_FULL_DEV_data/p01/slov/slov_20110130_120240_521_b.sdc 26065 
LRE11_FULL_DEV_data/p01/slov/slov_20110130_122022_522_a.sdc 24186 
LRE11_FULL_DEV_data/p01/slov/slov_20110130_122022_522_b.sdc 11896 
LRE11_FULL_DEV_data/p01/slov/slov_20110130_142006_527_a.sdc 19742 
LRE11_FULL_DEV_data/p01/slov/slov_20110130_142006_527_b.sdc 27441 
LRE11_FULL_DEV_data/p01/slov/slov_20110130_163427_530_a.sdc 17668 
LRE11_FULL_DEV_data/p01/slov/slov_20110130_163427_530_b.sdc 29423 
LRE11_FULL_DEV_data/p01/slov/slov_20110130_222823_540_a.sdc 21733 
LRE11_FULL_DEV_data/p01/slov/slov_20110130_222823_540_b.sdc 11258 
LRE11_FULL_DEV_data/p01/slov/slov_20110202_120500_595_a.sdc 4995 
LRE11_FULL_DEV_data/p01/slov/slov_20110202_120500_595_b.sdc 39200 
LRE11_FULL_DEV_data/p01/slov/slov_20110203_093834_613_a.sdc 7374 
LRE11_FULL_DEV_data/p01/slov/slov_20110203_093834_613_b.sdc 30128 
LRE11_FULL_DEV_data/p01/slov/slov_20110205_075901_648_a.sdc 6938 
LRE11_FULL_DEV_data/p01/slov/slov_20110205_075901_648_b.sdc 28769 
sbs_radio/slovak/slovak_110522_167686_11546_13517_4.sdc 986 
sbs_radio/slovak/slovak_110522_167686_14029_16666_5.sdc 1306 
sbs_radio/slovak/slovak_110522_167686_1690_4326_0.sdc 1317 
sbs_radio/slovak/slovak_110522_167686_17306_18227_6.sdc 451 
sbs_radio/slovak/slovak_110522_167686_19328_20531_7.sdc 591 
sbs_radio/slovak/slovak_110522_167686_25037_26419_8.sdc 697 
sbs_radio/slovak/slovak_110522_167686_26906_30515_9.sdc 1848 
sbs_radio/slovak/slovak_110522_167686_31206_37555_10.sdc 3220 
sbs_radio/slovak/slovak_110522_167686_37939_40448_11.sdc 1252 
sbs_radio/slovak/slovak_110522_167686_40858_44672_12.sdc 1964 
sbs_radio/slovak/slovak_110522_167686_45952_48589_13.sdc 1330 
sbs_radio/slovak/slovak_110522_167686_6221_7654_2.sdc 725 
sbs_radio/slovak/slovak_110522_167686_9318_10163_3.sdc 421 
sbs_radio/slovak/slovak_110619_174256_101683_102579_18.sdc 413 
sbs_radio/slovak/slovak_110619_174256_15514_16589_3.sdc 469 
sbs_radio/slovak/slovak_110619_174256_16640_18765_4.sdc 1067 
sbs_radio/slovak/slovak_110619_174256_20454_23117_5.sdc 1327 
sbs_radio/slovak/slovak_110619_174256_2355_6630_0.sdc 2020 
sbs_radio/slovak/slovak_110619_174256_23654_25293_6.sdc 704 
sbs_radio/slovak/slovak_110619_174256_25984_27110_7.sdc 472 
sbs_radio/slovak/slovak_110619_174256_29005_30643_8.sdc 817 
sbs_radio/slovak/slovak_110619_174256_30746_32717_9.sdc 904 
sbs_radio/slovak/slovak_110619_174256_34534_37197_11.sdc 1160 
sbs_radio/slovak/slovak_110619_174256_68147_70733_13.sdc 1166 
sbs_radio/slovak/slovak_110619_174256_7091_8448_1.sdc 590 
sbs_radio/slovak/slovak_110619_174256_76698_77645_14.sdc 421 
sbs_radio/slovak/slovak_110619_174256_79488_80589_15.sdc 486 
sbs_radio/slovak/slovak_110619_174256_94566_98765_17.sdc 2009 
sbs_radio/slovak/slovak_110619_174271_107494_113485_7.sdc 3072 
sbs_radio/slovak/slovak_110619_174271_116429_117555_9.sdc 555 
sbs_radio/slovak/slovak_110619_174271_12672_27674_1.sdc 7606 
sbs_radio/slovak/slovak_110619_174271_1971_11136_0.sdc 4618 
sbs_radio/slovak/slovak_110619_174271_28570_46566_2.sdc 9026 
sbs_radio/slovak/slovak_110619_174271_49613_58522_3.sdc 4446 
sbs_radio/slovak/slovak_110619_174271_61107_78157_4.sdc 8497 
sbs_radio/slovak/slovak_110619_174271_79078_84582_5.sdc 2750 
sbs_radio/slovak/slovak_110619_174271_87066_105066_6.sdc 8969 
sbs_radio/slovak/slovak_110619_174281_14694_17843_3.sdc 1587 
sbs_radio/slovak/slovak_110619_174281_20608_24883_4.sdc 2164 
sbs_radio/slovak/slovak_110619_174281_2714_5606_1.sdc 1472 
sbs_radio/slovak/slovak_110619_174281_28416_29747_5.sdc 679 
sbs_radio/slovak/slovak_110619_174281_33075_34304_6.sdc 615 
sbs_radio/slovak/slovak_110619_174281_35226_41523_7.sdc 3177 
sbs_radio/slovak/slovak_110619_174281_43008_46285_9.sdc 1623 
sbs_radio/slovak/slovak_110619_174281_47565_50125_10.sdc 1282 
sbs_radio/slovak/slovak_110619_174281_50765_57984_11.sdc 3665 
sbs_radio/slovak/slovak_110619_174281_717_1715_0.sdc 484 
sbs_radio/slovak/slovak_110619_174281_8678_10598_2.sdc 986 
