VOA/VOA3/turk/2006_turk0430a0206_110109_115750.sdc 2873 
VOA/VOA3/turk/2006_turk0430a0206_117168_130288.sdc 6716 
VOA/VOA3/turk/2006_turk0430a0213_22342_25965.sdc 1739 
VOA/VOA3/turk/2006_turk0430a0213_33395_39974.sdc 3170 
VOA/VOA3/turk/2006_turk0430a0223_69200_73878.sdc 1782 
VOA/VOA3/turk/2006_turk0430a0303_50506_69100.sdc 8540 
VOA/VOA3/turk/2006_turk0430a0313_70179_83974.sdc 7033 
VOA/VOA3/turk/2006_turk0430a0314_70390_80544.sdc 5210 
VOA/VOA3/turk/2008_turk0430a0115_151670_156163.sdc 2237 
VOA/VOA3/turk/2008_turk0430a0121_18893_38200.sdc 9839 
VOA/VOA3/turk/2008_turk0430a0129_72272_89075.sdc 8656 
VOA/VOA3/turk/2008_turk0430a0207_40435_52538.sdc 6148 
VOA/VOA3/turk/2008_turk0430a0220_62976_70605.sdc 3876 
VOA/VOA3/turk/2008_turk0430a0222_28310_38186.sdc 5061 
VOA/VOA3/turk/2008_turk0430a0227_28051_35530.sdc 3871 
VOA/VOA3/turk/2008_turk0430a0228_18570_37658.sdc 9794 
VOA/VOA3/turk/2008_turk0430a0303_48048_70320.sdc 11525 
VOA/VOA3/turk/2008_turk0430a0305_46717_63700.sdc 8666 
VOA/VOA3/turk/2008_turk0430a0314_121229_125229.sdc 2037 
VOA/VOA3/turk/2008_turk0430a0314_126614_134589.sdc 4097 
VOA/VOA3/turk/2008_turk0430a0314_135811_139024.sdc 1616 
VOA/VOA3/turk/2008_turk0430a0314_140979_149258.sdc 4272 
VOA/VOA3/turk/2008_turk0430a0328_49251_52832.sdc 1804 
VOA/VOA3/turk/2008_turk0430a0328_53181_58294.sdc 2492 
VOA/VOA3/turk/2008_turk0430a0328_59472_63482.sdc 2061 
VOA/VOA3/turk/2008_turk0430a0401_153754_165878.sdc 6233 
VOA/VOA3/turk/2008_turk0430a0402_41674_57254.sdc 7908 
VOA/VOA3/turk/2008_turk0430a0403_29824_41456.sdc 5971 
VOA/VOA3/turk/2008_turk0430a0408_26589_40842.sdc 7187 
VOA/VOA3/turk/2008_turk0430a0417_100157_112816.sdc 6524 
VOA/VOA3/turk/2008_turk0430a0417_93984_98045.sdc 2055 
VOA/VOA3/turk/2008_turk0430a0505_150570_155674.sdc 2642 
VOA/VOA3/turk/2008_turk0430a0505_34502_49670.sdc 7848 
VOA/VOA3/turk/2008_turk0430a0508_41174_50500.sdc 4753 
VOA/VOA3/turk/2008_turk0430a0516_51661_60816.sdc 4661 
VOA/VOA3/turk/2008_turk0430a0521_142963_160640.sdc 8849 
VOA/VOA3/turk/2008_turk0430a0522_33350_43021.sdc 4495 
VOA/VOA3/turk/2008_turk0430a0523_24816_36896.sdc 6232 
VOA/VOA3/turk/2008_turk0430a0527_33072_45091.sdc 6197 
VOA/VOA3/turk/2008_turk0430a0528_75251_80227.sdc 2540 
VOA/VOA3/turk/2008_turk0430a0529_22384_32416.sdc 5032 
VOA/VOA3/turk/2008_turk0430a0604_115962_119466.sdc 1793 
VOA/VOA3/turk/2008_turk0430a0609_33549_37344.sdc 1905 
VOA/VOA3/turk/2008_turk0430a0610_75610_97616.sdc 11151 
VOA/VOA3/turk/2008_turk0430a0617_43910_47693.sdc 1942 
VOA/VOA3/turk/2008_turk0430a0617_48470_52300.sdc 1967 
VOA/VOA3/turk/2008_turk0430a0619_79498_101126.sdc 11046 
VOA/VOA3/turk/2008_turk0430a0620_15706_26179.sdc 5223 
VOA/VOA3/turk/2008_turk1145a0204_19936_25354.sdc 2723 
VOA/VOA3/turk/2008_turk1145a0222_9632_24134.sdc 7361 
VOA/VOA3/turk/2008_turk1145a0226_18762_24128.sdc 2725 
VOA/VOA3/turk/2008_turk1145a0228_13424_30522.sdc 8870 
VOA/VOA3/turk/2008_turk1145a0307_11590_21309.sdc 5040 
VOA/VOA3/turk/2008_turk1145a0325_13421_25542.sdc 6158 
VOA/VOA3/turk/2008_turk1145a0327_37837_50800.sdc 6573 
VOA/VOA3/turk/2008_turk1145a0328_24013_28195.sdc 2114 
VOA/VOA3/turk/2008_turk1145a0401_51110_55318.sdc 2103 
VOA/VOA3/turk/2008_turk1145a0424_24624_31843.sdc 3694 
VOA/VOA3/turk/2008_turk1145a0530_35446_45760.sdc 5349 
VOA/VOA3/turk/2008_turk1145a0624_10205_27443.sdc 8845 
VOA/VOA3/turk/2008_turk1145a0703_51363_54774.sdc 1766 
VOA/VOA3/turk/2008_turk1145a0703_59635_63168.sdc 1748 
VOA/VOA3/turk/2008_turk1930a0104_39261_44298.sdc 2522 
VOA/VOA3/turk/2008_turk1930a0104_45142_49034.sdc 1940 
VOA/VOA3/turk/2008_turk1930a0104_50099_53757.sdc 1814 
VOA/VOA3/turk/2008_turk1930a0104_54166_57968.sdc 1913 
VOA/VOA3/turk/2008_turk1930a0108_28922_40970.sdc 6042 
VOA/VOA3/turk/2008_turk1930a0109_156112_159370.sdc 1671 
VOA/VOA3/turk/2008_turk1930a0110_25523_29552.sdc 2082 
VOA/VOA3/turk/2008_turk1930a0115_42803_58429.sdc 7971 
VOA/VOA3/turk/2008_turk1930a0116_103350_107526.sdc 2167 
VOA/VOA3/turk/2008_turk1930a0116_85722_90259.sdc 2117 
VOA/VOA3/turk/2008_turk1930a0124_10429_13866.sdc 1745 
VOA/VOA3/turk/2008_turk1930a0124_13946_23405.sdc 4887 
VOA/VOA3/turk/2008_turk1930a0125_22922_27750.sdc 2448 
VOA/VOA3/turk/2008_turk1930a0125_28960_33920.sdc 2538 
VOA/VOA3/turk/2008_turk1930a0130_110416_119536.sdc 4635 
VOA/VOA3/turk/2008_turk1930a0130_124150_129517.sdc 2750 
VOA/VOA3/turk/2008_turk1930a0130_129654_133286.sdc 1860 
VOA/VOA3/turk/2008_turk1930a0130_144800_149763.sdc 2538 
VOA/VOA3/turk/2008_turk1930a0130_155357_159408.sdc 2088 
VOA/VOA3/turk/2008_turk1930a0130_165309_168576.sdc 1679 
VOA/VOA3/turk/2008_turk1930a0130_57152_60429.sdc 1633 
VOA/VOA3/turk/2008_turk1930a0130_77206_93136.sdc 8115 
VOA/VOA3/turk/2008_turk1930a0130_97946_102605.sdc 2387 
VOA/VOA3/turk/2008_turk1930a0207_35632_39504.sdc 1990 
VOA/VOA3/turk/2008_turk1930a0214_74707_85334.sdc 5449 
VOA/VOA3/turk/2008_turk1930a0226_28512_32739.sdc 2174 
VOA/VOA3/turk/2008_turk1930a0229_13734_32486.sdc 9552 
VOA/VOA3/turk/2008_turk1930a0312_100090_103366.sdc 1669 
VOA/VOA3/turk/2008_turk1930a0312_105059_109386.sdc 2189 
VOA/VOA3/turk/2008_turk1930a0312_114016_117830.sdc 1953 
VOA/VOA3/turk/2008_turk1930a0312_121222_125366.sdc 2103 
VOA/VOA3/turk/2008_turk1930a0312_133834_154531.sdc 10660 
VOA/VOA3/turk/2008_turk1930a0312_161677_166186.sdc 2297 
VOA/VOA3/turk/2008_turk1930a0312_166954_171658.sdc 2373 
VOA/VOA3/turk/2008_turk1930a0312_65450_69629.sdc 2098 
VOA/VOA3/turk/2008_turk1930a0312_77059_100019.sdc 11874 
VOA/VOA3/turk/2008_turk1930a0313_31344_41606.sdc 4686 
VOA/VOA3/turk/2008_turk1930a0314_51229_66093.sdc 7690 
VOA/VOA3/turk/2008_turk1930a0318_65485_68877.sdc 1751 
VOA/VOA3/turk/2008_turk1930a0401_93046_96832.sdc 1941 
VOA/VOA3/turk/2008_turk1930a0403_44582_49616.sdc 2595 
VOA/VOA3/turk/2008_turk1930a0403_51571_55286.sdc 1879 
VOA/VOA3/turk/2008_turk1930a0410_42563_45891.sdc 1696 
VOA/VOA3/turk/2008_turk1930a0502_44230_63800.sdc 9938 
VOA/VOA3/turk/2008_turk1930a0513_48794_69000.sdc 10472 
VOA/VOA3/turk/2008_turk1930a0514_113331_122838.sdc 4875 
VOA/VOA3/turk/2008_turk1930a0514_123235_131800.sdc 4322 
VOA/VOA3/turk/2008_turk1930a0514_132501_141939.sdc 4710 
VOA/VOA3/turk/2008_turk1930a0514_28176_42179.sdc 7261 
VOA/VOA3/turk/2008_turk1930a0514_94182_112496.sdc 9462 
VOA/VOA3/turk/2008_turk1930a0527_26803_38842.sdc 6213 
VOA/VOA3/turk/2008_turk1930a0530_20765_31011.sdc 5214 
VOA/VOA3/turk/2008_turk1930a0605_33344_44240.sdc 5539 
VOA/VOA3/turk/2008_turk1930a0606_10442_34029.sdc 12079 
VOA/VOA3/turk/2008_turk1930a0612_96560_109766.sdc 6494 
VOA/VOA3/turk/2008_turk1930a0617_44154_54506.sdc 5111 
VOA/VOA3/turk/2008_turk1930a0620_13750_25251.sdc 5904 
VOA/VOA4/turk/2008_turk0430a0101_13389_19277_0.sdc 3019 
VOA/VOA4/turk/2008_turk0430a0102_38349_41574_1.sdc 1645 
VOA/VOA4/turk/2008_turk0430a0707_58598_77875_0.sdc 9937 
VOA/VOA4/turk/2008_turk0430a0708_51635_65459_0.sdc 6621 
VOA/VOA4/turk/2008_turk0430a0717_121472_127027_9.sdc 2810 
VOA/VOA4/turk/2008_turk0430a0722_50970_68762_0.sdc 9190 
VOA/VOA4/turk/2008_turk0430a0725_141133_155418_3.sdc 7249 
VOA/VOA4/turk/2008_turk0430a0730_23296_35200_0.sdc 6091 
VOA/VOA4/turk/2008_turk0430a0806_11597_30157_0.sdc 9533 
VOA/VOA4/turk/2008_turk0430a0808_154368_158336_0.sdc 2046 
VOA/VOA4/turk/2008_turk0430a0820_127488_134733_7.sdc 3744 
VOA/VOA4/turk/2008_turk0430a0826_21018_34099_1.sdc 6686 
VOA/VOA4/turk/2008_turk0430a0827_114816_128538_1.sdc 7000 
VOA/VOA4/turk/2008_turk0430a0827_130432_135219_2.sdc 2484 
VOA/VOA4/turk/2008_turk0430a0827_137523_142157_3.sdc 2353 
VOA/VOA4/turk/2008_turk0430a0827_146483_150528_5.sdc 2008 
VOA/VOA4/turk/2008_turk0430a0827_17869_35379_0.sdc 9031 
VOA/VOA4/turk/2008_turk0430a0902_32947_51200_0.sdc 9161 
VOA/VOA4/turk/2008_turk0430a0903_12928_20659_0.sdc 3967 
VOA/VOA4/turk/2008_turk0430a0903_21734_44032_1.sdc 11459 
VOA/VOA4/turk/2008_turk0430a0909_89574_94694_2.sdc 2415 
VOA/VOA4/turk/2008_turk0430a0910_156928_161357_7.sdc 2197 
VOA/VOA4/turk/2008_turk0430a0910_58291_63642_1.sdc 2704 
VOA/VOA4/turk/2008_turk0430a0910_64230_70989_2.sdc 3440 
VOA/VOA4/turk/2008_turk0430a0911_49101_57651_3.sdc 4383 
VOA/VOA4/turk/2008_turk0430a0915_80102_94310_0.sdc 5872 
VOA/VOA4/turk/2008_turk0430a1001_61645_77235_0.sdc 7919 
VOA/VOA4/turk/2008_turk0430a1003_95386_109978_1.sdc 7461 
VOA/VOA4/turk/2008_turk0430a1021_84224_100915_4.sdc 8628 
VOA/VOA4/turk/2008_turk0430a1029_102118_115277_0.sdc 6764 
VOA/VOA4/turk/2008_turk0430a1030_35174_41779_1.sdc 3378 
VOA/VOA4/turk/2008_turk0430a1106_85786_90061_2.sdc 2186 
VOA/VOA4/turk/2008_turk0430a1107_39859_64794_0.sdc 12584 
VOA/VOA4/turk/2008_turk0430a1112_143104_157491_0.sdc 6013 
VOA/VOA4/turk/2008_turk0430a1113_107315_120806_1.sdc 6868 
VOA/VOA4/turk/2008_turk0430a1114_76134_84122_1.sdc 3783 
VOA/VOA4/turk/2008_turk0430a1118_69197_82253_0.sdc 6515 
VOA/VOA4/turk/2008_turk0430a1119_98330_114662_2.sdc 7503 
VOA/VOA4/turk/2008_turk0430a1121_59878_73037_0.sdc 6669 
VOA/VOA4/turk/2008_turk0430a1125_55475_73856_0.sdc 8947 
VOA/VOA4/turk/2008_turk0430a1127_102170_114381_0.sdc 6213 
VOA/VOA4/turk/2008_turk0430a1128_120192_131635_4.sdc 5296 
VOA/VOA4/turk/2008_turk0430a1128_50893_54733_1.sdc 1827 
VOA/VOA4/turk/2008_turk0430a1201_76646_80691_3.sdc 2074 
VOA/VOA4/turk/2008_turk0430a1201_87117_90445_6.sdc 1669 
VOA/VOA4/turk/2008_turk0430a1208_121062_134682_2.sdc 6984 
VOA/VOA4/turk/2008_turk0430a1212_60595_76032_2.sdc 7390 
VOA/VOA4/turk/2008_turk0430a1217_62490_72704_0.sdc 5246 
VOA/VOA4/turk/2008_turk0430a1219_32794_43008_0.sdc 5229 
VOA/VOA4/turk/2008_turk0430a1222_38758_53427_0.sdc 7444 
VOA/VOA4/turk/2008_turk0430a1225_14208_27648_0.sdc 6821 
VOA/VOA4/turk/2008_turk1145a0710_23757_35328_1.sdc 5985 
VOA/VOA4/turk/2008_turk1145a0711_38195_46848_2.sdc 4450 
VOA/VOA4/turk/2008_turk1145a0731_15770_27930_0.sdc 6153 
VOA/VOA4/turk/2008_turk1145a0807_53555_58291_1.sdc 2402 
VOA/VOA4/turk/2008_turk1145a0814_40218_47949_3.sdc 4000 
VOA/VOA4/turk/2008_turk1145a0814_48896_53862_4.sdc 2529 
VOA/VOA4/turk/2008_turk1145a0815_48589_53581_1.sdc 2562 
VOA/VOA4/turk/2008_turk1145a0818_25830_43930_0.sdc 9204 
VOA/VOA4/turk/2008_turk1145a0820_35968_45670_0.sdc 4911 
VOA/VOA4/turk/2008_turk1145a0829_27443_42778_1.sdc 7865 
VOA/VOA4/turk/2008_turk1145a1027_31462_41370_0.sdc 5077 
VOA/VOA4/turk/2008_turk1145a1120_53786_57472_1.sdc 1889 
VOA/VOA4/turk/2008_turk1145a1201_46131_50304_0.sdc 2118 
VOA/VOA4/turk/2008_turk1145a1201_50944_59290_1.sdc 4178 
VOA/VOA4/turk/2008_turk1145a1218_45389_49357_0.sdc 2030 
VOA/VOA4/turk/2008_turk1145a1224_8550_22272_0.sdc 7056 
VOA/VOA4/turk/2008_turk1145a1229_21274_37581_1.sdc 8395 
VOA/VOA4/turk/2008_turk1145a1231_15360_26163_0.sdc 5446 
VOA/VOA4/turk/2008_turk1930a0709_19430_26419_0.sdc 3558 
VOA/VOA4/turk/2008_turk1930a0710_122906_128000_7.sdc 2626 
VOA/VOA4/turk/2008_turk1930a0710_134451_140723_10.sdc 3200 
VOA/VOA4/turk/2008_turk1930a0710_14387_17562_0.sdc 1636 
VOA/VOA4/turk/2008_turk1930a0722_85350_109338_5.sdc 12236 
VOA/VOA4/turk/2008_turk1930a0723_110131_128179_15.sdc 9238 
VOA/VOA4/turk/2008_turk1930a0723_151782_159514_24.sdc 3938 
VOA/VOA4/turk/2008_turk1930a0723_98944_109542_14.sdc 5293 
VOA/VOA4/turk/2008_turk1930a0724_66278_82278_3.sdc 8100 
VOA/VOA4/turk/2008_turk1930a0725_56730_78490_3.sdc 11078 
VOA/VOA4/turk/2008_turk1930a0728_110874_114150_3.sdc 1687 
VOA/VOA4/turk/2008_turk1930a0730_13722_18278_0.sdc 2338 
VOA/VOA4/turk/2008_turk1930a0730_29363_37120_3.sdc 3901 
VOA/VOA4/turk/2008_turk1930a0730_41216_46438_4.sdc 2611 
VOA/VOA4/turk/2008_turk1930a0730_59776_67507_6.sdc 3596 
VOA/VOA4/turk/2008_turk1930a0731_40525_59802_0.sdc 9976 
VOA/VOA4/turk/2008_turk1930a0804_51226_63693_0.sdc 6447 
VOA/VOA4/turk/2008_turk1930a0807_39526_43418_2.sdc 1950 
VOA/VOA4/turk/2008_turk1930a0811_101939_105318_12.sdc 1723 
VOA/VOA4/turk/2008_turk1930a0811_53632_58266_3.sdc 2316 
VOA/VOA4/turk/2008_turk1930a0812_74701_82048_5.sdc 3045 
VOA/VOA4/turk/2008_turk1930a0818_106829_122496_5.sdc 8068 
VOA/VOA4/turk/2008_turk1930a0819_75264_82099_8.sdc 3510 
VOA/VOA4/turk/2008_turk1930a0820_112563_115917_14.sdc 1690 
VOA/VOA4/turk/2008_turk1930a0820_128205_131891_18.sdc 1879 
VOA/VOA4/turk/2008_turk1930a0820_146560_150093_20.sdc 1786 
VOA/VOA4/turk/2008_turk1930a0820_85325_89677_5.sdc 2203 
VOA/VOA4/turk/2008_turk1930a0821_113946_118349_2.sdc 2248 
VOA/VOA4/turk/2008_turk1930a0821_118835_126259_3.sdc 3802 
VOA/VOA4/turk/2008_turk1930a0821_126950_135014_4.sdc 4157 
VOA/VOA4/turk/2008_turk1930a0822_67814_77747_0.sdc 5099 
VOA/VOA4/turk/2008_turk1930a0825_36429_47898_1.sdc 5745 
VOA/VOA4/turk/2008_turk1930a0829_72243_76186_2.sdc 1793 
VOA/VOA4/turk/2008_turk1930a0903_39706_51354_2.sdc 5914 
VOA/VOA4/turk/2008_turk1930a0908_50202_58752_3.sdc 4393 
VOA/VOA4/turk/2008_turk1930a0909_126694_142746_1.sdc 8214 
VOA/VOA4/turk/2008_turk1930a0910_116838_123341_6.sdc 3302 
VOA/VOA4/turk/2008_turk1930a0910_125312_129690_7.sdc 2217 
VOA/VOA4/turk/2008_turk1930a0910_131302_141056_8.sdc 5032 
VOA/VOA4/turk/2008_turk1930a0910_72755_79386_0.sdc 3384 
VOA/VOA4/turk/2008_turk1930a0910_82278_87373_1.sdc 2626 
VOA/VOA4/turk/2008_turk1930a0910_89651_93133_2.sdc 1766 
VOA/VOA4/turk/2008_turk1930a0910_97510_109670_4.sdc 6152 
VOA/VOA4/turk/2008_turk1930a0917_100941_105062_5.sdc 2081 
VOA/VOA4/turk/2008_turk1930a0917_119808_124109_11.sdc 2200 
VOA/VOA4/turk/2008_turk1930a0917_127616_132992_13.sdc 2733 
VOA/VOA4/turk/2008_turk1930a0917_138086_141568_16.sdc 1770 
VOA/VOA4/turk/2008_turk1930a0917_157440_163866_23.sdc 3314 
VOA/VOA4/turk/2008_turk1930a0917_164480_168320_24.sdc 1927 
VOA/VOA4/turk/2008_turk1930a0917_76134_80768_0.sdc 2370 
VOA/VOA4/turk/2008_turk1930a0917_83866_89114_2.sdc 2714 
VOA/VOA4/turk/2008_turk1930a0917_89600_94438_3.sdc 2481 
VOA/VOA4/turk/2008_turk1930a0917_95104_99763_4.sdc 2340 
VOA/VOA4/turk/2008_turk1930a0918_57139_66099_0.sdc 4560 
VOA/VOA4/turk/2008_turk1930a1001_109901_122829_5.sdc 6619 
VOA/VOA4/turk/2008_turk1930a1001_125338_135322_6.sdc 5064 
VOA/VOA4/turk/2008_turk1930a1001_136730_143155_7.sdc 3310 
VOA/VOA4/turk/2008_turk1930a1001_144768_153805_8.sdc 4620 
VOA/VOA4/turk/2008_turk1930a1001_22554_26854_1.sdc 2216 
VOA/VOA4/turk/2008_turk1930a1001_94720_107648_4.sdc 6683 
VOA/VOA4/turk/2008_turk1930a1008_106957_118067_3.sdc 5543 
VOA/VOA4/turk/2008_turk1930a1008_123162_134784_4.sdc 5828 
VOA/VOA4/turk/2008_turk1930a1008_99405_106138_2.sdc 3386 
VOA/VOA4/turk/2008_turk1930a1023_67174_89830_0.sdc 11396 
VOA/VOA4/turk/2008_turk1930a1029_104422_115430_6.sdc 5668 
VOA/VOA4/turk/2008_turk1930a1029_117248_124749_7.sdc 3835 
VOA/VOA4/turk/2008_turk1930a1029_135910_153395_11.sdc 9022 
VOA/VOA4/turk/2008_turk1930a1029_159027_167629_12.sdc 4437 
VOA/VOA4/turk/2008_turk1930a1029_80640_83994_3.sdc 1709 
VOA/VOA4/turk/2008_turk1930a1029_87091_93491_4.sdc 3264 
VOA/VOA4/turk/2008_turk1930a1103_118835_129971_5.sdc 5750 
VOA/VOA4/turk/2008_turk1930a1106_40166_48512_0.sdc 4269 
VOA/VOA4/turk/2008_turk1930a1112_112768_118963_4.sdc 3183 
VOA/VOA4/turk/2008_turk1930a1119_116019_146586_3.sdc 14055 
VOA/VOA4/turk/2008_turk1930a1120_23910_47360_0.sdc 12165 
VOA/VOA4/turk/2008_turk1930a1127_32410_48026_0.sdc 7943 
VOA/VOA4/turk/2008_turk1930a1202_113459_117632_3.sdc 2082 
VOA/VOA4/turk/2008_turk1930a1203_110310_126464_2.sdc 8331 
VOA/VOA4/turk/2008_turk1930a1203_132787_162944_5.sdc 15435 
VOA/VOA4/turk/2008_turk1930a1205_12621_29850_0.sdc 8754 
VOA/VOA4/turk/2008_turk1930a1208_102835_109542_5.sdc 3436 
VOA/VOA4/turk/2008_turk1930a1210_111181_116045_4.sdc 2434 
VOA/VOA4/turk/2008_turk1930a1210_116890_125542_5.sdc 4359 
VOA/VOA4/turk/2008_turk1930a1210_127309_130944_6.sdc 1869 
VOA/VOA4/turk/2008_turk1930a1210_157568_163942_9.sdc 3271 
VOA/VOA4/turk/2008_turk1930a1210_166938_171981_11.sdc 2570 
VOA/VOA4/turk/2008_turk1930a1210_79514_83661_1.sdc 2122 
VOA/VOA4/turk/2008_turk1930a1210_85325_94157_2.sdc 4468 
VOA/VOA4/turk/2008_turk1930a1210_94618_110003_3.sdc 7686 
VOA/VOA4/turk/2008_turk1930a1219_102835_114970_6.sdc 6232 
VOA/VOA4/turk/2008_turk1930a1229_55450_81818_2.sdc 13522 
VOA/VOA4/turk/2008_turk1930a1230_56038_66509_3.sdc 5322 
VOA/VOA4/turk/2009_turk0430a0114_29286_40883_0.sdc 5994 
VOA/VOA4/turk/2009_turk0430a0115_90394_95411_6.sdc 2299 
VOA/VOA4/turk/2009_turk0430a0126_114509_117965_0.sdc 1778 
VOA/VOA4/turk/2009_turk0430a0129_140723_145254_10.sdc 2299 
VOA/VOA4/turk/2009_turk0430a0129_150502_153856_12.sdc 1688 
VOA/VOA4/turk/2009_turk0430a0129_154598_159309_13.sdc 2392 
VOA/VOA4/turk/2009_turk0430a0130_124006_127974_2.sdc 1992 
VOA/VOA4/turk/2009_turk0430a0204_67405_88883_0.sdc 10901 
VOA/VOA4/turk/2009_turk0430a0205_70426_73882_7.sdc 1788 
VOA/VOA4/turk/2009_turk0430a0206_13542_31360_0.sdc 8480 
VOA/VOA4/turk/2009_turk0430a0213_110413_124390_6.sdc 7055 
VOA/VOA4/turk/2009_turk0430a0217_82970_96077_0.sdc 6761 
VOA/VOA4/turk/2009_turk0430a0218_123085_127437_5.sdc 2091 
VOA/VOA4/turk/2009_turk0430a0218_23501_36198_1.sdc 6469 
VOA/VOA4/turk/2009_turk0430a0218_36582_46771_2.sdc 5124 
VOA/VOA4/turk/2009_turk0430a0218_51814_56346_3.sdc 2267 
VOA/VOA4/turk/2009_turk0430a0220_71475_84557_3.sdc 6685 
VOA/VOA4/turk/2009_turk0430a0225_95283_109901_0.sdc 7480 
VOA/VOA4/turk/2009_turk0430a0226_109670_120243_6.sdc 5411 
VOA/VOA4/turk/2009_turk0430a0303_51456_60237_0.sdc 4469 
VOA/VOA4/turk/2009_turk0430a0306_156006_159667_5.sdc 1846 
VOA/VOA4/turk/2009_turk0430a0311_61670_83942_6.sdc 11433 
VOA/VOA4/turk/2009_turk0430a0316_69555_88858_0.sdc 9793 
VOA/VOA4/turk/2009_turk0430a0325_140006_143744_6.sdc 1892 
VOA/VOA4/turk/2009_turk0430a0327_73830_81715_9.sdc 3935 
VOA/VOA4/turk/2009_turk0430a0331_125158_133043_0.sdc 4047 
VOA/VOA4/turk/2009_turk0430a0402_114611_129434_5.sdc 7635 
VOA/VOA4/turk/2009_turk0430a0402_55629_59494_0.sdc 1835 
VOA/VOA4/turk/2009_turk0430a0402_61235_72218_1.sdc 5045 
VOA/VOA4/turk/2009_turk0430a0402_77082_81562_4.sdc 2082 
VOA/VOA4/turk/2009_turk0430a0410_63667_85094_0.sdc 11130 
VOA/VOA4/turk/2009_turk0430a0416_115635_123904_7.sdc 4236 
VOA/VOA4/turk/2009_turk0430a0416_46438_50176_2.sdc 1908 
VOA/VOA4/turk/2009_turk0430a0416_51098_55501_3.sdc 2202 
VOA/VOA4/turk/2009_turk0430a0416_65587_72090_5.sdc 3314 
VOA/VOA4/turk/2009_turk0430a0420_18278_23091_1.sdc 1891 
VOA/VOA4/turk/2009_turk0430a0505_110899_114842_3.sdc 2002 
VOA/VOA4/turk/2009_turk0430a0507_74573_82406_1.sdc 4006 
VOA/VOA4/turk/2009_turk0430a0508_141875_145357_5.sdc 1736 
VOA/VOA4/turk/2009_turk0430a0511_37325_50278_0.sdc 6720 
VOA/VOA4/turk/2009_turk0430a0521_139341_144998_2.sdc 2893 
VOA/VOA4/turk/2009_turk0430a0528_58266_63027_2.sdc 2372 
VOA/VOA4/turk/2009_turk0430a0528_67123_71808_3.sdc 2362 
VOA/VOA4/turk/2009_turk0430a0603_148173_151552_8.sdc 1700 
VOA/VOA4/turk/2009_turk0430a0605_97357_102400_2.sdc 2533 
VOA/VOA4/turk/2009_turk0430a0608_146227_158106_7.sdc 5803 
VOA/VOA4/turk/2009_turk0430a0609_30080_33382_2.sdc 1711 
VOA/VOA4/turk/2009_turk0430a0609_33946_38528_3.sdc 2272 
VOA/VOA4/turk/2009_turk0430a0610_28314_47334_0.sdc 9664 
VOA/VOA4/turk/2009_turk0430a0617_61798_65562_4.sdc 1909 
VOA/VOA4/turk/2009_turk0430a0619_19149_24525_1.sdc 2709 
VOA/VOA4/turk/2009_turk0430a0619_29645_34662_4.sdc 2582 
VOA/VOA4/turk/2009_turk0430a0629_126259_140390_1.sdc 7264 
VOA/VOA4/turk/2009_turk0430a0721_129690_137779_0.sdc 4061 
VOA/VOA4/turk/2009_turk0430a0727_25651_42240_0.sdc 8407 
VOA/VOA4/turk/2009_turk0430a0728_15206_18944_0.sdc 1917 
VOA/VOA4/turk/2009_turk0430a0728_21402_28058_2.sdc 3388 
VOA/VOA4/turk/2009_turk0430a0729_48666_54118_2.sdc 2710 
VOA/VOA4/turk/2009_turk0430a0805_44595_55654_3.sdc 5693 
VOA/VOA4/turk/2009_turk0430a0810_88678_99942_6.sdc 5774 
VOA/VOA4/turk/2009_turk0430a0811_101862_110029_3.sdc 4212 
VOA/VOA4/turk/2009_turk0430a0812_24422_32896_0.sdc 4327 
VOA/VOA4/turk/2009_turk0430a0814_76595_86477_0.sdc 4931 
VOA/VOA4/turk/2009_turk0430a0819_60979_64205_0.sdc 1626 
VOA/VOA4/turk/2009_turk0430a0819_68429_72269_2.sdc 1976 
VOA/VOA4/turk/2009_turk0430a0820_45107_48384_3.sdc 1634 
VOA/VOA4/turk/2009_turk0430a0820_53018_56730_6.sdc 1890 
VOA/VOA4/turk/2009_turk0430a0820_62438_66406_9.sdc 2037 
VOA/VOA4/turk/2009_turk0430a0914_83661_92416_1.sdc 4416 
VOA/VOA4/turk/2009_turk0430a0916_137011_146022_6.sdc 4326 
VOA/VOA4/turk/2009_turk0430a0916_152141_160358_8.sdc 3675 
VOA/VOA4/turk/2009_turk0430a0917_95002_101094_2.sdc 3097 
VOA/VOA4/turk/2009_turk0430a0918_163098_168448_3.sdc 2695 
VOA/VOA4/turk/2009_turk0430a0921_67405_74547_2.sdc 3652 
VOA/VOA4/turk/2009_turk0430a0923_110822_116582_2.sdc 2953 
VOA/VOA4/turk/2009_turk0430a0923_95002_100915_0.sdc 2983 
VOA/VOA4/turk/2009_turk0430a0924_126618_130304_5.sdc 1824 
VOA/VOA4/turk/2009_turk0430a0924_62285_70784_0.sdc 4063 
VOA/VOA4/turk/2009_turk0430a0924_71706_78618_1.sdc 3507 
VOA/VOA4/turk/2009_turk0430a0924_79514_83123_2.sdc 1838 
VOA/VOA4/turk/2009_turk0430a0929_122675_126976_4.sdc 2186 
VOA/VOA4/turk/2009_turk0430a0930_153165_156646_14.sdc 1740 
VOA/VOA4/turk/2009_turk0430a1001_128307_131891_0.sdc 1820 
VOA/VOA4/turk/2009_turk0430a1001_134758_138112_1.sdc 1684 
VOA/VOA4/turk/2009_turk0430a1002_26854_32205_0.sdc 2749 
VOA/VOA4/turk/2009_turk0430a1009_13594_24602_0.sdc 5716 
VOA/VOA4/turk/2009_turk0430a1009_28211_33459_1.sdc 2621 
VOA/VOA4/turk/2009_turk0430a1009_33946_38554_2.sdc 2347 
VOA/VOA4/turk/2009_turk0430a1009_39142_42522_3.sdc 1743 
VOA/VOA4/turk/2009_turk0430a1009_44621_52403_4.sdc 3994 
VOA/VOA4/turk/2009_turk0430a1009_56397_60160_6.sdc 1904 
VOA/VOA4/turk/2009_turk0430a1013_53862_57242_0.sdc 1718 
VOA/VOA4/turk/2009_turk0430a1013_59827_71501_1.sdc 5958 
VOA/VOA4/turk/2009_turk0430a1015_53248_56883_2.sdc 1822 
VOA/VOA4/turk/2009_turk0430a1021_66765_87322_2.sdc 10455 
VOA/VOA4/turk/2009_turk0430a1026_148301_151578_2.sdc 1645 
VOA/VOA4/turk/2009_turk0430a1102_85965_89779_0.sdc 1936 
VOA/VOA4/turk/2009_turk0430a1109_95411_99200_0.sdc 1936 
VOA/VOA4/turk/2009_turk0430a1110_89293_97203_0.sdc 4098 
VOA/VOA4/turk/2009_turk0430a1202_100813_109363_2.sdc 4322 
VOA/VOA4/turk/2009_turk0430a1203_137856_153216_9.sdc 7842 
VOA/VOA4/turk/2009_turk0430a1204_15181_24090_1.sdc 4541 
VOA/VOA4/turk/2009_turk0430a1216_46387_70374_1.sdc 12209 
VOA/VOA4/turk/2009_turk0430a1224_56832_71654_4.sdc 7665 
VOA/VOA4/turk/2009_turk1145a0206_44954_58778_0.sdc 7094 
VOA/VOA4/turk/2009_turk1145a0312_40218_44006_3.sdc 1854 
VOA/VOA4/turk/2009_turk1145a0312_47053_51968_4.sdc 2480 
VOA/VOA4/turk/2009_turk1145a0326_54067_58701_2.sdc 2336 
VOA/VOA4/turk/2009_turk1145a0330_11494_32896_0.sdc 10974 
VOA/VOA4/turk/2009_turk1145a0401_36736_50381_0.sdc 6950 
VOA/VOA4/turk/2009_turk1145a0407_11904_20506_0.sdc 4372 
VOA/VOA4/turk/2009_turk1145a0407_20966_27264_1.sdc 3179 
VOA/VOA4/turk/2009_turk1145a0413_51277_65638_0.sdc 7366 
VOA/VOA4/turk/2009_turk1145a0421_25549_29005_1.sdc 1735 
VOA/VOA4/turk/2009_turk1145a0508_51738_55014_0.sdc 1651 
VOA/VOA4/turk/2009_turk1145a0609_23142_30106_1.sdc 3466 
VOA/VOA4/turk/2009_turk1145a0609_30694_41626_2.sdc 5472 
VOA/VOA4/turk/2009_turk1145a0615_20096_27648_0.sdc 3872 
VOA/VOA4/turk/2009_turk1145a0625_15667_21658_0.sdc 3029 
VOA/VOA4/turk/2009_turk1145a0702_11699_28826_0.sdc 8724 
VOA/VOA4/turk/2009_turk1145a0820_33562_38093_3.sdc 2273 
VOA/VOA4/turk/2009_turk1145a0820_38707_46106_4.sdc 3737 
VOA/VOA4/turk/2009_turk1145a0826_24269_27827_2.sdc 1813 
VOA/VOA4/turk/2009_turk1145a0909_25958_30106_2.sdc 2085 
VOA/VOA4/turk/2009_turk1145a0921_22016_27341_4.sdc 2630 
VOA/VOA4/turk/2009_turk1145a0924_33050_36736_0.sdc 1846 
VOA/VOA4/turk/2009_turk1145a1009_48512_52352_2.sdc 1942 
VOA/VOA4/turk/2009_turk1145a1009_52710_56294_3.sdc 1828 
VOA/VOA4/turk/2009_turk1145a1015_18534_31974_0.sdc 6780 
VOA/VOA4/turk/2009_turk1145a1109_55910_59699_0.sdc 1926 
VOA/VOA4/turk/2009_turk1930a0105_13414_22810_0.sdc 4709 
VOA/VOA4/turk/2009_turk1930a0106_30797_45158_0.sdc 7437 
VOA/VOA4/turk/2009_turk1930a0116_19840_30976_1.sdc 5744 
VOA/VOA4/turk/2009_turk1930a0121_111078_136346_6.sdc 13033 
VOA/VOA4/turk/2009_turk1930a0121_137702_160307_7.sdc 11539 
VOA/VOA4/turk/2009_turk1930a0121_165427_172544_9.sdc 3614 
VOA/VOA4/turk/2009_turk1930a0121_81613_106496_5.sdc 12685 
VOA/VOA4/turk/2009_turk1930a0122_102349_120218_1.sdc 9234 
VOA/VOA4/turk/2009_turk1930a0123_38733_58701_0.sdc 10224 
VOA/VOA4/turk/2009_turk1930a0204_112179_126234_1.sdc 7215 
VOA/VOA4/turk/2009_turk1930a0204_129664_151706_2.sdc 11303 
VOA/VOA4/turk/2009_turk1930a0220_41728_56678_0.sdc 7572 
VOA/VOA4/turk/2009_turk1930a0227_72576_83891_0.sdc 5774 
VOA/VOA4/turk/2009_turk1930a0303_16691_24806_1.sdc 4134 
VOA/VOA4/turk/2009_turk1930a0310_96486_115763_14.sdc 9892 
VOA/VOA4/turk/2009_turk1930a0313_51354_59264_0.sdc 4052 
VOA/VOA4/turk/2009_turk1930a0318_138086_142336_2.sdc 2159 
VOA/VOA4/turk/2009_turk1930a0320_43494_57190_0.sdc 7047 
VOA/VOA4/turk/2009_turk1930a0323_19994_36915_1.sdc 8560 
VOA/VOA4/turk/2009_turk1930a0324_16307_29978_0.sdc 7086 
VOA/VOA4/turk/2009_turk1930a0325_112384_128742_5.sdc 8482 
VOA/VOA4/turk/2009_turk1930a0325_130739_134477_6.sdc 1877 
VOA/VOA4/turk/2009_turk1930a0325_156954_166323_8.sdc 4758 
VOA/VOA4/turk/2009_turk1930a0325_167373_171750_9.sdc 2235 
VOA/VOA4/turk/2009_turk1930a0325_19379_36096_0.sdc 8597 
VOA/VOA4/turk/2009_turk1930a0325_74547_82330_1.sdc 4026 
VOA/VOA4/turk/2009_turk1930a0325_83533_92800_2.sdc 4654 
VOA/VOA4/turk/2009_turk1930a0325_95744_108442_4.sdc 6488 
VOA/VOA4/turk/2009_turk1930a0401_113126_125133_16.sdc 5247 
VOA/VOA4/turk/2009_turk1930a0401_145485_150400_23.sdc 2289 
VOA/VOA4/turk/2009_turk1930a0401_150810_158310_24.sdc 3379 
VOA/VOA4/turk/2009_turk1930a0401_162688_167194_26.sdc 1855 
VOA/VOA4/turk/2009_turk1930a0401_96256_101043_13.sdc 2209 
VOA/VOA4/turk/2009_turk1930a0408_121395_130381_4.sdc 4572 
VOA/VOA4/turk/2009_turk1930a0409_43290_56218_2.sdc 6698 
VOA/VOA4/turk/2009_turk1930a0415_128666_134144_6.sdc 2774 
VOA/VOA4/turk/2009_turk1930a0415_136064_143334_7.sdc 3727 
VOA/VOA4/turk/2009_turk1930a0415_150067_160717_8.sdc 5507 
VOA/VOA4/turk/2009_turk1930a0415_162048_165478_9.sdc 1708 
VOA/VOA4/turk/2009_turk1930a0415_167219_171085_10.sdc 1956 
VOA/VOA4/turk/2009_turk1930a0415_68557_74906_2.sdc 3258 
VOA/VOA4/turk/2009_turk1930a0415_76723_82176_3.sdc 2793 
VOA/VOA4/turk/2009_turk1930a0422_108493_117376_1.sdc 4504 
VOA/VOA4/turk/2009_turk1930a0422_122726_128410_3.sdc 2924 
VOA/VOA4/turk/2009_turk1930a0422_129613_136090_4.sdc 3266 
VOA/VOA4/turk/2009_turk1930a0422_137088_155981_5.sdc 9576 
VOA/VOA4/turk/2009_turk1930a0422_159206_172186_6.sdc 6684 
VOA/VOA4/turk/2009_turk1930a0428_97510_102605_7.sdc 2596 
VOA/VOA4/turk/2009_turk1930a0429_98688_172186_2.sdc 36476 
VOA/VOA4/turk/2009_turk1930a0601_104806_125594_8.sdc 10676 
VOA/VOA4/turk/2009_turk1930a0603_115405_119552_5.sdc 2136 
VOA/VOA4/turk/2009_turk1930a0603_121651_133709_6.sdc 6147 
VOA/VOA4/turk/2009_turk1930a0603_154752_166861_8.sdc 6120 
VOA/VOA4/turk/2009_turk1930a0603_167987_172083_9.sdc 2083 
VOA/VOA4/turk/2009_turk1930a0603_35712_47693_0.sdc 6071 
VOA/VOA4/turk/2009_turk1930a0605_123878_127693_5.sdc 1655 
VOA/VOA4/turk/2009_turk1930a0710_77722_83533_3.sdc 2961 
VOA/VOA4/turk/2009_turk1930a0710_84122_92083_4.sdc 4096 
VOA/VOA4/turk/2009_turk1930a0715_106547_111334_8.sdc 2418 
VOA/VOA4/turk/2009_turk1930a0715_113971_130483_9.sdc 8576 
VOA/VOA4/turk/2009_turk1930a0715_69325_75469_5.sdc 3112 
VOA/VOA4/turk/2009_turk1930a0715_76672_85146_6.sdc 4374 
VOA/VOA4/turk/2009_turk1930a0715_87322_104730_7.sdc 8973 
VOA/VOA4/turk/2009_turk1930a0810_145229_151450_13.sdc 3201 
VOA/VOA4/turk/2009_turk1930a0811_87962_99507_3.sdc 5965 
VOA/VOA4/turk/2009_turk1930a0814_54656_67738_1.sdc 6620 
VOA/VOA4/turk/2009_turk1930a0819_110054_114970_12.sdc 2495 
VOA/VOA4/turk/2009_turk1930a0819_129357_137498_19.sdc 4116 
VOA/VOA4/turk/2009_turk1930a0819_142438_146662_21.sdc 2142 
VOA/VOA4/turk/2009_turk1930a0819_146995_154598_22.sdc 3844 
VOA/VOA4/turk/2009_turk1930a0819_84429_90470_6.sdc 3118 
VOA/VOA4/turk/2009_turk1930a0819_97536_102810_9.sdc 2696 
VOA/VOA4/turk/2009_turk1930a0824_28237_44570_2.sdc 8385 
VOA/VOA4/turk/2009_turk1930a0825_52147_56525_0.sdc 2234 
VOA/VOA4/turk/2009_turk1930a0825_65024_69683_3.sdc 2384 
VOA/VOA4/turk/2009_turk1930a0826_106240_129920_2.sdc 12119 
VOA/VOA4/turk/2009_turk1930a0826_130816_137037_3.sdc 3120 
VOA/VOA4/turk/2009_turk1930a0826_137958_150733_4.sdc 6558 
VOA/VOA4/turk/2009_turk1930a0826_165376_168934_6.sdc 1808 
VOA/VOA4/turk/2009_turk1930a0826_79206_89139_0.sdc 5041 
VOA/VOA4/turk/2009_turk1930a0827_45389_56986_0.sdc 5889 
VOA/VOA4/turk/2009_turk1930a0828_110336_123878_4.sdc 6985 
VOA/VOA4/turk/2009_turk1930a0909_114150_119808_6.sdc 2922 
VOA/VOA4/turk/2009_turk1930a0909_128077_136038_8.sdc 4083 
VOA/VOA4/turk/2009_turk1930a0909_139059_154496_9.sdc 7997 
VOA/VOA4/turk/2009_turk1930a0909_15258_24909_1.sdc 4955 
VOA/VOA4/turk/2009_turk1930a0909_99814_111488_5.sdc 5987 
VOA/VOA4/turk/2009_turk1930a0916_128640_142208_8.sdc 6996 
VOA/VOA4/turk/2009_turk1930a0921_132608_136653_8.sdc 2051 
VOA/VOA4/turk/2009_turk1930a0923_129485_140032_4.sdc 5449 
VOA/VOA4/turk/2009_turk1930a0923_140928_161229_5.sdc 10378 
VOA/VOA4/turk/2009_turk1930a0924_73651_78925_3.sdc 2631 
VOA/VOA4/turk/2009_turk1930a1001_129510_133094_13.sdc 1813 
VOA/VOA4/turk/2009_turk1930a1002_68403_73933_7.sdc 2794 
VOA/VOA4/turk/2009_turk1930a1014_134170_142592_4.sdc 4271 
VOA/VOA4/turk/2009_turk1930a1015_91853_96819_3.sdc 2552 
VOA/VOA4/turk/2009_turk1930a1021_103014_110285_2.sdc 3716 
VOA/VOA4/turk/2009_turk1930a1021_111078_129050_3.sdc 9044 
VOA/VOA4/turk/2009_turk1930a1021_130176_144358_4.sdc 7307 
VOA/VOA4/turk/2009_turk1930a1021_145075_155392_5.sdc 5135 
VOA/VOA4/turk/2009_turk1930a1021_156954_169062_6.sdc 6218 
VOA/VOA4/turk/2009_turk1930a1021_95616_102400_1.sdc 3391 
VOA/VOA4/turk/2009_turk1930a1102_95437_98765_2.sdc 1670 
VOA/VOA4/turk/2009_turk1930a1120_63334_67277_1.sdc 1996 
VOA/VOA4/turk/2009_turk1930a1120_68378_76006_2.sdc 3896 
VOA/VOA4/turk/2009_turk1930a1120_84557_89165_4.sdc 2371 
VOA/VOA4/turk/2009_turk1945a1211_12928_16435_0.sdc 1758 
VOA/VOA4/turk/2009_turk1945a1211_16717_22272_1.sdc 2807 
VOA/VOA4/turk/2009_turk1945a1211_23450_29850_2.sdc 3216 
VOA/VOA4/turk/2009_turk1945a1229_61901_72602_1.sdc 5444 
VOA/VOA4/turk/2010_turk0430a0104_85325_88806_1.sdc 1778 
VOA/VOA4/turk/2010_turk0430a0107_129843_136755_6.sdc 3441 
VOA/VOA4/turk/2010_turk0430a0108_131789_136781_7.sdc 2492 
VOA/VOA4/turk/2010_turk0430a0108_68659_76237_3.sdc 3824 
VOA/VOA4/turk/2010_turk0430a0108_76826_85888_4.sdc 4606 
VOA/VOA4/turk/2010_turk0430a0129_163712_167066_3.sdc 1690 
VOA/VOA4/turk/2010_turk0430a0209_108826_112896_0.sdc 2054 
VOA/VOA4/turk/2010_turk0430a0216_102016_107930_4.sdc 3003 
VOA/VOA4/turk/2010_turk0430a0216_110080_118605_5.sdc 4323 
VOA/VOA4/turk/2010_turk0430a0216_119859_127206_6.sdc 3721 
VOA/VOA4/turk/2010_turk0430a0224_15795_22067_0.sdc 3144 
VOA/VOA4/turk/2010_turk0430a0225_38170_43034_0.sdc 2417 
VOA/VOA4/turk/2010_turk0430a0225_46925_50483_2.sdc 1778 
VOA/VOA4/turk/2010_turk0430a0225_51226_59750_3.sdc 4251 
VOA/VOA4/turk/2010_turk0430a0225_60442_73037_4.sdc 6316 
VOA/VOA4/turk/2010_turk0430a0302_73190_79181_1.sdc 3076 
VOA/VOA4/turk/2010_turk0430a0305_61619_71450_0.sdc 4351 
VOA/VOA4/turk/2010_turk0430a0319_158182_162509_4.sdc 2195 
VOA/VOA4/turk/2010_turk0430a0319_55040_62131_0.sdc 3532 
VOA/VOA4/turk/2010_turk0430a0319_65126_69018_1.sdc 1937 
VOA/VOA4/turk/2010_turk0430a0319_70144_77568_2.sdc 3786 
VOA/VOA4/turk/2010_turk0430a0326_38400_54349_0.sdc 8136 
VOA/VOA4/turk/2010_turk0430a0326_61005_69683_2.sdc 4358 
VOA/VOA4/turk/2010_turk0430a0326_91238_94669_5.sdc 1744 
VOA/VOA4/turk/2010_turk0430a0406_111437_122010_6.sdc 5404 
VOA/VOA4/turk/2010_turk0430a0406_93107_110950_5.sdc 9073 
VOA/VOA4/turk/2010_turk0430a0409_66355_70784_3.sdc 2220 
VOA/VOA4/turk/2010_turk0430a0414_93082_97203_2.sdc 2108 
VOA/VOA4/turk/2010_turk0430a0423_68454_72218_0.sdc 1898 
VOA/VOA4/turk/2010_turk0430a0423_82534_90573_4.sdc 4073 
VOA/VOA4/turk/2010_turk0430a0423_91110_94438_5.sdc 1672 
VOA/VOA4/turk/2010_turk0430a0512_103091_110950_4.sdc 4006 
VOA/VOA4/turk/2010_turk0430a0512_95642_98995_3.sdc 1701 
VOA/VOA4/turk/2010_turk0430a0514_105114_112947_1.sdc 3990 
VOA/VOA4/turk/2010_turk0430a0514_92160_103629_0.sdc 5885 
VOA/VOA4/turk/2010_turk0430a0518_33357_39885_0.sdc 3298 
VOA/VOA4/turk/2010_turk0430a0518_40755_47258_1.sdc 3233 
VOA/VOA4/turk/2010_turk0430a0518_49459_54272_2.sdc 2485 
VOA/VOA4/turk/2010_turk1945a0219_38093_42266_2.sdc 2140 
VOA/VOA4/turk/2010_turk1945a0302_27443_30797_1.sdc 1695 
VOA/VOA4/turk/2010_turk1945a0513_12902_25472_0.sdc 6491 
VOA/VOA4/turk/2010_turk1945a0521_41293_44826_0.sdc 1806 
VOA/VOA4/turk/2010_turk1945a0528_12416_22042_0.sdc 4916 
VOA/VOA4/turk/TURKISH0430a0104_104806_107955_0.sdc 1619 
VOA/VOA4/turk/TURKISH0430a0602_64563_68173_2.sdc 1806 
VOA/VOA4/turk/TURKISH0430a0602_69837_80691_3.sdc 5615 
VOA/VOA4/turk/TURKISH0430a0608_18253_22118_0.sdc 1956 
VOA/VOA4/turk/TURKISH0430a0609_56960_67251_1.sdc 5057 
VOA/VOA4/turk/TURKISH0430a0609_68429_72269_2.sdc 1948 
VOA/VOA4/turk/TURKISH0430a0616_113562_116992_0.sdc 1732 
VOA/VOA4/turk/TURKISH0430a0705_116147_131661_3.sdc 7907 
VOA/VOA4/turk/TURKISH0430a0705_134426_142618_4.sdc 4175 
VOA/VOA4/turk/TURKISH0430a0709_23654_27110_0.sdc 1749 
VOA/VOA4/turk/TURKISH0430a0709_28979_32384_1.sdc 1727 
VOA/VOA4/turk/TURKISH0430a0709_32896_37120_2.sdc 2182 
VOA/VOA4/turk/TURKISH0430a0709_45261_54656_5.sdc 4834 
VOA/VOA4/turk/TURKISH0430a0726_24397_33050_0.sdc 4469 
VOA/VOA4/turk/TURKISH0430a0816_99200_103475_0.sdc 2176 
VOA/VOA4/turk/TURKISH0430a0817_62387_82458_2.sdc 10321 
VOA/VOA4/turk/TURKISH0430a0820_57011_62950_2.sdc 3068 
VOA/VOA4/turk/TURKISH0430a0820_73907_77363_5.sdc 1734 
VOA/VOA4/turk/TURKISH0430a0903_72678_78054_3.sdc 2746 
VOA/VOA4/turk/TURKISH0430a0907_125952_131635_4.sdc 2883 
VOA/VOA4/turk/TURKISH0430a0917_58317_63155_1.sdc 2496 
VOA/VOA4/turk/TURKISH0430a0922_52941_60109_0.sdc 3591 
VOA/VOA4/turk/TURKISH0430a0922_61107_67123_1.sdc 3106 
VOA/VOA4/turk/TURKISH0430a0922_67686_72883_2.sdc 2680 
VOA/VOA4/turk/TURKISH0430a1015_47053_53350_6.sdc 3191 
VOA/VOA4/turk/TURKISH0430a1018_86067_89216_0.sdc 1603 
VOA/VOA4/turk/TURKISH0430a1025_32000_45926_0.sdc 6951 
VOA/VOA4/turk/TURKISH1745a0616_11955_16154_0.sdc 2145 
VOA/VOA4/turk/TURKISH1745a0701_57907_61645_5.sdc 1865 
VOA/VOA4/turk/TURKISH1745a0708_67149_70707_4.sdc 1818 
VOA/VOA4/turk/TURKISH1745a0712_27571_32179_0.sdc 2346 
VOA/VOA4/turk/TURKISH1745a0819_41651_47616_2.sdc 3076 
VOA/VOA4/turk/TURKISH1745a0920_73293_78106_7.sdc 2470 
VOA/VOA4/turk/turk1045aTHU_29440_36070_1.sdc 3376 
VOA/VOA4/turk/turk1045a_13184_28467_0.sdc 7861 
VOA/VOA4/turk/turk1145a_53043_60928_4.sdc 3987 
VOA/VOA4/turk/turk1930aTHU_91571_95616_4.sdc 2057 
VOA/VOA4/turk/turk1930aTUE_127718_131328_8.sdc 1796 
VOA/VOA4/turk/turk1945aMON_33357_37248_0.sdc 1962 
VOA/VOA4/turk/turk1945aMON_37658_44339_1.sdc 3359 
VOA/VOA4/turk/turk1945aMON_45850_53402_2.sdc 3840 
VOA/VOA4/turk/turk1945aTUE_30797_35354_1.sdc 2335 
VOA/VOA4/turk/turk2030aWED_103731_133376_8.sdc 13939 
VOA/VOA4/turk/turk2030aWED_38349_45850_0.sdc 3784 
VOA/VOA4/turk/turk2030aWED_68864_72346_3.sdc 1655 
VOA/VOA4/turk/turk2030aWED_73677_76851_4.sdc 1629 
VOA/VOA4/turk/turk2030aWED_77645_84531_5.sdc 3527 
VOA/VOA4/turk/turk2030aWED_90394_102579_7.sdc 6315 
VOA/VOA4/turk/turk2030a_77619_90112_2.sdc 6345 
sbs_radio/turkish/turkish_110205_141861_20045_28186_1.sdc 4179 
sbs_radio/turkish/turkish_110205_141861_30336_41882_2.sdc 5965 
sbs_radio/turkish/turkish_110205_141861_3456_19072_0.sdc 7889 
sbs_radio/turkish/turkish_110205_141861_42394_57216_3.sdc 7632 
sbs_radio/turkish/turkish_110205_141861_57958_67482_4.sdc 4896 
sbs_radio/turkish/turkish_110205_141861_70349_87552_5.sdc 8895 
sbs_radio/turkish/turkish_110218_145337_28621_46621_0.sdc 9288 
sbs_radio/turkish/turkish_110218_145337_57754_64282_2.sdc 3363 
sbs_radio/turkish/turkish_110218_145337_65178_69018_3.sdc 1955 
sbs_radio/turkish/turkish_110218_145337_69888_74726_4.sdc 2471 
sbs_radio/turkish/turkish_110218_145337_75290_79744_5.sdc 2258 
sbs_radio/turkish/turkish_110218_145337_80614_87219_6.sdc 3343 
sbs_radio/turkish/turkish_110218_145337_88218_95130_7.sdc 3520 
sbs_radio/turkish/turkish_110218_145337_96384_105062_8.sdc 4489 
sbs_radio/turkish/turkish_110304_148601_131456_135194_0.sdc 1875 
sbs_radio/turkish/turkish_110308_149352_19123_26061_3.sdc 3541 
sbs_radio/turkish/turkish_110308_149352_28442_33408_5.sdc 2567 
sbs_radio/turkish/turkish_110308_149352_34253_37734_6.sdc 1708 
sbs_radio/turkish/turkish_110308_149352_39296_46618_7.sdc 3779 
sbs_radio/turkish/turkish_110308_149352_51046_59878_9.sdc 4536 
sbs_radio/turkish/turkish_110308_149352_6246_15974_1.sdc 4936 
sbs_radio/turkish/turkish_110308_149357_19482_22810_4.sdc 1651 
sbs_radio/turkish/turkish_110308_149357_2355_5990_0.sdc 1862 
sbs_radio/turkish/turkish_110308_149357_24960_29824_5.sdc 2428 
sbs_radio/turkish/turkish_110308_149357_33587_37069_7.sdc 1739 
sbs_radio/turkish/turkish_110308_149357_37632_48307_8.sdc 5372 
sbs_radio/turkish/turkish_110308_149357_48947_52608_9.sdc 1876 
sbs_radio/turkish/turkish_110308_149357_56090_59315_11.sdc 1645 
sbs_radio/turkish/turkish_110308_149357_6784_11725_1.sdc 2517 
sbs_radio/turkish/turkish_110308_149357_69197_72422_15.sdc 1645 
sbs_radio/turkish/turkish_110308_149397_20224_24320_4.sdc 2090 
sbs_radio/turkish/turkish_110308_149397_34202_38605_8.sdc 2265 
sbs_radio/turkish/turkish_110308_149402_28032_33306_9.sdc 2691 
sbs_radio/turkish/turkish_110308_149402_33664_39014_10.sdc 2639 
sbs_radio/turkish/turkish_110308_149402_40986_45722_11.sdc 2417 
sbs_radio/turkish/turkish_110308_149402_47462_51968_13.sdc 2290 
sbs_radio/turkish/turkish_110308_149402_6682_10394_1.sdc 1882 
sbs_radio/turkish/turkish_110311_150392_14362_20890_2.sdc 3302 
sbs_radio/turkish/turkish_110311_150392_20992_24243_3.sdc 1680 
sbs_radio/turkish/turkish_110311_150392_24806_30003_4.sdc 2655 
sbs_radio/turkish/turkish_110311_150392_33587_36864_6.sdc 1669 
sbs_radio/turkish/turkish_110311_150392_44979_51174_9.sdc 3140 
sbs_radio/turkish/turkish_110311_150392_52787_70787_10.sdc 9316 
sbs_radio/turkish/turkish_110311_150392_8090_14080_1.sdc 3016 
sbs_radio/turkish/turkish_110314_150922_102093_108442_1.sdc 3272 
sbs_radio/turkish/turkish_110314_150922_95283_101197_0.sdc 2993 
sbs_radio/turkish/turkish_110316_151247_120013_127309_23.sdc 3705 
sbs_radio/turkish/turkish_110316_151247_139802_147354_25.sdc 3865 
sbs_radio/turkish/turkish_110316_151247_151962_160128_26.sdc 3966 
sbs_radio/turkish/turkish_110316_151247_165094_174515_28.sdc 4853 
sbs_radio/turkish/turkish_110316_151247_179558_184858_29.sdc 2678 
sbs_radio/turkish/turkish_110316_151247_185907_190925_30.sdc 2575 
sbs_radio/turkish/turkish_110316_151247_18765_28621_2.sdc 4433 
sbs_radio/turkish/turkish_110316_151247_193741_203443_32.sdc 4960 
sbs_radio/turkish/turkish_110316_151247_203802_207053_33.sdc 1641 
sbs_radio/turkish/turkish_110316_151247_208922_214733_35.sdc 2998 
sbs_radio/turkish/turkish_110316_151247_215885_222874_36.sdc 3540 
sbs_radio/turkish/turkish_110316_151247_32998_39475_4.sdc 2973 
sbs_radio/turkish/turkish_110316_151247_46566_54605_7.sdc 3860 
sbs_radio/turkish/turkish_110316_151247_6144_17664_1.sdc 5551 
sbs_radio/turkish/turkish_110316_151247_65280_69786_10.sdc 2264 
sbs_radio/turkish/turkish_110316_151247_77312_83149_15.sdc 2990 
sbs_radio/turkish/turkish_110318_152002_17152_35152_0.sdc 9185 
sbs_radio/turkish/turkish_110318_152002_42522_60522_1.sdc 9155 
sbs_radio/turkish/turkish_110318_152002_65152_83152_2.sdc 9085 
sbs_radio/turkish/turkish_110318_152002_88627_93005_3.sdc 2203 
sbs_radio/turkish/turkish_110318_152002_94541_108109_4.sdc 6979 
sbs_radio/turkish/turkish_110320_152191_164506_171571_3.sdc 3531 
sbs_radio/turkish/turkish_110320_152191_211021_226662_7.sdc 7963 
sbs_radio/turkish/turkish_110320_152191_229862_236518_9.sdc 3377 
sbs_radio/turkish/turkish_110320_152191_250854_255693_11.sdc 2492 
sbs_radio/turkish/turkish_110320_152191_63437_71526_0.sdc 4081 
sbs_radio/turkish/turkish_110320_152191_72474_81587_1.sdc 4674 
sbs_radio/turkish/turkish_110413_157956_12467_15949_2.sdc 1757 
sbs_radio/turkish/turkish_110413_157956_19814_24371_3.sdc 2342 
sbs_radio/turkish/turkish_110413_157956_26957_34765_5.sdc 4005 
sbs_radio/turkish/turkish_110413_157956_35098_38758_6.sdc 1869 
sbs_radio/turkish/turkish_110413_157956_40218_50074_7.sdc 4984 
sbs_radio/turkish/turkish_110413_157956_4506_11034_1.sdc 3304 
sbs_radio/turkish/turkish_110418_159111_43085_47821_18.sdc 2414 
sbs_radio/turkish/turkish_110418_159111_48282_53350_19.sdc 2577 
sbs_radio/turkish/turkish_110418_159111_5965_9318_2.sdc 1721 
sbs_radio/turkish/turkish_110419_159201_3123_21123_0.sdc 9178 
sbs_radio/turkish/turkish_110419_159201_38682_56682_1.sdc 9300 
sbs_radio/turkish/turkish_110419_159201_61747_73037_2.sdc 5751 
sbs_radio/turkish/turkish_110426_161271_14438_21402_1.sdc 3568 
sbs_radio/turkish/turkish_110426_161271_24499_35046_3.sdc 5288 
sbs_radio/turkish/turkish_110426_161271_3379_12288_0.sdc 4483 
sbs_radio/turkish/turkish_110426_161271_37581_49050_4.sdc 5773 
sbs_radio/turkish/turkish_110426_161271_54042_66304_7.sdc 6357 
sbs_radio/turkish/turkish_110429_162181_14131_18176_3.sdc 2054 
sbs_radio/turkish/turkish_110429_162181_18637_22886_4.sdc 2151 
sbs_radio/turkish/turkish_110429_162181_28134_32230_7.sdc 2104 
sbs_radio/turkish/turkish_110429_162181_32819_36198_8.sdc 1738 
sbs_radio/turkish/turkish_110429_162181_37709_41011_9.sdc 1696 
sbs_radio/turkish/turkish_110429_162181_41933_47334_10.sdc 2751 
sbs_radio/turkish/turkish_110429_162181_48435_55910_11.sdc 3810 
sbs_radio/turkish/turkish_110429_162181_63590_71270_15.sdc 3982 
sbs_radio/turkish/turkish_110503_162956_29798_34330_14.sdc 2280 
sbs_radio/turkish/turkish_110503_162956_47565_50995_19.sdc 1724 
sbs_radio/turkish/turkish_110503_162961_13466_18074_5.sdc 2143 
sbs_radio/turkish/turkish_110503_162961_18458_22656_6.sdc 2077 
sbs_radio/turkish/turkish_110503_162961_25984_33587_8.sdc 3358 
sbs_radio/turkish/turkish_110503_162961_34048_44467_9.sdc 4273 
sbs_radio/turkish/turkish_110503_162961_47078_54349_10.sdc 3437 
sbs_radio/turkish/turkish_110503_162961_58291_65818_12.sdc 3254 
sbs_radio/turkish/turkish_110503_162961_81024_85734_17.sdc 2022 
sbs_radio/turkish/turkish_110503_162961_9037_12954_4.sdc 2022 
sbs_radio/turkish/turkish_110504_163171_12390_17510_2.sdc 2589 
sbs_radio/turkish/turkish_110504_163171_18278_23962_3.sdc 2700 
sbs_radio/turkish/turkish_110504_163171_2330_7808_0.sdc 2784 
sbs_radio/turkish/turkish_110504_163171_24755_30285_4.sdc 2806 
sbs_radio/turkish/turkish_110504_163171_33357_36864_5.sdc 1760 
sbs_radio/turkish/turkish_110504_163171_40115_47002_6.sdc 3164 
sbs_radio/turkish/turkish_110504_163201_12826_24909_2.sdc 6209 
sbs_radio/turkish/turkish_110504_163201_28570_36250_3.sdc 3872 
sbs_radio/turkish/turkish_110504_163201_3712_8755_0.sdc 2600 
sbs_radio/turkish/turkish_110504_163201_37427_41165_4.sdc 1921 
sbs_radio/turkish/turkish_110504_163201_41856_47411_5.sdc 2850 
sbs_radio/turkish/turkish_110511_164941_13286_20326_3.sdc 3571 
sbs_radio/turkish/turkish_110511_164941_20403_28621_4.sdc 4137 
sbs_radio/turkish/turkish_110511_164941_2381_8346_0.sdc 3052 
sbs_radio/turkish/turkish_110511_164941_30822_48666_5.sdc 9163 
sbs_radio/turkish/turkish_110511_164941_52787_56192_7.sdc 1712 
sbs_radio/turkish/turkish_110511_164941_56422_74422_8.sdc 9123 
sbs_radio/turkish/turkish_110518_166726_21453_25293_6.sdc 1884 
sbs_radio/turkish/turkish_110518_166731_11802_18432_1.sdc 3426 
sbs_radio/turkish/turkish_110518_166731_19533_24832_2.sdc 2734 
sbs_radio/turkish/turkish_110518_166731_26650_37811_3.sdc 5685 
sbs_radio/turkish/turkish_110518_166731_3200_9856_0.sdc 3402 
sbs_radio/turkish/turkish_110518_166731_38451_46874_4.sdc 4301 
sbs_radio/turkish/turkish_110518_166731_48922_54656_5.sdc 2871 
sbs_radio/turkish/turkish_110523_168026_29568_34765_7.sdc 2613 
sbs_radio/turkish/turkish_110523_168026_40627_46106_9.sdc 2829 
sbs_radio/turkish/turkish_110523_168026_4096_10189_0.sdc 3037 
sbs_radio/turkish/turkish_110523_168026_46848_57370_10.sdc 5430 
sbs_radio/turkish/turkish_110523_168026_58624_66304_11.sdc 3964 
sbs_radio/turkish/turkish_110526_168716_27443_38758_4.sdc 4776 
sbs_radio/turkish/turkish_110526_168716_43162_50150_5.sdc 3178 
sbs_radio/turkish/turkish_110526_168716_52454_63462_6.sdc 4651 
sbs_radio/turkish/turkish_110526_168716_5248_9190_1.sdc 1935 
sbs_radio/turkish/turkish_110526_168716_65408_70451_7.sdc 2270 
sbs_radio/turkish/turkish_110526_168716_9523_19917_2.sdc 4637 
sbs_radio/turkish/turkish_110601_169996_103808_108570_0.sdc 2424 
sbs_radio/turkish/turkish_110601_169996_110515_113894_1.sdc 1722 
sbs_radio/turkish/turkish_110610_172171_11366_15002_1.sdc 1844 
sbs_radio/turkish/turkish_110610_172171_22630_35610_6.sdc 6591 
sbs_radio/turkish/turkish_110610_172171_39962_47872_8.sdc 3907 
sbs_radio/turkish/turkish_110610_172171_57549_61517_13.sdc 1997 
sbs_radio/turkish/turkish_110610_172171_63795_67994_14.sdc 2089 
sbs_radio/turkish/turkish_110610_172171_68506_72320_15.sdc 1950 
sbs_radio/turkish/turkish_110610_172171_79027_83840_18.sdc 2450 
sbs_radio/turkish/turkish_110615_173436_11725_17178_2.sdc 2831 
sbs_radio/turkish/turkish_110615_173436_17792_23091_3.sdc 2315 
sbs_radio/turkish/turkish_110615_173436_1894_7168_0.sdc 2403 
sbs_radio/turkish/turkish_110615_173436_25267_30874_4.sdc 2638 
sbs_radio/turkish/turkish_110615_173436_31616_36864_5.sdc 2633 
sbs_radio/turkish/turkish_110615_173436_37248_41011_6.sdc 1947 
sbs_radio/turkish/turkish_110615_173441_16205_25549_1.sdc 4255 
sbs_radio/turkish/turkish_110615_173441_27571_40038_2.sdc 5812 
sbs_radio/turkish/turkish_110615_173441_3149_15258_0.sdc 5477 
sbs_radio/turkish/turkish_110620_174561_17306_22912_1.sdc 2800 
sbs_radio/turkish/turkish_110620_174561_24960_29619_2.sdc 2309 
sbs_radio/turkish/turkish_110620_174561_32051_39424_3.sdc 3716 
sbs_radio/turkish/turkish_110620_174561_46208_52122_6.sdc 2961 
sbs_radio/turkish/turkish_110620_174561_54477_59443_7.sdc 2569 
sbs_radio/turkish/turkish_110620_174561_61440_65715_8.sdc 2164 
sbs_radio/turkish/turkish_110620_174561_67507_71066_9.sdc 1778 
sbs_radio/turkish/turkish_110620_174561_9421_14515_0.sdc 2632 
sbs_radio/turkish/turkish_110622_175111_17997_22016_4.sdc 1996 
sbs_radio/turkish/turkish_110622_175111_2048_6426_0.sdc 2250 
sbs_radio/turkish/turkish_110622_175111_30566_35507_7.sdc 2552 
sbs_radio/turkish/turkish_110622_175111_7706_11341_1.sdc 1821 
sbs_radio/turkish/turkish_110622_175121_12186_18534_1.sdc 3198 
sbs_radio/turkish/turkish_110622_175121_19994_23373_2.sdc 1700 
sbs_radio/turkish/turkish_110622_175121_26010_42394_3.sdc 7823 
sbs_radio/turkish/turkish_110622_175121_43750_49050_4.sdc 2670 
sbs_radio/turkish/turkish_110622_175121_4813_10880_0.sdc 3072 
sbs_radio/turkish/turkish_110622_175121_50918_57677_5.sdc 3473 
sbs_radio/turkish/turkish_110629_176491_23552_26854_5.sdc 1687 
sbs_radio/turkish/turkish_110629_176491_33843_37427_8.sdc 1767 
sbs_radio/turkish/turkish_110629_176491_9626_15155_2.sdc 2795 
