VOA/VOA3/ukra/2006_ukra0500a0215_100614_105219.sdc 2359 
VOA/VOA3/ukra/2006_ukra0500a0215_108230_112704.sdc 2301 
VOA/VOA3/ukra/2006_ukra0500a0215_115446_118200.sdc 1403 
VOA/VOA3/ukra/2006_ukra0500a0215_153485_156314.sdc 1429 
VOA/VOA3/ukra/2006_ukra0500a0215_93107_98189.sdc 2577 
VOA/VOA3/ukra/2006_ukra0500a0220_47536_48390.sdc 405 
VOA/VOA3/ukra/2006_ukra0500a0221_134406_135622.sdc 590 
VOA/VOA3/ukra/2006_ukra0500a0221_67299_68778.sdc 743 
VOA/VOA3/ukra/2006_ukra0500a0221_71744_72963.sdc 592 
VOA/VOA3/ukra/2006_ukra0500a0221_90304_92291.sdc 1010 
VOA/VOA3/ukra/2006_ukra0500a0221_92810_95898.sdc 1564 
VOA/VOA3/ukra/2006_ukra0500a0223_106016_106966.sdc 459 
VOA/VOA3/ukra/2006_ukra0500a0223_114880_116800.sdc 971 
VOA/VOA3/ukra/2006_ukra0500a0223_131601_134134.sdc 1275 
VOA/VOA3/ukra/2006_ukra0500a0302_108701_110147.sdc 722 
VOA/VOA3/ukra/2006_ukra0500a0302_53011_68080.sdc 7565 
VOA/VOA3/ukra/2006_ukra0500a0307_60029_63187.sdc 1625 
VOA/VOA3/ukra/2006_ukra0500a0307_64272_66352.sdc 1045 
VOA/VOA3/ukra/2006_ukra0500a0307_66547_68058.sdc 761 
VOA/VOA3/ukra/2006_ukra0500a0307_68323_69700.sdc 682 
VOA/VOA3/ukra/2006_ukra0500a0307_69801_71693.sdc 959 
VOA/VOA3/ukra/2006_ukra0500a0307_72501_76432.sdc 2027 
VOA/VOA3/ukra/2006_ukra0500a0307_76901_78304.sdc 704 
VOA/VOA3/ukra/2006_ukra0500a0307_79024_82189.sdc 1602 
VOA/VOA3/ukra/2006_ukra0500a0308_60301_63728.sdc 1765 
VOA/VOA3/ukra/2006_ukra0500a0308_64496_67872.sdc 1737 
VOA/VOA3/ukra/2006_ukra0500a0308_67942_68752.sdc 401 
VOA/VOA3/ukra/2006_ukra0500a0308_72534_79894.sdc 3705 
VOA/VOA3/ukra/2006_ukra0500a0316_74541_77763.sdc 1633 
VOA/VOA3/ukra/2006_ukra0500a0316_78288_84442.sdc 3125 
VOA/VOA3/ukra/2006_ukra0500a0316_84899_91437.sdc 3344 
VOA/VOA3/ukra/2006_ukra0500a0316_92880_95971.sdc 1560 
VOA/VOA3/ukra/2008_ukra1615a0111_42336_43600.sdc 611 
VOA/VOA3/ukra/2008_ukra1615a0111_44001_50500.sdc 3265 
VOA/VOA3/ukra/2008_ukra1615a0115_26301_30979.sdc 2398 
VOA/VOA3/ukra/2008_ukra1615a0115_31066_33344.sdc 1149 
VOA/VOA3/ukra/2008_ukra1615a0115_35840_36806.sdc 483 
VOA/VOA3/ukra/2008_ukra1615a0115_37664_39840.sdc 1118 
VOA/VOA3/ukra/2008_ukra1615a0115_39930_42006.sdc 1037 
VOA/VOA3/ukra/2008_ukra1615a0115_42090_44883.sdc 1421 
VOA/VOA3/ukra/2008_ukra1615a0124_46646_50112.sdc 1748 
VOA/VOA3/ukra/2008_ukra1615a0125_13001_26051.sdc 6760 
VOA/VOA3/ukra/2008_ukra1615a0125_26701_32995.sdc 3195 
VOA/VOA3/ukra/2008_ukra1615a0125_33885_41699.sdc 3921 
VOA/VOA3/ukra/2008_ukra1615a0131_17190_26762.sdc 4854 
VOA/VOA3/ukra/2008_ukra1615a0131_26925_32406.sdc 2783 
VOA/VOA3/ukra/2008_ukra1615a0131_32509_37430.sdc 2512 
VOA/VOA3/ukra/2008_ukra1615a0204_17475_30378.sdc 6491 
VOA/VOA3/ukra/2008_ukra1615a0214_16054_24752.sdc 4388 
VOA/VOA3/ukra/2008_ukra1615a0218_35213_41754.sdc 3333 
VOA/VOA3/ukra/2008_ukra1615a0219_13632_15741.sdc 1062 
VOA/VOA3/ukra/2008_ukra1615a0219_15824_19472.sdc 1831 
VOA/VOA3/ukra/2008_ukra1615a0219_20099_21485.sdc 702 
VOA/VOA3/ukra/2008_ukra1615a0219_22230_23578.sdc 666 
VOA/VOA3/ukra/2008_ukra1615a0317_19658_50022.sdc 15168 
VOA/VOA3/ukra/2008_ukra1615a0318_32573_36163.sdc 1841 
VOA/VOA3/ukra/2008_ukra1615a0414_16493_25149.sdc 4433 
VOA/VOA3/ukra/2008_ukra1615a0414_25504_34842.sdc 4714 
VOA/VOA3/ukra/2008_ukra1615a0414_35347_39414.sdc 2053 
VOA/VOA3/ukra/2008_ukra1615a0421_13078_21443.sdc 4259 
VOA/VOA3/ukra/2008_ukra1615a0428_70106_82800.sdc 5936 
VOA/VOA3/ukra/2008_ukra1615a0512_19315_22899.sdc 1804 
VOA/VOA3/ukra/2008_ukra1615a0512_23296_27754.sdc 2263 
VOA/VOA3/ukra/2008_ukra1615a0512_32531_35008.sdc 1210 
VOA/VOA3/ukra/2008_ukra1615a0514_14848_32774.sdc 9199 
VOA/VOA3/ukra/2008_ukra1615a0526_36506_52064.sdc 7839 
VOA/VOA3/ukra/2008_ukra1615a0526_52464_61773.sdc 4762 
VOA/VOA3/ukra/2008_ukra1615a0527_32858_33850.sdc 474 
VOA/VOA3/ukra/2008_ukra1615a0527_33952_35133.sdc 584 
VOA/VOA3/ukra/2008_ukra1615a0527_36691_37600.sdc 443 
VOA/VOA3/ukra/2008_ukra1615a0527_37701_38950.sdc 633 
VOA/VOA3/ukra/2008_ukra1615a0527_39645_40525.sdc 438 
VOA/VOA3/ukra/2008_ukra1615a0527_40602_43210.sdc 1327 
VOA/VOA3/ukra/2008_ukra1615a0528_26762_33379.sdc 3345 
VOA/VOA3/ukra/2008_ukra1615a0602_39862_44704.sdc 2488 
VOA/VOA3/ukra/2008_ukra1615a0612_4101_6093.sdc 1013 
VOA/VOA3/ukra/2008_ukra1615a0612_68067_70074.sdc 1008 
VOA/VOA3/ukra/2008_ukra1615a0612_70144_71171.sdc 483 
VOA/VOA3/ukra/2008_ukra1615a0612_71818_72838.sdc 510 
VOA/VOA3/ukra/2008_ukra1615a0612_7712_8534.sdc 406 
VOA/VOA3/ukra/2008_ukra1615a0619_31626_35731.sdc 2079 
VOA/VOA3/ukra/2008_ukra1615a0619_53091_55306.sdc 1108 
VOA/VOA3/ukra/2008_ukra1645a0107_48304_49158.sdc 427 
VOA/VOA3/ukra/2008_ukra1645a0107_49261_50659.sdc 704 
VOA/VOA3/ukra/2008_ukra1645a0107_51203_52138.sdc 465 
VOA/VOA3/ukra/2008_ukra1645a0107_52634_54125.sdc 743 
VOA/VOA3/ukra/2008_ukra1645a0107_54202_55072.sdc 434 
VOA/VOA3/ukra/2008_ukra1645a0107_55366_56794.sdc 678 
VOA/VOA3/ukra/2008_ukra1645a0107_56886_58467.sdc 736 
VOA/VOA3/ukra/2008_ukra1645a0107_68243_72650.sdc 2242 
VOA/VOA3/ukra/2008_ukra1645a0107_72739_74810.sdc 1057 
VOA/VOA3/ukra/2008_ukra1645a0107_74880_77386.sdc 1287 
VOA/VOA3/ukra/2008_ukra1645a0107_77466_78838.sdc 685 
VOA/VOA3/ukra/2008_ukra1645a0110_10518_13446.sdc 1487 
VOA/VOA3/ukra/2008_ukra1645a0122_14182_15507.sdc 660 
VOA/VOA3/ukra/2008_ukra1645a0128_35149_36600.sdc 708 
VOA/VOA3/ukra/2008_ukra1645a0206_34918_38432.sdc 1755 
VOA/VOA3/ukra/2008_ukra1645a0206_41801_43786.sdc 1001 
VOA/VOA3/ukra/2008_ukra1645a0212_14006_16749.sdc 1387 
VOA/VOA3/ukra/2008_ukra1645a0212_16835_18998.sdc 1073 
VOA/VOA3/ukra/2008_ukra1645a0212_19101_25872.sdc 3433 
VOA/VOA3/ukra/2008_ukra1645a0212_25939_27402.sdc 725 
VOA/VOA3/ukra/2008_ukra1645a0212_31974_34774.sdc 1430 
VOA/VOA3/ukra/2008_ukra1645a0212_6157_13936.sdc 3902 
VOA/VOA3/ukra/2008_ukra1645a0214_10400_12339.sdc 984 
VOA/VOA3/ukra/2008_ukra1645a0214_12410_17837.sdc 2757 
VOA/VOA3/ukra/2008_ukra1645a0221_30669_36090.sdc 2758 
VOA/VOA3/ukra/2008_ukra1645a0226_49978_51651.sdc 841 
VOA/VOA3/ukra/2008_ukra1645a0226_55226_56541.sdc 653 
VOA/VOA3/ukra/2008_ukra1645a0304_21450_28499.sdc 3604 
VOA/VOA3/ukra/2008_ukra1645a0304_47811_56218.sdc 4335 
VOA/VOA3/ukra/2008_ukra1645a0314_69501_70500.sdc 490 
VOA/VOA3/ukra/2008_ukra1645a0403_43264_46528.sdc 1665 
VOA/VOA3/ukra/2008_ukra1645a0416_27446_28493.sdc 511 
VOA/VOA3/ukra/2008_ukra1645a0416_28592_29504.sdc 439 
VOA/VOA3/ukra/2008_ukra1645a0416_29571_31706.sdc 1030 
VOA/VOA3/ukra/2008_ukra1645a0416_31789_33498.sdc 865 
VOA/VOA3/ukra/2008_ukra1645a0418_33574_34883.sdc 641 
VOA/VOA3/ukra/2008_ukra1645a0418_34954_37142.sdc 1090 
VOA/VOA3/ukra/2008_ukra1645a0418_37213_38115.sdc 435 
VOA/VOA3/ukra/2008_ukra1645a0421_18893_21190.sdc 1161 
VOA/VOA3/ukra/2008_ukra1645a0421_23050_25120.sdc 1037 
VOA/VOA3/ukra/2008_ukra1645a0421_25206_27702.sdc 1257 
VOA/VOA3/ukra/2008_ukra1645a0421_29030_30454.sdc 714 
VOA/VOA3/ukra/2008_ukra1645a0421_35354_38390.sdc 1535 
VOA/VOA3/ukra/2008_ukra1645a0425_37485_38445.sdc 461 
VOA/VOA3/ukra/2008_ukra1645a0425_38512_39827.sdc 657 
VOA/VOA3/ukra/2008_ukra1645a0425_39904_40861.sdc 475 
VOA/VOA3/ukra/2008_ukra1645a0425_44266_45642.sdc 671 
VOA/VOA3/ukra/2008_ukra1645a0425_49661_51000.sdc 664 
VOA/VOA3/ukra/2008_ukra1645a0428_74355_85354.sdc 5412 
VOA/VOA3/ukra/2008_ukra1645a0507_50323_52154.sdc 922 
VOA/VOA3/ukra/2008_ukra1645a0507_52989_54730.sdc 858 
VOA/VOA3/ukra/2008_ukra1645a0507_65581_67258.sdc 844 
VOA/VOA3/ukra/2008_ukra1645a0507_68275_69200.sdc 458 
VOA/VOA3/ukra/2008_ukra1645a0515_18262_35549.sdc 8637 
VOA/VOA3/ukra/2008_ukra1645a0520_16621_17533.sdc 443 
VOA/VOA3/ukra/2008_ukra1645a0606_16982_18893.sdc 965 
VOA/VOA3/ukra/2008_ukra1645a0606_18966_22240.sdc 1681 
VOA/VOA3/ukra/2008_ukra1645a0606_22314_23139.sdc 412 
VOA/VOA3/ukra/2008_ukra1645a0606_6579_15715.sdc 4624 
VOA/VOA3/ukra/2008_ukra1645a0613_52790_54707.sdc 954 
VOA/VOA3/ukra/2008_ukra2100a0103_39110_42074.sdc 1513 
VOA/VOA3/ukra/2008_ukra2100a0103_46294_49350.sdc 1511 
VOA/VOA3/ukra/2008_ukra2100a0107_107731_108880.sdc 534 
VOA/VOA3/ukra/2008_ukra2100a0107_110963_111978.sdc 469 
VOA/VOA3/ukra/2008_ukra2100a0107_11104_11974.sdc 433 
VOA/VOA3/ukra/2008_ukra2100a0107_114035_115299.sdc 515 
VOA/VOA3/ukra/2008_ukra2100a0107_115376_116675.sdc 506 
VOA/VOA3/ukra/2008_ukra2100a0107_116758_119722.sdc 1126 
VOA/VOA3/ukra/2008_ukra2100a0107_12259_15366.sdc 1438 
VOA/VOA3/ukra/2008_ukra2100a0107_129821_130900.sdc 501 
VOA/VOA3/ukra/2008_ukra2100a0107_141782_143952.sdc 1058 
VOA/VOA3/ukra/2008_ukra2100a0107_144022_148378.sdc 2213 
VOA/VOA3/ukra/2008_ukra2100a0107_148451_149651.sdc 592 
VOA/VOA3/ukra/2008_ukra2100a0107_157562_158944.sdc 668 
VOA/VOA3/ukra/2008_ukra2100a0107_159498_160480.sdc 417 
VOA/VOA3/ukra/2008_ukra2100a0107_163933_165078.sdc 561 
VOA/VOA3/ukra/2008_ukra2100a0107_165158_167072.sdc 952 
VOA/VOA3/ukra/2008_ukra2100a0107_167226_169232.sdc 995 
VOA/VOA3/ukra/2008_ukra2100a0107_169338_170944.sdc 792 
VOA/VOA3/ukra/2008_ukra2100a0107_18730_19651.sdc 438 
VOA/VOA3/ukra/2008_ukra2100a0107_24832_25700.sdc 413 
VOA/VOA3/ukra/2008_ukra2100a0107_29610_30701.sdc 476 
VOA/VOA3/ukra/2008_ukra2100a0107_31994_33331.sdc 618 
VOA/VOA3/ukra/2008_ukra2100a0107_33405_35379.sdc 763 
VOA/VOA3/ukra/2008_ukra2100a0107_35456_38141.sdc 1175 
VOA/VOA3/ukra/2008_ukra2100a0107_42419_43654.sdc 604 
VOA/VOA3/ukra/2008_ukra2100a0107_44208_47900.sdc 1787 
VOA/VOA3/ukra/2008_ukra2100a0107_66502_68192.sdc 700 
VOA/VOA3/ukra/2008_ukra2100a0107_74749_76355.sdc 795 
VOA/VOA3/ukra/2008_ukra2100a0107_76432_77869.sdc 709 
VOA/VOA3/ukra/2008_ukra2100a0107_78001_80029.sdc 1027 
VOA/VOA3/ukra/2008_ukra2100a0107_80099_82589.sdc 1252 
VOA/VOA3/ukra/2008_ukra2100a0107_8102_9037.sdc 469 
VOA/VOA3/ukra/2008_ukra2100a0107_98707_101734.sdc 1547 
VOA/VOA3/ukra/2008_ukra2100a0110_115430_123600.sdc 4213 
VOA/VOA3/ukra/2008_ukra2100a0118_40192_41085.sdc 431 
VOA/VOA3/ukra/2008_ukra2100a0128_59072_59930.sdc 416 
VOA/VOA3/ukra/2008_ukra2100a0128_60006_61459.sdc 697 
VOA/VOA3/ukra/2008_ukra2100a0215_24986_26589.sdc 812 
VOA/VOA3/ukra/2008_ukra2100a0218_21139_44314.sdc 11934 
VOA/VOA3/ukra/2008_ukra2100a0220_29040_34300.sdc 2671 
VOA/VOA3/ukra/2008_ukra2100a0221_27715_29702.sdc 1014 
VOA/VOA3/ukra/2008_ukra2100a0225_78064_79366.sdc 645 
VOA/VOA3/ukra/2008_ukra2100a0305_38858_40352.sdc 746 
VOA/VOA3/ukra/2008_ukra2100a0305_42806_43834.sdc 520 
VOA/VOA3/ukra/2008_ukra2100a0305_45677_46541.sdc 435 
VOA/VOA3/ukra/2008_ukra2100a0305_49725_51392.sdc 848 
VOA/VOA3/ukra/2008_ukra2100a0310_114675_116685.sdc 1004 
VOA/VOA3/ukra/2008_ukra2100a0310_116765_117936.sdc 575 
VOA/VOA3/ukra/2008_ukra2100a0310_118474_120886.sdc 1173 
VOA/VOA3/ukra/2008_ukra2100a0310_120957_122499.sdc 774 
VOA/VOA3/ukra/2008_ukra2100a0310_123258_124544.sdc 631 
VOA/VOA3/ukra/2008_ukra2100a0310_126653_127485.sdc 404 
VOA/VOA3/ukra/2008_ukra2100a0310_129293_130662.sdc 687 
VOA/VOA3/ukra/2008_ukra2100a0310_132426_133744.sdc 664 
VOA/VOA3/ukra/2008_ukra2100a0310_135325_136384.sdc 524 
VOA/VOA3/ukra/2008_ukra2100a0310_137232_138381.sdc 554 
VOA/VOA3/ukra/2008_ukra2100a0311_69501_70918.sdc 689 
VOA/VOA3/ukra/2008_ukra2100a0311_71201_72058.sdc 409 
VOA/VOA3/ukra/2008_ukra2100a0311_74112_75136.sdc 511 
VOA/VOA3/ukra/2008_ukra2100a0313_86362_89626.sdc 1640 
VOA/VOA3/ukra/2008_ukra2100a0317_41001_42352.sdc 671 
VOA/VOA3/ukra/2008_ukra2100a0317_44301_45900.sdc 792 
VOA/VOA3/ukra/2008_ukra2100a0317_50483_51421.sdc 479 
VOA/VOA3/ukra/2008_ukra2100a0317_51488_52429.sdc 458 
VOA/VOA3/ukra/2008_ukra2100a0317_52522_53366.sdc 410 
VOA/VOA3/ukra/2008_ukra2100a0324_66378_70272.sdc 1906 
VOA/VOA3/ukra/2008_ukra2100a0324_70432_72122.sdc 842 
VOA/VOA3/ukra/2008_ukra2100a0402_111808_113008.sdc 588 
VOA/VOA3/ukra/2008_ukra2100a0402_16371_26416.sdc 5066 
VOA/VOA3/ukra/2008_ukra2100a0414_65286_68906.sdc 1850 
VOA/VOA3/ukra/2008_ukra2100a0414_69299_71242.sdc 962 
VOA/VOA3/ukra/2008_ukra2100a0417_36726_37901.sdc 567 
VOA/VOA3/ukra/2008_ukra2100a0417_39030_40522.sdc 722 
VOA/VOA3/ukra/2008_ukra2100a0417_40608_41626.sdc 513 
VOA/VOA3/ukra/2008_ukra2100a0417_43117_44106.sdc 475 
VOA/VOA3/ukra/2008_ukra2100a0417_44618_45997.sdc 663 
VOA/VOA3/ukra/2008_ukra2100a0417_46070_47674.sdc 811 
VOA/VOA3/ukra/2008_ukra2100a0417_52246_54154.sdc 921 
VOA/VOA3/ukra/2008_ukra2100a0417_54941_55926.sdc 498 
VOA/VOA3/ukra/2008_ukra2100a0417_56403_57267.sdc 411 
VOA/VOA3/ukra/2008_ukra2100a0417_57648_59603.sdc 964 
VOA/VOA3/ukra/2008_ukra2100a0418_38054_49190.sdc 5687 
VOA/VOA3/ukra/2008_ukra2100a0422_37040_38570.sdc 761 
VOA/VOA3/ukra/2008_ukra2100a0422_38650_40365.sdc 827 
VOA/VOA3/ukra/2008_ukra2100a0422_40653_42736.sdc 1040 
VOA/VOA3/ukra/2008_ukra2100a0422_44061_45926.sdc 922 
VOA/VOA3/ukra/2008_ukra2100a0422_46070_47082.sdc 495 
VOA/VOA3/ukra/2008_ukra2100a0422_47219_49085.sdc 948 
VOA/VOA3/ukra/2008_ukra2100a0422_49152_50778.sdc 820 
VOA/VOA3/ukra/2008_ukra2100a0422_50845_52797.sdc 962 
VOA/VOA3/ukra/2008_ukra2100a0422_53424_54410.sdc 494 
VOA/VOA3/ukra/2008_ukra2100a0422_54534_55376.sdc 412 
VOA/VOA3/ukra/2008_ukra2100a0422_55494_56954.sdc 699 
VOA/VOA3/ukra/2008_ukra2100a0423_50464_54723.sdc 2154 
VOA/VOA3/ukra/2008_ukra2100a0428_159008_160474.sdc 633 
VOA/VOA3/ukra/2008_ukra2100a0428_162493_163718.sdc 540 
VOA/VOA3/ukra/2008_ukra2100a0430_42282_43203.sdc 454 
VOA/VOA3/ukra/2008_ukra2100a0501_14998_18378.sdc 1712 
VOA/VOA3/ukra/2008_ukra2100a0501_19440_22200.sdc 1387 
VOA/VOA3/ukra/2008_ukra2100a0505_56832_60563.sdc 1898 
VOA/VOA3/ukra/2008_ukra2100a0508_72301_81952.sdc 4954 
VOA/VOA3/ukra/2008_ukra2100a0515_17462_20563.sdc 1566 
VOA/VOA3/ukra/2008_ukra2100a0515_31267_33379.sdc 1039 
VOA/VOA3/ukra/2008_ukra2100a0519_96736_97661.sdc 441 
VOA/VOA3/ukra/2008_ukra2100a0522_86029_88256.sdc 1110 
VOA/VOA3/ukra/2008_ukra2100a0523_77270_88600.sdc 5862 
VOA/VOA3/ukra/2008_ukra2100a0526_43754_51558.sdc 3981 
VOA/VOA3/ukra/2008_ukra2100a0527_23821_24717.sdc 440 
VOA/VOA3/ukra/2008_ukra2100a0527_24906_26099.sdc 577 
VOA/VOA3/ukra/2008_ukra2100a0527_27658_29882.sdc 1107 
VOA/VOA3/ukra/2008_ukra2100a0527_30605_34170.sdc 1801 
VOA/VOA3/ukra/2008_ukra2100a0602_77811_80022.sdc 1114 
VOA/VOA3/ukra/2008_ukra2100a0604_58730_73638.sdc 7607 
VOA/VOA3/ukra/2008_ukra2100a0605_126653_129782.sdc 1598 
VOA/VOA3/ukra/2008_ukra2100a0605_22401_24118.sdc 847 
VOA/VOA3/ukra/2008_ukra2100a0605_24234_27350.sdc 1585 
VOA/VOA3/ukra/2008_ukra2100a0605_30707_34291.sdc 1804 
VOA/VOA3/ukra/2008_ukra2100a0610_105763_106774.sdc 471 
VOA/VOA3/ukra/2008_ukra2100a0610_107430_108451.sdc 515 
VOA/VOA3/ukra/2008_ukra2100a0611_17334_23734.sdc 3283 
VOA/VOA3/ukra/2008_ukra2100a0613_14762_24832.sdc 5119 
VOA/VOA3/ukra/2008_ukra2100a0613_24899_27402.sdc 1281 
VOA/VOA3/ukra/2008_ukra2100a0613_27482_34582.sdc 3603 
VOA/VOA3/ukra/2008_ukra2100a0619_87837_90749.sdc 1484 
VOA/VOA3/ukra/2008_ukra2100a0619_92029_94246.sdc 1098 
VOA/VOA3/ukra/2008_ukra2100a0624_37008_40304.sdc 1654 
VOA/VOA3/ukra/2008_ukra2100a0625_126752_127878.sdc 565 
VOA/VOA3/ukra/2008_ukra2100a0626_93136_96698.sdc 1806 
VOA/VOA3/ukra/2008_ukra2100a0626_96778_98563.sdc 901 
VOA/VOA3/ukra/2008_ukra2100a0627_116365_117814.sdc 722 
VOA/VOA3/ukra/2008_ukra2100a0627_118806_121203.sdc 1204 
VOA/VOA3/ukra/2008_ukra2100a0627_121373_122550.sdc 575 
VOA/VOA3/ukra/2008_ukra2100a0627_126326_127395.sdc 527 
VOA/VOA3/ukra/2008_ukra2100a0627_130208_132045.sdc 929 
VOA/VOA3/ukra/2008_ukra2100a0627_138842_139904.sdc 541 
VOA/VOA3/ukra/2008_ukra2100a0627_141878_144330.sdc 1215 
VOA/VOA4/ukra/2008_ukra1615a0326_19328_22861_3.sdc 1820 
VOA/VOA4/ukra/2008_ukra1615a0703_13389_21581_0.sdc 4132 
VOA/VOA4/ukra/2008_ukra1615a0703_22067_27725_1.sdc 2849 
VOA/VOA4/ukra/2008_ukra1615a0703_28467_33101_2.sdc 2313 
VOA/VOA4/ukra/2008_ukra1615a0709_13286_20634_0.sdc 3716 
VOA/VOA4/ukra/2008_ukra1615a0709_21197_29568_1.sdc 4272 
VOA/VOA4/ukra/2008_ukra1615a0709_30029_33587_2.sdc 1827 
VOA/VOA4/ukra/2008_ukra1615a0811_11315_19456_0.sdc 4197 
VOA/VOA4/ukra/2008_ukra1615a0811_20352_27622_1.sdc 3750 
VOA/VOA4/ukra/2008_ukra1615a0811_29235_40141_2.sdc 5571 
VOA/VOA4/ukra/2008_ukra1615a0819_13184_34893_2.sdc 11044 
VOA/VOA4/ukra/2008_ukra1615a0820_40755_51994_11.sdc 5698 
VOA/VOA4/ukra/2008_ukra1615a0820_52941_60211_13.sdc 3644 
VOA/VOA4/ukra/2008_ukra1615a0822_12749_36250_2.sdc 12198 
VOA/VOA4/ukra/2008_ukra1615a0901_17050_31514_4.sdc 7465 
VOA/VOA4/ukra/2008_ukra1615a0905_13030_14080_4.sdc 520 
VOA/VOA4/ukra/2008_ukra1615a0909_13824_33715_4.sdc 10117 
VOA/VOA4/ukra/2008_ukra1615a0916_13952_36275_4.sdc 11372 
VOA/VOA4/ukra/2008_ukra1615a0924_11238_18867_0.sdc 3877 
VOA/VOA4/ukra/2008_ukra1615a0924_19302_25779_1.sdc 3341 
VOA/VOA4/ukra/2008_ukra1615a1002_14080_28006_1.sdc 7202 
VOA/VOA4/ukra/2008_ukra1615a1002_28877_34355_2.sdc 2825 
VOA/VOA4/ukra/2008_ukra1615a1020_12954_24934_0.sdc 6129 
VOA/VOA4/ukra/2008_ukra1615a1020_25114_31974_1.sdc 3438 
VOA/VOA4/ukra/2008_ukra1615a1020_33101_36506_2.sdc 1705 
VOA/VOA4/ukra/2008_ukra1615a1021_17254_24090_0.sdc 3514 
VOA/VOA4/ukra/2008_ukra1615a1021_24832_30029_1.sdc 2646 
VOA/VOA4/ukra/2008_ukra1615a1021_30618_36173_2.sdc 2817 
VOA/VOA4/ukra/2008_ukra1615a1028_27725_34483_6.sdc 3422 
VOA/VOA4/ukra/2008_ukra1615a1030_19149_28902_2.sdc 4971 
VOA/VOA4/ukra/2008_ukra1615a1031_16410_30515_5.sdc 7162 
VOA/VOA4/ukra/2008_ukra1615a1113_33075_40627_1.sdc 3801 
VOA/VOA4/ukra/2008_ukra1615a1113_60314_61568_4.sdc 618 
VOA/VOA4/ukra/2008_ukra1615a1113_67200_68762_6.sdc 783 
VOA/VOA4/ukra/2008_ukra1615a1113_78899_79795_11.sdc 445 
VOA/VOA4/ukra/2008_ukra1645a0805_54477_57216_8.sdc 1378 
VOA/VOA4/ukra/2008_ukra1645a0805_57830_60595_9.sdc 1344 
VOA/VOA4/ukra/2008_ukra1645a0805_61158_69632_10.sdc 4096 
VOA/VOA4/ukra/2008_ukra1645a0805_70579_73626_11.sdc 1464 
VOA/VOA4/ukra/2008_ukra1645a0812_69734_81331_0.sdc 5947 
VOA/VOA4/ukra/2008_ukra1645a0819_72858_74061_11.sdc 597 
VOA/VOA4/ukra/2008_ukra1645a0827_20608_31053_5.sdc 5305 
VOA/VOA4/ukra/2008_ukra1645a0905_13594_29850_1.sdc 8310 
VOA/VOA4/ukra/2008_ukra1645a0916_29286_34842_2.sdc 2824 
VOA/VOA4/ukra/2008_ukra1645a0918_22886_23782_0.sdc 439 
VOA/VOA4/ukra/2008_ukra1645a0918_29901_32358_2.sdc 1235 
VOA/VOA4/ukra/2008_ukra2100a0226_34022_36506_6.sdc 1271 
VOA/VOA4/ukra/2008_ukra2100a0228_77850_79104_4.sdc 612 
VOA/VOA4/ukra/2008_ukra2100a0612_70605_71578_1.sdc 477 
VOA/VOA4/ukra/2008_ukra2100a0711_18253_23142_1.sdc 2496 
VOA/VOA4/ukra/2008_ukra2100a0804_57984_60672_2.sdc 1356 
VOA/VOA4/ukra/2008_ukra2100a0804_61312_64026_3.sdc 1370 
VOA/VOA4/ukra/2008_ukra2100a0804_64614_73088_4.sdc 4309 
VOA/VOA4/ukra/2008_ukra2100a0804_74035_77056_5.sdc 1564 
VOA/VOA4/ukra/2008_ukra2100a0808_48461_49638_6.sdc 586 
VOA/VOA4/ukra/2008_ukra2100a0819_58470_59418_3.sdc 457 
VOA/VOA4/ukra/2008_ukra2100a0819_64256_66176_5.sdc 977 
VOA/VOA4/ukra/2008_ukra2100a0819_67405_68736_6.sdc 665 
VOA/VOA4/ukra/2008_ukra2100a0820_30182_48666_1.sdc 9376 
VOA/VOA4/ukra/2008_ukra2100a0827_48486_58317_5.sdc 5072 
VOA/VOA4/ukra/2008_ukra2100a0828_7424_14080_0.sdc 3432 
VOA/VOA4/ukra/2008_ukra2100a0903_15590_35328_2.sdc 10002 
VOA/VOA4/ukra/2008_ukra2100a0910_35661_36941_5.sdc 632 
VOA/VOA4/ukra/2008_ukra2100a1030_23987_39629_7.sdc 7947 
VOA/VOA4/ukra/2008_ukra2100a1113_40294_51379_0.sdc 5603 
VOA/VOA4/ukra/UKRAINIAN1615a1121_29798_31565_3.sdc 879 
VOA/VOA4/ukra/UKRAINIAN1615a1209_11059_30413_0.sdc 9336 
VOA/VOA4/ukra/UKRAINIAN1615a1226_11187_22118_0.sdc 5492 
VOA/VOA4/ukra/UKRAINIAN1615a1226_22630_35123_1.sdc 6255 
VOA/VOA4/ukra/UKRAINIAN1645a1209_33920_45414_0.sdc 5717 
VOA/VOA4/ukra/UKRAINIAN1645a1210_12928_22861_0.sdc 5008 
VOA/VOA4/ukra/UKRAINIAN1645a1210_23731_29926_1.sdc 3157 
VOA/VOA4/ukra/UKRAINIAN2100a1120_75418_76877_8.sdc 722 
VOA/VOA4/ukra/UKRAINIAN2100a1202_20762_35328_0.sdc 7351 
VOA/VOA4/ukra/UKRAINIAN2100a1223_102682_103526_9.sdc 403 
VOA/VOA4/ukra/UKRAINIAN2100a1224_88653_89574_9.sdc 445 
VOA/VOA4/ukra/UKRAINIAN2100a1226_47514_64922_9.sdc 8962 
VOA/VOA4/ukra/ukra2100aTUE_28442_31949_0.sdc 1773 
VOA/VOA4/ukra/ukra2100aTUE_34611_35968_1.sdc 679 
VOA/VOA4/ukra/ukra2100aWED_141645_154266_9.sdc 6438 
VOA/VOA4/ukra/ukra2100aWED_157952_159258_10.sdc 641 
VOA/VOA4/ukra/ukra2100aWED_171341_172237_15.sdc 419 
VOA/VOA4/ukra/ukra2100aWED_88986_96922_8.sdc 3109 
sbs_radio/ukrainian/ukrainian_110205_141931_0_1024_0.sdc 507 
sbs_radio/ukrainian/ukrainian_110205_141931_15488_16666_6.sdc 578 
sbs_radio/ukrainian/ukrainian_110205_141931_17613_19968_7.sdc 1135 
sbs_radio/ukrainian/ukrainian_110205_141931_24090_27366_9.sdc 1661 
sbs_radio/ukrainian/ukrainian_110205_141931_27904_30336_10.sdc 1203 
sbs_radio/ukrainian/ukrainian_110205_141931_30618_32538_11.sdc 941 
sbs_radio/ukrainian/ukrainian_110205_141931_4429_5632_2.sdc 594 
sbs_radio/ukrainian/ukrainian_110209_142697_205_18205_0.sdc 9224 
sbs_radio/ukrainian/ukrainian_110209_142697_21248_32973_1.sdc 5976 
sbs_radio/ukrainian/ukrainian_110209_142697_34406_36173_2.sdc 882 
sbs_radio/ukrainian/ukrainian_110209_142697_37760_39194_3.sdc 716 
sbs_radio/ukrainian/ukrainian_110209_142697_39475_46515_4.sdc 3588 
sbs_radio/ukrainian/ukrainian_110224_146542_11776_14157_4.sdc 1183 
sbs_radio/ukrainian/ukrainian_110224_146542_15590_16538_6.sdc 459 
sbs_radio/ukrainian/ukrainian_110224_146542_17894_18790_7.sdc 433 
sbs_radio/ukrainian/ukrainian_110224_146542_20736_24704_8.sdc 2024 
sbs_radio/ukrainian/ukrainian_110224_146542_28058_29773_9.sdc 855 
sbs_radio/ukrainian/ukrainian_110224_146542_2995_3994_1.sdc 501 
sbs_radio/ukrainian/ukrainian_110224_146542_30566_31565_10.sdc 503 
sbs_radio/ukrainian/ukrainian_110224_146542_31872_32742_11.sdc 426 
sbs_radio/ukrainian/ukrainian_110224_146542_37248_39142_14.sdc 955 
sbs_radio/ukrainian/ukrainian_110224_146542_42317_44237_17.sdc 955 
sbs_radio/ukrainian/ukrainian_110224_146542_46285_49894_19.sdc 1821 
sbs_radio/ukrainian/ukrainian_110224_146542_51098_52326_20.sdc 604 
sbs_radio/ukrainian/ukrainian_110224_146542_55936_59494_23.sdc 1804 
sbs_radio/ukrainian/ukrainian_110224_146542_61338_63309_24.sdc 957 
sbs_radio/ukrainian/ukrainian_110224_146542_6349_9677_3.sdc 1664 
sbs_radio/ukrainian/ukrainian_110224_146542_64640_67789_26.sdc 1599 
sbs_radio/ukrainian/ukrainian_110224_146542_68531_72294_27.sdc 1928 
sbs_radio/ukrainian/ukrainian_110224_146707_14771_20890_1.sdc 3166 
sbs_radio/ukrainian/ukrainian_110224_146707_21683_28314_2.sdc 3426 
sbs_radio/ukrainian/ukrainian_110224_146707_31232_33178_4.sdc 991 
sbs_radio/ukrainian/ukrainian_110224_146707_4198_14003_0.sdc 5008 
sbs_radio/ukrainian/ukrainian_110309_149537_11674_13005_2.sdc 666 
sbs_radio/ukrainian/ukrainian_110309_149537_13338_25242_3.sdc 6128 
sbs_radio/ukrainian/ukrainian_110309_149537_5606_11520_1.sdc 3040 
sbs_radio/ukrainian/ukrainian_110309_149537_973_5146_0.sdc 2141 
sbs_radio/ukrainian/ukrainian_110316_151362_10650_13363_3.sdc 1336 
sbs_radio/ukrainian/ukrainian_110316_151362_14541_15795_4.sdc 618 
sbs_radio/ukrainian/ukrainian_110316_151362_1459_3174_0.sdc 861 
sbs_radio/ukrainian/ukrainian_110316_151362_19994_21350_5.sdc 687 
sbs_radio/ukrainian/ukrainian_110316_151362_21478_22835_6.sdc 689 
sbs_radio/ukrainian/ukrainian_110316_151362_23629_26650_7.sdc 1556 
sbs_radio/ukrainian/ukrainian_110316_151362_26803_27674_8.sdc 428 
sbs_radio/ukrainian/ukrainian_110316_151362_3302_4198_1.sdc 427 
sbs_radio/ukrainian/ukrainian_110406_156226_0_18000_0.sdc 8075 
sbs_radio/ukrainian/ukrainian_110407_156606_11520_12365_4.sdc 402 
sbs_radio/ukrainian/ukrainian_110407_156606_13568_14643_5.sdc 532 
sbs_radio/ukrainian/ukrainian_110407_156606_21478_23270_7.sdc 893 
sbs_radio/ukrainian/ukrainian_110407_156606_230_1306_0.sdc 528 
sbs_radio/ukrainian/ukrainian_110407_156606_7501_8346_2.sdc 402 
sbs_radio/ukrainian/ukrainian_110407_156606_9267_11008_3.sdc 875 
sbs_radio/ukrainian/ukrainian_110412_157711_19738_20582_4.sdc 402 
sbs_radio/ukrainian/ukrainian_110412_157711_3021_4736_1.sdc 833 
sbs_radio/ukrainian/ukrainian_110412_157711_39731_41600_10.sdc 939 
sbs_radio/ukrainian/ukrainian_110412_157711_44032_45235_12.sdc 601 
sbs_radio/ukrainian/ukrainian_110412_157711_48845_51379_16.sdc 1237 
sbs_radio/ukrainian/ukrainian_110412_157711_51814_52685_17.sdc 419 
sbs_radio/ukrainian/ukrainian_110421_160311_17382_19200_1.sdc 914 
sbs_radio/ukrainian/ukrainian_110421_160311_20301_22118_2.sdc 906 
sbs_radio/ukrainian/ukrainian_110510_164671_4250_5427_0.sdc 558 
sbs_radio/ukrainian/ukrainian_110630_176687_12672_23040_3.sdc 5281 
sbs_radio/ukrainian/ukrainian_110630_176687_23782_30950_4.sdc 3601 
sbs_radio/ukrainian/ukrainian_110630_176687_31693_33792_5.sdc 1035 
sbs_radio/ukrainian/ukrainian_110630_176687_34483_37786_6.sdc 1652 
sbs_radio/ukrainian/ukrainian_110630_176687_3763_8806_1.sdc 2605 
sbs_radio/ukrainian/ukrainian_110630_176687_9370_11264_2.sdc 965 
sbs_radio/ukrainian/ukrainian_110701_176811_15795_17050_2.sdc 623 
sbs_radio/ukrainian/ukrainian_110701_176811_3789_4813_0.sdc 503 
