VOA/VOA4/viet/viet1300a0110_123136_126208_1.sdc 1573 
VOA/VOA4/viet/viet1300a0110_126643_130406_2.sdc 1918 
VOA/VOA4/viet/viet1300a0110_131379_133888_4.sdc 1260 
VOA/VOA4/viet/viet1300a0207_125107_129766_0.sdc 2382 
VOA/VOA4/viet/viet1300a0207_130560_138291_1.sdc 3864 
VOA/VOA4/viet/viet1300a0207_138957_140774_2.sdc 913 
VOA/VOA4/viet/viet1300a0207_141286_144077_3.sdc 1381 
VOA/VOA4/viet/viet1300a0218_08_100275_102298_4.sdc 910 
VOA/VOA4/viet/viet1300a0307_118630_121267_1.sdc 1337 
VOA/VOA4/viet/viet1300a0307_127053_129075_4.sdc 1020 
VOA/VOA4/viet/viet1300a0307_131968_137114_5.sdc 2561 
VOA/VOA4/viet/viet1300a0307_139008_143360_6.sdc 2245 
VOA/VOA4/viet/viet1300a0307_147021_149094_8.sdc 1052 
VOA/VOA4/viet/viet1300a0314_113357_120986_1.sdc 3922 
VOA/VOA4/viet/viet1300a0314_123546_129766_3.sdc 3178 
VOA/VOA4/viet/viet1300a0314_131328_133171_4.sdc 924 
VOA/VOA4/viet/viet1300a0314_133683_139162_5.sdc 2742 
VOA/VOA4/viet/viet1300a0314_140160_147661_6.sdc 3753 
VOA/VOA4/viet/viet1300a0601_08_45210_46925_0.sdc 862 
VOA/VOA4/viet/viet1300a0601_08_50227_53018_1.sdc 1431 
VOA/VOA4/viet/viet1300a0617_08_119808_122189_0.sdc 1204 
VOA/VOA4/viet/viet1300a0622_08_57498_64051_4.sdc 3374 
VOA/VOA4/viet/viet1300a0704_08_109824_117606_3.sdc 4026 
VOA/VOA4/viet/viet1300a0705_08_60006_68122_2.sdc 4126 
VOA/VOA4/viet/viet1300a0705_08_93158_97126_4.sdc 1991 
VOA/VOA4/viet/viet1300a0719_08_12979_14720_0.sdc 847 
VOA/VOA4/viet/viet1300a0719_08_17126_19507_1.sdc 1183 
VOA/VOA4/viet/viet1300a0927(1)_08_126387_129101_4.sdc 1367 
VOA/VOA4/viet/viet1300a0927(1)_08_129382_134605_5.sdc 2669 
VOA/VOA4/viet/viet1300a0927(1)_08_137600_141952_6.sdc 2205 
VOA/VOA4/viet/viet1300a0927(1)_08_144691_153088_8.sdc 4329 
VOA/VOA4/viet/viet1300a1103_08_122829_127770_6.sdc 2521 
VOA/VOA4/viet/viet1300a1103_08_133632_136806_10.sdc 1601 
VOA/VOA4/viet/viet1300a1103_08_137293_140800_11.sdc 1766 
VOA/VOA4/viet/viet1300a1103_08_142848_150835_13.sdc 3997 
VOA/VOA4/viet/viet1300a1105(1)_08_139213_142413_0.sdc 1604 
VOA/VOA4/viet/viet1300a1108(1)_08_122624_125312_0.sdc 1325 
VOA/VOA4/viet/viet1300a1108(1)_08_125542_130483_1.sdc 2456 
VOA/VOA4/viet/viet1300a1108(1)_08_136371_139136_5.sdc 1418 
VOA/VOA4/viet/viet1300a1108(1)_08_143923_149069_8.sdc 2552 
VOA/VOA4/viet/viet1300a1117(1)_08_47565_49792_0.sdc 1045 
VOA/VOA4/viet/viet1300a1117(1)_08_60390_62515_1.sdc 1074 
VOA/VOA4/viet/viet1300a1124_08_130893_132787_8.sdc 943 
VOA/VOA4/viet/viet1300a1124_08_134426_136371_9.sdc 958 
VOA/VOA4/viet/viet1300a1124_08_153293_156211_13.sdc 1497 
VOA/VOA4/viet/viet1300a1124_08_158694_160947_15.sdc 1128 
VOA/VOA4/viet/viet1300a1125_08_118682_160666_8.sdc 21450 
VOA/VOA4/viet/viet1300a1229_08_119296_147226_4.sdc 12672 
VOA/VOA4/viet/viet1459a0809_08_125978_140160_1.sdc 6433 
VOA/VOA4/viet/viet1500a0101_08_209741_213069_5.sdc 1659 
VOA/VOA4/viet/viet1500a0101_08_214016_224026_6.sdc 5115 
VOA/VOA4/viet/viet1500a0101_08_230835_254157_8.sdc 11868 
VOA/VOA4/viet/viet1500a0101_08_254464_263731_9.sdc 4709 
VOA/VOA4/viet/viet1500a0101_08_264730_308019_10.sdc 21925 
VOA/VOA4/viet/viet1500a0106_08_98406_101018_1.sdc 1160 
VOA/VOA4/viet/viet1500a0106_285107_318336_7.sdc 17077 
VOA/VOA4/viet/viet1500a0106_320384_323840_8.sdc 1745 
VOA/VOA4/viet/viet1500a0107_179840_182682_11.sdc 809 
VOA/VOA4/viet/viet1500a0107_195942_200525_12.sdc 1279 
VOA/VOA4/viet/viet1500a0111_84403_86810_1.sdc 1228 
VOA/VOA4/viet/viet1500a0114_08_143002_144717_1.sdc 853 
VOA/VOA4/viet/viet1500a0114_08_147482_149274_2.sdc 909 
VOA/VOA4/viet/viet1500a0114_08_152755_156058_4.sdc 1671 
VOA/VOA4/viet/viet1500a0114_08_157005_160026_5.sdc 1491 
VOA/VOA4/viet/viet1500a0114_08_168448_170752_10.sdc 1157 
VOA/VOA4/viet/viet1500a0114_08_171290_173850_11.sdc 1292 
VOA/VOA4/viet/viet1500a0114_08_176358_179610_13.sdc 1670 
VOA/VOA4/viet/viet1500a0114_08_180122_182042_14.sdc 986 
VOA/VOA4/viet/viet1500a0114_08_182349_185139_15.sdc 1389 
VOA/VOA4/viet/viet1500a0114_37606_40243_6.sdc 853 
VOA/VOA4/viet/viet1500a0114_40960_45414_7.sdc 1274 
VOA/VOA4/viet/viet1500a0114_77210_80896_14.sdc 942 
VOA/VOA4/viet/viet1500a0117_71962_109133_1.sdc 18444 
VOA/VOA4/viet/viet1500a0119_08_70938_127898_0.sdc 26908 
VOA/VOA4/viet/viet1500a0120_208102_247731_0.sdc 20464 
VOA/VOA4/viet/viet1500a0124_168294_170547_1.sdc 1143 
VOA/VOA4/viet/viet1500a0124_171469_173440_2.sdc 992 
VOA/VOA4/viet/viet1500a0126_08_64461_82202_0.sdc 9165 
VOA/VOA4/viet/viet1500a0127_193894_195635_4.sdc 874 
VOA/VOA4/viet/viet1500a0127_219520_223053_9.sdc 1763 
VOA/VOA4/viet/viet1500a0127_223334_275661_10.sdc 26457 
VOA/VOA4/viet/viet1500a0127_317722_319437_14.sdc 845 
VOA/VOA4/viet/viet1500a0129_08_170317_176563_2.sdc 3209 
VOA/VOA4/viet/viet1500a0129_08_188442_197786_4.sdc 4593 
VOA/VOA4/viet/viet1500a0129_08_198272_207283_5.sdc 4433 
VOA/VOA4/viet/viet1500a0130_08_225075_237491_3.sdc 3702 
VOA/VOA4/viet/viet1500a0202_08_76749_78874_7.sdc 1075 
VOA/VOA4/viet/viet1500a0202_08_81818_83891_9.sdc 1044 
VOA/VOA4/viet/viet1500a0202_08_84326_115994_10.sdc 14946 
VOA/VOA4/viet/viet1500a0203_08_107494_109747_1.sdc 1126 
VOA/VOA4/viet/viet1500a0203_257306_287565_5.sdc 15580 
VOA/VOA4/viet/viet1500a0203_288256_304026_6.sdc 8058 
VOA/VOA4/viet/viet1500a0204_08_139699_194534_0.sdc 28145 
VOA/VOA4/viet/viet1500a0204_164096_178995_6.sdc 3503 
VOA/VOA4/viet/viet1500a0204_194765_213760_7.sdc 4517 
VOA/VOA4/viet/viet1500a0205_08_261888_266010_6.sdc 2093 
VOA/VOA4/viet/viet1500a0205_08_268160_273920_8.sdc 2862 
VOA/VOA4/viet/viet1500a0205_08_274355_278477_9.sdc 2078 
VOA/VOA4/viet/viet1500a0205_08_306918_323174_11.sdc 8205 
VOA/VOA4/viet/viet1500a0207_91981_104960_1.sdc 4259 
VOA/VOA4/viet/viet1500a0209_08_72653_111334_0.sdc 13040 
VOA/VOA4/viet/viet1500a0211_170394_180480_2.sdc 2241 
VOA/VOA4/viet/viet1500a0211_204442_223002_4.sdc 4502 
VOA/VOA4/viet/viet1500a0217_227123_282752_2.sdc 27791 
VOA/VOA4/viet/viet1500a0218_08_83072_85478_2.sdc 998 
VOA/VOA4/viet/viet1500a0218_08_85939_87885_3.sdc 938 
VOA/VOA4/viet/viet1500a0218_08_88883_90957_4.sdc 929 
VOA/VOA4/viet/viet1500a0218_212890_225894_6.sdc 4804 
VOA/VOA4/viet/viet1500a0221_73165_124800_1.sdc 20325 
VOA/VOA4/viet/viet1500a0223_08_101248_110694_1.sdc 4228 
VOA/VOA4/viet/viet1500a0223_08_78080_94490_0.sdc 6990 
VOA/VOA4/viet/viet1500a0225_08_188518_195686_1.sdc 3602 
VOA/VOA4/viet/viet1500a0225_200038_218368_3.sdc 6395 
VOA/VOA4/viet/viet1500a0227_08_203699_207411_5.sdc 1080 
VOA/VOA4/viet/viet1500a0301_08_72371_93235_1.sdc 8087 
VOA/VOA4/viet/viet1500a0301_112486_114381_5.sdc 933 
VOA/VOA4/viet/viet1500a0303_08_159437_169190_1.sdc 5032 
VOA/VOA4/viet/viet1500a0303_08_171238_179891_2.sdc 4474 
VOA/VOA4/viet/viet1500a0303_08_180864_186906_3.sdc 3031 
VOA/VOA4/viet/viet1500a0303_08_187341_191514_4.sdc 2092 
VOA/VOA4/viet/viet1500a0303_268646_318157_5.sdc 25140 
VOA/VOA4/viet/viet1500a0304_08_165837_168909_3.sdc 1530 
VOA/VOA4/viet/viet1500a0307_172544_178842_4.sdc 2335 
VOA/VOA4/viet/viet1500a0308_08_66406_110259_0.sdc 17728 
VOA/VOA4/viet/viet1500a0310_224538_248346_2.sdc 12238 
VOA/VOA4/viet/viet1500a0312_08_201190_206720_5.sdc 1447 
VOA/VOA4/viet/viet1500a0312_08_209101_214144_7.sdc 1324 
VOA/VOA4/viet/viet1500a0314_165709_174797_7.sdc 3758 
VOA/VOA4/viet/viet1500a0314_178586_185626_8.sdc 2524 
VOA/VOA4/viet/viet1500a0315_08_103578_107238_2.sdc 1460 
VOA/VOA4/viet/viet1500a0315_08_107674_111539_3.sdc 1885 
VOA/VOA4/viet/viet1500a0315_08_91750_102810_1.sdc 4796 
VOA/VOA4/viet/viet1500a0315_111539_115610_6.sdc 2066 
VOA/VOA4/viet/viet1500a0315_119091_122138_7.sdc 1543 
VOA/VOA4/viet/viet1500a0315_131046_134989_9.sdc 2010 
VOA/VOA4/viet/viet1500a0315_92160_94720_0.sdc 1293 
VOA/VOA4/viet/viet1500a0315_95642_101786_1.sdc 3100 
VOA/VOA4/viet/viet1500a0317_224282_308403_7.sdc 43065 
VOA/VOA4/viet/viet1500a0318_210970_233318_2.sdc 7201 
VOA/VOA4/viet/viet1500a0321_67354_108621_1.sdc 17498 
VOA/VOA4/viet/viet1500a0325_08_252109_253722_3.sdc 801 
VOA/VOA4/viet/viet1500a0326_08_217549_235878_3.sdc 4175 
VOA/VOA4/viet/viet1500a0329_08_91392_94925_3.sdc 1790 
VOA/VOA4/viet/viet1500a0401_08_268698_316544_4.sdc 24317 
VOA/VOA4/viet/viet1500a0402_08_177254_193024_3.sdc 4750 
VOA/VOA4/viet/viet1500a0402_08_203469_220109_4.sdc 4652 
VOA/VOA4/viet/viet1500a0405_08_69939_78925_0.sdc 4586 
VOA/VOA4/viet/viet1500a0406_08_90266_95002_2.sdc 2426 
VOA/VOA4/viet/viet1500a0408_08_217984_221286_3.sdc 1684 
VOA/VOA4/viet/viet1500a0413_08_105062_107418_4.sdc 1149 
VOA/VOA4/viet/viet1500a0413_08_108467_110208_5.sdc 865 
VOA/VOA4/viet/viet1500a0413_08_89574_91981_1.sdc 891 
VOA/VOA4/viet/viet1500a0413_08_92851_95539_2.sdc 1029 
VOA/VOA4/viet/viet1500a0415_08_211584_213325_4.sdc 862 
VOA/VOA4/viet/viet1500a0415_08_314752_319693_10.sdc 2526 
VOA/VOA4/viet/viet1500a0416_08_208614_229683_3.sdc 6020 
VOA/VOA4/viet/viet1500a0418_08_40986_47974_0.sdc 3153 
VOA/VOA4/viet/viet1500a0418_08_48384_51635_1.sdc 1414 
VOA/VOA4/viet/viet1500a0423_08_198118_216550_3.sdc 5213 
VOA/VOA4/viet/viet1500a0429_08_231936_275738_9.sdc 22322 
VOA/VOA4/viet/viet1500a0508_08_61901_63923_0.sdc 990 
VOA/VOA4/viet/viet1500a0510_08_71270_73754_0.sdc 1236 
VOA/VOA4/viet/viet1500a0510_08_77158_82022_2.sdc 2235 
VOA/VOA4/viet/viet1500a0510_08_97946_100096_4.sdc 1082 
VOA/VOA4/viet/viet1500a0513_08_23168_26163_1.sdc 1422 
VOA/VOA4/viet/viet1500a0513_08_26522_28442_2.sdc 848 
VOA/VOA4/viet/viet1500a0514_08_204083_220570_4.sdc 4648 
VOA/VOA4/viet/viet1500a0524_08_73626_79872_0.sdc 2647 
VOA/VOA4/viet/viet1500a0524_08_80768_82995_1.sdc 955 
VOA/VOA4/viet/viet1500a0527_08_208102_218598_3.sdc 5346 
VOA/VOA4/viet/viet1500a0527_08_316109_324173_9.sdc 4124 
VOA/VOA4/viet/viet1500a0528_08_192512_206592_3.sdc 4045 
VOA/VOA4/viet/viet1500a0528_08_220902_233114_4.sdc 2746 
VOA/VOA4/viet/viet1500a0601_08_57958_60646_2.sdc 1345 
VOA/VOA4/viet/viet1500a0607(1)_08_70528_126490_0.sdc 22389 
VOA/VOA4/viet/viet1500a0610(1)_08_226790_277376_5.sdc 25644 
VOA/VOA4/viet/viet1500a0616_08_72474_80538_0.sdc 4098 
VOA/VOA4/viet/viet1500a0617(1)_08_226765_273741_4.sdc 24001 
VOA/VOA4/viet/viet1500a0618(1)_08_224589_235290_2.sdc 2998 
VOA/VOA4/viet/viet1500a0618_08_162458_164941_3.sdc 1223 
VOA/VOA4/viet/viet1500a0618_08_169574_172083_4.sdc 1268 
VOA/VOA4/viet/viet1500a0618_08_172416_174234_5.sdc 900 
VOA/VOA4/viet/viet1500a0618_08_185446_187418_8.sdc 980 
VOA/VOA4/viet/viet1500a0618_08_190669_195789_9.sdc 2588 
VOA/VOA4/viet/viet1500a0618_08_209075_210918_13.sdc 936 
VOA/VOA4/viet/viet1500a0620_08_180557_182861_3.sdc 803 
VOA/VOA4/viet/viet1500a0620_08_183296_189286_4.sdc 1980 
VOA/VOA4/viet/viet1500a0620_08_205210_228659_6.sdc 8404 
VOA/VOA4/viet/viet1500a0620_08_228992_231987_7.sdc 989 
VOA/VOA4/viet/viet1500a0621_08_54733_74957_0.sdc 10307 
VOA/VOA4/viet/viet1500a0623_08_78643_87066_5.sdc 3915 
VOA/VOA4/viet/viet1500a0623_08_87501_89677_6.sdc 1040 
VOA/VOA4/viet/viet1500a0624(1)_08_209382_250778_2.sdc 21463 
VOA/VOA4/viet/viet1500a0628(1)_08_61363_136269_1.sdc 38453 
VOA/VOA4/viet/viet1500a0701(1)_08_268749_322893_5.sdc 27526 
VOA/VOA4/viet/viet1500a0701_08_113459_126899_5.sdc 5244 
VOA/VOA4/viet/viet1500a0702_08_89370_95130_2.sdc 2406 
VOA/VOA4/viet/viet1500a0707(1)_08_157901_163917_5.sdc 3106 
VOA/VOA4/viet/viet1500a0707_08_102323_104832_7.sdc 1162 
VOA/VOA4/viet/viet1500a0707_08_117504_119757_15.sdc 1078 
VOA/VOA4/viet/viet1500a0707_08_168090_173082_16.sdc 2574 
VOA/VOA4/viet/viet1500a0707_08_85888_89882_2.sdc 1475 
VOA/VOA4/viet/viet1500a0708(1)_08_296038_321408_6.sdc 12752 
VOA/VOA4/viet/viet1500a0708(1)_08_322074_324506_7.sdc 1198 
VOA/VOA4/viet/viet1500a0709_08_196045_204339_2.sdc 4213 
VOA/VOA4/viet/viet1500a0710_08_170342_176435_0.sdc 3110 
VOA/VOA4/viet/viet1500a0710_08_177280_190746_1.sdc 6848 
VOA/VOA4/viet/viet1500a0710_08_191309_193971_2.sdc 1362 
VOA/VOA4/viet/viet1500a0710_08_194483_207898_3.sdc 6945 
VOA/VOA4/viet/viet1500a0710_08_323712_326016_9.sdc 1183 
VOA/VOA4/viet/viet1500a0711_08_188902_209818_3.sdc 8889 
VOA/VOA4/viet/viet1500a0711_08_227277_248371_4.sdc 9160 
VOA/VOA4/viet/viet1500a0715(1)_08_260429_312806_6.sdc 27187 
VOA/VOA4/viet/viet1500a0716_08_176922_188262_8.sdc 5872 
VOA/VOA4/viet/viet1500a0717_08_158413_163763_1.sdc 2720 
VOA/VOA4/viet/viet1500a0717_08_164198_170803_2.sdc 3356 
VOA/VOA4/viet/viet1500a0718_08_180198_194739_3.sdc 4866 
VOA/VOA4/viet/viet1500a0720(1)_08_103526_106035_2.sdc 1211 
VOA/VOA4/viet/viet1500a0721(1)_08_184576_188544_11.sdc 2014 
VOA/VOA4/viet/viet1500a0725_08_204237_219366_2.sdc 4720 
VOA/VOA4/viet/viet1500a0728_08_72627_75085_0.sdc 1256 
VOA/VOA4/viet/viet1500a0728_08_80845_83661_4.sdc 1122 
VOA/VOA4/viet/viet1500a0801_08_190336_199373_3.sdc 3208 
VOA/VOA4/viet/viet1500a0801_08_217114_224102_8.sdc 2351 
VOA/VOA4/viet/viet1500a0802(1)_08_87654_101018_0.sdc 6427 
VOA/VOA4/viet/viet1500a0806_08_161664_163430_3.sdc 895 
VOA/VOA4/viet/viet1500a0806_08_171341_174413_5.sdc 1531 
VOA/VOA4/viet/viet1500a0808_08_202547_211302_5.sdc 2942 
VOA/VOA4/viet/viet1500a0808_08_223181_226227_7.sdc 952 
VOA/VOA4/viet/viet1500a0808_08_226509_232243_8.sdc 1822 
VOA/VOA4/viet/viet1500a0808_08_232550_235546_9.sdc 1116 
VOA/VOA4/viet/viet1500a0812(1)_08_231322_233011_7.sdc 831 
VOA/VOA4/viet/viet1500a0812(1)_08_233830_310502_8.sdc 39090 
VOA/VOA4/viet/viet1500a0816(1)_08_91699_94950_2.sdc 1637 
VOA/VOA4/viet/viet1500a0823(1)_08_74829_102579_0.sdc 13624 
VOA/VOA4/viet/viet1500a0824(1)_08_104653_108595_3.sdc 1973 
VOA/VOA4/viet/viet1500a0824(1)_08_142234_145510_4.sdc 1650 
VOA/VOA4/viet/viet1500a0824(1)_08_96947_100890_2.sdc 2001 
VOA/VOA4/viet/viet1500a0824_08_153907_156698_2.sdc 910 
VOA/VOA4/viet/viet1500a0824_08_181581_184576_5.sdc 1246 
VOA/VOA4/viet/viet1500a0828_08_202726_212326_3.sdc 4932 
VOA/VOA4/viet/viet1500a0828_08_311680_316288_8.sdc 2346 
VOA/VOA4/viet/viet1500a0828_08_317594_320410_9.sdc 1404 
VOA/VOA4/viet/viet1500a0829_08_189619_191539_1.sdc 852 
VOA/VOA4/viet/viet1500a0829_08_192845_201242_3.sdc 3077 
VOA/VOA4/viet/viet1500a0829_08_213606_221158_5.sdc 2700 
VOA/VOA4/viet/viet1500a0830(1)_08_112307_135040_1.sdc 11754 
VOA/VOA4/viet/viet1500a0831(1)_08_118374_120192_0.sdc 920 
VOA/VOA4/viet/viet1500a0831(1)_08_120960_123571_1.sdc 1310 
VOA/VOA4/viet/viet1500a0831(1)_08_128998_130970_3.sdc 996 
VOA/VOA4/viet/viet1500a0902_08_163584_172493_9.sdc 4597 
VOA/VOA4/viet/viet1500a0902_08_172877_177536_10.sdc 2372 
VOA/VOA4/viet/viet1500a0902_08_183014_184627_12.sdc 810 
VOA/VOA4/viet/viet1500a0905(1)_08_159181_170214_3.sdc 5593 
VOA/VOA4/viet/viet1500a0905(1)_08_181709_185933_9.sdc 2163 
VOA/VOA4/viet/viet1500a0905_08_198400_209101_3.sdc 4077 
VOA/VOA4/viet/viet1500a0905_08_219699_225101_4.sdc 2230 
VOA/VOA4/viet/viet1500a0905_08_225254_235878_5.sdc 4068 
VOA/VOA4/viet/viet1500a0906(1)_08_252954_256128_11.sdc 1472 
VOA/VOA4/viet/viet1500a0906(1)_08_264346_269056_13.sdc 2274 
VOA/VOA4/viet/viet1500a0908_08_100762_102656_12.sdc 946 
VOA/VOA4/viet/viet1500a0908_08_106496_108672_14.sdc 927 
VOA/VOA4/viet/viet1500a0908_08_109286_114355_15.sdc 2402 
VOA/VOA4/viet/viet1500a0908_08_114790_121062_16.sdc 3007 
VOA/VOA4/viet/viet1500a0908_08_75418_79053_2.sdc 1858 
VOA/VOA4/viet/viet1500a0908_08_83430_86989_5.sdc 1739 
VOA/VOA4/viet/viet1500a0908_08_94618_97101_9.sdc 1148 
VOA/VOA4/viet/viet1500a0908_08_97434_99174_10.sdc 872 
VOA/VOA4/viet/viet1500a0910(1)_08_166477_179891_2.sdc 3700 
VOA/VOA4/viet/viet1500a0911_08_227046_266726_7.sdc 20502 
VOA/VOA4/viet/viet1500a0911_08_321792_324582_12.sdc 1413 
VOA/VOA4/viet/viet1500a0914_08_203034_204646_0.sdc 811 
VOA/VOA4/viet/viet1500a0915(1)_08_178765_184653_2.sdc 3000 
VOA/VOA4/viet/viet1500a0916(1)_08_258816_300749_9.sdc 21760 
VOA/VOA4/viet/viet1500a0918_08_178278_186010_3.sdc 3706 
VOA/VOA4/viet/viet1500a0918_08_186496_191309_4.sdc 2292 
VOA/VOA4/viet/viet1500a0919_08_204646_218317_2.sdc 5410 
VOA/VOA4/viet/viet1500a0922(1)_08_225101_229043_1.sdc 1993 
VOA/VOA4/viet/viet1500a0923(1)_08_166502_173798_2.sdc 3429 
VOA/VOA4/viet/viet1500a0923(1)_08_174234_179891_3.sdc 2760 
VOA/VOA4/viet/viet1500a0923(1)_08_180429_189517_4.sdc 4360 
VOA/VOA4/viet/viet1500a0926(1)_08_181862_190592_1.sdc 3747 
VOA/VOA4/viet/viet1500a0926_08_206464_220160_4.sdc 5339 
VOA/VOA4/viet/viet1500a0927(1)_08_75264_82150_1.sdc 3461 
VOA/VOA4/viet/viet1500a0929_08_71219_135885_0.sdc 31913 
VOA/VOA4/viet/viet1500a1005_08_137728_141312_1.sdc 1234 
VOA/VOA4/viet/viet1500a1006_08_68582_73344_0.sdc 2406 
VOA/VOA4/viet/viet1500a1006_08_80282_83021_4.sdc 1372 
VOA/VOA4/viet/viet1500a1010_08_185933_199706_3.sdc 3851 
VOA/VOA4/viet/viet1500a1010_08_210739_228019_4.sdc 4662 
VOA/VOA4/viet/viet1500a1013_08_69043_74957_0.sdc 2963 
VOA/VOA4/viet/viet1500a1014(1)_08_180070_189235_3.sdc 4307 
VOA/VOA4/viet/viet1500a1014_08_133197_136730_1.sdc 1720 
VOA/VOA4/viet/viet1500a1015(1)_08_258944_281242_0.sdc 6761 
VOA/VOA4/viet/viet1500a1020_08_72960_116403_0.sdc 18711 
VOA/VOA4/viet/viet1500a1025(1)_08_73190_134221_0.sdc 28622 
VOA/VOA4/viet/viet1500a1026(1)_08_126182_128358_1.sdc 869 
VOA/VOA4/viet/viet1500a1026(1)_08_131200_133171_2.sdc 887 
VOA/VOA4/viet/viet1500a1028_08_75904_78694_1.sdc 1301 
VOA/VOA4/viet/viet1500a1028_08_80077_83584_2.sdc 1778 
VOA/VOA4/viet/viet1500a1028_08_85120_86938_3.sdc 924 
VOA/VOA4/viet/viet1500a1029(1)_08_187443_204442_2.sdc 4090 
VOA/VOA4/viet/viet1500a1029(1)_08_220826_236518_3.sdc 3654 
VOA/VOA4/viet/viet1500a1029_08_140800_186752_2.sdc 23389 
VOA/VOA4/viet/viet1500a1030_08_316032_321715_8.sdc 2908 
VOA/VOA4/viet/viet1500a1103_08_188211_190490_3.sdc 1104 
VOA/VOA4/viet/viet1500a1103_08_68634_73856_0.sdc 2347 
VOA/VOA4/viet/viet1500a1104_08_73933_76800_0.sdc 1320 
VOA/VOA4/viet/viet1500a1104_08_83251_85069_2.sdc 911 
VOA/VOA4/viet/viet1500a1105_08_191309_197146_2.sdc 2938 
VOA/VOA4/viet/viet1500a1106_08_290688_319258_6.sdc 14527 
VOA/VOA4/viet/viet1500a1107_08_201267_222797_1.sdc 5403 
VOA/VOA4/viet/viet1500a1110_08_72678_77773_1.sdc 2319 
VOA/VOA4/viet/viet1500a1112_08_135066_191872_1.sdc 29211 
VOA/VOA4/viet/viet1500a1115(1)_08_79155_103475_0.sdc 8020 
VOA/VOA4/viet/viet1500a1118(1)_08_165069_200653_1.sdc 15910 
VOA/VOA4/viet/viet1500a1118_08_63744_65818_0.sdc 874 
VOA/VOA4/viet/viet1500a1119_08_162406_164250_4.sdc 921 
VOA/VOA4/viet/viet1500a1119_08_164685_168858_5.sdc 2100 
VOA/VOA4/viet/viet1500a1119_08_172006_175283_7.sdc 1663 
VOA/VOA4/viet/viet1500a1119_08_175590_177536_8.sdc 979 
VOA/VOA4/viet/viet1500a1119_08_178688_190285_9.sdc 5998 
VOA/VOA4/viet/viet1500a1122(1)_08_77082_79923_1.sdc 1446 
VOA/VOA4/viet/viet1500a1127_08_163738_166042_0.sdc 1082 
VOA/VOA4/viet/viet1500a1127_08_311629_315699_9.sdc 2057 
VOA/VOA4/viet/viet1500a1128(1)_08_173261_175923_3.sdc 1354 
VOA/VOA4/viet/viet1500a1128_08_209126_224538_4.sdc 3959 
VOA/VOA4/viet/viet1500a1128_08_225050_231117_5.sdc 1499 
VOA/VOA4/viet/viet1500a1129(1)_08_175770_182605_3.sdc 3448 
VOA/VOA4/viet/viet1500a1129(1)_08_197069_198682_4.sdc 802 
VOA/VOA4/viet/viet1500a1129(1)_08_245094_247117_7.sdc 1005 
VOA/VOA4/viet/viet1500a1129(1)_08_265216_271027_8.sdc 2968 
VOA/VOA4/viet/viet1500a1129(1)_08_287027_289280_9.sdc 1118 
VOA/VOA4/viet/viet1500a1129(1)_08_296448_299110_11.sdc 1355 
VOA/VOA4/viet/viet1500a1201_08_109517_114893_11.sdc 2332 
VOA/VOA4/viet/viet1500a1201_08_75238_77082_2.sdc 923 
VOA/VOA4/viet/viet1500a1210_08_143846_198758_3.sdc 28157 
VOA/VOA4/viet/viet1500a1211_08_249318_251315_7.sdc 1011 
VOA/VOA4/viet/viet1500a1211_08_270464_274278_9.sdc 1951 
VOA/VOA4/viet/viet1500a1214(1)_08_155162_157466_5.sdc 1084 
VOA/VOA4/viet/viet1500a1214(1)_08_158720_160998_6.sdc 1046 
VOA/VOA4/viet/viet1500a1214(1)_08_164429_166042_7.sdc 811 
VOA/VOA4/viet/viet1500a1214(1)_08_183526_185190_11.sdc 838 
VOA/VOA4/viet/viet1500a1214_08_162125_163738_0.sdc 808 
VOA/VOA4/viet/viet1500a1214_08_171904_186752_2.sdc 7459 
VOA/VOA4/viet/viet1500a1215_08_107187_109312_8.sdc 1042 
VOA/VOA4/viet/viet1500a1215_08_109670_113331_9.sdc 1860 
VOA/VOA4/viet/viet1500a1215_08_118912_122368_11.sdc 1772 
VOA/VOA4/viet/viet1500a1216_08_96410_98534_0.sdc 931 
VOA/VOA4/viet/viet1500a1220(1)_08_156006_158720_3.sdc 1368 
VOA/VOA4/viet/viet1500a1224(1)_08_170598_189850_6.sdc 6308 
VOA/VOA4/viet/viet1500a1226(1)_08_155213_165094_0.sdc 4618 
VOA/VOA4/viet/viet1500a1226(1)_08_165555_167885_1.sdc 1053 
VOA/VOA4/viet/viet1500a1226(1)_08_169574_174438_2.sdc 2261 
VOA/VOA4/viet/viet1500a1226(1)_08_177638_180454_4.sdc 1247 
VOA/VOA4/viet/viet1500a1226(1)_08_182067_190131_5.sdc 3714 
VOA/VOA4/viet/viet1500a1226(1)_08_191667_200013_6.sdc 3691 
VOA/VOA4/viet/viet1500a1226(1)_08_201626_204314_7.sdc 1180 
VOA/VOA4/viet/viet1500a1229_08_67507_70630_2.sdc 1584 
VOA/VOA4/viet/viet1500a1230(1)_08_270131_304205_4.sdc 17492 
VOA/VOA4/viet/viet1500a1230_08_110771_115174_1.sdc 1990 
VOA/VOA4/viet/viet1500a1230_08_117248_120602_2.sdc 1233 
VOA/VOA4/viet/viet1500a1230_08_124851_130765_3.sdc 2582 
VOA/VOA4/viet/viet1500a1230_08_158464_160410_10.sdc 899 
VOA/VOA4/viet/viet1500a1230_08_162355_164250_12.sdc 894 
VOA/VOA4/viet/viet1530a0108_08_45696_70144_4.sdc 12589 
VOA/VOA4/viet/viet1530a0113_47770_49971_2.sdc 1081 
VOA/VOA4/viet/viet1530a0122_08_10726_23450_2.sdc 4993 
VOA/VOA4/viet/viet1530a0127_13875_16282_4.sdc 1215 
VOA/VOA4/viet/viet1530a0212_08_117658_119526_5.sdc 952 
VOA/VOA4/viet/viet1530a0310_44518_99610_1.sdc 27867 
VOA/VOA4/viet/viet1530a0325_08_72038_73651_2.sdc 802 
VOA/VOA4/viet/viet1530a0325_08_74957_114176_3.sdc 19880 
VOA/VOA4/viet/viet1530a0408_08_38093_41395_4.sdc 1672 
VOA/VOA4/viet/viet1530a0513_08_8474_14387_1.sdc 2797 
VOA/VOA4/viet/viet1530a0603_08_108979_116275_9.sdc 3678 
VOA/VOA4/viet/viet1530a0605_08_90010_92058_4.sdc 1031 
VOA/VOA4/viet/viet1530a0610_08_0_5376_0.sdc 2434 
VOA/VOA4/viet/viet1530a0610_08_12621_21325_2.sdc 3978 
VOA/VOA4/viet/viet1530a0619_08_73600_94362_9.sdc 10586 
VOA/VOA4/viet/viet1530a0703_08_0_4915_0.sdc 2273 
VOA/VOA4/viet/viet1530a0703_08_5709_18739_1.sdc 6115 
VOA/VOA4/viet/viet1530a0708_08_63565_101658_3.sdc 19660 
VOA/VOA4/viet/viet1530a0715_08_4480_11418_1.sdc 3342 
VOA/VOA4/viet/viet1530a0717_08_91725_116326_5.sdc 12715 
VOA/VOA4/viet/viet1530a0722_08_50406_80819_3.sdc 15752 
VOA/VOA4/viet/viet1530a0731_08_34637_78797_4.sdc 22902 
VOA/VOA4/viet/viet1530a0812_08_0_5018_0.sdc 2375 
VOA/VOA4/viet/viet1530a0819_08_101811_119194_6.sdc 8940 
VOA/VOA4/viet/viet1530a0826_08_60032_106470_5.sdc 23859 
VOA/VOA4/viet/viet1530a0828_08_116787_119603_7.sdc 1364 
VOA/VOA4/viet/viet1530a0904_08_115814_119603_6.sdc 1942 
VOA/VOA4/viet/viet1530a0911_08_87398_92672_6.sdc 2644 
VOA/VOA4/viet/viet1530a0916_08_78746_119578_4.sdc 20905 
VOA/VOA4/viet/viet1530a0925_08_101939_105856_7.sdc 1952 
VOA/VOA4/viet/viet1530a0930_08_0_8499_0.sdc 3602 
VOA/VOA4/viet/viet1530a0930_08_8755_16205_1.sdc 3574 
VOA/VOA4/viet/viet1530a1014_08_98483_119501_7.sdc 10650 
VOA/VOA4/viet/viet1530a1021_08_37274_84275_3.sdc 24207 
VOA/VOA4/viet/viet1530a1028_08_66995_68813_6.sdc 919 
VOA/VOA4/viet/viet1530a1111_08_44902_50893_5.sdc 3068 
VOA/VOA4/viet/viet1530a1111_08_53299_61875_6.sdc 4373 
VOA/VOA4/viet/viet1530a1113_08_56934_84915_3.sdc 14360 
VOA/VOA4/viet/viet1530a1209_08_108339_112538_10.sdc 2067 
VOA/VOA4/viet/viet1530a1209_08_74086_85837_5.sdc 5691 
VOA/VOA4/viet/viet1530a1209_08_96026_108186_9.sdc 5750 
VOA/VOA4/viet/viet1530a1211_08_69248_71245_5.sdc 1014 
VOA/VOA4/viet/viet2230a0101_08_303642_305306_2.sdc 807 
VOA/VOA4/viet/viet2230a0101_08_305843_307891_3.sdc 910 
VOA/VOA4/viet/viet2230a0101_08_311757_313907_5.sdc 921 
VOA/VOA4/viet/viet2230a0101_08_314803_319898_6.sdc 2628 
VOA/VOA4/viet/viet2230a0105_08_105267_110669_2.sdc 2434 
VOA/VOA4/viet/viet2230a0107_08_149914_152115_4.sdc 974 
VOA/VOA4/viet/viet2230a0107_08_154982_157491_6.sdc 1216 
VOA/VOA4/viet/viet2230a0107_08_158080_164557_7.sdc 3187 
VOA/VOA4/viet/viet2230a0107_08_165120_168090_8.sdc 1477 
VOA/VOA4/viet/viet2230a0117_140262_145254_2.sdc 2482 
VOA/VOA4/viet/viet2230a0117_147482_156544_3.sdc 4687 
VOA/VOA4/viet/viet2230a0117_157926_161024_4.sdc 1579 
VOA/VOA4/viet/viet2230a0122_303539_305741_1.sdc 1123 
VOA/VOA4/viet/viet2230a0122_306662_308838_2.sdc 1105 
VOA/VOA4/viet/viet2230a0126_08_109414_112282_4.sdc 1467 
VOA/VOA4/viet/viet2230a0202_08_225946_228224_5.sdc 1157 
VOA/VOA4/viet/viet2230a0202_08_228659_230835_6.sdc 1063 
VOA/VOA4/viet/viet2230a0202_08_233779_235827_8.sdc 1027 
VOA/VOA4/viet/viet2230a0213_08_314010_318106_6.sdc 2039 
VOA/VOA4/viet/viet2230a0215_130432_133530_4.sdc 1559 
VOA/VOA4/viet/viet2230a0215_145254_148019_9.sdc 1397 
VOA/VOA4/viet/viet2230a0216_08_210202_223130_7.sdc 5649 
VOA/VOA4/viet/viet2230a0216_08_245939_254643_10.sdc 3655 
VOA/VOA4/viet/viet2230a0218_08_124518_126797_6.sdc 907 
VOA/VOA4/viet/viet2230a0218_08_301952_312525_9.sdc 3745 
VOA/VOA4/viet/viet2230a0218_08_314522_319872_10.sdc 1993 
VOA/VOA4/viet/viet2230a0218_08_321485_324531_11.sdc 1147 
VOA/VOA4/viet/viet2230a0218_08_325530_328653_12.sdc 1176 
VOA/VOA4/viet/viet2230a0221_128896_137805_2.sdc 4578 
VOA/VOA4/viet/viet2230a0221_146714_154317_4.sdc 3896 
VOA/VOA4/viet/viet2230a0223_08_91494_98995_4.sdc 3823 
VOA/VOA4/viet/viet2230a0226_238234_242662_0.sdc 2100 
VOA/VOA4/viet/viet2230a0226_254464_256461_7.sdc 991 
VOA/VOA4/viet/viet2230a0226_257382_259405_8.sdc 1008 
VOA/VOA4/viet/viet2230a0226_261197_262886_9.sdc 836 
VOA/VOA4/viet/viet2230a0226_287462_289587_11.sdc 1070 
VOA/VOA4/viet/viet2230a0228_103347_114534_1.sdc 5747 
VOA/VOA4/viet/viet2230a0228_115866_124160_2.sdc 4194 
VOA/VOA4/viet/viet2230a0228_125414_138547_3.sdc 6801 
VOA/VOA4/viet/viet2230a0301_214630_220032_2.sdc 1765 
VOA/VOA4/viet/viet2230a0301_222387_228326_3.sdc 2766 
VOA/VOA4/viet/viet2230a0301_230067_236467_4.sdc 2402 
VOA/VOA4/viet/viet2230a0308_209178_218675_13.sdc 3934 
VOA/VOA4/viet/viet2230a0308_222054_229197_14.sdc 2960 
VOA/VOA4/viet/viet2230a0309_08_218675_220544_2.sdc 938 
VOA/VOA4/viet/viet2230a0309_08_223027_224691_4.sdc 842 
VOA/VOA4/viet/viet2230a0309_08_226586_230707_5.sdc 2036 
VOA/VOA4/viet/viet2230a0311_08_130688_133069_3.sdc 1137 
VOA/VOA4/viet/viet2230a0314_56730_73523_0.sdc 8633 
VOA/VOA4/viet/viet2230a0314_74547_81229_1.sdc 3438 
VOA/VOA4/viet/viet2230a0314_82509_98816_2.sdc 8372 
VOA/VOA4/viet/viet2230a0315_189158_195482_4.sdc 2594 
VOA/VOA4/viet/viet2230a0315_200166_208461_5.sdc 3176 
VOA/VOA4/viet/viet2230a0315_218982_227379_6.sdc 3195 
VOA/VOA4/viet/viet2230a0428_08_307686_309786_6.sdc 1068 
VOA/VOA4/viet/viet2230a0428_08_310374_312627_7.sdc 1143 
VOA/VOA4/viet/viet2230a0513_08_83149_85709_1.sdc 1244 
VOA/VOA4/viet/viet2230a0517_08_214784_216934_1.sdc 1090 
VOA/VOA4/viet/viet2230a0601_08_106189_107904_2.sdc 861 
VOA/VOA4/viet/viet2230a0601_08_111258_113997_3.sdc 1402 
VOA/VOA4/viet/viet2230a0602_08_117197_120013_2.sdc 1444 
VOA/VOA4/viet/viet2230a0602_08_121651_126259_3.sdc 2367 
VOA/VOA4/viet/viet2230a0602_08_127334_131354_4.sdc 2059 
VOA/VOA4/viet/viet2230a0602_08_131891_136960_5.sdc 2594 
VOA/VOA4/viet/viet2230a0602_08_138496_144512_6.sdc 3064 
VOA/VOA4/viet/viet2230a0602_08_145613_148019_7.sdc 1227 
VOA/VOA4/viet/viet2230a0602_08_148582_150195_8.sdc 807 
VOA/VOA4/viet/viet2230a0602_08_151450_155136_9.sdc 1878 
VOA/VOA4/viet/viet2230a0602_08_155674_160794_10.sdc 2603 
VOA/VOA4/viet/viet2230a0602_08_162278_164864_11.sdc 1316 
VOA/VOA4/viet/viet2230a0602_08_165632_167706_12.sdc 1021 
VOA/VOA4/viet/viet2230a0602_08_221773_224384_13.sdc 1341 
VOA/VOA4/viet/viet2230a0602_08_254336_256563_16.sdc 1104 
VOA/VOA4/viet/viet2230a0604_08_271795_279731_2.sdc 3613 
VOA/VOA4/viet/viet2230a0604_08_301491_304742_8.sdc 1527 
VOA/VOA4/viet/viet2230a0609_08_127821_136422_3.sdc 4252 
VOA/VOA4/viet/viet2230a0609_08_143309_150426_6.sdc 3600 
VOA/VOA4/viet/viet2230a0609_08_154829_158310_9.sdc 1525 
VOA/VOA4/viet/viet2230a0611(1)_08_82714_92058_1.sdc 4813 
VOA/VOA4/viet/viet2230a0611(1)_08_93414_101632_2.sdc 4177 
VOA/VOA4/viet/viet2230a0611_08_273869_277120_7.sdc 1637 
VOA/VOA4/viet/viet2230a0615(1)_08_128077_130202_4.sdc 883 
VOA/VOA4/viet/viet2230a0618_08_270362_274355_20.sdc 2031 
VOA/VOA4/viet/viet2230a0618_08_275277_287872_21.sdc 6136 
VOA/VOA4/viet/viet2230a0618_08_302029_310016_24.sdc 3467 
VOA/VOA4/viet/viet2230a0618_08_311142_313958_25.sdc 1222 
VOA/VOA4/viet/viet2230a0618_08_73805_80563_11.sdc 3473 
VOA/VOA4/viet/viet2230a0618_08_81203_83354_12.sdc 1068 
VOA/VOA4/viet/viet2230a0618_08_83840_86093_13.sdc 1102 
VOA/VOA4/viet/viet2230a0618_08_87501_90061_14.sdc 1271 
VOA/VOA4/viet/viet2230a0618_08_90598_92672_15.sdc 1034 
VOA/VOA4/viet/viet2230a0619_08_66534_70170_1.sdc 1435 
VOA/VOA4/viet/viet2230a0621(1)_08_197248_201421_1.sdc 2072 
VOA/VOA4/viet/viet2230a0621(1)_08_204928_208205_3.sdc 1656 
VOA/VOA4/viet/viet2230a0621(1)_08_209101_211558_4.sdc 1232 
VOA/VOA4/viet/viet2230a0621(1)_08_212019_218035_5.sdc 2884 
VOA/VOA4/viet/viet2230a0623_08_224179_225946_3.sdc 899 
VOA/VOA4/viet/viet2230a0623_08_237466_248832_7.sdc 5182 
VOA/VOA4/viet/viet2230a0623_08_249190_266598_8.sdc 7986 
VOA/VOA4/viet/viet2230a0625_08_298445_301568_5.sdc 1562 
VOA/VOA4/viet/viet2230a0625_08_302822_307686_6.sdc 2300 
VOA/VOA4/viet/viet2230a0625_08_310221_313242_8.sdc 1510 
VOA/VOA4/viet/viet2230a0625_08_313728_316518_9.sdc 1396 
VOA/VOA4/viet/viet2230a0626_08_155443_157875_0.sdc 1083 
VOA/VOA4/viet/viet2230a0626_08_158208_160947_1.sdc 1269 
VOA/VOA4/viet/viet2230a0626_08_172595_174874_4.sdc 1161 
VOA/VOA4/viet/viet2230a0627_08_131379_134554_2.sdc 1207 
VOA/VOA4/viet/viet2230a0628(1)_08_106266_110694_0.sdc 2227 
VOA/VOA4/viet/viet2230a0628(1)_08_111027_112717_1.sdc 840 
VOA/VOA4/viet/viet2230a0628_08_118451_129485_4.sdc 5461 
VOA/VOA4/viet/viet2230a0629(1)_08_216166_235136_8.sdc 8739 
VOA/VOA4/viet/viet2230a0629(1)_08_235750_247040_9.sdc 5417 
VOA/VOA4/viet/viet2230a0704_153702_159974_5.sdc 3097 
VOA/VOA4/viet/viet2230a0712(1)_107776_112256_4.sdc 1970 
VOA/VOA4/viet/viet2230a0712(1)_97126_102298_3.sdc 2631 
VOA/VOA4/viet/viet2230a0715_179021_180813_0.sdc 911 
VOA/VOA4/viet/viet2230a0715_194099_198477_2.sdc 2207 
VOA/VOA4/viet/viet2230a0715_206746_208845_3.sdc 1064 
VOA/VOA4/viet/viet2230a0718_55987_66560_0.sdc 5194 
VOA/VOA4/viet/viet2230a0719(1)_190669_262630_1.sdc 31812 
VOA/VOA4/viet/viet2230a0719_68992_70733_1.sdc 875 
VOA/VOA4/viet/viet2230a0721_227917_236237_15.sdc 4257 
VOA/VOA4/viet/viet2230a0729(1)_201958_205030_0.sdc 1567 
VOA/VOA4/viet/viet2230a0729_19686_21760_1.sdc 914 
VOA/VOA4/viet/viet2230a0812_178150_183936_1.sdc 2991 
VOA/VOA4/viet/viet2230a0812_184474_189107_2.sdc 2366 
VOA/VOA4/viet/viet2230a0812_191206_196224_3.sdc 2508 
VOA/VOA4/viet/viet2230a0812_204646_207565_5.sdc 1482 
VOA/VOA4/viet/viet2230a0818_227482_238874_2.sdc 4364 
VOA/VOA4/viet/viet2230a0825_76416_80410_0.sdc 1933 
VOA/VOA4/viet/viet2230a0826_214118_222925_0.sdc 4435 
VOA/VOA4/viet/viet2230a0830(1)_202317_243994_0.sdc 19983 
VOA/VOA4/viet/viet2230a0901(1)_102861_107264_2.sdc 2245 
VOA/VOA4/viet/viet2230a0901(1)_117120_121805_5.sdc 2375 
VOA/VOA4/viet/viet2230a0901(1)_96077_98125_0.sdc 1022 
VOA/VOA4/viet/viet2230a0901(1)_99354_101606_1.sdc 1155 
VOA/VOA4/viet/viet2230a0913(1)_182989_244915_4.sdc 30742 
VOA/VOA4/viet/viet2230a0913_283725_290074_4.sdc 3226 
VOA/VOA4/viet/viet2230a0913_291456_298701_5.sdc 3711 
VOA/VOA4/viet/viet2230a0913_300646_307021_7.sdc 3191 
VOA/VOA4/viet/viet2230a0920(1)_100710_103731_1.sdc 1546 
VOA/VOA4/viet/viet2230a0920(1)_225229_227046_14.sdc 853 
VOA/VOA4/viet/viet2230a0923_161203_163456_16.sdc 1123 
VOA/VOA4/viet/viet2230a0923_165632_170778_17.sdc 2662 
VOA/VOA4/viet/viet2230a0923_171699_173645_18.sdc 978 
VOA/VOA4/viet/viet2230a0923_179430_181504_20.sdc 987 
VOA/VOA4/viet/viet2230a0923_182246_186342_21.sdc 2066 
VOA/VOA4/viet/viet2230a1004(1)_144717_146611_4.sdc 963 
VOA/VOA4/viet/viet2230a1006_231731_234445_3.sdc 1383 
VOA/VOA4/viet/viet2230a1013_145357_148557_4.sdc 1599 
VOA/VOA4/viet/viet2230a1013_149197_156058_5.sdc 3348 
VOA/VOA4/viet/viet2230a1013_156723_160410_6.sdc 1721 
VOA/VOA4/viet/viet2230a1013_161101_165632_7.sdc 2164 
VOA/VOA4/viet/viet2230a1013_166323_173184_8.sdc 3384 
VOA/VOA4/viet/viet2230a1020_124902_128461_7.sdc 1813 
VOA/VOA4/viet/viet2230a1020_128998_140262_8.sdc 5748 
VOA/VOA4/viet/viet2230a1020_144614_146509_10.sdc 941 
VOA/VOA4/viet/viet2230a1020_151475_154138_12.sdc 1351 
VOA/VOA4/viet/viet2230a1020_161331_166400_15.sdc 2591 
VOA/VOA4/viet/viet2230a1020_167552_172621_16.sdc 2542 
VOA/VOA4/viet/viet2230a1020_80026_82202_0.sdc 1099 
VOA/VOA4/viet/viet2230a1021_163584_165786_0.sdc 1129 
VOA/VOA4/viet/viet2230a1021_168934_171187_1.sdc 1145 
VOA/VOA4/viet/viet2230a1101(1)_233062_234957_10.sdc 803 
VOA/VOA4/viet/viet2230a1101(1)_241920_253850_13.sdc 4446 
VOA/VOA4/viet/viet2230a1102(1)_120781_126746_3.sdc 3049 
VOA/VOA4/viet/viet2230a1102(1)_127821_130253_4.sdc 1215 
VOA/VOA4/viet/viet2230a1102(1)_130867_141338_5.sdc 5397 
VOA/VOA4/viet/viet2230a1102(1)_141875_144563_6.sdc 1370 
VOA/VOA4/viet/viet2230a1102(1)_145152_150451_7.sdc 2734 
VOA/VOA4/viet/viet2230a1103_100173_101939_7.sdc 880 
VOA/VOA4/viet/viet2230a1103_103680_110234_8.sdc 3315 
VOA/VOA4/viet/viet2230a1103_115354_117734_10.sdc 1207 
VOA/VOA4/viet/viet2230a1103_71322_73779_0.sdc 1214 
VOA/VOA4/viet/viet2230a1103_77491_82534_2.sdc 2522 
VOA/VOA4/viet/viet2230a1103_83149_88320_3.sdc 2637 
VOA/VOA4/viet/viet2230a1104(1)_252032_258918_4.sdc 3142 
VOA/VOA4/viet/viet2230a1106(1)_308301_310067_3.sdc 891 
VOA/VOA4/viet/viet2230a1117(1)_106061_108339_1.sdc 1069 
VOA/VOA4/viet/viet2230a1117(1)_118963_121293_2.sdc 1174 
VOA/VOA4/viet/viet2230a1117_111232_115098_8.sdc 1937 
VOA/VOA4/viet/viet2230a1117_80230_85069_1.sdc 2460 
VOA/VOA4/viet/viet2230a1126_80589_83328_1.sdc 1379 
VOA/VOA4/viet/viet2230a1126_84045_86502_2.sdc 1119 
VOA/VOA4/viet/viet2230a1126_92237_95258_5.sdc 1420 
VOA/VOA4/viet/viet2230a1201_248832_257485_8.sdc 3064 
VOA/VOA4/viet/viet2230a1212_104653_108723_0.sdc 2046 
VOA/VOA4/viet/viet2230a1213(1)_185446_259072_10.sdc 26747 
VOA/VOA4/viet/viet2230a1214(1)_76646_84710_0.sdc 3807 
VOA/VOA4/viet/viet2230a1214(1)_98509_104192_5.sdc 2809 
VOA/VOA4/viet/viet2230a1216_135526_138854_5.sdc 1665 
VOA/VOA4/viet/viet2230a1216_143386_151526_6.sdc 4165 
VOA/VOA4/viet/viet2230a1223_223309_228198_10.sdc 2095 
VOA/VOA4/viet/viet2230a1223_237645_243379_11.sdc 2613 
VOA/VOA4/viet/viet2230a1223_60109_63616_0.sdc 1426 
VOA/VOA4/viet/viet2230a1223_74726_82202_2.sdc 2944 
VOA/VOA4/viet/viet2230a1227(1)_193101_243968_2.sdc 22926 
VOA/VOA4/viet/viet2230a1229_206925_211610_5.sdc 2318 
VOA/VOA4/viet/viet2230a1230_81946_86451_11.sdc 2089 
VOA/VOA4/viet/viet2230a1230_88653_91930_12.sdc 1522 
VOA/VOA4/viet/viet2230a1231(1)_297242_310835_5.sdc 6884 
CTS/CallFriend/CallFriend-Vietnamese-LDC96S60/DEVTEST/VI_5541.ra1.mfcc.sdc 81263 
CTS/CallFriend/CallFriend-Vietnamese-LDC96S60/DEVTEST/VI_5541.ra2.mfcc.sdc 14245 
CTS/CallFriend/CallFriend-Vietnamese-LDC96S60/DEVTEST/VI_5619.ra1.mfcc.sdc 45993 
CTS/CallFriend/CallFriend-Vietnamese-LDC96S60/DEVTEST/VI_5619.ra2.mfcc.sdc 54817 
CTS/CallFriend/CallFriend-Vietnamese-LDC96S60/DEVTEST/VI_5785.ra1.mfcc.sdc 35973 
CTS/CallFriend/CallFriend-Vietnamese-LDC96S60/DEVTEST/VI_5785.ra2.mfcc.sdc 27664 
CTS/CallFriend/CallFriend-Vietnamese-LDC96S60/DEVTEST/VI_5897.ra1.mfcc.sdc 57736 
CTS/CallFriend/CallFriend-Vietnamese-LDC96S60/DEVTEST/VI_5897.ra2.mfcc.sdc 39727 
CTS/CallFriend/CallFriend-Vietnamese-LDC96S60/DEVTEST/VI_6024.ra1.mfcc.sdc 66014 
CTS/CallFriend/CallFriend-Vietnamese-LDC96S60/DEVTEST/VI_6024.ra2.mfcc.sdc 26568 
CTS/CallFriend/CallFriend-Vietnamese-LDC96S60/DEVTEST/VI_6064.ra1.mfcc.sdc 75988 
CTS/CallFriend/CallFriend-Vietnamese-LDC96S60/DEVTEST/VI_6064.ra2.mfcc.sdc 38008 
CTS/CallFriend/CallFriend-Vietnamese-LDC96S60/DEVTEST/VI_6468.ra1.mfcc.sdc 27750 
CTS/CallFriend/CallFriend-Vietnamese-LDC96S60/DEVTEST/VI_6468.ra2.mfcc.sdc 6935 
CTS/CallFriend/CallFriend-Vietnamese-LDC96S60/DEVTEST/VI_6482.ra1.mfcc.sdc 26321 
CTS/CallFriend/CallFriend-Vietnamese-LDC96S60/DEVTEST/VI_6482.ra2.mfcc.sdc 24789 
CTS/CallFriend/CallFriend-Vietnamese-LDC96S60/DEVTEST/VI_6542.ra1.mfcc.sdc 90996 
CTS/CallFriend/CallFriend-Vietnamese-LDC96S60/DEVTEST/VI_6542.ra2.mfcc.sdc 16484 
CTS/CallFriend/CallFriend-Vietnamese-LDC96S60/DEVTEST/VI_6599.ra1.mfcc.sdc 32139 
CTS/CallFriend/CallFriend-Vietnamese-LDC96S60/DEVTEST/VI_6599.ra2.mfcc.sdc 45117 
CTS/CallFriend/CallFriend-Vietnamese-LDC96S60/DEVTEST/VI_6606.ra1.mfcc.sdc 29750 
CTS/CallFriend/CallFriend-Vietnamese-LDC96S60/DEVTEST/VI_6606.ra2.mfcc.sdc 20698 
CTS/CallFriend/CallFriend-Vietnamese-LDC96S60/DEVTEST/VI_6651.ra1.mfcc.sdc 16347 
CTS/CallFriend/CallFriend-Vietnamese-LDC96S60/DEVTEST/VI_6651.ra2.mfcc.sdc 13609 
CTS/CallFriend/CallFriend-Vietnamese-LDC96S60/DEVTEST/VI_6652.ra1.mfcc.sdc 63824 
CTS/CallFriend/CallFriend-Vietnamese-LDC96S60/DEVTEST/VI_6652.ra2.mfcc.sdc 47703 
CTS/CallFriend/CallFriend-Vietnamese-LDC96S60/DEVTEST/VI_6655.ra1.mfcc.sdc 32878 
CTS/CallFriend/CallFriend-Vietnamese-LDC96S60/DEVTEST/VI_6655.ra2.mfcc.sdc 24342 
CTS/CallFriend/CallFriend-Vietnamese-LDC96S60/DEVTEST/VI_6663.ra1.mfcc.sdc 13382 
CTS/CallFriend/CallFriend-Vietnamese-LDC96S60/DEVTEST/VI_6663.ra2.mfcc.sdc 17902 
CTS/CallFriend/CallFriend-Vietnamese-LDC96S60/DEVTEST/VI_6664.ra1.mfcc.sdc 48564 
CTS/CallFriend/CallFriend-Vietnamese-LDC96S60/DEVTEST/VI_6664.ra2.mfcc.sdc 57118 
CTS/CallFriend/CallFriend-Vietnamese-LDC96S60/DEVTEST/VI_6671.ra1.mfcc.sdc 6996 
CTS/CallFriend/CallFriend-Vietnamese-LDC96S60/DEVTEST/VI_6671.ra2.mfcc.sdc 20616 
CTS/CallFriend/CallFriend-Vietnamese-LDC96S60/DEVTEST/VI_6710.ra1.mfcc.sdc 52528 
CTS/CallFriend/CallFriend-Vietnamese-LDC96S60/DEVTEST/VI_6710.ra2.mfcc.sdc 54420 
CTS/CallFriend/CallFriend-Vietnamese-LDC96S60/DEVTEST/VI_6733.ra1.mfcc.sdc 17744 
CTS/CallFriend/CallFriend-Vietnamese-LDC96S60/DEVTEST/VI_6733.ra2.mfcc.sdc 22534 
CTS/CallFriend/CallFriend-Vietnamese-LDC96S60/DEVTEST/VI_6755.ra1.mfcc.sdc 36412 
CTS/CallFriend/CallFriend-Vietnamese-LDC96S60/DEVTEST/VI_6755.ra2.mfcc.sdc 23772 
CTS/CallFriend/CallFriend-Vietnamese-LDC96S60/TRAIN/VI_4212.ra1.mfcc.sdc 30591 
CTS/CallFriend/CallFriend-Vietnamese-LDC96S60/TRAIN/VI_4212.ra2.mfcc.sdc 84620 
CTS/CallFriend/CallFriend-Vietnamese-LDC96S60/TRAIN/VI_4246.ra1.mfcc.sdc 36004 
CTS/CallFriend/CallFriend-Vietnamese-LDC96S60/TRAIN/VI_4246.ra2.mfcc.sdc 7582 
CTS/CallFriend/CallFriend-Vietnamese-LDC96S60/TRAIN/VI_4262.ra1.mfcc.sdc 44798 
CTS/CallFriend/CallFriend-Vietnamese-LDC96S60/TRAIN/VI_4262.ra2.mfcc.sdc 56793 
CTS/CallFriend/CallFriend-Vietnamese-LDC96S60/TRAIN/VI_4280.ra1.mfcc.sdc 45476 
CTS/CallFriend/CallFriend-Vietnamese-LDC96S60/TRAIN/VI_4280.ra2.mfcc.sdc 33937 
CTS/CallFriend/CallFriend-Vietnamese-LDC96S60/TRAIN/VI_4291.ra1.mfcc.sdc 52683 
CTS/CallFriend/CallFriend-Vietnamese-LDC96S60/TRAIN/VI_4291.ra2.mfcc.sdc 46708 
CTS/CallFriend/CallFriend-Vietnamese-LDC96S60/TRAIN/VI_4558.ra1.mfcc.sdc 79427 
CTS/CallFriend/CallFriend-Vietnamese-LDC96S60/TRAIN/VI_4558.ra2.mfcc.sdc 42156 
CTS/CallFriend/CallFriend-Vietnamese-LDC96S60/TRAIN/VI_4561.ra1.mfcc.sdc 65400 
CTS/CallFriend/CallFriend-Vietnamese-LDC96S60/TRAIN/VI_4561.ra2.mfcc.sdc 47027 
CTS/CallFriend/CallFriend-Vietnamese-LDC96S60/TRAIN/VI_5073.ra1.mfcc.sdc 60733 
CTS/CallFriend/CallFriend-Vietnamese-LDC96S60/TRAIN/VI_5073.ra2.mfcc.sdc 29050 
CTS/CallFriend/CallFriend-Vietnamese-LDC96S60/TRAIN/VI_5124.ra1.mfcc.sdc 15209 
CTS/CallFriend/CallFriend-Vietnamese-LDC96S60/TRAIN/VI_5124.ra2.mfcc.sdc 21671 
CTS/CallFriend/CallFriend-Vietnamese-LDC96S60/TRAIN/VI_5139.ra1.mfcc.sdc 3015 
CTS/CallFriend/CallFriend-Vietnamese-LDC96S60/TRAIN/VI_5139.ra2.mfcc.sdc 81475 
CTS/CallFriend/CallFriend-Vietnamese-LDC96S60/TRAIN/VI_5176.ra1.mfcc.sdc 32525 
CTS/CallFriend/CallFriend-Vietnamese-LDC96S60/TRAIN/VI_5176.ra2.mfcc.sdc 56709 
CTS/CallFriend/CallFriend-Vietnamese-LDC96S60/TRAIN/VI_5179.ra1.mfcc.sdc 59486 
CTS/CallFriend/CallFriend-Vietnamese-LDC96S60/TRAIN/VI_5179.ra2.mfcc.sdc 46782 
CTS/CallFriend/CallFriend-Vietnamese-LDC96S60/TRAIN/VI_5191.ra1.mfcc.sdc 42152 
CTS/CallFriend/CallFriend-Vietnamese-LDC96S60/TRAIN/VI_5191.ra2.mfcc.sdc 40532 
CTS/CallFriend/CallFriend-Vietnamese-LDC96S60/TRAIN/VI_5192.ra1.mfcc.sdc 41171 
CTS/CallFriend/CallFriend-Vietnamese-LDC96S60/TRAIN/VI_5192.ra2.mfcc.sdc 50882 
CTS/CallFriend/CallFriend-Vietnamese-LDC96S60/TRAIN/VI_5198.ra1.mfcc.sdc 39966 
CTS/CallFriend/CallFriend-Vietnamese-LDC96S60/TRAIN/VI_5198.ra2.mfcc.sdc 84320 
CTS/CallFriend/CallFriend-Vietnamese-LDC96S60/TRAIN/VI_5228.ra1.mfcc.sdc 56354 
CTS/CallFriend/CallFriend-Vietnamese-LDC96S60/TRAIN/VI_5228.ra2.mfcc.sdc 48863 
CTS/CallFriend/CallFriend-Vietnamese-LDC96S60/TRAIN/VI_5231.ra1.mfcc.sdc 63394 
CTS/CallFriend/CallFriend-Vietnamese-LDC96S60/TRAIN/VI_5231.ra2.mfcc.sdc 57571 
CTS/CallFriend/CallFriend-Vietnamese-LDC96S60/TRAIN/VI_5291.ra1.mfcc.sdc 28577 
CTS/CallFriend/CallFriend-Vietnamese-LDC96S60/TRAIN/VI_5291.ra2.mfcc.sdc 27196 
CTS/CallFriend/CallFriend-Vietnamese-LDC96S60/TRAIN/VI_5311.ra1.mfcc.sdc 19354 
CTS/CallFriend/CallFriend-Vietnamese-LDC96S60/TRAIN/VI_5311.ra2.mfcc.sdc 26328 
CTS/CallFriend/CallFriend-Vietnamese-LDC96S60/TRAIN/VI_5322.ra1.mfcc.sdc 37231 
CTS/CallFriend/CallFriend-Vietnamese-LDC96S60/TRAIN/VI_5322.ra2.mfcc.sdc 69226 
CTS/OGI22/vietnamese/VI-1024.inenglish.mfcc.sdc 1025 
CTS/OGI22/vietnamese/VI-1024.story.mfcc.sdc 1991 
CTS/OGI22/vietnamese/VI-1043.address.mfcc.sdc 1631 
CTS/OGI22/vietnamese/VI-1043.story.mfcc.sdc 996 
CTS/OGI22/vietnamese/VI-105.story.mfcc.sdc 1591 
CTS/OGI22/vietnamese/VI-106.story.mfcc.sdc 1757 
CTS/OGI22/vietnamese/VI-1062.address.mfcc.sdc 881 
CTS/OGI22/vietnamese/VI-107.story.mfcc.sdc 1121 
CTS/OGI22/vietnamese/VI-120.address.mfcc.sdc 833 
CTS/OGI22/vietnamese/VI-120.story.mfcc.sdc 1063 
CTS/OGI22/vietnamese/VI-121.story.mfcc.sdc 1524 
CTS/OGI22/vietnamese/VI-124.story.mfcc.sdc 1329 
CTS/OGI22/vietnamese/VI-130.story.mfcc.sdc 989 
CTS/OGI22/vietnamese/VI-138.story.mfcc.sdc 1474 
CTS/OGI22/vietnamese/VI-146.story.mfcc.sdc 1172 
CTS/OGI22/vietnamese/VI-151.story.mfcc.sdc 2063 
CTS/OGI22/vietnamese/VI-152.story.mfcc.sdc 1136 
CTS/OGI22/vietnamese/VI-162.story.mfcc.sdc 2242 
CTS/OGI22/vietnamese/VI-164.address.mfcc.sdc 1050 
CTS/OGI22/vietnamese/VI-164.story.mfcc.sdc 1159 
CTS/OGI22/vietnamese/VI-20.story.mfcc.sdc 1696 
CTS/OGI22/vietnamese/VI-23.story.mfcc.sdc 1881 
CTS/OGI22/vietnamese/VI-241.story.mfcc.sdc 909 
CTS/OGI22/vietnamese/VI-242.story.mfcc.sdc 1123 
CTS/OGI22/vietnamese/VI-243.address.mfcc.sdc 884 
CTS/OGI22/vietnamese/VI-243.story.mfcc.sdc 2257 
CTS/OGI22/vietnamese/VI-261.address.mfcc.sdc 958 
CTS/OGI22/vietnamese/VI-261.story.mfcc.sdc 1176 
CTS/OGI22/vietnamese/VI-266.story.mfcc.sdc 1209 
CTS/OGI22/vietnamese/VI-276.story.mfcc.sdc 1374 
CTS/OGI22/vietnamese/VI-277.story.mfcc.sdc 1291 
CTS/OGI22/vietnamese/VI-278.story.mfcc.sdc 2172 
CTS/OGI22/vietnamese/VI-29.story.mfcc.sdc 1931 
CTS/OGI22/vietnamese/VI-32.story.mfcc.sdc 1356 
CTS/OGI22/vietnamese/VI-33.story.mfcc.sdc 1231 
CTS/OGI22/vietnamese/VI-34.address.mfcc.sdc 1616 
CTS/OGI22/vietnamese/VI-34.story.mfcc.sdc 2208 
CTS/OGI22/vietnamese/VI-366.story.mfcc.sdc 1051 
CTS/OGI22/vietnamese/VI-37.story.mfcc.sdc 2059 
CTS/OGI22/vietnamese/VI-380.story.mfcc.sdc 2239 
CTS/OGI22/vietnamese/VI-39.story.mfcc.sdc 1834 
CTS/OGI22/vietnamese/VI-408.story.mfcc.sdc 1081 
CTS/OGI22/vietnamese/VI-42.story.mfcc.sdc 2141 
CTS/OGI22/vietnamese/VI-422.story.mfcc.sdc 2226 
CTS/OGI22/vietnamese/VI-430.story.mfcc.sdc 1856 
CTS/OGI22/vietnamese/VI-452.story.mfcc.sdc 894 
CTS/OGI22/vietnamese/VI-466.address.mfcc.sdc 878 
CTS/OGI22/vietnamese/VI-466.inenglish.mfcc.sdc 882 
CTS/OGI22/vietnamese/VI-466.story.mfcc.sdc 1918 
CTS/OGI22/vietnamese/VI-50.story.mfcc.sdc 983 
CTS/OGI22/vietnamese/VI-516.story.mfcc.sdc 1212 
CTS/OGI22/vietnamese/VI-54.story.mfcc.sdc 2174 
CTS/OGI22/vietnamese/VI-540.inenglish.mfcc.sdc 805 
CTS/OGI22/vietnamese/VI-540.story.mfcc.sdc 1358 
CTS/OGI22/vietnamese/VI-560.address.mfcc.sdc 1006 
CTS/OGI22/vietnamese/VI-560.inenglish.mfcc.sdc 872 
CTS/OGI22/vietnamese/VI-560.story.mfcc.sdc 1377 
CTS/OGI22/vietnamese/VI-570.story.mfcc.sdc 1400 
CTS/OGI22/vietnamese/VI-571.story.mfcc.sdc 2031 
CTS/OGI22/vietnamese/VI-596.inenglish.mfcc.sdc 912 
CTS/OGI22/vietnamese/VI-596.story.mfcc.sdc 1439 
CTS/OGI22/vietnamese/VI-64.story.mfcc.sdc 2636 
CTS/OGI22/vietnamese/VI-66.story.mfcc.sdc 2071 
CTS/OGI22/vietnamese/VI-707.story.mfcc.sdc 1629 
CTS/OGI22/vietnamese/VI-71.story.mfcc.sdc 1745 
CTS/OGI22/vietnamese/VI-761.address.mfcc.sdc 1761 
CTS/OGI22/vietnamese/VI-761.inenglish.mfcc.sdc 913 
CTS/OGI22/vietnamese/VI-761.story.mfcc.sdc 2362 
CTS/OGI22/vietnamese/VI-763.story.mfcc.sdc 1727 
CTS/OGI22/vietnamese/VI-862.story.mfcc.sdc 1959 
CTS/OGI22/vietnamese/VI-864.story.mfcc.sdc 1057 
CTS/OGI22/vietnamese/VI-869.address.mfcc.sdc 1110 
CTS/OGI22/vietnamese/VI-897.story.mfcc.sdc 1530 
CTS/OGI22/vietnamese/VI-90.story.mfcc.sdc 1576 
CTS/OGI22/vietnamese/VI-901.story.mfcc.sdc 1186 
CTS/OGI22/vietnamese/VI-905.address.mfcc.sdc 829 
CTS/OGI22/vietnamese/VI-905.story.mfcc.sdc 1838 
CTS/OGI22/vietnamese/VI-908.story.mfcc.sdc 1394 
CTS/OGI22/vietnamese/VI-909.address.mfcc.sdc 1044 
CTS/OGI22/vietnamese/VI-909.inenglish.mfcc.sdc 845 
CTS/OGI22/vietnamese/VI-909.story.mfcc.sdc 2339 
CTS/OGI22/vietnamese/VI-920.story.mfcc.sdc 1549 
CTS/OGI22/vietnamese/VI-923.story.mfcc.sdc 887 
CTS/OGI22/vietnamese/VI-928.story.mfcc.sdc 1686 
CTS/OGI22/vietnamese/VI-931.story.mfcc.sdc 1207 
CTS/OGI22/vietnamese/VI-937.address.mfcc.sdc 1425 
CTS/OGI22/vietnamese/VI-953.address.mfcc.sdc 828 
CTS/OGI22/vietnamese/VI-953.story.mfcc.sdc 1125 
CTS/OGI22/vietnamese/VI-967.address.mfcc.sdc 1768 
CTS/OGI22/vietnamese/VI-967.inenglish.mfcc.sdc 1046 
CTS/OGI22/vietnamese/VI-967.story.mfcc.sdc 2521 
CTS/OGI22/vietnamese/VI-970.address.mfcc.sdc 856 
CTS/OGI22/vietnamese/VI-970.inenglish.mfcc.sdc 1025 
CTS/OGI22/vietnamese/VI-970.story.mfcc.sdc 2037 
CTS/OGI22/vietnamese/VI-971.address.mfcc.sdc 874 
CTS/OGI22/vietnamese/VI-971.inenglish.mfcc.sdc 915 
CTS/OGI22/vietnamese/VI-971.story.mfcc.sdc 2242 
CTS/OGI22/vietnamese/VI-995.address.mfcc.sdc 1000 
CTS/OGI22/vietnamese/VI-995.inenglish.mfcc.sdc 873 
CTS/OGI22/vietnamese/VI-995.story.mfcc.sdc 1971 
CTS/OGI22/vietnamese/VI-996.story.mfcc.sdc 1207 
CTS/OGI22/vietnamese/VI-997.story.mfcc.sdc 1081 
CTS/OGI22/vietnamese/VI-999.address.mfcc.sdc 911 
